Copyright 1986-2018 Xilinx, Inc. All Rights Reserved.
----------------------------------------------------------------------------------------------------------------------------------------------------------
| Tool Version : Vivado v.2018.3 (win64) Build 2405991 Thu Dec  6 23:38:27 MST 2018
| Date         : Tue Apr 21 17:44:08 2026
| Host         : LAPTOP-PN7UO2EC running 64-bit major release  (build 9200)
| Command      : report_timing -delay_type max -max_paths 20 -file D:/Work/Git/jichuang-linksea-h6_person2/timing_runs/gray_window_sobel/timing_setup.rpt
| Design       : gray_window_sobel_chain_top
| Device       : 7z020-clg400
| Speed File   : -1  PRODUCTION 1.11 2014-09-11
----------------------------------------------------------------------------------------------------------------------------------------------------------

Timing Report

Slack (MET) :             1.186ns  (required time - arrival time)
  Source:                 u_window3x3/state_q_reg[1]/C
                            (rising edge-triggered cell FDCE clocked by clk  {rise@0.000ns fall@3.610ns period=7.220ns})
  Destination:            u_window3x3/line_mem1_reg/DIADI[6]
                            (rising edge-triggered cell RAMB18E1 clocked by clk  {rise@0.000ns fall@3.610ns period=7.220ns})
  Path Group:             clk
  Path Type:              Setup (Max at Slow Process Corner)
  Requirement:            7.220ns  (clk rise@7.220ns - clk rise@0.000ns)
  Data Path Delay:        5.709ns  (logic 1.664ns (29.147%)  route 4.045ns (70.853%))
  Logic Levels:           6  (LUT3=1 LUT4=1 LUT6=1 MUXF7=1 MUXF8=1 RAMS64E=1)
  Clock Path Skew:        -0.049ns (DCD - SCD + CPR)
    Destination Clock Delay (DCD):    0.924ns = ( 8.144 - 7.220 ) 
    Source Clock Delay      (SCD):    0.973ns
    Clock Pessimism Removal (CPR):    0.000ns
  Clock Uncertainty:      0.035ns  ((TSJ^2 + TIJ^2)^1/2 + DJ) / 2 + PE
    Total System Jitter     (TSJ):    0.071ns
    Total Input Jitter      (TIJ):    0.000ns
    Discrete Jitter          (DJ):    0.000ns
    Phase Error              (PE):    0.000ns

    Location             Delay type                Incr(ns)  Path(ns)    Netlist Resource(s)
  -------------------------------------------------------------------    -------------------
                         (clock clk rise edge)        0.000     0.000 r  
                                                      0.000     0.000 r  clk (IN)
                         net (fo=530, unset)          0.973     0.973    u_window3x3/clk
    SLICE_X38Y75         FDCE                                         r  u_window3x3/state_q_reg[1]/C
  -------------------------------------------------------------------    -------------------
    SLICE_X38Y75         FDCE (Prop_fdce_C_Q)         0.518     1.491 r  u_window3x3/state_q_reg[1]/Q
                         net (fo=104, routed)         0.919     2.410    u_window3x3/state_q_reg[1]_0
    SLICE_X37Y74         LUT4 (Prop_lut4_I1_O)        0.124     2.534 r  u_window3x3/line_mem1_reg_i_9/O
                         net (fo=82, routed)          1.432     3.967    u_window3x3/line_mem0_reg_256_511_6_6/A2
    SLICE_X26Y79         RAMS64E (Prop_rams64e_ADR2_O)
                                                      0.234     4.201 r  u_window3x3/line_mem0_reg_256_511_6_6/RAMS64E_C/O
                         net (fo=1, routed)           0.000     4.201    u_window3x3/line_mem0_reg_256_511_6_6/OC
    SLICE_X26Y79         MUXF7 (Prop_muxf7_I1_O)      0.247     4.448 r  u_window3x3/line_mem0_reg_256_511_6_6/F7.B/O
                         net (fo=1, routed)           0.000     4.448    u_window3x3/line_mem0_reg_256_511_6_6/O0
    SLICE_X26Y79         MUXF8 (Prop_muxf8_I0_O)      0.098     4.546 r  u_window3x3/line_mem0_reg_256_511_6_6/F8/O
                         net (fo=1, routed)           0.548     5.094    u_window3x3/line_mem0_reg_256_511_6_6_n_0
    SLICE_X31Y79         LUT6 (Prop_lut6_I3_O)        0.319     5.413 r  u_window3x3/mem0_rd_q[6]_i_1/O
                         net (fo=2, routed)           0.661     6.073    u_window3x3/mem0_rd_q0[6]
    SLICE_X33Y81         LUT3 (Prop_lut3_I2_O)        0.124     6.197 r  u_window3x3/line_mem1_reg_i_13/O
                         net (fo=1, routed)           0.485     6.682    u_window3x3/line_mem1_reg_i_13_n_0
    RAMB18_X2Y32         RAMB18E1                                     r  u_window3x3/line_mem1_reg/DIADI[6]
  -------------------------------------------------------------------    -------------------

                         (clock clk rise edge)        7.220     7.220 r  
                                                      0.000     7.220 r  clk (IN)
                         net (fo=530, unset)          0.924     8.144    u_window3x3/clk
    RAMB18_X2Y32         RAMB18E1                                     r  u_window3x3/line_mem1_reg/CLKARDCLK
                         clock pessimism              0.000     8.144    
                         clock uncertainty           -0.035     8.109    
    RAMB18_X2Y32         RAMB18E1 (Setup_ramb18e1_CLKARDCLK_DIADI[6])
                                                     -0.241     7.868    u_window3x3/line_mem1_reg
  -------------------------------------------------------------------
                         required time                          7.868    
                         arrival time                          -6.682    
  -------------------------------------------------------------------
                         slack                                  1.186    

Slack (MET) :             1.209ns  (required time - arrival time)
  Source:                 u_window3x3/state_q_reg[1]/C
                            (rising edge-triggered cell FDCE clocked by clk  {rise@0.000ns fall@3.610ns period=7.220ns})
  Destination:            u_window3x3/line_mem1_reg/DIADI[7]
                            (rising edge-triggered cell RAMB18E1 clocked by clk  {rise@0.000ns fall@3.610ns period=7.220ns})
  Path Group:             clk
  Path Type:              Setup (Max at Slow Process Corner)
  Requirement:            7.220ns  (clk rise@7.220ns - clk rise@0.000ns)
  Data Path Delay:        5.686ns  (logic 1.659ns (29.170%)  route 4.027ns (70.830%))
  Logic Levels:           6  (LUT3=1 LUT4=1 LUT6=1 MUXF7=1 MUXF8=1 RAMS64E=1)
  Clock Path Skew:        -0.049ns (DCD - SCD + CPR)
    Destination Clock Delay (DCD):    0.924ns = ( 8.144 - 7.220 ) 
    Source Clock Delay      (SCD):    0.973ns
    Clock Pessimism Removal (CPR):    0.000ns
  Clock Uncertainty:      0.035ns  ((TSJ^2 + TIJ^2)^1/2 + DJ) / 2 + PE
    Total System Jitter     (TSJ):    0.071ns
    Total Input Jitter      (TIJ):    0.000ns
    Discrete Jitter          (DJ):    0.000ns
    Phase Error              (PE):    0.000ns

    Location             Delay type                Incr(ns)  Path(ns)    Netlist Resource(s)
  -------------------------------------------------------------------    -------------------
                         (clock clk rise edge)        0.000     0.000 r  
                                                      0.000     0.000 r  clk (IN)
                         net (fo=530, unset)          0.973     0.973    u_window3x3/clk
    SLICE_X38Y75         FDCE                                         r  u_window3x3/state_q_reg[1]/C
  -------------------------------------------------------------------    -------------------
    SLICE_X38Y75         FDCE (Prop_fdce_C_Q)         0.518     1.491 r  u_window3x3/state_q_reg[1]/Q
                         net (fo=104, routed)         0.919     2.410    u_window3x3/state_q_reg[1]_0
    SLICE_X37Y74         LUT4 (Prop_lut4_I1_O)        0.124     2.534 r  u_window3x3/line_mem1_reg_i_9/O
                         net (fo=82, routed)          1.572     4.107    u_window3x3/line_mem0_reg_0_255_7_7/A2
    SLICE_X26Y80         RAMS64E (Prop_rams64e_ADR2_O)
                                                      0.229     4.335 r  u_window3x3/line_mem0_reg_0_255_7_7/RAMS64E_C/O
                         net (fo=1, routed)           0.000     4.335    u_window3x3/line_mem0_reg_0_255_7_7/OC
    SLICE_X26Y80         MUXF7 (Prop_muxf7_I1_O)      0.247     4.582 r  u_window3x3/line_mem0_reg_0_255_7_7/F7.B/O
                         net (fo=1, routed)           0.000     4.582    u_window3x3/line_mem0_reg_0_255_7_7/O0
    SLICE_X26Y80         MUXF8 (Prop_muxf8_I0_O)      0.098     4.680 r  u_window3x3/line_mem0_reg_0_255_7_7/F8/O
                         net (fo=1, routed)           0.581     5.261    u_window3x3/line_mem0_reg_0_255_7_7_n_0
    SLICE_X31Y80         LUT6 (Prop_lut6_I5_O)        0.319     5.580 r  u_window3x3/mem0_rd_q[7]_i_1/O
                         net (fo=2, routed)           0.646     6.226    u_window3x3/mem0_rd_q0[7]
    SLICE_X33Y81         LUT3 (Prop_lut3_I2_O)        0.124     6.350 r  u_window3x3/line_mem1_reg_i_12/O
                         net (fo=1, routed)           0.309     6.659    u_window3x3/line_mem1_reg_i_12_n_0
    RAMB18_X2Y32         RAMB18E1                                     r  u_window3x3/line_mem1_reg/DIADI[7]
  -------------------------------------------------------------------    -------------------

                         (clock clk rise edge)        7.220     7.220 r  
                                                      0.000     7.220 r  clk (IN)
                         net (fo=530, unset)          0.924     8.144    u_window3x3/clk
    RAMB18_X2Y32         RAMB18E1                                     r  u_window3x3/line_mem1_reg/CLKARDCLK
                         clock pessimism              0.000     8.144    
                         clock uncertainty           -0.035     8.109    
    RAMB18_X2Y32         RAMB18E1 (Setup_ramb18e1_CLKARDCLK_DIADI[7])
                                                     -0.241     7.868    u_window3x3/line_mem1_reg
  -------------------------------------------------------------------
                         required time                          7.868    
                         arrival time                          -6.659    
  -------------------------------------------------------------------
                         slack                                  1.209    

Slack (MET) :             1.379ns  (required time - arrival time)
  Source:                 u_window3x3/state_q_reg[1]/C
                            (rising edge-triggered cell FDCE clocked by clk  {rise@0.000ns fall@3.610ns period=7.220ns})
  Destination:            u_window3x3/line_mem1_reg/DIADI[4]
                            (rising edge-triggered cell RAMB18E1 clocked by clk  {rise@0.000ns fall@3.610ns period=7.220ns})
  Path Group:             clk
  Path Type:              Setup (Max at Slow Process Corner)
  Requirement:            7.220ns  (clk rise@7.220ns - clk rise@0.000ns)
  Data Path Delay:        5.516ns  (logic 1.837ns (33.307%)  route 3.679ns (66.693%))
  Logic Levels:           6  (LUT3=1 LUT4=1 LUT6=1 MUXF7=1 MUXF8=1 RAMS64E=1)
  Clock Path Skew:        -0.049ns (DCD - SCD + CPR)
    Destination Clock Delay (DCD):    0.924ns = ( 8.144 - 7.220 ) 
    Source Clock Delay      (SCD):    0.973ns
    Clock Pessimism Removal (CPR):    0.000ns
  Clock Uncertainty:      0.035ns  ((TSJ^2 + TIJ^2)^1/2 + DJ) / 2 + PE
    Total System Jitter     (TSJ):    0.071ns
    Total Input Jitter      (TIJ):    0.000ns
    Discrete Jitter          (DJ):    0.000ns
    Phase Error              (PE):    0.000ns

    Location             Delay type                Incr(ns)  Path(ns)    Netlist Resource(s)
  -------------------------------------------------------------------    -------------------
                         (clock clk rise edge)        0.000     0.000 r  
                                                      0.000     0.000 r  clk (IN)
                         net (fo=530, unset)          0.973     0.973    u_window3x3/clk
    SLICE_X38Y75         FDCE                                         r  u_window3x3/state_q_reg[1]/C
  -------------------------------------------------------------------    -------------------
    SLICE_X38Y75         FDCE (Prop_fdce_C_Q)         0.518     1.491 r  u_window3x3/state_q_reg[1]/Q
                         net (fo=104, routed)         0.755     2.246    u_window3x3/state_q_reg[1]_0
    SLICE_X37Y75         LUT4 (Prop_lut4_I1_O)        0.124     2.370 r  u_window3x3/line_mem1_reg_i_10/O
                         net (fo=82, routed)          1.498     3.868    u_window3x3/line_mem0_reg_256_511_4_4/A1
    SLICE_X30Y78         RAMS64E (Prop_rams64e_ADR1_O)
                                                      0.450     4.318 r  u_window3x3/line_mem0_reg_256_511_4_4/RAMS64E_A/O
                         net (fo=1, routed)           0.000     4.318    u_window3x3/line_mem0_reg_256_511_4_4/OA
    SLICE_X30Y78         MUXF7 (Prop_muxf7_I1_O)      0.214     4.532 r  u_window3x3/line_mem0_reg_256_511_4_4/F7.A/O
                         net (fo=1, routed)           0.000     4.532    u_window3x3/line_mem0_reg_256_511_4_4/O1
    SLICE_X30Y78         MUXF8 (Prop_muxf8_I1_O)      0.088     4.620 r  u_window3x3/line_mem0_reg_256_511_4_4/F8/O
                         net (fo=1, routed)           0.454     5.074    u_window3x3/line_mem0_reg_256_511_4_4_n_0
    SLICE_X31Y79         LUT6 (Prop_lut6_I3_O)        0.319     5.393 r  u_window3x3/mem0_rd_q[4]_i_1/O
                         net (fo=2, routed)           0.536     5.929    u_window3x3/mem0_rd_q0[4]
    SLICE_X33Y80         LUT3 (Prop_lut3_I2_O)        0.124     6.053 r  u_window3x3/line_mem1_reg_i_15/O
                         net (fo=1, routed)           0.436     6.489    u_window3x3/line_mem1_reg_i_15_n_0
    RAMB18_X2Y32         RAMB18E1                                     r  u_window3x3/line_mem1_reg/DIADI[4]
  -------------------------------------------------------------------    -------------------

                         (clock clk rise edge)        7.220     7.220 r  
                                                      0.000     7.220 r  clk (IN)
                         net (fo=530, unset)          0.924     8.144    u_window3x3/clk
    RAMB18_X2Y32         RAMB18E1                                     r  u_window3x3/line_mem1_reg/CLKARDCLK
                         clock pessimism              0.000     8.144    
                         clock uncertainty           -0.035     8.109    
    RAMB18_X2Y32         RAMB18E1 (Setup_ramb18e1_CLKARDCLK_DIADI[4])
                                                     -0.241     7.868    u_window3x3/line_mem1_reg
  -------------------------------------------------------------------
                         required time                          7.868    
                         arrival time                          -6.489    
  -------------------------------------------------------------------
                         slack                                  1.379    

Slack (MET) :             1.430ns  (required time - arrival time)
  Source:                 u_sobel3x3/stg1_gx_pos_reg[3]/C
                            (rising edge-triggered cell FDCE clocked by clk  {rise@0.000ns fall@3.610ns period=7.220ns})
  Destination:            u_sobel3x3/stg2_gx_abs_reg[9]/D
                            (rising edge-triggered cell FDCE clocked by clk  {rise@0.000ns fall@3.610ns period=7.220ns})
  Path Group:             clk
  Path Type:              Setup (Max at Slow Process Corner)
  Requirement:            7.220ns  (clk rise@7.220ns - clk rise@0.000ns)
  Data Path Delay:        5.781ns  (logic 3.107ns (53.748%)  route 2.674ns (46.252%))
  Logic Levels:           8  (CARRY4=5 LUT2=1 LUT3=1 LUT4=1)
  Clock Path Skew:        -0.049ns (DCD - SCD + CPR)
    Destination Clock Delay (DCD):    0.924ns = ( 8.144 - 7.220 ) 
    Source Clock Delay      (SCD):    0.973ns
    Clock Pessimism Removal (CPR):    0.000ns
  Clock Uncertainty:      0.035ns  ((TSJ^2 + TIJ^2)^1/2 + DJ) / 2 + PE
    Total System Jitter     (TSJ):    0.071ns
    Total Input Jitter      (TIJ):    0.000ns
    Discrete Jitter          (DJ):    0.000ns
    Phase Error              (PE):    0.000ns

    Location             Delay type                Incr(ns)  Path(ns)    Netlist Resource(s)
  -------------------------------------------------------------------    -------------------
                         (clock clk rise edge)        0.000     0.000 r  
                                                      0.000     0.000 r  clk (IN)
                         net (fo=530, unset)          0.973     0.973    u_sobel3x3/clk
    SLICE_X42Y88         FDCE                                         r  u_sobel3x3/stg1_gx_pos_reg[3]/C
  -------------------------------------------------------------------    -------------------
    SLICE_X42Y88         FDCE (Prop_fdce_C_Q)         0.518     1.491 r  u_sobel3x3/stg1_gx_pos_reg[3]/Q
                         net (fo=4, routed)           0.969     2.460    u_sobel3x3/stg1_gx_pos[3]
    SLICE_X43Y89         LUT4 (Prop_lut4_I1_O)        0.124     2.584 r  u_sobel3x3/abs_diff_unsigned1_carry_i_7/O
                         net (fo=1, routed)           0.000     2.584    u_sobel3x3/abs_diff_unsigned1_carry_i_7_n_0
    SLICE_X43Y89         CARRY4 (Prop_carry4_S[1]_CO[3])
                                                      0.550     3.134 r  u_sobel3x3/abs_diff_unsigned1_carry/CO[3]
                         net (fo=1, routed)           0.000     3.134    u_sobel3x3/abs_diff_unsigned1_carry_n_0
    SLICE_X43Y90         CARRY4 (Prop_carry4_CI_CO[0])
                                                      0.271     3.405 r  u_sobel3x3/abs_diff_unsigned1_carry__0/CO[0]
                         net (fo=9, routed)           0.926     4.332    u_sobel3x3/abs_diff_unsigned1
    SLICE_X42Y89         LUT3 (Prop_lut3_I2_O)        0.399     4.731 r  u_sobel3x3/i__carry_i_4__0/O
                         net (fo=1, routed)           0.000     4.731    u_sobel3x3/i__carry_i_4__0_n_0
    SLICE_X42Y89         CARRY4 (Prop_carry4_DI[0]_CO[3])
                                                      0.471     5.202 r  u_sobel3x3/_inferred__8/i__carry/CO[3]
                         net (fo=1, routed)           0.000     5.202    u_sobel3x3/_inferred__8/i__carry_n_0
    SLICE_X42Y90         CARRY4 (Prop_carry4_CI_CO[3])
                                                      0.117     5.319 r  u_sobel3x3/_inferred__8/i__carry__0/CO[3]
                         net (fo=1, routed)           0.000     5.319    u_sobel3x3/_inferred__8/i__carry__0_n_0
    SLICE_X42Y91         CARRY4 (Prop_carry4_CI_O[1])
                                                      0.323     5.642 r  u_sobel3x3/_inferred__8/i__carry__1/O[1]
                         net (fo=1, routed)           0.778     6.420    u_sobel3x3/abs_diff_unsigned[9]
    SLICE_X40Y91         LUT2 (Prop_lut2_I1_O)        0.334     6.754 r  u_sobel3x3/stg2_gx_abs[9]_i_1/O
                         net (fo=1, routed)           0.000     6.754    u_sobel3x3/stg2_gx_abs[9]_i_1_n_0
    SLICE_X40Y91         FDCE                                         r  u_sobel3x3/stg2_gx_abs_reg[9]/D
  -------------------------------------------------------------------    -------------------

                         (clock clk rise edge)        7.220     7.220 r  
                                                      0.000     7.220 r  clk (IN)
                         net (fo=530, unset)          0.924     8.144    u_sobel3x3/clk
    SLICE_X40Y91         FDCE                                         r  u_sobel3x3/stg2_gx_abs_reg[9]/C
                         clock pessimism              0.000     8.144    
                         clock uncertainty           -0.035     8.109    
    SLICE_X40Y91         FDCE (Setup_fdce_C_D)        0.075     8.184    u_sobel3x3/stg2_gx_abs_reg[9]
  -------------------------------------------------------------------
                         required time                          8.184    
                         arrival time                          -6.754    
  -------------------------------------------------------------------
                         slack                                  1.430    

Slack (MET) :             1.464ns  (required time - arrival time)
  Source:                 u_window3x3/state_q_reg[1]/C
                            (rising edge-triggered cell FDCE clocked by clk  {rise@0.000ns fall@3.610ns period=7.220ns})
  Destination:            u_window3x3/line_mem1_reg/DIADI[5]
                            (rising edge-triggered cell RAMB18E1 clocked by clk  {rise@0.000ns fall@3.610ns period=7.220ns})
  Path Group:             clk
  Path Type:              Setup (Max at Slow Process Corner)
  Requirement:            7.220ns  (clk rise@7.220ns - clk rise@0.000ns)
  Data Path Delay:        5.431ns  (logic 1.548ns (28.504%)  route 3.883ns (71.496%))
  Logic Levels:           6  (LUT3=1 LUT4=1 LUT6=1 MUXF7=1 MUXF8=1 RAMS64E=1)
  Clock Path Skew:        -0.049ns (DCD - SCD + CPR)
    Destination Clock Delay (DCD):    0.924ns = ( 8.144 - 7.220 ) 
    Source Clock Delay      (SCD):    0.973ns
    Clock Pessimism Removal (CPR):    0.000ns
  Clock Uncertainty:      0.035ns  ((TSJ^2 + TIJ^2)^1/2 + DJ) / 2 + PE
    Total System Jitter     (TSJ):    0.071ns
    Total Input Jitter      (TIJ):    0.000ns
    Discrete Jitter          (DJ):    0.000ns
    Phase Error              (PE):    0.000ns

    Location             Delay type                Incr(ns)  Path(ns)    Netlist Resource(s)
  -------------------------------------------------------------------    -------------------
                         (clock clk rise edge)        0.000     0.000 r  
                                                      0.000     0.000 r  clk (IN)
                         net (fo=530, unset)          0.973     0.973    u_window3x3/clk
    SLICE_X38Y75         FDCE                                         r  u_window3x3/state_q_reg[1]/C
  -------------------------------------------------------------------    -------------------
    SLICE_X38Y75         FDCE (Prop_fdce_C_Q)         0.518     1.491 r  u_window3x3/state_q_reg[1]/Q
                         net (fo=104, routed)         0.755     2.246    u_window3x3/state_q_reg[1]_0
    SLICE_X37Y75         LUT4 (Prop_lut4_I1_O)        0.124     2.370 r  u_window3x3/line_mem1_reg_i_10/O
                         net (fo=82, routed)          1.880     4.250    u_window3x3/line_mem0_reg_0_255_5_5/A1
    SLICE_X30Y81         RAMS64E (Prop_rams64e_ADR1_O)
                                                      0.124     4.374 r  u_window3x3/line_mem0_reg_0_255_5_5/RAMS64E_D/O
                         net (fo=1, routed)           0.000     4.374    u_window3x3/line_mem0_reg_0_255_5_5/OD
    SLICE_X30Y81         MUXF7 (Prop_muxf7_I0_O)      0.241     4.615 r  u_window3x3/line_mem0_reg_0_255_5_5/F7.B/O
                         net (fo=1, routed)           0.000     4.615    u_window3x3/line_mem0_reg_0_255_5_5/O0
    SLICE_X30Y81         MUXF8 (Prop_muxf8_I0_O)      0.098     4.713 r  u_window3x3/line_mem0_reg_0_255_5_5/F8/O
                         net (fo=1, routed)           0.534     5.248    u_window3x3/line_mem0_reg_0_255_5_5_n_0
    SLICE_X33Y80         LUT6 (Prop_lut6_I5_O)        0.319     5.567 r  u_window3x3/mem0_rd_q[5]_i_1/O
                         net (fo=2, routed)           0.276     5.842    u_window3x3/mem0_rd_q0[5]
    SLICE_X33Y80         LUT3 (Prop_lut3_I2_O)        0.124     5.966 r  u_window3x3/line_mem1_reg_i_14/O
                         net (fo=1, routed)           0.437     6.404    u_window3x3/line_mem1_reg_i_14_n_0
    RAMB18_X2Y32         RAMB18E1                                     r  u_window3x3/line_mem1_reg/DIADI[5]
  -------------------------------------------------------------------    -------------------

                         (clock clk rise edge)        7.220     7.220 r  
                                                      0.000     7.220 r  clk (IN)
                         net (fo=530, unset)          0.924     8.144    u_window3x3/clk
    RAMB18_X2Y32         RAMB18E1                                     r  u_window3x3/line_mem1_reg/CLKARDCLK
                         clock pessimism              0.000     8.144    
                         clock uncertainty           -0.035     8.109    
    RAMB18_X2Y32         RAMB18E1 (Setup_ramb18e1_CLKARDCLK_DIADI[5])
                                                     -0.241     7.868    u_window3x3/line_mem1_reg
  -------------------------------------------------------------------
                         required time                          7.868    
                         arrival time                          -6.404    
  -------------------------------------------------------------------
                         slack                                  1.464    

Slack (MET) :             1.499ns  (required time - arrival time)
  Source:                 u_sobel3x3/stg1_gy_pos_reg[3]/C
                            (rising edge-triggered cell FDCE clocked by clk  {rise@0.000ns fall@3.610ns period=7.220ns})
  Destination:            u_sobel3x3/stg2_gy_abs_reg[9]/D
                            (rising edge-triggered cell FDCE clocked by clk  {rise@0.000ns fall@3.610ns period=7.220ns})
  Path Group:             clk
  Path Type:              Setup (Max at Slow Process Corner)
  Requirement:            7.220ns  (clk rise@7.220ns - clk rise@0.000ns)
  Data Path Delay:        5.712ns  (logic 3.062ns (53.604%)  route 2.650ns (46.396%))
  Logic Levels:           8  (CARRY4=5 LUT2=1 LUT3=1 LUT4=1)
  Clock Path Skew:        -0.049ns (DCD - SCD + CPR)
    Destination Clock Delay (DCD):    0.924ns = ( 8.144 - 7.220 ) 
    Source Clock Delay      (SCD):    0.973ns
    Clock Pessimism Removal (CPR):    0.000ns
  Clock Uncertainty:      0.035ns  ((TSJ^2 + TIJ^2)^1/2 + DJ) / 2 + PE
    Total System Jitter     (TSJ):    0.071ns
    Total Input Jitter      (TIJ):    0.000ns
    Discrete Jitter          (DJ):    0.000ns
    Phase Error              (PE):    0.000ns

    Location             Delay type                Incr(ns)  Path(ns)    Netlist Resource(s)
  -------------------------------------------------------------------    -------------------
                         (clock clk rise edge)        0.000     0.000 r  
                                                      0.000     0.000 r  clk (IN)
                         net (fo=530, unset)          0.973     0.973    u_sobel3x3/clk
    SLICE_X43Y86         FDCE                                         r  u_sobel3x3/stg1_gy_pos_reg[3]/C
  -------------------------------------------------------------------    -------------------
    SLICE_X43Y86         FDCE (Prop_fdce_C_Q)         0.456     1.429 r  u_sobel3x3/stg1_gy_pos_reg[3]/Q
                         net (fo=4, routed)           0.990     2.419    u_sobel3x3/stg1_gy_pos[3]
    SLICE_X48Y87         LUT4 (Prop_lut4_I1_O)        0.124     2.543 r  u_sobel3x3/abs_diff_unsigned01_carry_i_7/O
                         net (fo=1, routed)           0.000     2.543    u_sobel3x3/abs_diff_unsigned01_carry_i_7_n_0
    SLICE_X48Y87         CARRY4 (Prop_carry4_S[1]_CO[3])
                                                      0.550     3.093 r  u_sobel3x3/abs_diff_unsigned01_carry/CO[3]
                         net (fo=1, routed)           0.000     3.093    u_sobel3x3/abs_diff_unsigned01_carry_n_0
    SLICE_X48Y88         CARRY4 (Prop_carry4_CI_CO[0])
                                                      0.271     3.364 r  u_sobel3x3/abs_diff_unsigned01_carry__0/CO[0]
                         net (fo=9, routed)           0.859     4.223    u_sobel3x3/abs_diff_unsigned01
    SLICE_X47Y87         LUT3 (Prop_lut3_I2_O)        0.399     4.622 r  u_sobel3x3/i__carry_i_4/O
                         net (fo=1, routed)           0.000     4.622    u_sobel3x3/p_1_in[0]
    SLICE_X47Y87         CARRY4 (Prop_carry4_DI[0]_CO[3])
                                                      0.483     5.105 r  u_sobel3x3/_inferred__3/i__carry/CO[3]
                         net (fo=1, routed)           0.000     5.105    u_sobel3x3/_inferred__3/i__carry_n_0
    SLICE_X47Y88         CARRY4 (Prop_carry4_CI_CO[3])
                                                      0.114     5.219 r  u_sobel3x3/_inferred__3/i__carry__0/CO[3]
                         net (fo=1, routed)           0.000     5.219    u_sobel3x3/_inferred__3/i__carry__0_n_0
    SLICE_X47Y89         CARRY4 (Prop_carry4_CI_O[1])
                                                      0.334     5.553 r  u_sobel3x3/_inferred__3/i__carry__1/O[1]
                         net (fo=1, routed)           0.801     6.354    u_sobel3x3/abs_diff_unsigned0[9]
    SLICE_X41Y89         LUT2 (Prop_lut2_I1_O)        0.331     6.685 r  u_sobel3x3/stg2_gy_abs[9]_i_2/O
                         net (fo=1, routed)           0.000     6.685    u_sobel3x3/stg2_gy_abs[9]_i_2_n_0
    SLICE_X41Y89         FDCE                                         r  u_sobel3x3/stg2_gy_abs_reg[9]/D
  -------------------------------------------------------------------    -------------------

                         (clock clk rise edge)        7.220     7.220 r  
                                                      0.000     7.220 r  clk (IN)
                         net (fo=530, unset)          0.924     8.144    u_sobel3x3/clk
    SLICE_X41Y89         FDCE                                         r  u_sobel3x3/stg2_gy_abs_reg[9]/C
                         clock pessimism              0.000     8.144    
                         clock uncertainty           -0.035     8.109    
    SLICE_X41Y89         FDCE (Setup_fdce_C_D)        0.075     8.184    u_sobel3x3/stg2_gy_abs_reg[9]
  -------------------------------------------------------------------
                         required time                          8.184    
                         arrival time                          -6.685    
  -------------------------------------------------------------------
                         slack                                  1.499    

Slack (MET) :             1.512ns  (required time - arrival time)
  Source:                 u_sobel3x3/stg1_gx_pos_reg[3]/C
                            (rising edge-triggered cell FDCE clocked by clk  {rise@0.000ns fall@3.610ns period=7.220ns})
  Destination:            u_sobel3x3/stg2_gx_abs_reg[8]/D
                            (rising edge-triggered cell FDCE clocked by clk  {rise@0.000ns fall@3.610ns period=7.220ns})
  Path Group:             clk
  Path Type:              Setup (Max at Slow Process Corner)
  Requirement:            7.220ns  (clk rise@7.220ns - clk rise@0.000ns)
  Data Path Delay:        5.699ns  (logic 2.992ns (52.505%)  route 2.707ns (47.495%))
  Logic Levels:           8  (CARRY4=5 LUT2=1 LUT3=1 LUT4=1)
  Clock Path Skew:        -0.049ns (DCD - SCD + CPR)
    Destination Clock Delay (DCD):    0.924ns = ( 8.144 - 7.220 ) 
    Source Clock Delay      (SCD):    0.973ns
    Clock Pessimism Removal (CPR):    0.000ns
  Clock Uncertainty:      0.035ns  ((TSJ^2 + TIJ^2)^1/2 + DJ) / 2 + PE
    Total System Jitter     (TSJ):    0.071ns
    Total Input Jitter      (TIJ):    0.000ns
    Discrete Jitter          (DJ):    0.000ns
    Phase Error              (PE):    0.000ns

    Location             Delay type                Incr(ns)  Path(ns)    Netlist Resource(s)
  -------------------------------------------------------------------    -------------------
                         (clock clk rise edge)        0.000     0.000 r  
                                                      0.000     0.000 r  clk (IN)
                         net (fo=530, unset)          0.973     0.973    u_sobel3x3/clk
    SLICE_X42Y88         FDCE                                         r  u_sobel3x3/stg1_gx_pos_reg[3]/C
  -------------------------------------------------------------------    -------------------
    SLICE_X42Y88         FDCE (Prop_fdce_C_Q)         0.518     1.491 r  u_sobel3x3/stg1_gx_pos_reg[3]/Q
                         net (fo=4, routed)           0.969     2.460    u_sobel3x3/stg1_gx_pos[3]
    SLICE_X43Y89         LUT4 (Prop_lut4_I1_O)        0.124     2.584 r  u_sobel3x3/abs_diff_unsigned1_carry_i_7/O
                         net (fo=1, routed)           0.000     2.584    u_sobel3x3/abs_diff_unsigned1_carry_i_7_n_0
    SLICE_X43Y89         CARRY4 (Prop_carry4_S[1]_CO[3])
                                                      0.550     3.134 r  u_sobel3x3/abs_diff_unsigned1_carry/CO[3]
                         net (fo=1, routed)           0.000     3.134    u_sobel3x3/abs_diff_unsigned1_carry_n_0
    SLICE_X43Y90         CARRY4 (Prop_carry4_CI_CO[0])
                                                      0.271     3.405 r  u_sobel3x3/abs_diff_unsigned1_carry__0/CO[0]
                         net (fo=9, routed)           0.926     4.332    u_sobel3x3/abs_diff_unsigned1
    SLICE_X42Y89         LUT3 (Prop_lut3_I2_O)        0.399     4.731 r  u_sobel3x3/i__carry_i_4__0/O
                         net (fo=1, routed)           0.000     4.731    u_sobel3x3/i__carry_i_4__0_n_0
    SLICE_X42Y89         CARRY4 (Prop_carry4_DI[0]_CO[3])
                                                      0.471     5.202 r  u_sobel3x3/_inferred__8/i__carry/CO[3]
                         net (fo=1, routed)           0.000     5.202    u_sobel3x3/_inferred__8/i__carry_n_0
    SLICE_X42Y90         CARRY4 (Prop_carry4_CI_CO[3])
                                                      0.117     5.319 r  u_sobel3x3/_inferred__8/i__carry__0/CO[3]
                         net (fo=1, routed)           0.000     5.319    u_sobel3x3/_inferred__8/i__carry__0_n_0
    SLICE_X42Y91         CARRY4 (Prop_carry4_CI_O[0])
                                                      0.219     5.538 r  u_sobel3x3/_inferred__8/i__carry__1/O[0]
                         net (fo=1, routed)           0.811     6.349    u_sobel3x3/abs_diff_unsigned[8]
    SLICE_X40Y91         LUT2 (Prop_lut2_I1_O)        0.323     6.672 r  u_sobel3x3/stg2_gx_abs[8]_i_1/O
                         net (fo=1, routed)           0.000     6.672    u_sobel3x3/stg2_gx_abs[8]_i_1_n_0
    SLICE_X40Y91         FDCE                                         r  u_sobel3x3/stg2_gx_abs_reg[8]/D
  -------------------------------------------------------------------    -------------------

                         (clock clk rise edge)        7.220     7.220 r  
                                                      0.000     7.220 r  clk (IN)
                         net (fo=530, unset)          0.924     8.144    u_sobel3x3/clk
    SLICE_X40Y91         FDCE                                         r  u_sobel3x3/stg2_gx_abs_reg[8]/C
                         clock pessimism              0.000     8.144    
                         clock uncertainty           -0.035     8.109    
    SLICE_X40Y91         FDCE (Setup_fdce_C_D)        0.075     8.184    u_sobel3x3/stg2_gx_abs_reg[8]
  -------------------------------------------------------------------
                         required time                          8.184    
                         arrival time                          -6.672    
  -------------------------------------------------------------------
                         slack                                  1.512    

Slack (MET) :             1.637ns  (required time - arrival time)
  Source:                 u_sobel3x3/stg1_gx_pos_reg[3]/C
                            (rising edge-triggered cell FDCE clocked by clk  {rise@0.000ns fall@3.610ns period=7.220ns})
  Destination:            u_sobel3x3/stg2_gx_abs_reg[4]/D
                            (rising edge-triggered cell FDCE clocked by clk  {rise@0.000ns fall@3.610ns period=7.220ns})
  Path Group:             clk
  Path Type:              Setup (Max at Slow Process Corner)
  Requirement:            7.220ns  (clk rise@7.220ns - clk rise@0.000ns)
  Data Path Delay:        5.574ns  (logic 2.875ns (51.576%)  route 2.699ns (48.424%))
  Logic Levels:           7  (CARRY4=4 LUT2=1 LUT3=1 LUT4=1)
  Clock Path Skew:        -0.049ns (DCD - SCD + CPR)
    Destination Clock Delay (DCD):    0.924ns = ( 8.144 - 7.220 ) 
    Source Clock Delay      (SCD):    0.973ns
    Clock Pessimism Removal (CPR):    0.000ns
  Clock Uncertainty:      0.035ns  ((TSJ^2 + TIJ^2)^1/2 + DJ) / 2 + PE
    Total System Jitter     (TSJ):    0.071ns
    Total Input Jitter      (TIJ):    0.000ns
    Discrete Jitter          (DJ):    0.000ns
    Phase Error              (PE):    0.000ns

    Location             Delay type                Incr(ns)  Path(ns)    Netlist Resource(s)
  -------------------------------------------------------------------    -------------------
                         (clock clk rise edge)        0.000     0.000 r  
                                                      0.000     0.000 r  clk (IN)
                         net (fo=530, unset)          0.973     0.973    u_sobel3x3/clk
    SLICE_X42Y88         FDCE                                         r  u_sobel3x3/stg1_gx_pos_reg[3]/C
  -------------------------------------------------------------------    -------------------
    SLICE_X42Y88         FDCE (Prop_fdce_C_Q)         0.518     1.491 r  u_sobel3x3/stg1_gx_pos_reg[3]/Q
                         net (fo=4, routed)           0.969     2.460    u_sobel3x3/stg1_gx_pos[3]
    SLICE_X43Y89         LUT4 (Prop_lut4_I1_O)        0.124     2.584 r  u_sobel3x3/abs_diff_unsigned1_carry_i_7/O
                         net (fo=1, routed)           0.000     2.584    u_sobel3x3/abs_diff_unsigned1_carry_i_7_n_0
    SLICE_X43Y89         CARRY4 (Prop_carry4_S[1]_CO[3])
                                                      0.550     3.134 r  u_sobel3x3/abs_diff_unsigned1_carry/CO[3]
                         net (fo=1, routed)           0.000     3.134    u_sobel3x3/abs_diff_unsigned1_carry_n_0
    SLICE_X43Y90         CARRY4 (Prop_carry4_CI_CO[0])
                                                      0.271     3.405 r  u_sobel3x3/abs_diff_unsigned1_carry__0/CO[0]
                         net (fo=9, routed)           0.926     4.332    u_sobel3x3/abs_diff_unsigned1
    SLICE_X42Y89         LUT3 (Prop_lut3_I2_O)        0.399     4.731 r  u_sobel3x3/i__carry_i_4__0/O
                         net (fo=1, routed)           0.000     4.731    u_sobel3x3/i__carry_i_4__0_n_0
    SLICE_X42Y89         CARRY4 (Prop_carry4_DI[0]_CO[3])
                                                      0.471     5.202 r  u_sobel3x3/_inferred__8/i__carry/CO[3]
                         net (fo=1, routed)           0.000     5.202    u_sobel3x3/_inferred__8/i__carry_n_0
    SLICE_X42Y90         CARRY4 (Prop_carry4_CI_O[0])
                                                      0.219     5.421 r  u_sobel3x3/_inferred__8/i__carry__0/O[0]
                         net (fo=1, routed)           0.804     6.224    u_sobel3x3/abs_diff_unsigned[4]
    SLICE_X40Y90         LUT2 (Prop_lut2_I1_O)        0.323     6.547 r  u_sobel3x3/stg2_gx_abs[4]_i_1/O
                         net (fo=1, routed)           0.000     6.547    u_sobel3x3/stg2_gx_abs[4]_i_1_n_0
    SLICE_X40Y90         FDCE                                         r  u_sobel3x3/stg2_gx_abs_reg[4]/D
  -------------------------------------------------------------------    -------------------

                         (clock clk rise edge)        7.220     7.220 r  
                                                      0.000     7.220 r  clk (IN)
                         net (fo=530, unset)          0.924     8.144    u_sobel3x3/clk
    SLICE_X40Y90         FDCE                                         r  u_sobel3x3/stg2_gx_abs_reg[4]/C
                         clock pessimism              0.000     8.144    
                         clock uncertainty           -0.035     8.109    
    SLICE_X40Y90         FDCE (Setup_fdce_C_D)        0.075     8.184    u_sobel3x3/stg2_gx_abs_reg[4]
  -------------------------------------------------------------------
                         required time                          8.184    
                         arrival time                          -6.547    
  -------------------------------------------------------------------
                         slack                                  1.637    

Slack (MET) :             1.647ns  (required time - arrival time)
  Source:                 u_window3x3/real_col_idx_q_reg[3]/C
                            (rising edge-triggered cell FDCE clocked by clk  {rise@0.000ns fall@3.610ns period=7.220ns})
  Destination:            u_window3x3/line_mem1_reg/DIADI[2]
                            (rising edge-triggered cell RAMB18E1 clocked by clk  {rise@0.000ns fall@3.610ns period=7.220ns})
  Path Group:             clk
  Path Type:              Setup (Max at Slow Process Corner)
  Requirement:            7.220ns  (clk rise@7.220ns - clk rise@0.000ns)
  Data Path Delay:        5.248ns  (logic 1.502ns (28.620%)  route 3.746ns (71.380%))
  Logic Levels:           5  (LUT3=1 LUT4=1 LUT6=1 MUXF7=1 RAMS64E=1)
  Clock Path Skew:        -0.049ns (DCD - SCD + CPR)
    Destination Clock Delay (DCD):    0.924ns = ( 8.144 - 7.220 ) 
    Source Clock Delay      (SCD):    0.973ns
    Clock Pessimism Removal (CPR):    0.000ns
  Clock Uncertainty:      0.035ns  ((TSJ^2 + TIJ^2)^1/2 + DJ) / 2 + PE
    Total System Jitter     (TSJ):    0.071ns
    Total Input Jitter      (TIJ):    0.000ns
    Discrete Jitter          (DJ):    0.000ns
    Phase Error              (PE):    0.000ns

    Location             Delay type                Incr(ns)  Path(ns)    Netlist Resource(s)
  -------------------------------------------------------------------    -------------------
                         (clock clk rise edge)        0.000     0.000 r  
                                                      0.000     0.000 r  clk (IN)
                         net (fo=530, unset)          0.973     0.973    u_window3x3/clk
    SLICE_X37Y75         FDCE                                         r  u_window3x3/real_col_idx_q_reg[3]/C
  -------------------------------------------------------------------    -------------------
    SLICE_X37Y75         FDCE (Prop_fdce_C_Q)         0.419     1.392 r  u_window3x3/real_col_idx_q_reg[3]/Q
                         net (fo=2, routed)           0.682     2.074    u_window3x3/real_col_idx_q_reg_n_0_[3]
    SLICE_X37Y74         LUT4 (Prop_lut4_I0_O)        0.296     2.370 r  u_window3x3/line_mem1_reg_i_8/O
                         net (fo=82, routed)          1.631     4.001    u_window3x3/line_mem0_reg_0_127_0_0__1/A3
    SLICE_X32Y80         RAMS64E (Prop_rams64e_ADR3_O)
                                                      0.124     4.125 r  u_window3x3/line_mem0_reg_0_127_0_0__1/LOW/O
                         net (fo=1, routed)           0.000     4.125    u_window3x3/line_mem0_reg_0_127_0_0__1/O0
    SLICE_X32Y80         MUXF7 (Prop_muxf7_I0_O)      0.241     4.366 r  u_window3x3/line_mem0_reg_0_127_0_0__1/F7/O
                         net (fo=1, routed)           0.581     4.947    u_window3x3/line_mem0_reg_0_127_0_0__1_n_0
    SLICE_X33Y78         LUT6 (Prop_lut6_I1_O)        0.298     5.245 r  u_window3x3/mem0_rd_q[2]_i_1/O
                         net (fo=2, routed)           0.555     5.800    u_window3x3/mem0_rd_q0[2]
    SLICE_X33Y80         LUT3 (Prop_lut3_I2_O)        0.124     5.924 r  u_window3x3/line_mem1_reg_i_17/O
                         net (fo=1, routed)           0.297     6.221    u_window3x3/line_mem1_reg_i_17_n_0
    RAMB18_X2Y32         RAMB18E1                                     r  u_window3x3/line_mem1_reg/DIADI[2]
  -------------------------------------------------------------------    -------------------

                         (clock clk rise edge)        7.220     7.220 r  
                                                      0.000     7.220 r  clk (IN)
                         net (fo=530, unset)          0.924     8.144    u_window3x3/clk
    RAMB18_X2Y32         RAMB18E1                                     r  u_window3x3/line_mem1_reg/CLKARDCLK
                         clock pessimism              0.000     8.144    
                         clock uncertainty           -0.035     8.109    
    RAMB18_X2Y32         RAMB18E1 (Setup_ramb18e1_CLKARDCLK_DIADI[2])
                                                     -0.241     7.868    u_window3x3/line_mem1_reg
  -------------------------------------------------------------------
                         required time                          7.868    
                         arrival time                          -6.221    
  -------------------------------------------------------------------
                         slack                                  1.647    

Slack (MET) :             1.735ns  (required time - arrival time)
  Source:                 u_window3x3/state_q_reg[1]/C
                            (rising edge-triggered cell FDCE clocked by clk  {rise@0.000ns fall@3.610ns period=7.220ns})
  Destination:            u_window3x3/mem0_rd_q_reg[7]/D
                            (rising edge-triggered cell FDRE clocked by clk  {rise@0.000ns fall@3.610ns period=7.220ns})
  Path Group:             clk
  Path Type:              Setup (Max at Slow Process Corner)
  Requirement:            7.220ns  (clk rise@7.220ns - clk rise@0.000ns)
  Data Path Delay:        5.320ns  (logic 1.535ns (28.843%)  route 3.786ns (71.157%))
  Logic Levels:           5  (LUT4=1 LUT6=1 MUXF7=1 MUXF8=1 RAMS64E=1)
  Clock Path Skew:        -0.049ns (DCD - SCD + CPR)
    Destination Clock Delay (DCD):    0.924ns = ( 8.144 - 7.220 ) 
    Source Clock Delay      (SCD):    0.973ns
    Clock Pessimism Removal (CPR):    0.000ns
  Clock Uncertainty:      0.035ns  ((TSJ^2 + TIJ^2)^1/2 + DJ) / 2 + PE
    Total System Jitter     (TSJ):    0.071ns
    Total Input Jitter      (TIJ):    0.000ns
    Discrete Jitter          (DJ):    0.000ns
    Phase Error              (PE):    0.000ns

    Location             Delay type                Incr(ns)  Path(ns)    Netlist Resource(s)
  -------------------------------------------------------------------    -------------------
                         (clock clk rise edge)        0.000     0.000 r  
                                                      0.000     0.000 r  clk (IN)
                         net (fo=530, unset)          0.973     0.973    u_window3x3/clk
    SLICE_X38Y75         FDCE                                         r  u_window3x3/state_q_reg[1]/C
  -------------------------------------------------------------------    -------------------
    SLICE_X38Y75         FDCE (Prop_fdce_C_Q)         0.518     1.491 r  u_window3x3/state_q_reg[1]/Q
                         net (fo=104, routed)         0.919     2.410    u_window3x3/state_q_reg[1]_0
    SLICE_X37Y74         LUT4 (Prop_lut4_I1_O)        0.124     2.534 r  u_window3x3/line_mem1_reg_i_9/O
                         net (fo=82, routed)          1.572     4.107    u_window3x3/line_mem0_reg_0_255_7_7/A2
    SLICE_X26Y80         RAMS64E (Prop_rams64e_ADR2_O)
                                                      0.229     4.335 r  u_window3x3/line_mem0_reg_0_255_7_7/RAMS64E_C/O
                         net (fo=1, routed)           0.000     4.335    u_window3x3/line_mem0_reg_0_255_7_7/OC
    SLICE_X26Y80         MUXF7 (Prop_muxf7_I1_O)      0.247     4.582 r  u_window3x3/line_mem0_reg_0_255_7_7/F7.B/O
                         net (fo=1, routed)           0.000     4.582    u_window3x3/line_mem0_reg_0_255_7_7/O0
    SLICE_X26Y80         MUXF8 (Prop_muxf8_I0_O)      0.098     4.680 r  u_window3x3/line_mem0_reg_0_255_7_7/F8/O
                         net (fo=1, routed)           0.581     5.261    u_window3x3/line_mem0_reg_0_255_7_7_n_0
    SLICE_X31Y80         LUT6 (Prop_lut6_I5_O)        0.319     5.580 r  u_window3x3/mem0_rd_q[7]_i_1/O
                         net (fo=2, routed)           0.713     6.293    u_window3x3/mem0_rd_q0[7]
    SLICE_X33Y81         FDRE                                         r  u_window3x3/mem0_rd_q_reg[7]/D
  -------------------------------------------------------------------    -------------------

                         (clock clk rise edge)        7.220     7.220 r  
                                                      0.000     7.220 r  clk (IN)
                         net (fo=530, unset)          0.924     8.144    u_window3x3/clk
    SLICE_X33Y81         FDRE                                         r  u_window3x3/mem0_rd_q_reg[7]/C
                         clock pessimism              0.000     8.144    
                         clock uncertainty           -0.035     8.109    
    SLICE_X33Y81         FDRE (Setup_fdre_C_D)       -0.081     8.028    u_window3x3/mem0_rd_q_reg[7]
  -------------------------------------------------------------------
                         required time                          8.028    
                         arrival time                          -6.293    
  -------------------------------------------------------------------
                         slack                                  1.735    

Slack (MET) :             1.736ns  (required time - arrival time)
  Source:                 u_window3x3/state_q_reg[1]/C
                            (rising edge-triggered cell FDCE clocked by clk  {rise@0.000ns fall@3.610ns period=7.220ns})
  Destination:            u_window3x3/line_mem1_reg/DIADI[1]
                            (rising edge-triggered cell RAMB18E1 clocked by clk  {rise@0.000ns fall@3.610ns period=7.220ns})
  Path Group:             clk
  Path Type:              Setup (Max at Slow Process Corner)
  Requirement:            7.220ns  (clk rise@7.220ns - clk rise@0.000ns)
  Data Path Delay:        5.159ns  (logic 1.508ns (29.238%)  route 3.651ns (70.762%))
  Logic Levels:           5  (LUT3=1 LUT4=1 LUT6=1 MUXF7=1 RAMS64E=1)
  Clock Path Skew:        -0.049ns (DCD - SCD + CPR)
    Destination Clock Delay (DCD):    0.924ns = ( 8.144 - 7.220 ) 
    Source Clock Delay      (SCD):    0.973ns
    Clock Pessimism Removal (CPR):    0.000ns
  Clock Uncertainty:      0.035ns  ((TSJ^2 + TIJ^2)^1/2 + DJ) / 2 + PE
    Total System Jitter     (TSJ):    0.071ns
    Total Input Jitter      (TIJ):    0.000ns
    Discrete Jitter          (DJ):    0.000ns
    Phase Error              (PE):    0.000ns

    Location             Delay type                Incr(ns)  Path(ns)    Netlist Resource(s)
  -------------------------------------------------------------------    -------------------
                         (clock clk rise edge)        0.000     0.000 r  
                                                      0.000     0.000 r  clk (IN)
                         net (fo=530, unset)          0.973     0.973    u_window3x3/clk
    SLICE_X38Y75         FDCE                                         r  u_window3x3/state_q_reg[1]/C
  -------------------------------------------------------------------    -------------------
    SLICE_X38Y75         FDCE (Prop_fdce_C_Q)         0.518     1.491 r  u_window3x3/state_q_reg[1]/Q
                         net (fo=104, routed)         0.919     2.410    u_window3x3/state_q_reg[1]_0
    SLICE_X37Y74         LUT4 (Prop_lut4_I1_O)        0.124     2.534 r  u_window3x3/line_mem1_reg_i_9/O
                         net (fo=82, routed)          1.164     3.699    u_window3x3/line_mem0_reg_0_127_0_0__0/A2
    SLICE_X34Y79         RAMS64E (Prop_rams64e_ADR2_O)
                                                      0.231     3.930 r  u_window3x3/line_mem0_reg_0_127_0_0__0/HIGH/O
                         net (fo=1, routed)           0.000     3.930    u_window3x3/line_mem0_reg_0_127_0_0__0/O1
    SLICE_X34Y79         MUXF7 (Prop_muxf7_I1_O)      0.214     4.144 r  u_window3x3/line_mem0_reg_0_127_0_0__0/F7/O
                         net (fo=1, routed)           0.792     4.937    u_window3x3/line_mem0_reg_0_127_0_0__0_n_0
    SLICE_X35Y78         LUT6 (Prop_lut6_I1_O)        0.297     5.234 r  u_window3x3/mem0_rd_q[1]_i_1/O
                         net (fo=2, routed)           0.303     5.537    u_window3x3/mem0_rd_q0[1]
    SLICE_X35Y80         LUT3 (Prop_lut3_I2_O)        0.124     5.661 r  u_window3x3/line_mem1_reg_i_18/O
                         net (fo=1, routed)           0.471     6.132    u_window3x3/line_mem1_reg_i_18_n_0
    RAMB18_X2Y32         RAMB18E1                                     r  u_window3x3/line_mem1_reg/DIADI[1]
  -------------------------------------------------------------------    -------------------

                         (clock clk rise edge)        7.220     7.220 r  
                                                      0.000     7.220 r  clk (IN)
                         net (fo=530, unset)          0.924     8.144    u_window3x3/clk
    RAMB18_X2Y32         RAMB18E1                                     r  u_window3x3/line_mem1_reg/CLKARDCLK
                         clock pessimism              0.000     8.144    
                         clock uncertainty           -0.035     8.109    
    RAMB18_X2Y32         RAMB18E1 (Setup_ramb18e1_CLKARDCLK_DIADI[1])
                                                     -0.241     7.868    u_window3x3/line_mem1_reg
  -------------------------------------------------------------------
                         required time                          7.868    
                         arrival time                          -6.132    
  -------------------------------------------------------------------
                         slack                                  1.736    

Slack (MET) :             1.742ns  (required time - arrival time)
  Source:                 u_sobel3x3/stg1_gx_pos_reg[3]/C
                            (rising edge-triggered cell FDCE clocked by clk  {rise@0.000ns fall@3.610ns period=7.220ns})
  Destination:            u_sobel3x3/stg2_gx_abs_reg[7]/D
                            (rising edge-triggered cell FDCE clocked by clk  {rise@0.000ns fall@3.610ns period=7.220ns})
  Path Group:             clk
  Path Type:              Setup (Max at Slow Process Corner)
  Requirement:            7.220ns  (clk rise@7.220ns - clk rise@0.000ns)
  Data Path Delay:        5.425ns  (logic 2.955ns (54.471%)  route 2.470ns (45.529%))
  Logic Levels:           7  (CARRY4=4 LUT2=1 LUT3=1 LUT4=1)
  Clock Path Skew:        -0.049ns (DCD - SCD + CPR)
    Destination Clock Delay (DCD):    0.924ns = ( 8.144 - 7.220 ) 
    Source Clock Delay      (SCD):    0.973ns
    Clock Pessimism Removal (CPR):    0.000ns
  Clock Uncertainty:      0.035ns  ((TSJ^2 + TIJ^2)^1/2 + DJ) / 2 + PE
    Total System Jitter     (TSJ):    0.071ns
    Total Input Jitter      (TIJ):    0.000ns
    Discrete Jitter          (DJ):    0.000ns
    Phase Error              (PE):    0.000ns

    Location             Delay type                Incr(ns)  Path(ns)    Netlist Resource(s)
  -------------------------------------------------------------------    -------------------
                         (clock clk rise edge)        0.000     0.000 r  
                                                      0.000     0.000 r  clk (IN)
                         net (fo=530, unset)          0.973     0.973    u_sobel3x3/clk
    SLICE_X42Y88         FDCE                                         r  u_sobel3x3/stg1_gx_pos_reg[3]/C
  -------------------------------------------------------------------    -------------------
    SLICE_X42Y88         FDCE (Prop_fdce_C_Q)         0.518     1.491 r  u_sobel3x3/stg1_gx_pos_reg[3]/Q
                         net (fo=4, routed)           0.969     2.460    u_sobel3x3/stg1_gx_pos[3]
    SLICE_X43Y89         LUT4 (Prop_lut4_I1_O)        0.124     2.584 r  u_sobel3x3/abs_diff_unsigned1_carry_i_7/O
                         net (fo=1, routed)           0.000     2.584    u_sobel3x3/abs_diff_unsigned1_carry_i_7_n_0
    SLICE_X43Y89         CARRY4 (Prop_carry4_S[1]_CO[3])
                                                      0.550     3.134 r  u_sobel3x3/abs_diff_unsigned1_carry/CO[3]
                         net (fo=1, routed)           0.000     3.134    u_sobel3x3/abs_diff_unsigned1_carry_n_0
    SLICE_X43Y90         CARRY4 (Prop_carry4_CI_CO[0])
                                                      0.271     3.405 r  u_sobel3x3/abs_diff_unsigned1_carry__0/CO[0]
                         net (fo=9, routed)           0.926     4.332    u_sobel3x3/abs_diff_unsigned1
    SLICE_X42Y89         LUT3 (Prop_lut3_I2_O)        0.399     4.731 r  u_sobel3x3/i__carry_i_4__0/O
                         net (fo=1, routed)           0.000     4.731    u_sobel3x3/i__carry_i_4__0_n_0
    SLICE_X42Y89         CARRY4 (Prop_carry4_DI[0]_CO[3])
                                                      0.471     5.202 r  u_sobel3x3/_inferred__8/i__carry/CO[3]
                         net (fo=1, routed)           0.000     5.202    u_sobel3x3/_inferred__8/i__carry_n_0
    SLICE_X42Y90         CARRY4 (Prop_carry4_CI_O[3])
                                                      0.315     5.517 r  u_sobel3x3/_inferred__8/i__carry__0/O[3]
                         net (fo=1, routed)           0.574     6.091    u_sobel3x3/abs_diff_unsigned[7]
    SLICE_X40Y90         LUT2 (Prop_lut2_I1_O)        0.307     6.398 r  u_sobel3x3/stg2_gx_abs[7]_i_1/O
                         net (fo=1, routed)           0.000     6.398    u_sobel3x3/stg2_gx_abs[7]_i_1_n_0
    SLICE_X40Y90         FDCE                                         r  u_sobel3x3/stg2_gx_abs_reg[7]/D
  -------------------------------------------------------------------    -------------------

                         (clock clk rise edge)        7.220     7.220 r  
                                                      0.000     7.220 r  clk (IN)
                         net (fo=530, unset)          0.924     8.144    u_sobel3x3/clk
    SLICE_X40Y90         FDCE                                         r  u_sobel3x3/stg2_gx_abs_reg[7]/C
                         clock pessimism              0.000     8.144    
                         clock uncertainty           -0.035     8.109    
    SLICE_X40Y90         FDCE (Setup_fdce_C_D)        0.031     8.140    u_sobel3x3/stg2_gx_abs_reg[7]
  -------------------------------------------------------------------
                         required time                          8.140    
                         arrival time                          -6.398    
  -------------------------------------------------------------------
                         slack                                  1.742    

Slack (MET) :             1.747ns  (required time - arrival time)
  Source:                 u_sobel3x3/stg1_gx_pos_reg[3]/C
                            (rising edge-triggered cell FDCE clocked by clk  {rise@0.000ns fall@3.610ns period=7.220ns})
  Destination:            u_sobel3x3/stg2_gx_abs_reg[2]/D
                            (rising edge-triggered cell FDCE clocked by clk  {rise@0.000ns fall@3.610ns period=7.220ns})
  Path Group:             clk
  Path Type:              Setup (Max at Slow Process Corner)
  Requirement:            7.220ns  (clk rise@7.220ns - clk rise@0.000ns)
  Data Path Delay:        5.464ns  (logic 2.703ns (49.466%)  route 2.761ns (50.534%))
  Logic Levels:           6  (CARRY4=3 LUT2=1 LUT3=1 LUT4=1)
  Clock Path Skew:        -0.049ns (DCD - SCD + CPR)
    Destination Clock Delay (DCD):    0.924ns = ( 8.144 - 7.220 ) 
    Source Clock Delay      (SCD):    0.973ns
    Clock Pessimism Removal (CPR):    0.000ns
  Clock Uncertainty:      0.035ns  ((TSJ^2 + TIJ^2)^1/2 + DJ) / 2 + PE
    Total System Jitter     (TSJ):    0.071ns
    Total Input Jitter      (TIJ):    0.000ns
    Discrete Jitter          (DJ):    0.000ns
    Phase Error              (PE):    0.000ns

    Location             Delay type                Incr(ns)  Path(ns)    Netlist Resource(s)
  -------------------------------------------------------------------    -------------------
                         (clock clk rise edge)        0.000     0.000 r  
                                                      0.000     0.000 r  clk (IN)
                         net (fo=530, unset)          0.973     0.973    u_sobel3x3/clk
    SLICE_X42Y88         FDCE                                         r  u_sobel3x3/stg1_gx_pos_reg[3]/C
  -------------------------------------------------------------------    -------------------
    SLICE_X42Y88         FDCE (Prop_fdce_C_Q)         0.518     1.491 r  u_sobel3x3/stg1_gx_pos_reg[3]/Q
                         net (fo=4, routed)           0.969     2.460    u_sobel3x3/stg1_gx_pos[3]
    SLICE_X43Y89         LUT4 (Prop_lut4_I1_O)        0.124     2.584 r  u_sobel3x3/abs_diff_unsigned1_carry_i_7/O
                         net (fo=1, routed)           0.000     2.584    u_sobel3x3/abs_diff_unsigned1_carry_i_7_n_0
    SLICE_X43Y89         CARRY4 (Prop_carry4_S[1]_CO[3])
                                                      0.550     3.134 r  u_sobel3x3/abs_diff_unsigned1_carry/CO[3]
                         net (fo=1, routed)           0.000     3.134    u_sobel3x3/abs_diff_unsigned1_carry_n_0
    SLICE_X43Y90         CARRY4 (Prop_carry4_CI_CO[0])
                                                      0.271     3.405 r  u_sobel3x3/abs_diff_unsigned1_carry__0/CO[0]
                         net (fo=9, routed)           0.926     4.332    u_sobel3x3/abs_diff_unsigned1
    SLICE_X42Y89         LUT3 (Prop_lut3_I2_O)        0.399     4.731 r  u_sobel3x3/i__carry_i_4__0/O
                         net (fo=1, routed)           0.000     4.731    u_sobel3x3/i__carry_i_4__0_n_0
    SLICE_X42Y89         CARRY4 (Prop_carry4_DI[0]_O[2])
                                                      0.514     5.245 r  u_sobel3x3/_inferred__8/i__carry/O[2]
                         net (fo=1, routed)           0.866     6.110    u_sobel3x3/abs_diff_unsigned[2]
    SLICE_X40Y90         LUT2 (Prop_lut2_I1_O)        0.327     6.437 r  u_sobel3x3/stg2_gx_abs[2]_i_1/O
                         net (fo=1, routed)           0.000     6.437    u_sobel3x3/stg2_gx_abs[2]_i_1_n_0
    SLICE_X40Y90         FDCE                                         r  u_sobel3x3/stg2_gx_abs_reg[2]/D
  -------------------------------------------------------------------    -------------------

                         (clock clk rise edge)        7.220     7.220 r  
                                                      0.000     7.220 r  clk (IN)
                         net (fo=530, unset)          0.924     8.144    u_sobel3x3/clk
    SLICE_X40Y90         FDCE                                         r  u_sobel3x3/stg2_gx_abs_reg[2]/C
                         clock pessimism              0.000     8.144    
                         clock uncertainty           -0.035     8.109    
    SLICE_X40Y90         FDCE (Setup_fdce_C_D)        0.075     8.184    u_sobel3x3/stg2_gx_abs_reg[2]
  -------------------------------------------------------------------
                         required time                          8.184    
                         arrival time                          -6.437    
  -------------------------------------------------------------------
                         slack                                  1.747    

Slack (MET) :             1.776ns  (required time - arrival time)
  Source:                 u_sobel3x3/stg1_gy_pos_reg[3]/C
                            (rising edge-triggered cell FDCE clocked by clk  {rise@0.000ns fall@3.610ns period=7.220ns})
  Destination:            u_sobel3x3/stg2_gy_abs_reg[8]/D
                            (rising edge-triggered cell FDCE clocked by clk  {rise@0.000ns fall@3.610ns period=7.220ns})
  Path Group:             clk
  Path Type:              Setup (Max at Slow Process Corner)
  Requirement:            7.220ns  (clk rise@7.220ns - clk rise@0.000ns)
  Data Path Delay:        5.435ns  (logic 2.947ns (54.227%)  route 2.488ns (45.773%))
  Logic Levels:           8  (CARRY4=5 LUT2=1 LUT3=1 LUT4=1)
  Clock Path Skew:        -0.049ns (DCD - SCD + CPR)
    Destination Clock Delay (DCD):    0.924ns = ( 8.144 - 7.220 ) 
    Source Clock Delay      (SCD):    0.973ns
    Clock Pessimism Removal (CPR):    0.000ns
  Clock Uncertainty:      0.035ns  ((TSJ^2 + TIJ^2)^1/2 + DJ) / 2 + PE
    Total System Jitter     (TSJ):    0.071ns
    Total Input Jitter      (TIJ):    0.000ns
    Discrete Jitter          (DJ):    0.000ns
    Phase Error              (PE):    0.000ns

    Location             Delay type                Incr(ns)  Path(ns)    Netlist Resource(s)
  -------------------------------------------------------------------    -------------------
                         (clock clk rise edge)        0.000     0.000 r  
                                                      0.000     0.000 r  clk (IN)
                         net (fo=530, unset)          0.973     0.973    u_sobel3x3/clk
    SLICE_X43Y86         FDCE                                         r  u_sobel3x3/stg1_gy_pos_reg[3]/C
  -------------------------------------------------------------------    -------------------
    SLICE_X43Y86         FDCE (Prop_fdce_C_Q)         0.456     1.429 r  u_sobel3x3/stg1_gy_pos_reg[3]/Q
                         net (fo=4, routed)           0.990     2.419    u_sobel3x3/stg1_gy_pos[3]
    SLICE_X48Y87         LUT4 (Prop_lut4_I1_O)        0.124     2.543 r  u_sobel3x3/abs_diff_unsigned01_carry_i_7/O
                         net (fo=1, routed)           0.000     2.543    u_sobel3x3/abs_diff_unsigned01_carry_i_7_n_0
    SLICE_X48Y87         CARRY4 (Prop_carry4_S[1]_CO[3])
                                                      0.550     3.093 r  u_sobel3x3/abs_diff_unsigned01_carry/CO[3]
                         net (fo=1, routed)           0.000     3.093    u_sobel3x3/abs_diff_unsigned01_carry_n_0
    SLICE_X48Y88         CARRY4 (Prop_carry4_CI_CO[0])
                                                      0.271     3.364 r  u_sobel3x3/abs_diff_unsigned01_carry__0/CO[0]
                         net (fo=9, routed)           0.859     4.223    u_sobel3x3/abs_diff_unsigned01
    SLICE_X47Y87         LUT3 (Prop_lut3_I2_O)        0.399     4.622 r  u_sobel3x3/i__carry_i_4/O
                         net (fo=1, routed)           0.000     4.622    u_sobel3x3/p_1_in[0]
    SLICE_X47Y87         CARRY4 (Prop_carry4_DI[0]_CO[3])
                                                      0.483     5.105 r  u_sobel3x3/_inferred__3/i__carry/CO[3]
                         net (fo=1, routed)           0.000     5.105    u_sobel3x3/_inferred__3/i__carry_n_0
    SLICE_X47Y88         CARRY4 (Prop_carry4_CI_CO[3])
                                                      0.114     5.219 r  u_sobel3x3/_inferred__3/i__carry__0/CO[3]
                         net (fo=1, routed)           0.000     5.219    u_sobel3x3/_inferred__3/i__carry__0_n_0
    SLICE_X47Y89         CARRY4 (Prop_carry4_CI_O[0])
                                                      0.222     5.441 r  u_sobel3x3/_inferred__3/i__carry__1/O[0]
                         net (fo=1, routed)           0.639     6.080    u_sobel3x3/abs_diff_unsigned0[8]
    SLICE_X44Y89         LUT2 (Prop_lut2_I1_O)        0.328     6.408 r  u_sobel3x3/stg2_gy_abs[8]_i_1/O
                         net (fo=1, routed)           0.000     6.408    u_sobel3x3/stg2_gy_abs[8]_i_1_n_0
    SLICE_X44Y89         FDCE                                         r  u_sobel3x3/stg2_gy_abs_reg[8]/D
  -------------------------------------------------------------------    -------------------

                         (clock clk rise edge)        7.220     7.220 r  
                                                      0.000     7.220 r  clk (IN)
                         net (fo=530, unset)          0.924     8.144    u_sobel3x3/clk
    SLICE_X44Y89         FDCE                                         r  u_sobel3x3/stg2_gy_abs_reg[8]/C
                         clock pessimism              0.000     8.144    
                         clock uncertainty           -0.035     8.109    
    SLICE_X44Y89         FDCE (Setup_fdce_C_D)        0.075     8.184    u_sobel3x3/stg2_gy_abs_reg[8]
  -------------------------------------------------------------------
                         required time                          8.184    
                         arrival time                          -6.408    
  -------------------------------------------------------------------
                         slack                                  1.776    

Slack (MET) :             1.813ns  (required time - arrival time)
  Source:                 u_window3x3/state_q_reg[1]/C
                            (rising edge-triggered cell FDCE clocked by clk  {rise@0.000ns fall@3.610ns period=7.220ns})
  Destination:            u_window3x3/line_mem1_reg/DIADI[0]
                            (rising edge-triggered cell RAMB18E1 clocked by clk  {rise@0.000ns fall@3.610ns period=7.220ns})
  Path Group:             clk
  Path Type:              Setup (Max at Slow Process Corner)
  Requirement:            7.220ns  (clk rise@7.220ns - clk rise@0.000ns)
  Data Path Delay:        5.082ns  (logic 1.548ns (30.459%)  route 3.534ns (69.541%))
  Logic Levels:           6  (LUT3=1 LUT4=1 LUT6=1 MUXF7=1 MUXF8=1 RAMS64E=1)
  Clock Path Skew:        -0.049ns (DCD - SCD + CPR)
    Destination Clock Delay (DCD):    0.924ns = ( 8.144 - 7.220 ) 
    Source Clock Delay      (SCD):    0.973ns
    Clock Pessimism Removal (CPR):    0.000ns
  Clock Uncertainty:      0.035ns  ((TSJ^2 + TIJ^2)^1/2 + DJ) / 2 + PE
    Total System Jitter     (TSJ):    0.071ns
    Total Input Jitter      (TIJ):    0.000ns
    Discrete Jitter          (DJ):    0.000ns
    Phase Error              (PE):    0.000ns

    Location             Delay type                Incr(ns)  Path(ns)    Netlist Resource(s)
  -------------------------------------------------------------------    -------------------
                         (clock clk rise edge)        0.000     0.000 r  
                                                      0.000     0.000 r  clk (IN)
                         net (fo=530, unset)          0.973     0.973    u_window3x3/clk
    SLICE_X38Y75         FDCE                                         r  u_window3x3/state_q_reg[1]/C
  -------------------------------------------------------------------    -------------------
    SLICE_X38Y75         FDCE (Prop_fdce_C_Q)         0.518     1.491 r  u_window3x3/state_q_reg[1]/Q
                         net (fo=104, routed)         0.755     2.246    u_window3x3/state_q_reg[1]_0
    SLICE_X37Y75         LUT4 (Prop_lut4_I1_O)        0.124     2.370 r  u_window3x3/line_mem1_reg_i_10/O
                         net (fo=82, routed)          1.380     3.750    u_window3x3/line_mem0_reg_256_511_0_0/A1
    SLICE_X36Y79         RAMS64E (Prop_rams64e_ADR1_O)
                                                      0.124     3.874 r  u_window3x3/line_mem0_reg_256_511_0_0/RAMS64E_D/O
                         net (fo=1, routed)           0.000     3.874    u_window3x3/line_mem0_reg_256_511_0_0/OD
    SLICE_X36Y79         MUXF7 (Prop_muxf7_I0_O)      0.241     4.115 r  u_window3x3/line_mem0_reg_256_511_0_0/F7.B/O
                         net (fo=1, routed)           0.000     4.115    u_window3x3/line_mem0_reg_256_511_0_0/O0
    SLICE_X36Y79         MUXF8 (Prop_muxf8_I0_O)      0.098     4.213 r  u_window3x3/line_mem0_reg_256_511_0_0/F8/O
                         net (fo=1, routed)           0.751     4.965    u_window3x3/line_mem0_reg_256_511_0_0_n_0
    SLICE_X35Y79         LUT6 (Prop_lut6_I3_O)        0.319     5.284 r  u_window3x3/mem0_rd_q[0]_i_1/O
                         net (fo=2, routed)           0.308     5.592    u_window3x3/mem0_rd_q0[0]
    SLICE_X35Y80         LUT3 (Prop_lut3_I2_O)        0.124     5.716 r  u_window3x3/line_mem1_reg_i_19/O
                         net (fo=1, routed)           0.340     6.055    u_window3x3/line_mem1_reg_i_19_n_0
    RAMB18_X2Y32         RAMB18E1                                     r  u_window3x3/line_mem1_reg/DIADI[0]
  -------------------------------------------------------------------    -------------------

                         (clock clk rise edge)        7.220     7.220 r  
                                                      0.000     7.220 r  clk (IN)
                         net (fo=530, unset)          0.924     8.144    u_window3x3/clk
    RAMB18_X2Y32         RAMB18E1                                     r  u_window3x3/line_mem1_reg/CLKARDCLK
                         clock pessimism              0.000     8.144    
                         clock uncertainty           -0.035     8.109    
    RAMB18_X2Y32         RAMB18E1 (Setup_ramb18e1_CLKARDCLK_DIADI[0])
                                                     -0.241     7.868    u_window3x3/line_mem1_reg
  -------------------------------------------------------------------
                         required time                          7.868    
                         arrival time                          -6.055    
  -------------------------------------------------------------------
                         slack                                  1.813    

Slack (MET) :             1.816ns  (required time - arrival time)
  Source:                 u_window3x3/state_q_reg[1]/C
                            (rising edge-triggered cell FDCE clocked by clk  {rise@0.000ns fall@3.610ns period=7.220ns})
  Destination:            u_window3x3/line_mem1_reg/DIADI[3]
                            (rising edge-triggered cell RAMB18E1 clocked by clk  {rise@0.000ns fall@3.610ns period=7.220ns})
  Path Group:             clk
  Path Type:              Setup (Max at Slow Process Corner)
  Requirement:            7.220ns  (clk rise@7.220ns - clk rise@0.000ns)
  Data Path Delay:        5.079ns  (logic 1.633ns (32.149%)  route 3.446ns (67.851%))
  Logic Levels:           5  (LUT3=1 LUT4=1 LUT6=1 MUXF7=1 RAMS64E=1)
  Clock Path Skew:        -0.049ns (DCD - SCD + CPR)
    Destination Clock Delay (DCD):    0.924ns = ( 8.144 - 7.220 ) 
    Source Clock Delay      (SCD):    0.973ns
    Clock Pessimism Removal (CPR):    0.000ns
  Clock Uncertainty:      0.035ns  ((TSJ^2 + TIJ^2)^1/2 + DJ) / 2 + PE
    Total System Jitter     (TSJ):    0.071ns
    Total Input Jitter      (TIJ):    0.000ns
    Discrete Jitter          (DJ):    0.000ns
    Phase Error              (PE):    0.000ns

    Location             Delay type                Incr(ns)  Path(ns)    Netlist Resource(s)
  -------------------------------------------------------------------    -------------------
                         (clock clk rise edge)        0.000     0.000 r  
                                                      0.000     0.000 r  clk (IN)
                         net (fo=530, unset)          0.973     0.973    u_window3x3/clk
    SLICE_X38Y75         FDCE                                         r  u_window3x3/state_q_reg[1]/C
  -------------------------------------------------------------------    -------------------
    SLICE_X38Y75         FDCE (Prop_fdce_C_Q)         0.518     1.491 r  u_window3x3/state_q_reg[1]/Q
                         net (fo=104, routed)         0.919     2.410    u_window3x3/state_q_reg[1]_0
    SLICE_X37Y74         LUT4 (Prop_lut4_I1_O)        0.124     2.534 r  u_window3x3/line_mem1_reg_i_9/O
                         net (fo=82, routed)          1.164     3.698    u_window3x3/line_mem0_reg_0_127_0_0__2/A2
    SLICE_X32Y80         RAMS64E (Prop_rams64e_ADR2_O)
                                                      0.356     4.054 r  u_window3x3/line_mem0_reg_0_127_0_0__2/HIGH/O
                         net (fo=1, routed)           0.000     4.054    u_window3x3/line_mem0_reg_0_127_0_0__2/O1
    SLICE_X32Y80         MUXF7 (Prop_muxf7_I1_O)      0.214     4.268 r  u_window3x3/line_mem0_reg_0_127_0_0__2/F7/O
                         net (fo=1, routed)           0.583     4.851    u_window3x3/line_mem0_reg_0_127_0_0__2_n_0
    SLICE_X35Y80         LUT6 (Prop_lut6_I1_O)        0.297     5.148 r  u_window3x3/mem0_rd_q[3]_i_1/O
                         net (fo=2, routed)           0.276     5.423    u_window3x3/mem0_rd_q0[3]
    SLICE_X35Y80         LUT3 (Prop_lut3_I2_O)        0.124     5.547 r  u_window3x3/line_mem1_reg_i_16/O
                         net (fo=1, routed)           0.505     6.052    u_window3x3/line_mem1_reg_i_16_n_0
    RAMB18_X2Y32         RAMB18E1                                     r  u_window3x3/line_mem1_reg/DIADI[3]
  -------------------------------------------------------------------    -------------------

                         (clock clk rise edge)        7.220     7.220 r  
                                                      0.000     7.220 r  clk (IN)
                         net (fo=530, unset)          0.924     8.144    u_window3x3/clk
    RAMB18_X2Y32         RAMB18E1                                     r  u_window3x3/line_mem1_reg/CLKARDCLK
                         clock pessimism              0.000     8.144    
                         clock uncertainty           -0.035     8.109    
    RAMB18_X2Y32         RAMB18E1 (Setup_ramb18e1_CLKARDCLK_DIADI[3])
                                                     -0.241     7.868    u_window3x3/line_mem1_reg
  -------------------------------------------------------------------
                         required time                          7.868    
                         arrival time                          -6.052    
  -------------------------------------------------------------------
                         slack                                  1.816    

Slack (MET) :             1.832ns  (required time - arrival time)
  Source:                 u_window3x3/line_mem1_reg/CLKARDCLK
                            (rising edge-triggered cell RAMB18E1 clocked by clk  {rise@0.000ns fall@3.610ns period=7.220ns})
  Destination:            u_window3x3/row0_c1_q_reg[0]/D
                            (rising edge-triggered cell FDCE clocked by clk  {rise@0.000ns fall@3.610ns period=7.220ns})
  Path Group:             clk
  Path Type:              Setup (Max at Slow Process Corner)
  Requirement:            7.220ns  (clk rise@7.220ns - clk rise@0.000ns)
  Data Path Delay:        5.038ns  (logic 2.606ns (51.729%)  route 2.432ns (48.271%))
  Logic Levels:           1  (LUT5=1)
  Clock Path Skew:        -0.049ns (DCD - SCD + CPR)
    Destination Clock Delay (DCD):    0.924ns = ( 8.144 - 7.220 ) 
    Source Clock Delay      (SCD):    0.973ns
    Clock Pessimism Removal (CPR):    0.000ns
  Clock Uncertainty:      0.035ns  ((TSJ^2 + TIJ^2)^1/2 + DJ) / 2 + PE
    Total System Jitter     (TSJ):    0.071ns
    Total Input Jitter      (TIJ):    0.000ns
    Discrete Jitter          (DJ):    0.000ns
    Phase Error              (PE):    0.000ns

    Location             Delay type                Incr(ns)  Path(ns)    Netlist Resource(s)
  -------------------------------------------------------------------    -------------------
                         (clock clk rise edge)        0.000     0.000 r  
                                                      0.000     0.000 r  clk (IN)
                         net (fo=530, unset)          0.973     0.973    u_window3x3/clk
    RAMB18_X2Y32         RAMB18E1                                     r  u_window3x3/line_mem1_reg/CLKARDCLK
  -------------------------------------------------------------------    -------------------
    RAMB18_X2Y32         RAMB18E1 (Prop_ramb18e1_CLKARDCLK_DOADO[0])
                                                      2.454     3.427 r  u_window3x3/line_mem1_reg/DOADO[0]
                         net (fo=4, routed)           1.553     4.980    u_window3x3/mem1_rd_q[0]
    SLICE_X39Y81         LUT5 (Prop_lut5_I1_O)        0.152     5.132 r  u_window3x3/row0_c1_q[0]_i_1/O
                         net (fo=1, routed)           0.879     6.011    u_window3x3/row0_c1_q[0]_i_1_n_0
    SLICE_X46Y81         FDCE                                         r  u_window3x3/row0_c1_q_reg[0]/D
  -------------------------------------------------------------------    -------------------

                         (clock clk rise edge)        7.220     7.220 r  
                                                      0.000     7.220 r  clk (IN)
                         net (fo=530, unset)          0.924     8.144    u_window3x3/clk
    SLICE_X46Y81         FDCE                                         r  u_window3x3/row0_c1_q_reg[0]/C
                         clock pessimism              0.000     8.144    
                         clock uncertainty           -0.035     8.109    
    SLICE_X46Y81         FDCE (Setup_fdce_C_D)       -0.266     7.843    u_window3x3/row0_c1_q_reg[0]
  -------------------------------------------------------------------
                         required time                          7.843    
                         arrival time                          -6.011    
  -------------------------------------------------------------------
                         slack                                  1.832    

Slack (MET) :             1.851ns  (required time - arrival time)
  Source:                 u_sobel3x3/stg1_gy_pos_reg[3]/C
                            (rising edge-triggered cell FDCE clocked by clk  {rise@0.000ns fall@3.610ns period=7.220ns})
  Destination:            u_sobel3x3/stg2_gy_abs_reg[7]/D
                            (rising edge-triggered cell FDCE clocked by clk  {rise@0.000ns fall@3.610ns period=7.220ns})
  Path Group:             clk
  Path Type:              Setup (Max at Slow Process Corner)
  Requirement:            7.220ns  (clk rise@7.220ns - clk rise@0.000ns)
  Data Path Delay:        5.317ns  (logic 2.902ns (54.585%)  route 2.415ns (45.415%))
  Logic Levels:           7  (CARRY4=4 LUT2=1 LUT3=1 LUT4=1)
  Clock Path Skew:        -0.049ns (DCD - SCD + CPR)
    Destination Clock Delay (DCD):    0.924ns = ( 8.144 - 7.220 ) 
    Source Clock Delay      (SCD):    0.973ns
    Clock Pessimism Removal (CPR):    0.000ns
  Clock Uncertainty:      0.035ns  ((TSJ^2 + TIJ^2)^1/2 + DJ) / 2 + PE
    Total System Jitter     (TSJ):    0.071ns
    Total Input Jitter      (TIJ):    0.000ns
    Discrete Jitter          (DJ):    0.000ns
    Phase Error              (PE):    0.000ns

    Location             Delay type                Incr(ns)  Path(ns)    Netlist Resource(s)
  -------------------------------------------------------------------    -------------------
                         (clock clk rise edge)        0.000     0.000 r  
                                                      0.000     0.000 r  clk (IN)
                         net (fo=530, unset)          0.973     0.973    u_sobel3x3/clk
    SLICE_X43Y86         FDCE                                         r  u_sobel3x3/stg1_gy_pos_reg[3]/C
  -------------------------------------------------------------------    -------------------
    SLICE_X43Y86         FDCE (Prop_fdce_C_Q)         0.456     1.429 r  u_sobel3x3/stg1_gy_pos_reg[3]/Q
                         net (fo=4, routed)           0.990     2.419    u_sobel3x3/stg1_gy_pos[3]
    SLICE_X48Y87         LUT4 (Prop_lut4_I1_O)        0.124     2.543 r  u_sobel3x3/abs_diff_unsigned01_carry_i_7/O
                         net (fo=1, routed)           0.000     2.543    u_sobel3x3/abs_diff_unsigned01_carry_i_7_n_0
    SLICE_X48Y87         CARRY4 (Prop_carry4_S[1]_CO[3])
                                                      0.550     3.093 r  u_sobel3x3/abs_diff_unsigned01_carry/CO[3]
                         net (fo=1, routed)           0.000     3.093    u_sobel3x3/abs_diff_unsigned01_carry_n_0
    SLICE_X48Y88         CARRY4 (Prop_carry4_CI_CO[0])
                                                      0.271     3.364 r  u_sobel3x3/abs_diff_unsigned01_carry__0/CO[0]
                         net (fo=9, routed)           0.859     4.223    u_sobel3x3/abs_diff_unsigned01
    SLICE_X47Y87         LUT3 (Prop_lut3_I2_O)        0.399     4.622 r  u_sobel3x3/i__carry_i_4/O
                         net (fo=1, routed)           0.000     4.622    u_sobel3x3/p_1_in[0]
    SLICE_X47Y87         CARRY4 (Prop_carry4_DI[0]_CO[3])
                                                      0.483     5.105 r  u_sobel3x3/_inferred__3/i__carry/CO[3]
                         net (fo=1, routed)           0.000     5.105    u_sobel3x3/_inferred__3/i__carry_n_0
    SLICE_X47Y88         CARRY4 (Prop_carry4_CI_O[3])
                                                      0.313     5.418 r  u_sobel3x3/_inferred__3/i__carry__0/O[3]
                         net (fo=1, routed)           0.566     5.984    u_sobel3x3/abs_diff_unsigned0[7]
    SLICE_X44Y89         LUT2 (Prop_lut2_I1_O)        0.306     6.290 r  u_sobel3x3/stg2_gy_abs[7]_i_1/O
                         net (fo=1, routed)           0.000     6.290    u_sobel3x3/stg2_gy_abs[7]_i_1_n_0
    SLICE_X44Y89         FDCE                                         r  u_sobel3x3/stg2_gy_abs_reg[7]/D
  -------------------------------------------------------------------    -------------------

                         (clock clk rise edge)        7.220     7.220 r  
                                                      0.000     7.220 r  clk (IN)
                         net (fo=530, unset)          0.924     8.144    u_sobel3x3/clk
    SLICE_X44Y89         FDCE                                         r  u_sobel3x3/stg2_gy_abs_reg[7]/C
                         clock pessimism              0.000     8.144    
                         clock uncertainty           -0.035     8.109    
    SLICE_X44Y89         FDCE (Setup_fdce_C_D)        0.032     8.141    u_sobel3x3/stg2_gy_abs_reg[7]
  -------------------------------------------------------------------
                         required time                          8.141    
                         arrival time                          -6.290    
  -------------------------------------------------------------------
                         slack                                  1.851    

Slack (MET) :             1.855ns  (required time - arrival time)
  Source:                 u_sobel3x3/stg1_gy_pos_reg[3]/C
                            (rising edge-triggered cell FDCE clocked by clk  {rise@0.000ns fall@3.610ns period=7.220ns})
  Destination:            u_sobel3x3/stg2_gy_abs_reg[2]/D
                            (rising edge-triggered cell FDCE clocked by clk  {rise@0.000ns fall@3.610ns period=7.220ns})
  Path Group:             clk
  Path Type:              Setup (Max at Slow Process Corner)
  Requirement:            7.220ns  (clk rise@7.220ns - clk rise@0.000ns)
  Data Path Delay:        5.356ns  (logic 2.641ns (49.311%)  route 2.715ns (50.689%))
  Logic Levels:           6  (CARRY4=3 LUT2=1 LUT3=1 LUT4=1)
  Clock Path Skew:        -0.049ns (DCD - SCD + CPR)
    Destination Clock Delay (DCD):    0.924ns = ( 8.144 - 7.220 ) 
    Source Clock Delay      (SCD):    0.973ns
    Clock Pessimism Removal (CPR):    0.000ns
  Clock Uncertainty:      0.035ns  ((TSJ^2 + TIJ^2)^1/2 + DJ) / 2 + PE
    Total System Jitter     (TSJ):    0.071ns
    Total Input Jitter      (TIJ):    0.000ns
    Discrete Jitter          (DJ):    0.000ns
    Phase Error              (PE):    0.000ns

    Location             Delay type                Incr(ns)  Path(ns)    Netlist Resource(s)
  -------------------------------------------------------------------    -------------------
                         (clock clk rise edge)        0.000     0.000 r  
                                                      0.000     0.000 r  clk (IN)
                         net (fo=530, unset)          0.973     0.973    u_sobel3x3/clk
    SLICE_X43Y86         FDCE                                         r  u_sobel3x3/stg1_gy_pos_reg[3]/C
  -------------------------------------------------------------------    -------------------
    SLICE_X43Y86         FDCE (Prop_fdce_C_Q)         0.456     1.429 r  u_sobel3x3/stg1_gy_pos_reg[3]/Q
                         net (fo=4, routed)           0.990     2.419    u_sobel3x3/stg1_gy_pos[3]
    SLICE_X48Y87         LUT4 (Prop_lut4_I1_O)        0.124     2.543 r  u_sobel3x3/abs_diff_unsigned01_carry_i_7/O
                         net (fo=1, routed)           0.000     2.543    u_sobel3x3/abs_diff_unsigned01_carry_i_7_n_0
    SLICE_X48Y87         CARRY4 (Prop_carry4_S[1]_CO[3])
                                                      0.550     3.093 r  u_sobel3x3/abs_diff_unsigned01_carry/CO[3]
                         net (fo=1, routed)           0.000     3.093    u_sobel3x3/abs_diff_unsigned01_carry_n_0
    SLICE_X48Y88         CARRY4 (Prop_carry4_CI_CO[0])
                                                      0.271     3.364 r  u_sobel3x3/abs_diff_unsigned01_carry__0/CO[0]
                         net (fo=9, routed)           0.859     4.223    u_sobel3x3/abs_diff_unsigned01
    SLICE_X47Y87         LUT3 (Prop_lut3_I2_O)        0.399     4.622 r  u_sobel3x3/i__carry_i_4/O
                         net (fo=1, routed)           0.000     4.622    u_sobel3x3/p_1_in[0]
    SLICE_X47Y87         CARRY4 (Prop_carry4_DI[0]_O[2])
                                                      0.513     5.135 r  u_sobel3x3/_inferred__3/i__carry/O[2]
                         net (fo=1, routed)           0.866     6.001    u_sobel3x3/abs_diff_unsigned0[2]
    SLICE_X41Y89         LUT2 (Prop_lut2_I1_O)        0.328     6.329 r  u_sobel3x3/stg2_gy_abs[2]_i_1/O
                         net (fo=1, routed)           0.000     6.329    u_sobel3x3/stg2_gy_abs[2]_i_1_n_0
    SLICE_X41Y89         FDCE                                         r  u_sobel3x3/stg2_gy_abs_reg[2]/D
  -------------------------------------------------------------------    -------------------

                         (clock clk rise edge)        7.220     7.220 r  
                                                      0.000     7.220 r  clk (IN)
                         net (fo=530, unset)          0.924     8.144    u_sobel3x3/clk
    SLICE_X41Y89         FDCE                                         r  u_sobel3x3/stg2_gy_abs_reg[2]/C
                         clock pessimism              0.000     8.144    
                         clock uncertainty           -0.035     8.109    
    SLICE_X41Y89         FDCE (Setup_fdce_C_D)        0.075     8.184    u_sobel3x3/stg2_gy_abs_reg[2]
  -------------------------------------------------------------------
                         required time                          8.184    
                         arrival time                          -6.329    
  -------------------------------------------------------------------
                         slack                                  1.855    

Slack (MET) :             1.893ns  (required time - arrival time)
  Source:                 u_sobel3x3/stg2_valid_reg/C
                            (rising edge-triggered cell FDCE clocked by clk  {rise@0.000ns fall@3.610ns period=7.220ns})
  Destination:            u_window3x3/emit_row_idx_q_reg[0]/CE
                            (rising edge-triggered cell FDCE clocked by clk  {rise@0.000ns fall@3.610ns period=7.220ns})
  Path Group:             clk
  Path Type:              Setup (Max at Slow Process Corner)
  Requirement:            7.220ns  (clk rise@7.220ns - clk rise@0.000ns)
  Data Path Delay:        5.038ns  (logic 0.828ns (16.436%)  route 4.210ns (83.564%))
  Logic Levels:           3  (LUT2=1 LUT6=2)
  Clock Path Skew:        -0.049ns (DCD - SCD + CPR)
    Destination Clock Delay (DCD):    0.924ns = ( 8.144 - 7.220 ) 
    Source Clock Delay      (SCD):    0.973ns
    Clock Pessimism Removal (CPR):    0.000ns
  Clock Uncertainty:      0.035ns  ((TSJ^2 + TIJ^2)^1/2 + DJ) / 2 + PE
    Total System Jitter     (TSJ):    0.071ns
    Total Input Jitter      (TIJ):    0.000ns
    Discrete Jitter          (DJ):    0.000ns
    Phase Error              (PE):    0.000ns

    Location             Delay type                Incr(ns)  Path(ns)    Netlist Resource(s)
  -------------------------------------------------------------------    -------------------
                         (clock clk rise edge)        0.000     0.000 r  
                                                      0.000     0.000 r  clk (IN)
                         net (fo=530, unset)          0.973     0.973    u_sobel3x3/clk
    SLICE_X41Y92         FDCE                                         r  u_sobel3x3/stg2_valid_reg/C
  -------------------------------------------------------------------    -------------------
    SLICE_X41Y92         FDCE (Prop_fdce_C_Q)         0.456     1.429 f  u_sobel3x3/stg2_valid_reg/Q
                         net (fo=16, routed)          1.310     2.739    u_sobel3x3/stg2_valid
    SLICE_X41Y88         LUT6 (Prop_lut6_I1_O)        0.124     2.863 r  u_sobel3x3/s_ready_INST_0_i_1/O
                         net (fo=76, routed)          0.883     3.746    u_sobel3x3/p_2_in
    SLICE_X47Y83         LUT2 (Prop_lut2_I0_O)        0.124     3.870 r  u_sobel3x3/row2_c1_q[7]_i_1/O
                         net (fo=50, routed)          1.323     5.193    u_window3x3/row0_c2_q_reg[0]_0[0]
    SLICE_X46Y78         LUT6 (Prop_lut6_I0_O)        0.124     5.317 r  u_window3x3/emit_row_idx_q[15]_i_1/O
                         net (fo=16, routed)          0.693     6.011    u_window3x3/emit_row_idx_q
    SLICE_X48Y74         FDCE                                         r  u_window3x3/emit_row_idx_q_reg[0]/CE
  -------------------------------------------------------------------    -------------------

                         (clock clk rise edge)        7.220     7.220 r  
                                                      0.000     7.220 r  clk (IN)
                         net (fo=530, unset)          0.924     8.144    u_window3x3/clk
    SLICE_X48Y74         FDCE                                         r  u_window3x3/emit_row_idx_q_reg[0]/C
                         clock pessimism              0.000     8.144    
                         clock uncertainty           -0.035     8.109    
    SLICE_X48Y74         FDCE (Setup_fdce_C_CE)      -0.205     7.904    u_window3x3/emit_row_idx_q_reg[0]
  -------------------------------------------------------------------
                         required time                          7.904    
                         arrival time                          -6.011    
  -------------------------------------------------------------------
                         slack                                  1.893    




