Copyright 1986-2018 Xilinx, Inc. All Rights Reserved.
----------------------------------------------------------------------------------------------------------------------------------------------------------
| Tool Version : Vivado v.2018.3 (win64) Build 2405991 Thu Dec  6 23:38:27 MST 2018
| Date         : Tue Apr 21 17:48:19 2026
| Host         : LAPTOP-PN7UO2EC running 64-bit major release  (build 9200)
| Command      : report_timing -delay_type min -max_paths 20 -file D:/Work/Git/jichuang-linksea-h6_person2/timing_runs/gray_window_median/timing_hold.rpt
| Design       : gray_window_median_chain_top
| Device       : 7z020-clg400
| Speed File   : -1  PRODUCTION 1.11 2014-09-11
----------------------------------------------------------------------------------------------------------------------------------------------------------

Timing Report

Slack (MET) :             0.128ns  (arrival time - required time)
  Source:                 u_window3x3/pipe_data_q_reg[31]/C
                            (rising edge-triggered cell FDCE clocked by clk  {rise@0.000ns fall@3.610ns period=7.220ns})
  Destination:            u_window3x3/m_data_reg[31]/D
                            (rising edge-triggered cell FDCE clocked by clk  {rise@0.000ns fall@3.610ns period=7.220ns})
  Path Group:             clk
  Path Type:              Hold (Min at Fast Process Corner)
  Requirement:            0.000ns  (clk rise@0.000ns - clk rise@0.000ns)
  Data Path Delay:        0.280ns  (logic 0.189ns (67.475%)  route 0.091ns (32.525%))
  Logic Levels:           1  (LUT2=1)
  Clock Path Skew:        0.022ns (DCD - SCD - CPR)
    Destination Clock Delay (DCD):    0.432ns
    Source Clock Delay      (SCD):    0.410ns
    Clock Pessimism Removal (CPR):    -0.000ns

    Location             Delay type                Incr(ns)  Path(ns)    Netlist Resource(s)
  -------------------------------------------------------------------    -------------------
                         (clock clk rise edge)        0.000     0.000 r  
                                                      0.000     0.000 r  clk (IN)
                         net (fo=680, unset)          0.410     0.410    u_window3x3/clk
    SLICE_X43Y87         FDCE                                         r  u_window3x3/pipe_data_q_reg[31]/C
  -------------------------------------------------------------------    -------------------
    SLICE_X43Y87         FDCE (Prop_fdce_C_Q)         0.141     0.551 r  u_window3x3/pipe_data_q_reg[31]/Q
                         net (fo=1, routed)           0.091     0.642    u_window3x3/pipe_data_q[31]
    SLICE_X42Y87         LUT2 (Prop_lut2_I1_O)        0.048     0.690 r  u_window3x3/m_data[31]_i_1/O
                         net (fo=1, routed)           0.000     0.690    u_window3x3/m_data[31]_i_1_n_0
    SLICE_X42Y87         FDCE                                         r  u_window3x3/m_data_reg[31]/D
  -------------------------------------------------------------------    -------------------

                         (clock clk rise edge)        0.000     0.000 r  
                                                      0.000     0.000 r  clk (IN)
                         net (fo=680, unset)          0.432     0.432    u_window3x3/clk
    SLICE_X42Y87         FDCE                                         r  u_window3x3/m_data_reg[31]/C
                         clock pessimism              0.000     0.432    
    SLICE_X42Y87         FDCE (Hold_fdce_C_D)         0.131     0.563    u_window3x3/m_data_reg[31]
  -------------------------------------------------------------------
                         required time                         -0.563    
                         arrival time                           0.690    
  -------------------------------------------------------------------
                         slack                                  0.128    

Slack (MET) :             0.163ns  (arrival time - required time)
  Source:                 u_window3x3/row1_c2_q_reg[4]/C
                            (rising edge-triggered cell FDCE clocked by clk  {rise@0.000ns fall@3.610ns period=7.220ns})
  Destination:            u_window3x3/pipe_data_q_reg[44]/D
                            (rising edge-triggered cell FDCE clocked by clk  {rise@0.000ns fall@3.610ns period=7.220ns})
  Path Group:             clk
  Path Type:              Hold (Min at Fast Process Corner)
  Requirement:            0.000ns  (clk rise@0.000ns - clk rise@0.000ns)
  Data Path Delay:        0.305ns  (logic 0.186ns (60.942%)  route 0.119ns (39.058%))
  Logic Levels:           1  (LUT5=1)
  Clock Path Skew:        0.022ns (DCD - SCD - CPR)
    Destination Clock Delay (DCD):    0.432ns
    Source Clock Delay      (SCD):    0.410ns
    Clock Pessimism Removal (CPR):    -0.000ns

    Location             Delay type                Incr(ns)  Path(ns)    Netlist Resource(s)
  -------------------------------------------------------------------    -------------------
                         (clock clk rise edge)        0.000     0.000 r  
                                                      0.000     0.000 r  clk (IN)
                         net (fo=680, unset)          0.410     0.410    u_window3x3/clk
    SLICE_X39Y86         FDCE                                         r  u_window3x3/row1_c2_q_reg[4]/C
  -------------------------------------------------------------------    -------------------
    SLICE_X39Y86         FDCE (Prop_fdce_C_Q)         0.141     0.551 r  u_window3x3/row1_c2_q_reg[4]/Q
                         net (fo=2, routed)           0.119     0.670    u_window3x3/assemble_window0_return[44]
    SLICE_X38Y87         LUT5 (Prop_lut5_I1_O)        0.045     0.715 r  u_window3x3/pipe_data_q[44]_i_1/O
                         net (fo=1, routed)           0.000     0.715    u_window3x3/pipe_data_q[44]_i_1_n_0
    SLICE_X38Y87         FDCE                                         r  u_window3x3/pipe_data_q_reg[44]/D
  -------------------------------------------------------------------    -------------------

                         (clock clk rise edge)        0.000     0.000 r  
                                                      0.000     0.000 r  clk (IN)
                         net (fo=680, unset)          0.432     0.432    u_window3x3/clk
    SLICE_X38Y87         FDCE                                         r  u_window3x3/pipe_data_q_reg[44]/C
                         clock pessimism              0.000     0.432    
    SLICE_X38Y87         FDCE (Hold_fdce_C_D)         0.121     0.553    u_window3x3/pipe_data_q_reg[44]
  -------------------------------------------------------------------
                         required time                         -0.553    
                         arrival time                           0.715    
  -------------------------------------------------------------------
                         slack                                  0.163    

Slack (MET) :             0.171ns  (arrival time - required time)
  Source:                 u_window3x3/bottom_col_idx_q_reg[11]/C
                            (rising edge-triggered cell FDCE clocked by clk  {rise@0.000ns fall@3.610ns period=7.220ns})
  Destination:            u_window3x3/req_col_idx_q_reg[11]/D
                            (rising edge-triggered cell FDCE clocked by clk  {rise@0.000ns fall@3.610ns period=7.220ns})
  Path Group:             clk
  Path Type:              Hold (Min at Fast Process Corner)
  Requirement:            0.000ns  (clk rise@0.000ns - clk rise@0.000ns)
  Data Path Delay:        0.284ns  (logic 0.186ns (65.521%)  route 0.098ns (34.479%))
  Logic Levels:           1  (LUT4=1)
  Clock Path Skew:        0.022ns (DCD - SCD - CPR)
    Destination Clock Delay (DCD):    0.432ns
    Source Clock Delay      (SCD):    0.410ns
    Clock Pessimism Removal (CPR):    -0.000ns

    Location             Delay type                Incr(ns)  Path(ns)    Netlist Resource(s)
  -------------------------------------------------------------------    -------------------
                         (clock clk rise edge)        0.000     0.000 r  
                                                      0.000     0.000 r  clk (IN)
                         net (fo=680, unset)          0.410     0.410    u_window3x3/clk
    SLICE_X28Y81         FDCE                                         r  u_window3x3/bottom_col_idx_q_reg[11]/C
  -------------------------------------------------------------------    -------------------
    SLICE_X28Y81         FDCE (Prop_fdce_C_Q)         0.141     0.551 r  u_window3x3/bottom_col_idx_q_reg[11]/Q
                         net (fo=3, routed)           0.098     0.649    u_window3x3/sel0[11]
    SLICE_X29Y81         LUT4 (Prop_lut4_I2_O)        0.045     0.694 r  u_window3x3/req_col_idx_q[11]_i_1/O
                         net (fo=1, routed)           0.000     0.694    u_window3x3/req_col_idx_q[11]_i_1_n_0
    SLICE_X29Y81         FDCE                                         r  u_window3x3/req_col_idx_q_reg[11]/D
  -------------------------------------------------------------------    -------------------

                         (clock clk rise edge)        0.000     0.000 r  
                                                      0.000     0.000 r  clk (IN)
                         net (fo=680, unset)          0.432     0.432    u_window3x3/clk
    SLICE_X29Y81         FDCE                                         r  u_window3x3/req_col_idx_q_reg[11]/C
                         clock pessimism              0.000     0.432    
    SLICE_X29Y81         FDCE (Hold_fdce_C_D)         0.091     0.523    u_window3x3/req_col_idx_q_reg[11]
  -------------------------------------------------------------------
                         required time                         -0.523    
                         arrival time                           0.694    
  -------------------------------------------------------------------
                         slack                                  0.171    

Slack (MET) :             0.179ns  (arrival time - required time)
  Source:                 u_window3x3/last_row1_pix_q_reg[1]/C
                            (rising edge-triggered cell FDCE clocked by clk  {rise@0.000ns fall@3.610ns period=7.220ns})
  Destination:            u_window3x3/pipe_data_q_reg[25]/D
                            (rising edge-triggered cell FDCE clocked by clk  {rise@0.000ns fall@3.610ns period=7.220ns})
  Path Group:             clk
  Path Type:              Hold (Min at Fast Process Corner)
  Requirement:            0.000ns  (clk rise@0.000ns - clk rise@0.000ns)
  Data Path Delay:        0.291ns  (logic 0.209ns (71.796%)  route 0.082ns (28.204%))
  Logic Levels:           1  (LUT6=1)
  Clock Path Skew:        0.022ns (DCD - SCD - CPR)
    Destination Clock Delay (DCD):    0.432ns
    Source Clock Delay      (SCD):    0.410ns
    Clock Pessimism Removal (CPR):    -0.000ns

    Location             Delay type                Incr(ns)  Path(ns)    Netlist Resource(s)
  -------------------------------------------------------------------    -------------------
                         (clock clk rise edge)        0.000     0.000 r  
                                                      0.000     0.000 r  clk (IN)
                         net (fo=680, unset)          0.410     0.410    u_window3x3/clk
    SLICE_X42Y85         FDCE                                         r  u_window3x3/last_row1_pix_q_reg[1]/C
  -------------------------------------------------------------------    -------------------
    SLICE_X42Y85         FDCE (Prop_fdce_C_Q)         0.164     0.574 r  u_window3x3/last_row1_pix_q_reg[1]/Q
                         net (fo=1, routed)           0.082     0.656    u_window3x3/assemble_window0_return[25]
    SLICE_X43Y85         LUT6 (Prop_lut6_I2_O)        0.045     0.701 r  u_window3x3/pipe_data_q[25]_i_1/O
                         net (fo=1, routed)           0.000     0.701    u_window3x3/pipe_data_q[25]_i_1_n_0
    SLICE_X43Y85         FDCE                                         r  u_window3x3/pipe_data_q_reg[25]/D
  -------------------------------------------------------------------    -------------------

                         (clock clk rise edge)        0.000     0.000 r  
                                                      0.000     0.000 r  clk (IN)
                         net (fo=680, unset)          0.432     0.432    u_window3x3/clk
    SLICE_X43Y85         FDCE                                         r  u_window3x3/pipe_data_q_reg[25]/C
                         clock pessimism              0.000     0.432    
    SLICE_X43Y85         FDCE (Hold_fdce_C_D)         0.091     0.523    u_window3x3/pipe_data_q_reg[25]
  -------------------------------------------------------------------
                         required time                         -0.523    
                         arrival time                           0.701    
  -------------------------------------------------------------------
                         slack                                  0.179    

Slack (MET) :             0.179ns  (arrival time - required time)
  Source:                 u_window3x3/last_row1_pix_q_reg[3]/C
                            (rising edge-triggered cell FDCE clocked by clk  {rise@0.000ns fall@3.610ns period=7.220ns})
  Destination:            u_window3x3/pipe_data_q_reg[27]/D
                            (rising edge-triggered cell FDCE clocked by clk  {rise@0.000ns fall@3.610ns period=7.220ns})
  Path Group:             clk
  Path Type:              Hold (Min at Fast Process Corner)
  Requirement:            0.000ns  (clk rise@0.000ns - clk rise@0.000ns)
  Data Path Delay:        0.291ns  (logic 0.209ns (71.796%)  route 0.082ns (28.204%))
  Logic Levels:           1  (LUT6=1)
  Clock Path Skew:        0.022ns (DCD - SCD - CPR)
    Destination Clock Delay (DCD):    0.432ns
    Source Clock Delay      (SCD):    0.410ns
    Clock Pessimism Removal (CPR):    -0.000ns

    Location             Delay type                Incr(ns)  Path(ns)    Netlist Resource(s)
  -------------------------------------------------------------------    -------------------
                         (clock clk rise edge)        0.000     0.000 r  
                                                      0.000     0.000 r  clk (IN)
                         net (fo=680, unset)          0.410     0.410    u_window3x3/clk
    SLICE_X36Y84         FDCE                                         r  u_window3x3/last_row1_pix_q_reg[3]/C
  -------------------------------------------------------------------    -------------------
    SLICE_X36Y84         FDCE (Prop_fdce_C_Q)         0.164     0.574 r  u_window3x3/last_row1_pix_q_reg[3]/Q
                         net (fo=1, routed)           0.082     0.656    u_window3x3/assemble_window0_return[27]
    SLICE_X37Y84         LUT6 (Prop_lut6_I2_O)        0.045     0.701 r  u_window3x3/pipe_data_q[27]_i_1/O
                         net (fo=1, routed)           0.000     0.701    u_window3x3/pipe_data_q[27]_i_1_n_0
    SLICE_X37Y84         FDCE                                         r  u_window3x3/pipe_data_q_reg[27]/D
  -------------------------------------------------------------------    -------------------

                         (clock clk rise edge)        0.000     0.000 r  
                                                      0.000     0.000 r  clk (IN)
                         net (fo=680, unset)          0.432     0.432    u_window3x3/clk
    SLICE_X37Y84         FDCE                                         r  u_window3x3/pipe_data_q_reg[27]/C
                         clock pessimism              0.000     0.432    
    SLICE_X37Y84         FDCE (Hold_fdce_C_D)         0.091     0.523    u_window3x3/pipe_data_q_reg[27]
  -------------------------------------------------------------------
                         required time                         -0.523    
                         arrival time                           0.701    
  -------------------------------------------------------------------
                         slack                                  0.179    

Slack (MET) :             0.189ns  (arrival time - required time)
  Source:                 u_window3x3/flush_row_idx_q_reg[11]/C
                            (rising edge-triggered cell FDCE clocked by clk  {rise@0.000ns fall@3.610ns period=7.220ns})
  Destination:            u_window3x3/req_row_idx_q_reg[11]/D
                            (rising edge-triggered cell FDCE clocked by clk  {rise@0.000ns fall@3.610ns period=7.220ns})
  Path Group:             clk
  Path Type:              Hold (Min at Fast Process Corner)
  Requirement:            0.000ns  (clk rise@0.000ns - clk rise@0.000ns)
  Data Path Delay:        0.302ns  (logic 0.209ns (69.205%)  route 0.093ns (30.795%))
  Logic Levels:           1  (LUT4=1)
  Clock Path Skew:        0.022ns (DCD - SCD - CPR)
    Destination Clock Delay (DCD):    0.432ns
    Source Clock Delay      (SCD):    0.410ns
    Clock Pessimism Removal (CPR):    -0.000ns

    Location             Delay type                Incr(ns)  Path(ns)    Netlist Resource(s)
  -------------------------------------------------------------------    -------------------
                         (clock clk rise edge)        0.000     0.000 r  
                                                      0.000     0.000 r  clk (IN)
                         net (fo=680, unset)          0.410     0.410    u_window3x3/clk
    SLICE_X32Y93         FDCE                                         r  u_window3x3/flush_row_idx_q_reg[11]/C
  -------------------------------------------------------------------    -------------------
    SLICE_X32Y93         FDCE (Prop_fdce_C_Q)         0.164     0.574 r  u_window3x3/flush_row_idx_q_reg[11]/Q
                         net (fo=2, routed)           0.093     0.667    u_window3x3/flush_row_idx_q[11]
    SLICE_X33Y93         LUT4 (Prop_lut4_I2_O)        0.045     0.712 r  u_window3x3/req_row_idx_q[11]_i_1/O
                         net (fo=1, routed)           0.000     0.712    u_window3x3/p_0_in[11]
    SLICE_X33Y93         FDCE                                         r  u_window3x3/req_row_idx_q_reg[11]/D
  -------------------------------------------------------------------    -------------------

                         (clock clk rise edge)        0.000     0.000 r  
                                                      0.000     0.000 r  clk (IN)
                         net (fo=680, unset)          0.432     0.432    u_window3x3/clk
    SLICE_X33Y93         FDCE                                         r  u_window3x3/req_row_idx_q_reg[11]/C
                         clock pessimism              0.000     0.432    
    SLICE_X33Y93         FDCE (Hold_fdce_C_D)         0.091     0.523    u_window3x3/req_row_idx_q_reg[11]
  -------------------------------------------------------------------
                         required time                         -0.523    
                         arrival time                           0.712    
  -------------------------------------------------------------------
                         slack                                  0.189    

Slack (MET) :             0.191ns  (arrival time - required time)
  Source:                 u_window3x3/flush_row_idx_q_reg[15]/C
                            (rising edge-triggered cell FDCE clocked by clk  {rise@0.000ns fall@3.610ns period=7.220ns})
  Destination:            u_window3x3/req_row_idx_q_reg[15]/D
                            (rising edge-triggered cell FDCE clocked by clk  {rise@0.000ns fall@3.610ns period=7.220ns})
  Path Group:             clk
  Path Type:              Hold (Min at Fast Process Corner)
  Requirement:            0.000ns  (clk rise@0.000ns - clk rise@0.000ns)
  Data Path Delay:        0.303ns  (logic 0.209ns (68.908%)  route 0.094ns (31.092%))
  Logic Levels:           1  (LUT4=1)
  Clock Path Skew:        0.022ns (DCD - SCD - CPR)
    Destination Clock Delay (DCD):    0.432ns
    Source Clock Delay      (SCD):    0.410ns
    Clock Pessimism Removal (CPR):    -0.000ns

    Location             Delay type                Incr(ns)  Path(ns)    Netlist Resource(s)
  -------------------------------------------------------------------    -------------------
                         (clock clk rise edge)        0.000     0.000 r  
                                                      0.000     0.000 r  clk (IN)
                         net (fo=680, unset)          0.410     0.410    u_window3x3/clk
    SLICE_X30Y90         FDCE                                         r  u_window3x3/flush_row_idx_q_reg[15]/C
  -------------------------------------------------------------------    -------------------
    SLICE_X30Y90         FDCE (Prop_fdce_C_Q)         0.164     0.574 r  u_window3x3/flush_row_idx_q_reg[15]/Q
                         net (fo=2, routed)           0.094     0.668    u_window3x3/flush_row_idx_q[15]
    SLICE_X31Y90         LUT4 (Prop_lut4_I2_O)        0.045     0.713 r  u_window3x3/req_row_idx_q[15]_i_1/O
                         net (fo=1, routed)           0.000     0.713    u_window3x3/p_0_in[15]
    SLICE_X31Y90         FDCE                                         r  u_window3x3/req_row_idx_q_reg[15]/D
  -------------------------------------------------------------------    -------------------

                         (clock clk rise edge)        0.000     0.000 r  
                                                      0.000     0.000 r  clk (IN)
                         net (fo=680, unset)          0.432     0.432    u_window3x3/clk
    SLICE_X31Y90         FDCE                                         r  u_window3x3/req_row_idx_q_reg[15]/C
                         clock pessimism              0.000     0.432    
    SLICE_X31Y90         FDCE (Hold_fdce_C_D)         0.091     0.523    u_window3x3/req_row_idx_q_reg[15]
  -------------------------------------------------------------------
                         required time                         -0.523    
                         arrival time                           0.713    
  -------------------------------------------------------------------
                         slack                                  0.191    

Slack (MET) :             0.192ns  (arrival time - required time)
  Source:                 u_median3x3/stg0_eof_reg/C
                            (rising edge-triggered cell FDCE clocked by clk  {rise@0.000ns fall@3.610ns period=7.220ns})
  Destination:            u_median3x3/stg1_eof_reg/D
                            (rising edge-triggered cell FDCE clocked by clk  {rise@0.000ns fall@3.610ns period=7.220ns})
  Path Group:             clk
  Path Type:              Hold (Min at Fast Process Corner)
  Requirement:            0.000ns  (clk rise@0.000ns - clk rise@0.000ns)
  Data Path Delay:        0.333ns  (logic 0.186ns (55.787%)  route 0.147ns (44.213%))
  Logic Levels:           1  (LUT2=1)
  Clock Path Skew:        0.022ns (DCD - SCD - CPR)
    Destination Clock Delay (DCD):    0.432ns
    Source Clock Delay      (SCD):    0.410ns
    Clock Pessimism Removal (CPR):    -0.000ns

    Location             Delay type                Incr(ns)  Path(ns)    Netlist Resource(s)
  -------------------------------------------------------------------    -------------------
                         (clock clk rise edge)        0.000     0.000 r  
                                                      0.000     0.000 r  clk (IN)
                         net (fo=680, unset)          0.410     0.410    u_median3x3/clk
    SLICE_X43Y100        FDCE                                         r  u_median3x3/stg0_eof_reg/C
  -------------------------------------------------------------------    -------------------
    SLICE_X43Y100        FDCE (Prop_fdce_C_Q)         0.141     0.551 r  u_median3x3/stg0_eof_reg/Q
                         net (fo=1, routed)           0.147     0.699    u_median3x3/stg0_eof
    SLICE_X46Y100        LUT2 (Prop_lut2_I1_O)        0.045     0.744 r  u_median3x3/stg1_eof_i_1/O
                         net (fo=1, routed)           0.000     0.744    u_median3x3/stg1_eof1_out
    SLICE_X46Y100        FDCE                                         r  u_median3x3/stg1_eof_reg/D
  -------------------------------------------------------------------    -------------------

                         (clock clk rise edge)        0.000     0.000 r  
                                                      0.000     0.000 r  clk (IN)
                         net (fo=680, unset)          0.432     0.432    u_median3x3/clk
    SLICE_X46Y100        FDCE                                         r  u_median3x3/stg1_eof_reg/C
                         clock pessimism              0.000     0.432    
    SLICE_X46Y100        FDCE (Hold_fdce_C_D)         0.120     0.552    u_median3x3/stg1_eof_reg
  -------------------------------------------------------------------
                         required time                         -0.552    
                         arrival time                           0.744    
  -------------------------------------------------------------------
                         slack                                  0.192    

Slack (MET) :             0.192ns  (arrival time - required time)
  Source:                 u_window3x3/row1_c1_q_reg[7]/C
                            (rising edge-triggered cell FDCE clocked by clk  {rise@0.000ns fall@3.610ns period=7.220ns})
  Destination:            u_window3x3/row1_c2_q_reg[7]/D
                            (rising edge-triggered cell FDCE clocked by clk  {rise@0.000ns fall@3.610ns period=7.220ns})
  Path Group:             clk
  Path Type:              Hold (Min at Fast Process Corner)
  Requirement:            0.000ns  (clk rise@0.000ns - clk rise@0.000ns)
  Data Path Delay:        0.305ns  (logic 0.209ns (68.419%)  route 0.096ns (31.581%))
  Logic Levels:           1  (LUT2=1)
  Clock Path Skew:        0.022ns (DCD - SCD - CPR)
    Destination Clock Delay (DCD):    0.432ns
    Source Clock Delay      (SCD):    0.410ns
    Clock Pessimism Removal (CPR):    -0.000ns

    Location             Delay type                Incr(ns)  Path(ns)    Netlist Resource(s)
  -------------------------------------------------------------------    -------------------
                         (clock clk rise edge)        0.000     0.000 r  
                                                      0.000     0.000 r  clk (IN)
                         net (fo=680, unset)          0.410     0.410    u_window3x3/clk
    SLICE_X42Y84         FDCE                                         r  u_window3x3/row1_c1_q_reg[7]/C
  -------------------------------------------------------------------    -------------------
    SLICE_X42Y84         FDCE (Prop_fdce_C_Q)         0.164     0.574 r  u_window3x3/row1_c1_q_reg[7]/Q
                         net (fo=3, routed)           0.096     0.671    u_window3x3/assemble_window0_return[39]
    SLICE_X43Y84         LUT2 (Prop_lut2_I0_O)        0.045     0.716 r  u_window3x3/row1_c2_q[7]_i_1/O
                         net (fo=1, routed)           0.000     0.716    u_window3x3/row1_c2_q[7]_i_1_n_0
    SLICE_X43Y84         FDCE                                         r  u_window3x3/row1_c2_q_reg[7]/D
  -------------------------------------------------------------------    -------------------

                         (clock clk rise edge)        0.000     0.000 r  
                                                      0.000     0.000 r  clk (IN)
                         net (fo=680, unset)          0.432     0.432    u_window3x3/clk
    SLICE_X43Y84         FDCE                                         r  u_window3x3/row1_c2_q_reg[7]/C
                         clock pessimism              0.000     0.432    
    SLICE_X43Y84         FDCE (Hold_fdce_C_D)         0.092     0.524    u_window3x3/row1_c2_q_reg[7]
  -------------------------------------------------------------------
                         required time                         -0.524    
                         arrival time                           0.716    
  -------------------------------------------------------------------
                         slack                                  0.192    

Slack (MET) :             0.192ns  (arrival time - required time)
  Source:                 u_window3x3/flush_row_idx_q_reg[0]/C
                            (rising edge-triggered cell FDCE clocked by clk  {rise@0.000ns fall@3.610ns period=7.220ns})
  Destination:            u_window3x3/req_row_idx_q_reg[0]/D
                            (rising edge-triggered cell FDCE clocked by clk  {rise@0.000ns fall@3.610ns period=7.220ns})
  Path Group:             clk
  Path Type:              Hold (Min at Fast Process Corner)
  Requirement:            0.000ns  (clk rise@0.000ns - clk rise@0.000ns)
  Data Path Delay:        0.305ns  (logic 0.186ns (60.970%)  route 0.119ns (39.030%))
  Logic Levels:           1  (LUT4=1)
  Clock Path Skew:        0.022ns (DCD - SCD - CPR)
    Destination Clock Delay (DCD):    0.432ns
    Source Clock Delay      (SCD):    0.410ns
    Clock Pessimism Removal (CPR):    -0.000ns

    Location             Delay type                Incr(ns)  Path(ns)    Netlist Resource(s)
  -------------------------------------------------------------------    -------------------
                         (clock clk rise edge)        0.000     0.000 r  
                                                      0.000     0.000 r  clk (IN)
                         net (fo=680, unset)          0.410     0.410    u_window3x3/clk
    SLICE_X33Y92         FDCE                                         r  u_window3x3/flush_row_idx_q_reg[0]/C
  -------------------------------------------------------------------    -------------------
    SLICE_X33Y92         FDCE (Prop_fdce_C_Q)         0.141     0.551 r  u_window3x3/flush_row_idx_q_reg[0]/Q
                         net (fo=2, routed)           0.119     0.670    u_window3x3/flush_row_idx_q[0]
    SLICE_X33Y91         LUT4 (Prop_lut4_I2_O)        0.045     0.715 r  u_window3x3/req_row_idx_q[0]_i_1/O
                         net (fo=1, routed)           0.000     0.715    u_window3x3/p_0_in[0]
    SLICE_X33Y91         FDCE                                         r  u_window3x3/req_row_idx_q_reg[0]/D
  -------------------------------------------------------------------    -------------------

                         (clock clk rise edge)        0.000     0.000 r  
                                                      0.000     0.000 r  clk (IN)
                         net (fo=680, unset)          0.432     0.432    u_window3x3/clk
    SLICE_X33Y91         FDCE                                         r  u_window3x3/req_row_idx_q_reg[0]/C
                         clock pessimism              0.000     0.432    
    SLICE_X33Y91         FDCE (Hold_fdce_C_D)         0.091     0.523    u_window3x3/req_row_idx_q_reg[0]
  -------------------------------------------------------------------
                         required time                         -0.523    
                         arrival time                           0.715    
  -------------------------------------------------------------------
                         slack                                  0.192    

Slack (MET) :             0.209ns  (arrival time - required time)
  Source:                 u_window3x3/last_row0_pix_q_reg[1]/C
                            (rising edge-triggered cell FDCE clocked by clk  {rise@0.000ns fall@3.610ns period=7.220ns})
  Destination:            u_window3x3/pipe_data_q_reg[49]/D
                            (rising edge-triggered cell FDCE clocked by clk  {rise@0.000ns fall@3.610ns period=7.220ns})
  Path Group:             clk
  Path Type:              Hold (Min at Fast Process Corner)
  Requirement:            0.000ns  (clk rise@0.000ns - clk rise@0.000ns)
  Data Path Delay:        0.323ns  (logic 0.186ns (57.598%)  route 0.137ns (42.402%))
  Logic Levels:           1  (LUT6=1)
  Clock Path Skew:        0.022ns (DCD - SCD - CPR)
    Destination Clock Delay (DCD):    0.432ns
    Source Clock Delay      (SCD):    0.410ns
    Clock Pessimism Removal (CPR):    -0.000ns

    Location             Delay type                Incr(ns)  Path(ns)    Netlist Resource(s)
  -------------------------------------------------------------------    -------------------
                         (clock clk rise edge)        0.000     0.000 r  
                                                      0.000     0.000 r  clk (IN)
                         net (fo=680, unset)          0.410     0.410    u_window3x3/clk
    SLICE_X40Y83         FDCE                                         r  u_window3x3/last_row0_pix_q_reg[1]/C
  -------------------------------------------------------------------    -------------------
    SLICE_X40Y83         FDCE (Prop_fdce_C_Q)         0.141     0.551 r  u_window3x3/last_row0_pix_q_reg[1]/Q
                         net (fo=1, routed)           0.137     0.688    u_window3x3/assemble_window0_return[49]
    SLICE_X41Y83         LUT6 (Prop_lut6_I3_O)        0.045     0.733 r  u_window3x3/pipe_data_q[49]_i_1/O
                         net (fo=1, routed)           0.000     0.733    u_window3x3/pipe_data_q[49]_i_1_n_0
    SLICE_X41Y83         FDCE                                         r  u_window3x3/pipe_data_q_reg[49]/D
  -------------------------------------------------------------------    -------------------

                         (clock clk rise edge)        0.000     0.000 r  
                                                      0.000     0.000 r  clk (IN)
                         net (fo=680, unset)          0.432     0.432    u_window3x3/clk
    SLICE_X41Y83         FDCE                                         r  u_window3x3/pipe_data_q_reg[49]/C
                         clock pessimism              0.000     0.432    
    SLICE_X41Y83         FDCE (Hold_fdce_C_D)         0.092     0.524    u_window3x3/pipe_data_q_reg[49]
  -------------------------------------------------------------------
                         required time                         -0.524    
                         arrival time                           0.733    
  -------------------------------------------------------------------
                         slack                                  0.209    

Slack (MET) :             0.210ns  (arrival time - required time)
  Source:                 u_window3x3/pipe_data_q_reg[64]/C
                            (rising edge-triggered cell FDCE clocked by clk  {rise@0.000ns fall@3.610ns period=7.220ns})
  Destination:            u_window3x3/m_data_reg[64]/D
                            (rising edge-triggered cell FDCE clocked by clk  {rise@0.000ns fall@3.610ns period=7.220ns})
  Path Group:             clk
  Path Type:              Hold (Min at Fast Process Corner)
  Requirement:            0.000ns  (clk rise@0.000ns - clk rise@0.000ns)
  Data Path Delay:        0.323ns  (logic 0.186ns (57.554%)  route 0.137ns (42.446%))
  Logic Levels:           1  (LUT2=1)
  Clock Path Skew:        0.022ns (DCD - SCD - CPR)
    Destination Clock Delay (DCD):    0.432ns
    Source Clock Delay      (SCD):    0.410ns
    Clock Pessimism Removal (CPR):    -0.000ns

    Location             Delay type                Incr(ns)  Path(ns)    Netlist Resource(s)
  -------------------------------------------------------------------    -------------------
                         (clock clk rise edge)        0.000     0.000 r  
                                                      0.000     0.000 r  clk (IN)
                         net (fo=680, unset)          0.410     0.410    u_window3x3/clk
    SLICE_X39Y89         FDCE                                         r  u_window3x3/pipe_data_q_reg[64]/C
  -------------------------------------------------------------------    -------------------
    SLICE_X39Y89         FDCE (Prop_fdce_C_Q)         0.141     0.551 r  u_window3x3/pipe_data_q_reg[64]/Q
                         net (fo=1, routed)           0.137     0.688    u_window3x3/pipe_data_q[64]
    SLICE_X39Y90         LUT2 (Prop_lut2_I1_O)        0.045     0.733 r  u_window3x3/m_data[64]_i_1/O
                         net (fo=1, routed)           0.000     0.733    u_window3x3/m_data[64]_i_1_n_0
    SLICE_X39Y90         FDCE                                         r  u_window3x3/m_data_reg[64]/D
  -------------------------------------------------------------------    -------------------

                         (clock clk rise edge)        0.000     0.000 r  
                                                      0.000     0.000 r  clk (IN)
                         net (fo=680, unset)          0.432     0.432    u_window3x3/clk
    SLICE_X39Y90         FDCE                                         r  u_window3x3/m_data_reg[64]/C
                         clock pessimism              0.000     0.432    
    SLICE_X39Y90         FDCE (Hold_fdce_C_D)         0.092     0.524    u_window3x3/m_data_reg[64]
  -------------------------------------------------------------------
                         required time                         -0.524    
                         arrival time                           0.733    
  -------------------------------------------------------------------
                         slack                                  0.210    

Slack (MET) :             0.210ns  (arrival time - required time)
  Source:                 u_window3x3/pipe_data_q_reg[68]/C
                            (rising edge-triggered cell FDCE clocked by clk  {rise@0.000ns fall@3.610ns period=7.220ns})
  Destination:            u_window3x3/m_data_reg[68]/D
                            (rising edge-triggered cell FDCE clocked by clk  {rise@0.000ns fall@3.610ns period=7.220ns})
  Path Group:             clk
  Path Type:              Hold (Min at Fast Process Corner)
  Requirement:            0.000ns  (clk rise@0.000ns - clk rise@0.000ns)
  Data Path Delay:        0.352ns  (logic 0.186ns (52.779%)  route 0.166ns (47.221%))
  Logic Levels:           1  (LUT2=1)
  Clock Path Skew:        0.022ns (DCD - SCD - CPR)
    Destination Clock Delay (DCD):    0.432ns
    Source Clock Delay      (SCD):    0.410ns
    Clock Pessimism Removal (CPR):    -0.000ns

    Location             Delay type                Incr(ns)  Path(ns)    Netlist Resource(s)
  -------------------------------------------------------------------    -------------------
                         (clock clk rise edge)        0.000     0.000 r  
                                                      0.000     0.000 r  clk (IN)
                         net (fo=680, unset)          0.410     0.410    u_window3x3/clk
    SLICE_X37Y88         FDCE                                         r  u_window3x3/pipe_data_q_reg[68]/C
  -------------------------------------------------------------------    -------------------
    SLICE_X37Y88         FDCE (Prop_fdce_C_Q)         0.141     0.551 r  u_window3x3/pipe_data_q_reg[68]/Q
                         net (fo=1, routed)           0.166     0.718    u_window3x3/pipe_data_q[68]
    SLICE_X38Y89         LUT2 (Prop_lut2_I1_O)        0.045     0.763 r  u_window3x3/m_data[68]_i_1/O
                         net (fo=1, routed)           0.000     0.763    u_window3x3/m_data[68]_i_1_n_0
    SLICE_X38Y89         FDCE                                         r  u_window3x3/m_data_reg[68]/D
  -------------------------------------------------------------------    -------------------

                         (clock clk rise edge)        0.000     0.000 r  
                                                      0.000     0.000 r  clk (IN)
                         net (fo=680, unset)          0.432     0.432    u_window3x3/clk
    SLICE_X38Y89         FDCE                                         r  u_window3x3/m_data_reg[68]/C
                         clock pessimism              0.000     0.432    
    SLICE_X38Y89         FDCE (Hold_fdce_C_D)         0.121     0.553    u_window3x3/m_data_reg[68]
  -------------------------------------------------------------------
                         required time                         -0.553    
                         arrival time                           0.763    
  -------------------------------------------------------------------
                         slack                                  0.210    

Slack (MET) :             0.211ns  (arrival time - required time)
  Source:                 u_window3x3/last_row0_pix_q_reg[7]/C
                            (rising edge-triggered cell FDCE clocked by clk  {rise@0.000ns fall@3.610ns period=7.220ns})
  Destination:            u_window3x3/pipe_data_q_reg[55]/D
                            (rising edge-triggered cell FDCE clocked by clk  {rise@0.000ns fall@3.610ns period=7.220ns})
  Path Group:             clk
  Path Type:              Hold (Min at Fast Process Corner)
  Requirement:            0.000ns  (clk rise@0.000ns - clk rise@0.000ns)
  Data Path Delay:        0.352ns  (logic 0.209ns (59.346%)  route 0.143ns (40.654%))
  Logic Levels:           1  (LUT6=1)
  Clock Path Skew:        0.022ns (DCD - SCD - CPR)
    Destination Clock Delay (DCD):    0.432ns
    Source Clock Delay      (SCD):    0.410ns
    Clock Pessimism Removal (CPR):    -0.000ns

    Location             Delay type                Incr(ns)  Path(ns)    Netlist Resource(s)
  -------------------------------------------------------------------    -------------------
                         (clock clk rise edge)        0.000     0.000 r  
                                                      0.000     0.000 r  clk (IN)
                         net (fo=680, unset)          0.410     0.410    u_window3x3/clk
    SLICE_X38Y82         FDCE                                         r  u_window3x3/last_row0_pix_q_reg[7]/C
  -------------------------------------------------------------------    -------------------
    SLICE_X38Y82         FDCE (Prop_fdce_C_Q)         0.164     0.574 r  u_window3x3/last_row0_pix_q_reg[7]/Q
                         net (fo=1, routed)           0.143     0.717    u_window3x3/assemble_window0_return[55]
    SLICE_X38Y83         LUT6 (Prop_lut6_I3_O)        0.045     0.762 r  u_window3x3/pipe_data_q[55]_i_1/O
                         net (fo=1, routed)           0.000     0.762    u_window3x3/pipe_data_q[55]_i_1_n_0
    SLICE_X38Y83         FDCE                                         r  u_window3x3/pipe_data_q_reg[55]/D
  -------------------------------------------------------------------    -------------------

                         (clock clk rise edge)        0.000     0.000 r  
                                                      0.000     0.000 r  clk (IN)
                         net (fo=680, unset)          0.432     0.432    u_window3x3/clk
    SLICE_X38Y83         FDCE                                         r  u_window3x3/pipe_data_q_reg[55]/C
                         clock pessimism              0.000     0.432    
    SLICE_X38Y83         FDCE (Hold_fdce_C_D)         0.120     0.552    u_window3x3/pipe_data_q_reg[55]
  -------------------------------------------------------------------
                         required time                         -0.552    
                         arrival time                           0.762    
  -------------------------------------------------------------------
                         slack                                  0.211    

Slack (MET) :             0.212ns  (arrival time - required time)
  Source:                 u_median3x3/stg2_eof_reg/C
                            (rising edge-triggered cell FDCE clocked by clk  {rise@0.000ns fall@3.610ns period=7.220ns})
  Destination:            u_median3x3/m_eof_reg/D
                            (rising edge-triggered cell FDCE clocked by clk  {rise@0.000ns fall@3.610ns period=7.220ns})
  Path Group:             clk
  Path Type:              Hold (Min at Fast Process Corner)
  Requirement:            0.000ns  (clk rise@0.000ns - clk rise@0.000ns)
  Data Path Delay:        0.324ns  (logic 0.186ns (57.377%)  route 0.138ns (42.623%))
  Logic Levels:           1  (LUT2=1)
  Clock Path Skew:        0.022ns (DCD - SCD - CPR)
    Destination Clock Delay (DCD):    0.432ns
    Source Clock Delay      (SCD):    0.410ns
    Clock Pessimism Removal (CPR):    -0.000ns

    Location             Delay type                Incr(ns)  Path(ns)    Netlist Resource(s)
  -------------------------------------------------------------------    -------------------
                         (clock clk rise edge)        0.000     0.000 r  
                                                      0.000     0.000 r  clk (IN)
                         net (fo=680, unset)          0.410     0.410    u_median3x3/clk
    SLICE_X49Y104        FDCE                                         r  u_median3x3/stg2_eof_reg/C
  -------------------------------------------------------------------    -------------------
    SLICE_X49Y104        FDCE (Prop_fdce_C_Q)         0.141     0.551 r  u_median3x3/stg2_eof_reg/Q
                         net (fo=1, routed)           0.138     0.689    u_median3x3/stg2_eof
    SLICE_X49Y105        LUT2 (Prop_lut2_I1_O)        0.045     0.734 r  u_median3x3/m_eof_i_1__0/O
                         net (fo=1, routed)           0.000     0.734    u_median3x3/m_eof_i_1__0_n_0
    SLICE_X49Y105        FDCE                                         r  u_median3x3/m_eof_reg/D
  -------------------------------------------------------------------    -------------------

                         (clock clk rise edge)        0.000     0.000 r  
                                                      0.000     0.000 r  clk (IN)
                         net (fo=680, unset)          0.432     0.432    u_median3x3/clk
    SLICE_X49Y105        FDCE                                         r  u_median3x3/m_eof_reg/C
                         clock pessimism              0.000     0.432    
    SLICE_X49Y105        FDCE (Hold_fdce_C_D)         0.091     0.523    u_median3x3/m_eof_reg
  -------------------------------------------------------------------
                         required time                         -0.523    
                         arrival time                           0.734    
  -------------------------------------------------------------------
                         slack                                  0.212    

Slack (MET) :             0.213ns  (arrival time - required time)
  Source:                 u_window3x3/real_col_idx_q_reg[12]/C
                            (rising edge-triggered cell FDCE clocked by clk  {rise@0.000ns fall@3.610ns period=7.220ns})
  Destination:            u_window3x3/req_col_idx_q_reg[12]/D
                            (rising edge-triggered cell FDCE clocked by clk  {rise@0.000ns fall@3.610ns period=7.220ns})
  Path Group:             clk
  Path Type:              Hold (Min at Fast Process Corner)
  Requirement:            0.000ns  (clk rise@0.000ns - clk rise@0.000ns)
  Data Path Delay:        0.326ns  (logic 0.186ns (57.002%)  route 0.140ns (42.998%))
  Logic Levels:           1  (LUT4=1)
  Clock Path Skew:        0.022ns (DCD - SCD - CPR)
    Destination Clock Delay (DCD):    0.432ns
    Source Clock Delay      (SCD):    0.410ns
    Clock Pessimism Removal (CPR):    -0.000ns

    Location             Delay type                Incr(ns)  Path(ns)    Netlist Resource(s)
  -------------------------------------------------------------------    -------------------
                         (clock clk rise edge)        0.000     0.000 r  
                                                      0.000     0.000 r  clk (IN)
                         net (fo=680, unset)          0.410     0.410    u_window3x3/clk
    SLICE_X31Y81         FDCE                                         r  u_window3x3/real_col_idx_q_reg[12]/C
  -------------------------------------------------------------------    -------------------
    SLICE_X31Y81         FDCE (Prop_fdce_C_Q)         0.141     0.551 r  u_window3x3/real_col_idx_q_reg[12]/Q
                         net (fo=2, routed)           0.140     0.691    u_window3x3/real_col_idx_q_reg_n_0_[12]
    SLICE_X29Y81         LUT4 (Prop_lut4_I0_O)        0.045     0.736 r  u_window3x3/req_col_idx_q[12]_i_1/O
                         net (fo=1, routed)           0.000     0.736    u_window3x3/req_col_idx_q[12]_i_1_n_0
    SLICE_X29Y81         FDCE                                         r  u_window3x3/req_col_idx_q_reg[12]/D
  -------------------------------------------------------------------    -------------------

                         (clock clk rise edge)        0.000     0.000 r  
                                                      0.000     0.000 r  clk (IN)
                         net (fo=680, unset)          0.432     0.432    u_window3x3/clk
    SLICE_X29Y81         FDCE                                         r  u_window3x3/req_col_idx_q_reg[12]/C
                         clock pessimism              0.000     0.432    
    SLICE_X29Y81         FDCE (Hold_fdce_C_D)         0.092     0.524    u_window3x3/req_col_idx_q_reg[12]
  -------------------------------------------------------------------
                         required time                         -0.524    
                         arrival time                           0.736    
  -------------------------------------------------------------------
                         slack                                  0.213    

Slack (MET) :             0.215ns  (arrival time - required time)
  Source:                 u_window3x3/m_data_reg[16]/C
                            (rising edge-triggered cell FDCE clocked by clk  {rise@0.000ns fall@3.610ns period=7.220ns})
  Destination:            u_median3x3/stg0_data_reg[16]/D
                            (rising edge-triggered cell FDCE clocked by clk  {rise@0.000ns fall@3.610ns period=7.220ns})
  Path Group:             clk
  Path Type:              Hold (Min at Fast Process Corner)
  Requirement:            0.000ns  (clk rise@0.000ns - clk rise@0.000ns)
  Data Path Delay:        0.344ns  (logic 0.190ns (55.271%)  route 0.154ns (44.729%))
  Logic Levels:           1  (LUT2=1)
  Clock Path Skew:        0.022ns (DCD - SCD - CPR)
    Destination Clock Delay (DCD):    0.432ns
    Source Clock Delay      (SCD):    0.410ns
    Clock Pessimism Removal (CPR):    -0.000ns

    Location             Delay type                Incr(ns)  Path(ns)    Netlist Resource(s)
  -------------------------------------------------------------------    -------------------
                         (clock clk rise edge)        0.000     0.000 r  
                                                      0.000     0.000 r  clk (IN)
                         net (fo=680, unset)          0.410     0.410    u_window3x3/clk
    SLICE_X52Y84         FDCE                                         r  u_window3x3/m_data_reg[16]/C
  -------------------------------------------------------------------    -------------------
    SLICE_X52Y84         FDCE (Prop_fdce_C_Q)         0.141     0.551 r  u_window3x3/m_data_reg[16]/Q
                         net (fo=1, routed)           0.154     0.705    u_window3x3/window_data_w[16]
    SLICE_X52Y85         LUT2 (Prop_lut2_I1_O)        0.049     0.754 r  u_window3x3/stg0_data[16]_i_1/O
                         net (fo=1, routed)           0.000     0.754    u_median3x3/D[16]
    SLICE_X52Y85         FDCE                                         r  u_median3x3/stg0_data_reg[16]/D
  -------------------------------------------------------------------    -------------------

                         (clock clk rise edge)        0.000     0.000 r  
                                                      0.000     0.000 r  clk (IN)
                         net (fo=680, unset)          0.432     0.432    u_median3x3/clk
    SLICE_X52Y85         FDCE                                         r  u_median3x3/stg0_data_reg[16]/C
                         clock pessimism              0.000     0.432    
    SLICE_X52Y85         FDCE (Hold_fdce_C_D)         0.107     0.539    u_median3x3/stg0_data_reg[16]
  -------------------------------------------------------------------
                         required time                         -0.539    
                         arrival time                           0.754    
  -------------------------------------------------------------------
                         slack                                  0.215    

Slack (MET) :             0.218ns  (arrival time - required time)
  Source:                 u_window3x3/pipe_data_q_reg[36]/C
                            (rising edge-triggered cell FDCE clocked by clk  {rise@0.000ns fall@3.610ns period=7.220ns})
  Destination:            u_window3x3/m_data_reg[36]/D
                            (rising edge-triggered cell FDCE clocked by clk  {rise@0.000ns fall@3.610ns period=7.220ns})
  Path Group:             clk
  Path Type:              Hold (Min at Fast Process Corner)
  Requirement:            0.000ns  (clk rise@0.000ns - clk rise@0.000ns)
  Data Path Delay:        0.360ns  (logic 0.209ns (57.989%)  route 0.151ns (42.011%))
  Logic Levels:           1  (LUT2=1)
  Clock Path Skew:        0.022ns (DCD - SCD - CPR)
    Destination Clock Delay (DCD):    0.432ns
    Source Clock Delay      (SCD):    0.410ns
    Clock Pessimism Removal (CPR):    -0.000ns

    Location             Delay type                Incr(ns)  Path(ns)    Netlist Resource(s)
  -------------------------------------------------------------------    -------------------
                         (clock clk rise edge)        0.000     0.000 r  
                                                      0.000     0.000 r  clk (IN)
                         net (fo=680, unset)          0.410     0.410    u_window3x3/clk
    SLICE_X38Y87         FDCE                                         r  u_window3x3/pipe_data_q_reg[36]/C
  -------------------------------------------------------------------    -------------------
    SLICE_X38Y87         FDCE (Prop_fdce_C_Q)         0.164     0.574 r  u_window3x3/pipe_data_q_reg[36]/Q
                         net (fo=1, routed)           0.151     0.726    u_window3x3/pipe_data_q[36]
    SLICE_X38Y89         LUT2 (Prop_lut2_I1_O)        0.045     0.771 r  u_window3x3/m_data[36]_i_1/O
                         net (fo=1, routed)           0.000     0.771    u_window3x3/m_data[36]_i_1_n_0
    SLICE_X38Y89         FDCE                                         r  u_window3x3/m_data_reg[36]/D
  -------------------------------------------------------------------    -------------------

                         (clock clk rise edge)        0.000     0.000 r  
                                                      0.000     0.000 r  clk (IN)
                         net (fo=680, unset)          0.432     0.432    u_window3x3/clk
    SLICE_X38Y89         FDCE                                         r  u_window3x3/m_data_reg[36]/C
                         clock pessimism              0.000     0.432    
    SLICE_X38Y89         FDCE (Hold_fdce_C_D)         0.121     0.553    u_window3x3/m_data_reg[36]
  -------------------------------------------------------------------
                         required time                         -0.553    
                         arrival time                           0.771    
  -------------------------------------------------------------------
                         slack                                  0.218    

Slack (MET) :             0.221ns  (arrival time - required time)
  Source:                 u_window3x3/pipe_data_q_reg[1]/C
                            (rising edge-triggered cell FDCE clocked by clk  {rise@0.000ns fall@3.610ns period=7.220ns})
  Destination:            u_window3x3/m_data_reg[1]/D
                            (rising edge-triggered cell FDCE clocked by clk  {rise@0.000ns fall@3.610ns period=7.220ns})
  Path Group:             clk
  Path Type:              Hold (Min at Fast Process Corner)
  Requirement:            0.000ns  (clk rise@0.000ns - clk rise@0.000ns)
  Data Path Delay:        0.373ns  (logic 0.187ns (50.111%)  route 0.186ns (49.889%))
  Logic Levels:           1  (LUT2=1)
  Clock Path Skew:        0.022ns (DCD - SCD - CPR)
    Destination Clock Delay (DCD):    0.432ns
    Source Clock Delay      (SCD):    0.410ns
    Clock Pessimism Removal (CPR):    -0.000ns

    Location             Delay type                Incr(ns)  Path(ns)    Netlist Resource(s)
  -------------------------------------------------------------------    -------------------
                         (clock clk rise edge)        0.000     0.000 r  
                                                      0.000     0.000 r  clk (IN)
                         net (fo=680, unset)          0.410     0.410    u_window3x3/clk
    SLICE_X41Y83         FDCE                                         r  u_window3x3/pipe_data_q_reg[1]/C
  -------------------------------------------------------------------    -------------------
    SLICE_X41Y83         FDCE (Prop_fdce_C_Q)         0.141     0.551 r  u_window3x3/pipe_data_q_reg[1]/Q
                         net (fo=1, routed)           0.186     0.737    u_window3x3/pipe_data_q[1]
    SLICE_X42Y83         LUT2 (Prop_lut2_I1_O)        0.046     0.783 r  u_window3x3/m_data[1]_i_1/O
                         net (fo=1, routed)           0.000     0.783    u_window3x3/m_data[1]_i_1_n_0
    SLICE_X42Y83         FDCE                                         r  u_window3x3/m_data_reg[1]/D
  -------------------------------------------------------------------    -------------------

                         (clock clk rise edge)        0.000     0.000 r  
                                                      0.000     0.000 r  clk (IN)
                         net (fo=680, unset)          0.432     0.432    u_window3x3/clk
    SLICE_X42Y83         FDCE                                         r  u_window3x3/m_data_reg[1]/C
                         clock pessimism              0.000     0.432    
    SLICE_X42Y83         FDCE (Hold_fdce_C_D)         0.131     0.563    u_window3x3/m_data_reg[1]
  -------------------------------------------------------------------
                         required time                         -0.563    
                         arrival time                           0.783    
  -------------------------------------------------------------------
                         slack                                  0.221    

Slack (MET) :             0.224ns  (arrival time - required time)
  Source:                 u_window3x3/bottom_col_idx_q_reg[14]/C
                            (rising edge-triggered cell FDCE clocked by clk  {rise@0.000ns fall@3.610ns period=7.220ns})
  Destination:            u_window3x3/req_col_idx_q_reg[14]/D
                            (rising edge-triggered cell FDCE clocked by clk  {rise@0.000ns fall@3.610ns period=7.220ns})
  Path Group:             clk
  Path Type:              Hold (Min at Fast Process Corner)
  Requirement:            0.000ns  (clk rise@0.000ns - clk rise@0.000ns)
  Data Path Delay:        0.336ns  (logic 0.186ns (55.329%)  route 0.150ns (44.671%))
  Logic Levels:           1  (LUT4=1)
  Clock Path Skew:        0.022ns (DCD - SCD - CPR)
    Destination Clock Delay (DCD):    0.432ns
    Source Clock Delay      (SCD):    0.410ns
    Clock Pessimism Removal (CPR):    -0.000ns

    Location             Delay type                Incr(ns)  Path(ns)    Netlist Resource(s)
  -------------------------------------------------------------------    -------------------
                         (clock clk rise edge)        0.000     0.000 r  
                                                      0.000     0.000 r  clk (IN)
                         net (fo=680, unset)          0.410     0.410    u_window3x3/clk
    SLICE_X28Y82         FDCE                                         r  u_window3x3/bottom_col_idx_q_reg[14]/C
  -------------------------------------------------------------------    -------------------
    SLICE_X28Y82         FDCE (Prop_fdce_C_Q)         0.141     0.551 r  u_window3x3/bottom_col_idx_q_reg[14]/Q
                         net (fo=3, routed)           0.150     0.701    u_window3x3/sel0[14]
    SLICE_X31Y82         LUT4 (Prop_lut4_I2_O)        0.045     0.746 r  u_window3x3/req_col_idx_q[14]_i_1/O
                         net (fo=1, routed)           0.000     0.746    u_window3x3/req_col_idx_q[14]_i_1_n_0
    SLICE_X31Y82         FDCE                                         r  u_window3x3/req_col_idx_q_reg[14]/D
  -------------------------------------------------------------------    -------------------

                         (clock clk rise edge)        0.000     0.000 r  
                                                      0.000     0.000 r  clk (IN)
                         net (fo=680, unset)          0.432     0.432    u_window3x3/clk
    SLICE_X31Y82         FDCE                                         r  u_window3x3/req_col_idx_q_reg[14]/C
                         clock pessimism              0.000     0.432    
    SLICE_X31Y82         FDCE (Hold_fdce_C_D)         0.091     0.523    u_window3x3/req_col_idx_q_reg[14]
  -------------------------------------------------------------------
                         required time                         -0.523    
                         arrival time                           0.746    
  -------------------------------------------------------------------
                         slack                                  0.224    




