Copyright 1986-2022 Xilinx, Inc. All Rights Reserved. Copyright 2022-2024 Advanced Micro Devices, Inc. All Rights Reserved.
--------------------------------------------------------------------------------------------------------------------------------------------------------------------------------------
| Tool Version : Vivado v.2024.2 (win64) Build 5239630 Fri Nov 08 22:35:27 MST 2024
| Date         : Sun Apr 26 19:42:20 2026
| Host         : xjn running 64-bit major release  (build 9200)
| Command      : report_timing -delay_type max -max_paths 20 -file C:/Users/a2945/Desktop/jichuang-linksea-h6/reports/vivado_ooc/low_light_2026-04-26_138p5MHz_pipe1/timing_setup.rpt
| Design       : rgb_ycbcr_gamma_rgb_chain_top
| Device       : 7z020-clg400
| Speed File   : -1  PRODUCTION 1.12 2019-11-22
| Design State : Routed
--------------------------------------------------------------------------------------------------------------------------------------------------------------------------------------

Timing Report

Slack (MET) :             0.455ns  (required time - arrival time)
  Source:                 u_ycbcr444_luma_gamma/stage1_headroom_reg[3]/C
                            (rising edge-triggered cell FDCE clocked by clk  {rise@0.000ns fall@3.610ns period=7.220ns})
  Destination:            u_ycbcr444_luma_gamma/stage2_boost_mul0_reg[14]/D
                            (rising edge-triggered cell FDCE clocked by clk  {rise@0.000ns fall@3.610ns period=7.220ns})
  Path Group:             clk
  Path Type:              Setup (Max at Slow Process Corner)
  Requirement:            7.220ns  (clk rise@7.220ns - clk rise@0.000ns)
  Data Path Delay:        6.756ns  (logic 3.156ns (46.713%)  route 3.600ns (53.287%))
  Logic Levels:           10  (CARRY4=4 LUT2=1 LUT4=1 LUT5=2 LUT6=2)
  Clock Path Skew:        -0.049ns (DCD - SCD + CPR)
    Destination Clock Delay (DCD):    0.924ns = ( 8.144 - 7.220 ) 
    Source Clock Delay      (SCD):    0.973ns
    Clock Pessimism Removal (CPR):    0.000ns
  Clock Uncertainty:      0.035ns  ((TSJ^2 + TIJ^2)^1/2 + DJ) / 2 + PE
    Total System Jitter     (TSJ):    0.071ns
    Total Input Jitter      (TIJ):    0.000ns
    Discrete Jitter          (DJ):    0.000ns
    Phase Error              (PE):    0.000ns

    Location             Delay type                Incr(ns)  Path(ns)    Netlist Resource(s)
  -------------------------------------------------------------------    -------------------
                         (clock clk rise edge)        0.000     0.000 r  
                                                      0.000     0.000 r  clk (IN)
                         net (fo=485, unset)          0.973     0.973    u_ycbcr444_luma_gamma/clk
    SLICE_X88Y72         FDCE                                         r  u_ycbcr444_luma_gamma/stage1_headroom_reg[3]/C
  -------------------------------------------------------------------    -------------------
    SLICE_X88Y72         FDCE (Prop_fdce_C_Q)         0.419     1.392 r  u_ycbcr444_luma_gamma/stage1_headroom_reg[3]/Q
                         net (fo=20, routed)          0.949     2.341    u_ycbcr444_luma_gamma/stage1_headroom[3]
    SLICE_X87Y71         LUT6 (Prop_lut6_I1_O)        0.299     2.640 r  u_ycbcr444_luma_gamma/stage2_boost_mul00__30_carry_i_8/O
                         net (fo=1, routed)           0.394     3.035    u_ycbcr444_luma_gamma/stage2_boost_mul00__30_carry_i_8_n_0
    SLICE_X89Y71         LUT5 (Prop_lut5_I0_O)        0.124     3.159 r  u_ycbcr444_luma_gamma/stage2_boost_mul00__30_carry_i_4/O
                         net (fo=1, routed)           0.000     3.159    u_ycbcr444_luma_gamma/stage2_boost_mul00__30_carry_i_4_n_0
    SLICE_X89Y71         CARRY4 (Prop_carry4_S[3]_CO[3])
                                                      0.401     3.560 r  u_ycbcr444_luma_gamma/stage2_boost_mul00__30_carry/CO[3]
                         net (fo=1, routed)           0.000     3.560    u_ycbcr444_luma_gamma/stage2_boost_mul00__30_carry_n_0
    SLICE_X89Y72         CARRY4 (Prop_carry4_CI_O[1])
                                                      0.334     3.894 r  u_ycbcr444_luma_gamma/stage2_boost_mul00__30_carry__0/O[1]
                         net (fo=3, routed)           0.818     4.711    u_ycbcr444_luma_gamma/stage2_boost_mul00__30_carry__0_n_6
    SLICE_X93Y71         LUT4 (Prop_lut4_I2_O)        0.303     5.014 f  u_ycbcr444_luma_gamma/stage2_boost_mul00__60_carry__0_i_11/O
                         net (fo=3, routed)           0.331     5.346    u_ycbcr444_luma_gamma/stage2_boost_mul00__60_carry__0_i_11_n_0
    SLICE_X91Y70         LUT6 (Prop_lut6_I1_O)        0.124     5.470 r  u_ycbcr444_luma_gamma/stage2_boost_mul00__60_carry__0_i_2/O
                         net (fo=2, routed)           0.531     6.000    u_ycbcr444_luma_gamma/stage2_boost_mul00__60_carry__0_i_2_n_0
    SLICE_X92Y70         LUT5 (Prop_lut5_I0_O)        0.124     6.124 r  u_ycbcr444_luma_gamma/stage2_boost_mul00__60_carry__0_i_6/O
                         net (fo=1, routed)           0.000     6.124    u_ycbcr444_luma_gamma/stage2_boost_mul00__60_carry__0_i_6_n_0
    SLICE_X92Y70         CARRY4 (Prop_carry4_S[2]_CO[3])
                                                      0.380     6.504 r  u_ycbcr444_luma_gamma/stage2_boost_mul00__60_carry__0/CO[3]
                         net (fo=1, routed)           0.000     6.504    u_ycbcr444_luma_gamma/stage2_boost_mul00__60_carry__0_n_0
    SLICE_X92Y71         CARRY4 (Prop_carry4_CI_O[3])
                                                      0.315     6.819 r  u_ycbcr444_luma_gamma/stage2_boost_mul00__60_carry__1/O[3]
                         net (fo=1, routed)           0.577     7.396    u_ycbcr444_luma_gamma/stage2_boost_mul00__97[14]
    SLICE_X93Y72         LUT2 (Prop_lut2_I1_O)        0.333     7.729 r  u_ycbcr444_luma_gamma/stage2_boost_mul0[14]_i_1/O
                         net (fo=1, routed)           0.000     7.729    u_ycbcr444_luma_gamma/stage2_boost_mul0[14]_i_1_n_0
    SLICE_X93Y72         FDCE                                         r  u_ycbcr444_luma_gamma/stage2_boost_mul0_reg[14]/D
  -------------------------------------------------------------------    -------------------

                         (clock clk rise edge)        7.220     7.220 r  
                                                      0.000     7.220 r  clk (IN)
                         net (fo=485, unset)          0.924     8.144    u_ycbcr444_luma_gamma/clk
    SLICE_X93Y72         FDCE                                         r  u_ycbcr444_luma_gamma/stage2_boost_mul0_reg[14]/C
                         clock pessimism              0.000     8.144    
                         clock uncertainty           -0.035     8.109    
    SLICE_X93Y72         FDCE (Setup_fdce_C_D)        0.075     8.184    u_ycbcr444_luma_gamma/stage2_boost_mul0_reg[14]
  -------------------------------------------------------------------
                         required time                          8.184    
                         arrival time                          -7.729    
  -------------------------------------------------------------------
                         slack                                  0.455    

Slack (MET) :             0.518ns  (required time - arrival time)
  Source:                 u_ycbcr444_luma_gamma/stage1_headroom_reg[3]/C
                            (rising edge-triggered cell FDCE clocked by clk  {rise@0.000ns fall@3.610ns period=7.220ns})
  Destination:            u_ycbcr444_luma_gamma/stage2_boost_mul0_reg[12]/D
                            (rising edge-triggered cell FDCE clocked by clk  {rise@0.000ns fall@3.610ns period=7.220ns})
  Path Group:             clk
  Path Type:              Setup (Max at Slow Process Corner)
  Requirement:            7.220ns  (clk rise@7.220ns - clk rise@0.000ns)
  Data Path Delay:        6.693ns  (logic 3.166ns (47.302%)  route 3.527ns (52.698%))
  Logic Levels:           10  (CARRY4=4 LUT2=1 LUT4=1 LUT5=2 LUT6=2)
  Clock Path Skew:        -0.049ns (DCD - SCD + CPR)
    Destination Clock Delay (DCD):    0.924ns = ( 8.144 - 7.220 ) 
    Source Clock Delay      (SCD):    0.973ns
    Clock Pessimism Removal (CPR):    0.000ns
  Clock Uncertainty:      0.035ns  ((TSJ^2 + TIJ^2)^1/2 + DJ) / 2 + PE
    Total System Jitter     (TSJ):    0.071ns
    Total Input Jitter      (TIJ):    0.000ns
    Discrete Jitter          (DJ):    0.000ns
    Phase Error              (PE):    0.000ns

    Location             Delay type                Incr(ns)  Path(ns)    Netlist Resource(s)
  -------------------------------------------------------------------    -------------------
                         (clock clk rise edge)        0.000     0.000 r  
                                                      0.000     0.000 r  clk (IN)
                         net (fo=485, unset)          0.973     0.973    u_ycbcr444_luma_gamma/clk
    SLICE_X88Y72         FDCE                                         r  u_ycbcr444_luma_gamma/stage1_headroom_reg[3]/C
  -------------------------------------------------------------------    -------------------
    SLICE_X88Y72         FDCE (Prop_fdce_C_Q)         0.419     1.392 r  u_ycbcr444_luma_gamma/stage1_headroom_reg[3]/Q
                         net (fo=20, routed)          0.949     2.341    u_ycbcr444_luma_gamma/stage1_headroom[3]
    SLICE_X87Y71         LUT6 (Prop_lut6_I1_O)        0.299     2.640 r  u_ycbcr444_luma_gamma/stage2_boost_mul00__30_carry_i_8/O
                         net (fo=1, routed)           0.394     3.035    u_ycbcr444_luma_gamma/stage2_boost_mul00__30_carry_i_8_n_0
    SLICE_X89Y71         LUT5 (Prop_lut5_I0_O)        0.124     3.159 r  u_ycbcr444_luma_gamma/stage2_boost_mul00__30_carry_i_4/O
                         net (fo=1, routed)           0.000     3.159    u_ycbcr444_luma_gamma/stage2_boost_mul00__30_carry_i_4_n_0
    SLICE_X89Y71         CARRY4 (Prop_carry4_S[3]_CO[3])
                                                      0.401     3.560 r  u_ycbcr444_luma_gamma/stage2_boost_mul00__30_carry/CO[3]
                         net (fo=1, routed)           0.000     3.560    u_ycbcr444_luma_gamma/stage2_boost_mul00__30_carry_n_0
    SLICE_X89Y72         CARRY4 (Prop_carry4_CI_O[1])
                                                      0.334     3.894 r  u_ycbcr444_luma_gamma/stage2_boost_mul00__30_carry__0/O[1]
                         net (fo=3, routed)           0.818     4.711    u_ycbcr444_luma_gamma/stage2_boost_mul00__30_carry__0_n_6
    SLICE_X93Y71         LUT4 (Prop_lut4_I2_O)        0.303     5.014 f  u_ycbcr444_luma_gamma/stage2_boost_mul00__60_carry__0_i_11/O
                         net (fo=3, routed)           0.331     5.346    u_ycbcr444_luma_gamma/stage2_boost_mul00__60_carry__0_i_11_n_0
    SLICE_X91Y70         LUT6 (Prop_lut6_I1_O)        0.124     5.470 r  u_ycbcr444_luma_gamma/stage2_boost_mul00__60_carry__0_i_2/O
                         net (fo=2, routed)           0.531     6.000    u_ycbcr444_luma_gamma/stage2_boost_mul00__60_carry__0_i_2_n_0
    SLICE_X92Y70         LUT5 (Prop_lut5_I0_O)        0.124     6.124 r  u_ycbcr444_luma_gamma/stage2_boost_mul00__60_carry__0_i_6/O
                         net (fo=1, routed)           0.000     6.124    u_ycbcr444_luma_gamma/stage2_boost_mul00__60_carry__0_i_6_n_0
    SLICE_X92Y70         CARRY4 (Prop_carry4_S[2]_CO[3])
                                                      0.380     6.504 r  u_ycbcr444_luma_gamma/stage2_boost_mul00__60_carry__0/CO[3]
                         net (fo=1, routed)           0.000     6.504    u_ycbcr444_luma_gamma/stage2_boost_mul00__60_carry__0_n_0
    SLICE_X92Y71         CARRY4 (Prop_carry4_CI_O[1])
                                                      0.323     6.827 r  u_ycbcr444_luma_gamma/stage2_boost_mul00__60_carry__1/O[1]
                         net (fo=1, routed)           0.504     7.331    u_ycbcr444_luma_gamma/stage2_boost_mul00__97[12]
    SLICE_X93Y71         LUT2 (Prop_lut2_I1_O)        0.335     7.666 r  u_ycbcr444_luma_gamma/stage2_boost_mul0[12]_i_1/O
                         net (fo=1, routed)           0.000     7.666    u_ycbcr444_luma_gamma/stage2_boost_mul0[12]_i_1_n_0
    SLICE_X93Y71         FDCE                                         r  u_ycbcr444_luma_gamma/stage2_boost_mul0_reg[12]/D
  -------------------------------------------------------------------    -------------------

                         (clock clk rise edge)        7.220     7.220 r  
                                                      0.000     7.220 r  clk (IN)
                         net (fo=485, unset)          0.924     8.144    u_ycbcr444_luma_gamma/clk
    SLICE_X93Y71         FDCE                                         r  u_ycbcr444_luma_gamma/stage2_boost_mul0_reg[12]/C
                         clock pessimism              0.000     8.144    
                         clock uncertainty           -0.035     8.109    
    SLICE_X93Y71         FDCE (Setup_fdce_C_D)        0.075     8.184    u_ycbcr444_luma_gamma/stage2_boost_mul0_reg[12]
  -------------------------------------------------------------------
                         required time                          8.184    
                         arrival time                          -7.666    
  -------------------------------------------------------------------
                         slack                                  0.518    

Slack (MET) :             0.596ns  (required time - arrival time)
  Source:                 u_ycbcr444_luma_gamma/stage1_headroom_reg[3]/C
                            (rising edge-triggered cell FDCE clocked by clk  {rise@0.000ns fall@3.610ns period=7.220ns})
  Destination:            u_ycbcr444_luma_gamma/stage2_boost_mul0_reg[15]/D
                            (rising edge-triggered cell FDCE clocked by clk  {rise@0.000ns fall@3.610ns period=7.220ns})
  Path Group:             clk
  Path Type:              Setup (Max at Slow Process Corner)
  Requirement:            7.220ns  (clk rise@7.220ns - clk rise@0.000ns)
  Data Path Delay:        6.571ns  (logic 3.139ns (47.771%)  route 3.432ns (52.229%))
  Logic Levels:           11  (CARRY4=5 LUT2=1 LUT4=1 LUT5=2 LUT6=2)
  Clock Path Skew:        -0.049ns (DCD - SCD + CPR)
    Destination Clock Delay (DCD):    0.924ns = ( 8.144 - 7.220 ) 
    Source Clock Delay      (SCD):    0.973ns
    Clock Pessimism Removal (CPR):    0.000ns
  Clock Uncertainty:      0.035ns  ((TSJ^2 + TIJ^2)^1/2 + DJ) / 2 + PE
    Total System Jitter     (TSJ):    0.071ns
    Total Input Jitter      (TIJ):    0.000ns
    Discrete Jitter          (DJ):    0.000ns
    Phase Error              (PE):    0.000ns

    Location             Delay type                Incr(ns)  Path(ns)    Netlist Resource(s)
  -------------------------------------------------------------------    -------------------
                         (clock clk rise edge)        0.000     0.000 r  
                                                      0.000     0.000 r  clk (IN)
                         net (fo=485, unset)          0.973     0.973    u_ycbcr444_luma_gamma/clk
    SLICE_X88Y72         FDCE                                         r  u_ycbcr444_luma_gamma/stage1_headroom_reg[3]/C
  -------------------------------------------------------------------    -------------------
    SLICE_X88Y72         FDCE (Prop_fdce_C_Q)         0.419     1.392 r  u_ycbcr444_luma_gamma/stage1_headroom_reg[3]/Q
                         net (fo=20, routed)          0.949     2.341    u_ycbcr444_luma_gamma/stage1_headroom[3]
    SLICE_X87Y71         LUT6 (Prop_lut6_I1_O)        0.299     2.640 r  u_ycbcr444_luma_gamma/stage2_boost_mul00__30_carry_i_8/O
                         net (fo=1, routed)           0.394     3.035    u_ycbcr444_luma_gamma/stage2_boost_mul00__30_carry_i_8_n_0
    SLICE_X89Y71         LUT5 (Prop_lut5_I0_O)        0.124     3.159 r  u_ycbcr444_luma_gamma/stage2_boost_mul00__30_carry_i_4/O
                         net (fo=1, routed)           0.000     3.159    u_ycbcr444_luma_gamma/stage2_boost_mul00__30_carry_i_4_n_0
    SLICE_X89Y71         CARRY4 (Prop_carry4_S[3]_CO[3])
                                                      0.401     3.560 r  u_ycbcr444_luma_gamma/stage2_boost_mul00__30_carry/CO[3]
                         net (fo=1, routed)           0.000     3.560    u_ycbcr444_luma_gamma/stage2_boost_mul00__30_carry_n_0
    SLICE_X89Y72         CARRY4 (Prop_carry4_CI_O[1])
                                                      0.334     3.894 r  u_ycbcr444_luma_gamma/stage2_boost_mul00__30_carry__0/O[1]
                         net (fo=3, routed)           0.818     4.711    u_ycbcr444_luma_gamma/stage2_boost_mul00__30_carry__0_n_6
    SLICE_X93Y71         LUT4 (Prop_lut4_I2_O)        0.303     5.014 f  u_ycbcr444_luma_gamma/stage2_boost_mul00__60_carry__0_i_11/O
                         net (fo=3, routed)           0.331     5.346    u_ycbcr444_luma_gamma/stage2_boost_mul00__60_carry__0_i_11_n_0
    SLICE_X91Y70         LUT6 (Prop_lut6_I1_O)        0.124     5.470 r  u_ycbcr444_luma_gamma/stage2_boost_mul00__60_carry__0_i_2/O
                         net (fo=2, routed)           0.531     6.000    u_ycbcr444_luma_gamma/stage2_boost_mul00__60_carry__0_i_2_n_0
    SLICE_X92Y70         LUT5 (Prop_lut5_I0_O)        0.124     6.124 r  u_ycbcr444_luma_gamma/stage2_boost_mul00__60_carry__0_i_6/O
                         net (fo=1, routed)           0.000     6.124    u_ycbcr444_luma_gamma/stage2_boost_mul00__60_carry__0_i_6_n_0
    SLICE_X92Y70         CARRY4 (Prop_carry4_S[2]_CO[3])
                                                      0.380     6.504 r  u_ycbcr444_luma_gamma/stage2_boost_mul00__60_carry__0/CO[3]
                         net (fo=1, routed)           0.000     6.504    u_ycbcr444_luma_gamma/stage2_boost_mul00__60_carry__0_n_0
    SLICE_X92Y71         CARRY4 (Prop_carry4_CI_CO[3])
                                                      0.117     6.621 r  u_ycbcr444_luma_gamma/stage2_boost_mul00__60_carry__1/CO[3]
                         net (fo=1, routed)           0.000     6.621    u_ycbcr444_luma_gamma/stage2_boost_mul00__60_carry__1_n_0
    SLICE_X92Y72         CARRY4 (Prop_carry4_CI_O[0])
                                                      0.219     6.840 r  u_ycbcr444_luma_gamma/stage2_boost_mul00__60_carry__2/O[0]
                         net (fo=1, routed)           0.409     7.249    u_ycbcr444_luma_gamma/stage2_boost_mul00__97[15]
    SLICE_X93Y73         LUT2 (Prop_lut2_I1_O)        0.295     7.544 r  u_ycbcr444_luma_gamma/stage2_boost_mul0[15]_i_1/O
                         net (fo=1, routed)           0.000     7.544    u_ycbcr444_luma_gamma/stage2_boost_mul0[15]_i_1_n_0
    SLICE_X93Y73         FDCE                                         r  u_ycbcr444_luma_gamma/stage2_boost_mul0_reg[15]/D
  -------------------------------------------------------------------    -------------------

                         (clock clk rise edge)        7.220     7.220 r  
                                                      0.000     7.220 r  clk (IN)
                         net (fo=485, unset)          0.924     8.144    u_ycbcr444_luma_gamma/clk
    SLICE_X93Y73         FDCE                                         r  u_ycbcr444_luma_gamma/stage2_boost_mul0_reg[15]/C
                         clock pessimism              0.000     8.144    
                         clock uncertainty           -0.035     8.109    
    SLICE_X93Y73         FDCE (Setup_fdce_C_D)        0.031     8.140    u_ycbcr444_luma_gamma/stage2_boost_mul0_reg[15]
  -------------------------------------------------------------------
                         required time                          8.140    
                         arrival time                          -7.544    
  -------------------------------------------------------------------
                         slack                                  0.596    

Slack (MET) :             0.666ns  (required time - arrival time)
  Source:                 u_ycbcr444_luma_gamma/stage1_headroom_reg[3]/C
                            (rising edge-triggered cell FDCE clocked by clk  {rise@0.000ns fall@3.610ns period=7.220ns})
  Destination:            u_ycbcr444_luma_gamma/stage2_boost_mul0_reg[11]/D
                            (rising edge-triggered cell FDCE clocked by clk  {rise@0.000ns fall@3.610ns period=7.220ns})
  Path Group:             clk
  Path Type:              Setup (Max at Slow Process Corner)
  Requirement:            7.220ns  (clk rise@7.220ns - clk rise@0.000ns)
  Data Path Delay:        6.501ns  (logic 3.022ns (46.486%)  route 3.479ns (53.514%))
  Logic Levels:           10  (CARRY4=4 LUT2=1 LUT4=1 LUT5=2 LUT6=2)
  Clock Path Skew:        -0.049ns (DCD - SCD + CPR)
    Destination Clock Delay (DCD):    0.924ns = ( 8.144 - 7.220 ) 
    Source Clock Delay      (SCD):    0.973ns
    Clock Pessimism Removal (CPR):    0.000ns
  Clock Uncertainty:      0.035ns  ((TSJ^2 + TIJ^2)^1/2 + DJ) / 2 + PE
    Total System Jitter     (TSJ):    0.071ns
    Total Input Jitter      (TIJ):    0.000ns
    Discrete Jitter          (DJ):    0.000ns
    Phase Error              (PE):    0.000ns

    Location             Delay type                Incr(ns)  Path(ns)    Netlist Resource(s)
  -------------------------------------------------------------------    -------------------
                         (clock clk rise edge)        0.000     0.000 r  
                                                      0.000     0.000 r  clk (IN)
                         net (fo=485, unset)          0.973     0.973    u_ycbcr444_luma_gamma/clk
    SLICE_X88Y72         FDCE                                         r  u_ycbcr444_luma_gamma/stage1_headroom_reg[3]/C
  -------------------------------------------------------------------    -------------------
    SLICE_X88Y72         FDCE (Prop_fdce_C_Q)         0.419     1.392 r  u_ycbcr444_luma_gamma/stage1_headroom_reg[3]/Q
                         net (fo=20, routed)          0.949     2.341    u_ycbcr444_luma_gamma/stage1_headroom[3]
    SLICE_X87Y71         LUT6 (Prop_lut6_I1_O)        0.299     2.640 r  u_ycbcr444_luma_gamma/stage2_boost_mul00__30_carry_i_8/O
                         net (fo=1, routed)           0.394     3.035    u_ycbcr444_luma_gamma/stage2_boost_mul00__30_carry_i_8_n_0
    SLICE_X89Y71         LUT5 (Prop_lut5_I0_O)        0.124     3.159 r  u_ycbcr444_luma_gamma/stage2_boost_mul00__30_carry_i_4/O
                         net (fo=1, routed)           0.000     3.159    u_ycbcr444_luma_gamma/stage2_boost_mul00__30_carry_i_4_n_0
    SLICE_X89Y71         CARRY4 (Prop_carry4_S[3]_CO[3])
                                                      0.401     3.560 r  u_ycbcr444_luma_gamma/stage2_boost_mul00__30_carry/CO[3]
                         net (fo=1, routed)           0.000     3.560    u_ycbcr444_luma_gamma/stage2_boost_mul00__30_carry_n_0
    SLICE_X89Y72         CARRY4 (Prop_carry4_CI_O[1])
                                                      0.334     3.894 r  u_ycbcr444_luma_gamma/stage2_boost_mul00__30_carry__0/O[1]
                         net (fo=3, routed)           0.818     4.711    u_ycbcr444_luma_gamma/stage2_boost_mul00__30_carry__0_n_6
    SLICE_X93Y71         LUT4 (Prop_lut4_I2_O)        0.303     5.014 f  u_ycbcr444_luma_gamma/stage2_boost_mul00__60_carry__0_i_11/O
                         net (fo=3, routed)           0.331     5.346    u_ycbcr444_luma_gamma/stage2_boost_mul00__60_carry__0_i_11_n_0
    SLICE_X91Y70         LUT6 (Prop_lut6_I1_O)        0.124     5.470 r  u_ycbcr444_luma_gamma/stage2_boost_mul00__60_carry__0_i_2/O
                         net (fo=2, routed)           0.531     6.000    u_ycbcr444_luma_gamma/stage2_boost_mul00__60_carry__0_i_2_n_0
    SLICE_X92Y70         LUT5 (Prop_lut5_I0_O)        0.124     6.124 r  u_ycbcr444_luma_gamma/stage2_boost_mul00__60_carry__0_i_6/O
                         net (fo=1, routed)           0.000     6.124    u_ycbcr444_luma_gamma/stage2_boost_mul00__60_carry__0_i_6_n_0
    SLICE_X92Y70         CARRY4 (Prop_carry4_S[2]_CO[3])
                                                      0.380     6.504 r  u_ycbcr444_luma_gamma/stage2_boost_mul00__60_carry__0/CO[3]
                         net (fo=1, routed)           0.000     6.504    u_ycbcr444_luma_gamma/stage2_boost_mul00__60_carry__0_n_0
    SLICE_X92Y71         CARRY4 (Prop_carry4_CI_O[0])
                                                      0.219     6.723 r  u_ycbcr444_luma_gamma/stage2_boost_mul00__60_carry__1/O[0]
                         net (fo=1, routed)           0.455     7.179    u_ycbcr444_luma_gamma/stage2_boost_mul00__97[11]
    SLICE_X93Y71         LUT2 (Prop_lut2_I1_O)        0.295     7.474 r  u_ycbcr444_luma_gamma/stage2_boost_mul0[11]_i_1/O
                         net (fo=1, routed)           0.000     7.474    u_ycbcr444_luma_gamma/stage2_boost_mul0[11]_i_1_n_0
    SLICE_X93Y71         FDCE                                         r  u_ycbcr444_luma_gamma/stage2_boost_mul0_reg[11]/D
  -------------------------------------------------------------------    -------------------

                         (clock clk rise edge)        7.220     7.220 r  
                                                      0.000     7.220 r  clk (IN)
                         net (fo=485, unset)          0.924     8.144    u_ycbcr444_luma_gamma/clk
    SLICE_X93Y71         FDCE                                         r  u_ycbcr444_luma_gamma/stage2_boost_mul0_reg[11]/C
                         clock pessimism              0.000     8.144    
                         clock uncertainty           -0.035     8.109    
    SLICE_X93Y71         FDCE (Setup_fdce_C_D)        0.031     8.140    u_ycbcr444_luma_gamma/stage2_boost_mul0_reg[11]
  -------------------------------------------------------------------
                         required time                          8.140    
                         arrival time                          -7.474    
  -------------------------------------------------------------------
                         slack                                  0.666    

Slack (MET) :             0.671ns  (required time - arrival time)
  Source:                 u_ycbcr444_luma_gamma/stage1_headroom_reg[3]/C
                            (rising edge-triggered cell FDCE clocked by clk  {rise@0.000ns fall@3.610ns period=7.220ns})
  Destination:            u_ycbcr444_luma_gamma/stage2_boost_mul0_reg[10]/D
                            (rising edge-triggered cell FDCE clocked by clk  {rise@0.000ns fall@3.610ns period=7.220ns})
  Path Group:             clk
  Path Type:              Setup (Max at Slow Process Corner)
  Requirement:            7.220ns  (clk rise@7.220ns - clk rise@0.000ns)
  Data Path Delay:        6.494ns  (logic 2.921ns (44.977%)  route 3.573ns (55.023%))
  Logic Levels:           8  (CARRY4=3 LUT2=1 LUT4=1 LUT5=1 LUT6=2)
  Clock Path Skew:        -0.049ns (DCD - SCD + CPR)
    Destination Clock Delay (DCD):    0.924ns = ( 8.144 - 7.220 ) 
    Source Clock Delay      (SCD):    0.973ns
    Clock Pessimism Removal (CPR):    0.000ns
  Clock Uncertainty:      0.035ns  ((TSJ^2 + TIJ^2)^1/2 + DJ) / 2 + PE
    Total System Jitter     (TSJ):    0.071ns
    Total Input Jitter      (TIJ):    0.000ns
    Discrete Jitter          (DJ):    0.000ns
    Phase Error              (PE):    0.000ns

    Location             Delay type                Incr(ns)  Path(ns)    Netlist Resource(s)
  -------------------------------------------------------------------    -------------------
                         (clock clk rise edge)        0.000     0.000 r  
                                                      0.000     0.000 r  clk (IN)
                         net (fo=485, unset)          0.973     0.973    u_ycbcr444_luma_gamma/clk
    SLICE_X88Y72         FDCE                                         r  u_ycbcr444_luma_gamma/stage1_headroom_reg[3]/C
  -------------------------------------------------------------------    -------------------
    SLICE_X88Y72         FDCE (Prop_fdce_C_Q)         0.419     1.392 r  u_ycbcr444_luma_gamma/stage1_headroom_reg[3]/Q
                         net (fo=20, routed)          0.949     2.341    u_ycbcr444_luma_gamma/stage1_headroom[3]
    SLICE_X87Y71         LUT6 (Prop_lut6_I1_O)        0.299     2.640 r  u_ycbcr444_luma_gamma/stage2_boost_mul00__30_carry_i_8/O
                         net (fo=1, routed)           0.394     3.035    u_ycbcr444_luma_gamma/stage2_boost_mul00__30_carry_i_8_n_0
    SLICE_X89Y71         LUT5 (Prop_lut5_I0_O)        0.124     3.159 r  u_ycbcr444_luma_gamma/stage2_boost_mul00__30_carry_i_4/O
                         net (fo=1, routed)           0.000     3.159    u_ycbcr444_luma_gamma/stage2_boost_mul00__30_carry_i_4_n_0
    SLICE_X89Y71         CARRY4 (Prop_carry4_S[3]_CO[3])
                                                      0.401     3.560 r  u_ycbcr444_luma_gamma/stage2_boost_mul00__30_carry/CO[3]
                         net (fo=1, routed)           0.000     3.560    u_ycbcr444_luma_gamma/stage2_boost_mul00__30_carry_n_0
    SLICE_X89Y72         CARRY4 (Prop_carry4_CI_O[1])
                                                      0.334     3.894 r  u_ycbcr444_luma_gamma/stage2_boost_mul00__30_carry__0/O[1]
                         net (fo=3, routed)           0.818     4.711    u_ycbcr444_luma_gamma/stage2_boost_mul00__30_carry__0_n_6
    SLICE_X93Y71         LUT4 (Prop_lut4_I2_O)        0.303     5.014 r  u_ycbcr444_luma_gamma/stage2_boost_mul00__60_carry__0_i_11/O
                         net (fo=3, routed)           0.485     5.499    u_ycbcr444_luma_gamma/stage2_boost_mul00__60_carry__0_i_11_n_0
    SLICE_X90Y69         LUT6 (Prop_lut6_I0_O)        0.124     5.623 r  u_ycbcr444_luma_gamma/stage2_boost_mul00__60_carry__0_i_3/O
                         net (fo=1, routed)           0.349     5.973    u_ycbcr444_luma_gamma/stage2_boost_mul00__60_carry__0_i_3_n_0
    SLICE_X92Y70         CARRY4 (Prop_carry4_DI[1]_O[3])
                                                      0.610     6.583 r  u_ycbcr444_luma_gamma/stage2_boost_mul00__60_carry__0/O[3]
                         net (fo=1, routed)           0.578     7.160    u_ycbcr444_luma_gamma/stage2_boost_mul00__97[10]
    SLICE_X93Y69         LUT2 (Prop_lut2_I1_O)        0.307     7.467 r  u_ycbcr444_luma_gamma/stage2_boost_mul0[10]_i_1/O
                         net (fo=1, routed)           0.000     7.467    u_ycbcr444_luma_gamma/stage2_boost_mul0[10]_i_1_n_0
    SLICE_X93Y69         FDCE                                         r  u_ycbcr444_luma_gamma/stage2_boost_mul0_reg[10]/D
  -------------------------------------------------------------------    -------------------

                         (clock clk rise edge)        7.220     7.220 r  
                                                      0.000     7.220 r  clk (IN)
                         net (fo=485, unset)          0.924     8.144    u_ycbcr444_luma_gamma/clk
    SLICE_X93Y69         FDCE                                         r  u_ycbcr444_luma_gamma/stage2_boost_mul0_reg[10]/C
                         clock pessimism              0.000     8.144    
                         clock uncertainty           -0.035     8.109    
    SLICE_X93Y69         FDCE (Setup_fdce_C_D)        0.029     8.138    u_ycbcr444_luma_gamma/stage2_boost_mul0_reg[10]
  -------------------------------------------------------------------
                         required time                          8.138    
                         arrival time                          -7.467    
  -------------------------------------------------------------------
                         slack                                  0.671    

Slack (MET) :             0.685ns  (required time - arrival time)
  Source:                 u_ycbcr444_luma_gamma/stage1_headroom_reg[3]/C
                            (rising edge-triggered cell FDCE clocked by clk  {rise@0.000ns fall@3.610ns period=7.220ns})
  Destination:            u_ycbcr444_luma_gamma/stage2_boost_mul0_reg[13]/D
                            (rising edge-triggered cell FDCE clocked by clk  {rise@0.000ns fall@3.610ns period=7.220ns})
  Path Group:             clk
  Path Type:              Setup (Max at Slow Process Corner)
  Requirement:            7.220ns  (clk rise@7.220ns - clk rise@0.000ns)
  Data Path Delay:        6.482ns  (logic 3.048ns (47.023%)  route 3.434ns (52.977%))
  Logic Levels:           10  (CARRY4=4 LUT2=1 LUT4=1 LUT5=2 LUT6=2)
  Clock Path Skew:        -0.049ns (DCD - SCD + CPR)
    Destination Clock Delay (DCD):    0.924ns = ( 8.144 - 7.220 ) 
    Source Clock Delay      (SCD):    0.973ns
    Clock Pessimism Removal (CPR):    0.000ns
  Clock Uncertainty:      0.035ns  ((TSJ^2 + TIJ^2)^1/2 + DJ) / 2 + PE
    Total System Jitter     (TSJ):    0.071ns
    Total Input Jitter      (TIJ):    0.000ns
    Discrete Jitter          (DJ):    0.000ns
    Phase Error              (PE):    0.000ns

    Location             Delay type                Incr(ns)  Path(ns)    Netlist Resource(s)
  -------------------------------------------------------------------    -------------------
                         (clock clk rise edge)        0.000     0.000 r  
                                                      0.000     0.000 r  clk (IN)
                         net (fo=485, unset)          0.973     0.973    u_ycbcr444_luma_gamma/clk
    SLICE_X88Y72         FDCE                                         r  u_ycbcr444_luma_gamma/stage1_headroom_reg[3]/C
  -------------------------------------------------------------------    -------------------
    SLICE_X88Y72         FDCE (Prop_fdce_C_Q)         0.419     1.392 r  u_ycbcr444_luma_gamma/stage1_headroom_reg[3]/Q
                         net (fo=20, routed)          0.949     2.341    u_ycbcr444_luma_gamma/stage1_headroom[3]
    SLICE_X87Y71         LUT6 (Prop_lut6_I1_O)        0.299     2.640 r  u_ycbcr444_luma_gamma/stage2_boost_mul00__30_carry_i_8/O
                         net (fo=1, routed)           0.394     3.035    u_ycbcr444_luma_gamma/stage2_boost_mul00__30_carry_i_8_n_0
    SLICE_X89Y71         LUT5 (Prop_lut5_I0_O)        0.124     3.159 r  u_ycbcr444_luma_gamma/stage2_boost_mul00__30_carry_i_4/O
                         net (fo=1, routed)           0.000     3.159    u_ycbcr444_luma_gamma/stage2_boost_mul00__30_carry_i_4_n_0
    SLICE_X89Y71         CARRY4 (Prop_carry4_S[3]_CO[3])
                                                      0.401     3.560 r  u_ycbcr444_luma_gamma/stage2_boost_mul00__30_carry/CO[3]
                         net (fo=1, routed)           0.000     3.560    u_ycbcr444_luma_gamma/stage2_boost_mul00__30_carry_n_0
    SLICE_X89Y72         CARRY4 (Prop_carry4_CI_O[1])
                                                      0.334     3.894 r  u_ycbcr444_luma_gamma/stage2_boost_mul00__30_carry__0/O[1]
                         net (fo=3, routed)           0.818     4.711    u_ycbcr444_luma_gamma/stage2_boost_mul00__30_carry__0_n_6
    SLICE_X93Y71         LUT4 (Prop_lut4_I2_O)        0.303     5.014 f  u_ycbcr444_luma_gamma/stage2_boost_mul00__60_carry__0_i_11/O
                         net (fo=3, routed)           0.331     5.346    u_ycbcr444_luma_gamma/stage2_boost_mul00__60_carry__0_i_11_n_0
    SLICE_X91Y70         LUT6 (Prop_lut6_I1_O)        0.124     5.470 r  u_ycbcr444_luma_gamma/stage2_boost_mul00__60_carry__0_i_2/O
                         net (fo=2, routed)           0.531     6.000    u_ycbcr444_luma_gamma/stage2_boost_mul00__60_carry__0_i_2_n_0
    SLICE_X92Y70         LUT5 (Prop_lut5_I0_O)        0.124     6.124 r  u_ycbcr444_luma_gamma/stage2_boost_mul00__60_carry__0_i_6/O
                         net (fo=1, routed)           0.000     6.124    u_ycbcr444_luma_gamma/stage2_boost_mul00__60_carry__0_i_6_n_0
    SLICE_X92Y70         CARRY4 (Prop_carry4_S[2]_CO[3])
                                                      0.380     6.504 r  u_ycbcr444_luma_gamma/stage2_boost_mul00__60_carry__0/CO[3]
                         net (fo=1, routed)           0.000     6.504    u_ycbcr444_luma_gamma/stage2_boost_mul00__60_carry__0_n_0
    SLICE_X92Y71         CARRY4 (Prop_carry4_CI_O[2])
                                                      0.239     6.743 r  u_ycbcr444_luma_gamma/stage2_boost_mul00__60_carry__1/O[2]
                         net (fo=1, routed)           0.411     7.154    u_ycbcr444_luma_gamma/stage2_boost_mul00__97[13]
    SLICE_X93Y72         LUT2 (Prop_lut2_I1_O)        0.301     7.455 r  u_ycbcr444_luma_gamma/stage2_boost_mul0[13]_i_1/O
                         net (fo=1, routed)           0.000     7.455    u_ycbcr444_luma_gamma/stage2_boost_mul0[13]_i_1_n_0
    SLICE_X93Y72         FDCE                                         r  u_ycbcr444_luma_gamma/stage2_boost_mul0_reg[13]/D
  -------------------------------------------------------------------    -------------------

                         (clock clk rise edge)        7.220     7.220 r  
                                                      0.000     7.220 r  clk (IN)
                         net (fo=485, unset)          0.924     8.144    u_ycbcr444_luma_gamma/clk
    SLICE_X93Y72         FDCE                                         r  u_ycbcr444_luma_gamma/stage2_boost_mul0_reg[13]/C
                         clock pessimism              0.000     8.144    
                         clock uncertainty           -0.035     8.109    
    SLICE_X93Y72         FDCE (Setup_fdce_C_D)        0.031     8.140    u_ycbcr444_luma_gamma/stage2_boost_mul0_reg[13]
  -------------------------------------------------------------------
                         required time                          8.140    
                         arrival time                          -7.455    
  -------------------------------------------------------------------
                         slack                                  0.685    

Slack (MET) :             0.845ns  (required time - arrival time)
  Source:                 u_ycbcr444_luma_gamma/m_data_reg[8]/C
                            (rising edge-triggered cell FDCE clocked by clk  {rise@0.000ns fall@3.610ns period=7.220ns})
  Destination:            u_ycbcr444_to_rgb888/stage0_data_reg[4]/D
                            (rising edge-triggered cell FDCE clocked by clk  {rise@0.000ns fall@3.610ns period=7.220ns})
  Path Group:             clk
  Path Type:              Setup (Max at Slow Process Corner)
  Requirement:            7.220ns  (clk rise@7.220ns - clk rise@0.000ns)
  Data Path Delay:        6.366ns  (logic 4.587ns (72.051%)  route 1.779ns (27.949%))
  Logic Levels:           2  (DSP48E1=1 LUT2=1)
  Clock Path Skew:        -0.049ns (DCD - SCD + CPR)
    Destination Clock Delay (DCD):    0.924ns = ( 8.144 - 7.220 ) 
    Source Clock Delay      (SCD):    0.973ns
    Clock Pessimism Removal (CPR):    0.000ns
  Clock Uncertainty:      0.035ns  ((TSJ^2 + TIJ^2)^1/2 + DJ) / 2 + PE
    Total System Jitter     (TSJ):    0.071ns
    Total Input Jitter      (TIJ):    0.000ns
    Discrete Jitter          (DJ):    0.000ns
    Phase Error              (PE):    0.000ns

    Location             Delay type                Incr(ns)  Path(ns)    Netlist Resource(s)
  -------------------------------------------------------------------    -------------------
                         (clock clk rise edge)        0.000     0.000 r  
                                                      0.000     0.000 r  clk (IN)
                         net (fo=485, unset)          0.973     0.973    u_ycbcr444_luma_gamma/clk
    SLICE_X93Y65         FDCE                                         r  u_ycbcr444_luma_gamma/m_data_reg[8]/C
  -------------------------------------------------------------------    -------------------
    SLICE_X93Y65         FDCE (Prop_fdce_C_Q)         0.419     1.392 r  u_ycbcr444_luma_gamma/m_data_reg[8]/Q
                         net (fo=9, routed)           0.749     2.141    u_ycbcr444_to_rgb888/Q[8]
    DSP48_X3Y24          DSP48E1 (Prop_dsp48e1_A[0]_P[4])
                                                      4.016     6.157 r  u_ycbcr444_to_rgb888/ycbcr_to_rgb_stage0_lane_return0/P[4]
                         net (fo=1, routed)           1.030     7.187    u_ycbcr444_luma_gamma/P[4]
    SLICE_X95Y60         LUT2 (Prop_lut2_I1_O)        0.152     7.339 r  u_ycbcr444_luma_gamma/stage0_data[4]_i_1__1/O
                         net (fo=1, routed)           0.000     7.339    u_ycbcr444_to_rgb888/D[4]
    SLICE_X95Y60         FDCE                                         r  u_ycbcr444_to_rgb888/stage0_data_reg[4]/D
  -------------------------------------------------------------------    -------------------

                         (clock clk rise edge)        7.220     7.220 r  
                                                      0.000     7.220 r  clk (IN)
                         net (fo=485, unset)          0.924     8.144    u_ycbcr444_to_rgb888/clk
    SLICE_X95Y60         FDCE                                         r  u_ycbcr444_to_rgb888/stage0_data_reg[4]/C
                         clock pessimism              0.000     8.144    
                         clock uncertainty           -0.035     8.109    
    SLICE_X95Y60         FDCE (Setup_fdce_C_D)        0.075     8.184    u_ycbcr444_to_rgb888/stage0_data_reg[4]
  -------------------------------------------------------------------
                         required time                          8.184    
                         arrival time                          -7.339    
  -------------------------------------------------------------------
                         slack                                  0.845    

Slack (MET) :             0.885ns  (required time - arrival time)
  Source:                 u_ycbcr444_luma_gamma/m_data_reg[8]/C
                            (rising edge-triggered cell FDCE clocked by clk  {rise@0.000ns fall@3.610ns period=7.220ns})
  Destination:            u_ycbcr444_to_rgb888/stage0_data_reg[9]/D
                            (rising edge-triggered cell FDCE clocked by clk  {rise@0.000ns fall@3.610ns period=7.220ns})
  Path Group:             clk
  Path Type:              Setup (Max at Slow Process Corner)
  Requirement:            7.220ns  (clk rise@7.220ns - clk rise@0.000ns)
  Data Path Delay:        6.326ns  (logic 4.585ns (72.477%)  route 1.741ns (27.523%))
  Logic Levels:           2  (DSP48E1=1 LUT2=1)
  Clock Path Skew:        -0.049ns (DCD - SCD + CPR)
    Destination Clock Delay (DCD):    0.924ns = ( 8.144 - 7.220 ) 
    Source Clock Delay      (SCD):    0.973ns
    Clock Pessimism Removal (CPR):    0.000ns
  Clock Uncertainty:      0.035ns  ((TSJ^2 + TIJ^2)^1/2 + DJ) / 2 + PE
    Total System Jitter     (TSJ):    0.071ns
    Total Input Jitter      (TIJ):    0.000ns
    Discrete Jitter          (DJ):    0.000ns
    Phase Error              (PE):    0.000ns

    Location             Delay type                Incr(ns)  Path(ns)    Netlist Resource(s)
  -------------------------------------------------------------------    -------------------
                         (clock clk rise edge)        0.000     0.000 r  
                                                      0.000     0.000 r  clk (IN)
                         net (fo=485, unset)          0.973     0.973    u_ycbcr444_luma_gamma/clk
    SLICE_X93Y65         FDCE                                         r  u_ycbcr444_luma_gamma/m_data_reg[8]/C
  -------------------------------------------------------------------    -------------------
    SLICE_X93Y65         FDCE (Prop_fdce_C_Q)         0.419     1.392 r  u_ycbcr444_luma_gamma/m_data_reg[8]/Q
                         net (fo=9, routed)           0.749     2.141    u_ycbcr444_to_rgb888/Q[8]
    DSP48_X3Y24          DSP48E1 (Prop_dsp48e1_A[0]_P[9])
                                                      4.016     6.157 r  u_ycbcr444_to_rgb888/ycbcr_to_rgb_stage0_lane_return0/P[9]
                         net (fo=1, routed)           0.992     7.149    u_ycbcr444_luma_gamma/P[9]
    SLICE_X97Y61         LUT2 (Prop_lut2_I1_O)        0.150     7.299 r  u_ycbcr444_luma_gamma/stage0_data[9]_i_1__1/O
                         net (fo=1, routed)           0.000     7.299    u_ycbcr444_to_rgb888/D[9]
    SLICE_X97Y61         FDCE                                         r  u_ycbcr444_to_rgb888/stage0_data_reg[9]/D
  -------------------------------------------------------------------    -------------------

                         (clock clk rise edge)        7.220     7.220 r  
                                                      0.000     7.220 r  clk (IN)
                         net (fo=485, unset)          0.924     8.144    u_ycbcr444_to_rgb888/clk
    SLICE_X97Y61         FDCE                                         r  u_ycbcr444_to_rgb888/stage0_data_reg[9]/C
                         clock pessimism              0.000     8.144    
                         clock uncertainty           -0.035     8.109    
    SLICE_X97Y61         FDCE (Setup_fdce_C_D)        0.075     8.184    u_ycbcr444_to_rgb888/stage0_data_reg[9]
  -------------------------------------------------------------------
                         required time                          8.184    
                         arrival time                          -7.299    
  -------------------------------------------------------------------
                         slack                                  0.885    

Slack (MET) :             0.886ns  (required time - arrival time)
  Source:                 u_ycbcr444_luma_gamma/m_data_reg[8]/C
                            (rising edge-triggered cell FDCE clocked by clk  {rise@0.000ns fall@3.610ns period=7.220ns})
  Destination:            u_ycbcr444_to_rgb888/stage0_data_reg[12]/D
                            (rising edge-triggered cell FDCE clocked by clk  {rise@0.000ns fall@3.610ns period=7.220ns})
  Path Group:             clk
  Path Type:              Setup (Max at Slow Process Corner)
  Requirement:            7.220ns  (clk rise@7.220ns - clk rise@0.000ns)
  Data Path Delay:        6.368ns  (logic 4.585ns (71.998%)  route 1.783ns (28.002%))
  Logic Levels:           2  (DSP48E1=1 LUT2=1)
  Clock Path Skew:        -0.049ns (DCD - SCD + CPR)
    Destination Clock Delay (DCD):    0.924ns = ( 8.144 - 7.220 ) 
    Source Clock Delay      (SCD):    0.973ns
    Clock Pessimism Removal (CPR):    0.000ns
  Clock Uncertainty:      0.035ns  ((TSJ^2 + TIJ^2)^1/2 + DJ) / 2 + PE
    Total System Jitter     (TSJ):    0.071ns
    Total Input Jitter      (TIJ):    0.000ns
    Discrete Jitter          (DJ):    0.000ns
    Phase Error              (PE):    0.000ns

    Location             Delay type                Incr(ns)  Path(ns)    Netlist Resource(s)
  -------------------------------------------------------------------    -------------------
                         (clock clk rise edge)        0.000     0.000 r  
                                                      0.000     0.000 r  clk (IN)
                         net (fo=485, unset)          0.973     0.973    u_ycbcr444_luma_gamma/clk
    SLICE_X93Y65         FDCE                                         r  u_ycbcr444_luma_gamma/m_data_reg[8]/C
  -------------------------------------------------------------------    -------------------
    SLICE_X93Y65         FDCE (Prop_fdce_C_Q)         0.419     1.392 r  u_ycbcr444_luma_gamma/m_data_reg[8]/Q
                         net (fo=9, routed)           0.749     2.141    u_ycbcr444_to_rgb888/Q[8]
    DSP48_X3Y24          DSP48E1 (Prop_dsp48e1_A[0]_P[12])
                                                      4.016     6.157 r  u_ycbcr444_to_rgb888/ycbcr_to_rgb_stage0_lane_return0/P[12]
                         net (fo=1, routed)           1.034     7.191    u_ycbcr444_luma_gamma/P[12]
    SLICE_X96Y63         LUT2 (Prop_lut2_I1_O)        0.150     7.341 r  u_ycbcr444_luma_gamma/stage0_data[12]_i_1__1/O
                         net (fo=1, routed)           0.000     7.341    u_ycbcr444_to_rgb888/D[12]
    SLICE_X96Y63         FDCE                                         r  u_ycbcr444_to_rgb888/stage0_data_reg[12]/D
  -------------------------------------------------------------------    -------------------

                         (clock clk rise edge)        7.220     7.220 r  
                                                      0.000     7.220 r  clk (IN)
                         net (fo=485, unset)          0.924     8.144    u_ycbcr444_to_rgb888/clk
    SLICE_X96Y63         FDCE                                         r  u_ycbcr444_to_rgb888/stage0_data_reg[12]/C
                         clock pessimism              0.000     8.144    
                         clock uncertainty           -0.035     8.109    
    SLICE_X96Y63         FDCE (Setup_fdce_C_D)        0.118     8.227    u_ycbcr444_to_rgb888/stage0_data_reg[12]
  -------------------------------------------------------------------
                         required time                          8.227    
                         arrival time                          -7.341    
  -------------------------------------------------------------------
                         slack                                  0.886    

Slack (MET) :             0.891ns  (required time - arrival time)
  Source:                 u_ycbcr444_luma_gamma/stage2_boost_mul0_reg[9]/C
                            (rising edge-triggered cell FDCE clocked by clk  {rise@0.000ns fall@3.610ns period=7.220ns})
  Destination:            u_ycbcr444_luma_gamma/stage3_boost_mul1_reg[16]/D
                            (rising edge-triggered cell FDCE clocked by clk  {rise@0.000ns fall@3.610ns period=7.220ns})
  Path Group:             clk
  Path Type:              Setup (Max at Slow Process Corner)
  Requirement:            7.220ns  (clk rise@7.220ns - clk rise@0.000ns)
  Data Path Delay:        6.320ns  (logic 4.587ns (72.576%)  route 1.733ns (27.424%))
  Logic Levels:           2  (DSP48E1=1 LUT2=1)
  Clock Path Skew:        -0.049ns (DCD - SCD + CPR)
    Destination Clock Delay (DCD):    0.924ns = ( 8.144 - 7.220 ) 
    Source Clock Delay      (SCD):    0.973ns
    Clock Pessimism Removal (CPR):    0.000ns
  Clock Uncertainty:      0.035ns  ((TSJ^2 + TIJ^2)^1/2 + DJ) / 2 + PE
    Total System Jitter     (TSJ):    0.071ns
    Total Input Jitter      (TIJ):    0.000ns
    Discrete Jitter          (DJ):    0.000ns
    Phase Error              (PE):    0.000ns

    Location             Delay type                Incr(ns)  Path(ns)    Netlist Resource(s)
  -------------------------------------------------------------------    -------------------
                         (clock clk rise edge)        0.000     0.000 r  
                                                      0.000     0.000 r  clk (IN)
                         net (fo=485, unset)          0.973     0.973    u_ycbcr444_luma_gamma/clk
    SLICE_X93Y69         FDCE                                         r  u_ycbcr444_luma_gamma/stage2_boost_mul0_reg[9]/C
  -------------------------------------------------------------------    -------------------
    SLICE_X93Y69         FDCE (Prop_fdce_C_Q)         0.419     1.392 r  u_ycbcr444_luma_gamma/stage2_boost_mul0_reg[9]/Q
                         net (fo=1, routed)           0.678     2.070    u_ycbcr444_luma_gamma/stage2_boost_mul0[9]
    DSP48_X3Y28          DSP48E1 (Prop_dsp48e1_A[9]_P[16])
                                                      4.016     6.086 r  u_ycbcr444_luma_gamma/stage3_boost_mul10/P[16]
                         net (fo=1, routed)           1.055     7.141    u_ycbcr444_luma_gamma/stage3_boost_mul10_n_89
    SLICE_X95Y70         LUT2 (Prop_lut2_I1_O)        0.152     7.293 r  u_ycbcr444_luma_gamma/stage3_boost_mul1[16]_i_1/O
                         net (fo=1, routed)           0.000     7.293    u_ycbcr444_luma_gamma/stage3_boost_mul1[16]_i_1_n_0
    SLICE_X95Y70         FDCE                                         r  u_ycbcr444_luma_gamma/stage3_boost_mul1_reg[16]/D
  -------------------------------------------------------------------    -------------------

                         (clock clk rise edge)        7.220     7.220 r  
                                                      0.000     7.220 r  clk (IN)
                         net (fo=485, unset)          0.924     8.144    u_ycbcr444_luma_gamma/clk
    SLICE_X95Y70         FDCE                                         r  u_ycbcr444_luma_gamma/stage3_boost_mul1_reg[16]/C
                         clock pessimism              0.000     8.144    
                         clock uncertainty           -0.035     8.109    
    SLICE_X95Y70         FDCE (Setup_fdce_C_D)        0.075     8.184    u_ycbcr444_luma_gamma/stage3_boost_mul1_reg[16]
  -------------------------------------------------------------------
                         required time                          8.184    
                         arrival time                          -7.293    
  -------------------------------------------------------------------
                         slack                                  0.891    

Slack (MET) :             0.899ns  (required time - arrival time)
  Source:                 u_ycbcr444_luma_gamma/m_data_reg[8]/C
                            (rising edge-triggered cell FDCE clocked by clk  {rise@0.000ns fall@3.610ns period=7.220ns})
  Destination:            u_ycbcr444_to_rgb888/stage0_data_reg[14]/D
                            (rising edge-triggered cell FDCE clocked by clk  {rise@0.000ns fall@3.610ns period=7.220ns})
  Path Group:             clk
  Path Type:              Setup (Max at Slow Process Corner)
  Requirement:            7.220ns  (clk rise@7.220ns - clk rise@0.000ns)
  Data Path Delay:        6.312ns  (logic 4.585ns (72.641%)  route 1.727ns (27.359%))
  Logic Levels:           2  (DSP48E1=1 LUT2=1)
  Clock Path Skew:        -0.049ns (DCD - SCD + CPR)
    Destination Clock Delay (DCD):    0.924ns = ( 8.144 - 7.220 ) 
    Source Clock Delay      (SCD):    0.973ns
    Clock Pessimism Removal (CPR):    0.000ns
  Clock Uncertainty:      0.035ns  ((TSJ^2 + TIJ^2)^1/2 + DJ) / 2 + PE
    Total System Jitter     (TSJ):    0.071ns
    Total Input Jitter      (TIJ):    0.000ns
    Discrete Jitter          (DJ):    0.000ns
    Phase Error              (PE):    0.000ns

    Location             Delay type                Incr(ns)  Path(ns)    Netlist Resource(s)
  -------------------------------------------------------------------    -------------------
                         (clock clk rise edge)        0.000     0.000 r  
                                                      0.000     0.000 r  clk (IN)
                         net (fo=485, unset)          0.973     0.973    u_ycbcr444_luma_gamma/clk
    SLICE_X93Y65         FDCE                                         r  u_ycbcr444_luma_gamma/m_data_reg[8]/C
  -------------------------------------------------------------------    -------------------
    SLICE_X93Y65         FDCE (Prop_fdce_C_Q)         0.419     1.392 r  u_ycbcr444_luma_gamma/m_data_reg[8]/Q
                         net (fo=9, routed)           0.749     2.141    u_ycbcr444_to_rgb888/Q[8]
    DSP48_X3Y24          DSP48E1 (Prop_dsp48e1_A[0]_P[14])
                                                      4.016     6.157 r  u_ycbcr444_to_rgb888/ycbcr_to_rgb_stage0_lane_return0/P[14]
                         net (fo=1, routed)           0.978     7.135    u_ycbcr444_luma_gamma/P[14]
    SLICE_X97Y63         LUT2 (Prop_lut2_I1_O)        0.150     7.285 r  u_ycbcr444_luma_gamma/stage0_data[14]_i_1__0/O
                         net (fo=1, routed)           0.000     7.285    u_ycbcr444_to_rgb888/D[14]
    SLICE_X97Y63         FDCE                                         r  u_ycbcr444_to_rgb888/stage0_data_reg[14]/D
  -------------------------------------------------------------------    -------------------

                         (clock clk rise edge)        7.220     7.220 r  
                                                      0.000     7.220 r  clk (IN)
                         net (fo=485, unset)          0.924     8.144    u_ycbcr444_to_rgb888/clk
    SLICE_X97Y63         FDCE                                         r  u_ycbcr444_to_rgb888/stage0_data_reg[14]/C
                         clock pessimism              0.000     8.144    
                         clock uncertainty           -0.035     8.109    
    SLICE_X97Y63         FDCE (Setup_fdce_C_D)        0.075     8.184    u_ycbcr444_to_rgb888/stage0_data_reg[14]
  -------------------------------------------------------------------
                         required time                          8.184    
                         arrival time                          -7.285    
  -------------------------------------------------------------------
                         slack                                  0.899    

Slack (MET) :             0.914ns  (required time - arrival time)
  Source:                 u_ycbcr444_luma_gamma/stage2_boost_mul0_reg[9]/C
                            (rising edge-triggered cell FDCE clocked by clk  {rise@0.000ns fall@3.610ns period=7.220ns})
  Destination:            u_ycbcr444_luma_gamma/stage3_boost_mul1_reg[17]/D
                            (rising edge-triggered cell FDCE clocked by clk  {rise@0.000ns fall@3.610ns period=7.220ns})
  Path Group:             clk
  Path Type:              Setup (Max at Slow Process Corner)
  Requirement:            7.220ns  (clk rise@7.220ns - clk rise@0.000ns)
  Data Path Delay:        6.299ns  (logic 4.559ns (72.376%)  route 1.740ns (27.624%))
  Logic Levels:           2  (DSP48E1=1 LUT2=1)
  Clock Path Skew:        -0.049ns (DCD - SCD + CPR)
    Destination Clock Delay (DCD):    0.924ns = ( 8.144 - 7.220 ) 
    Source Clock Delay      (SCD):    0.973ns
    Clock Pessimism Removal (CPR):    0.000ns
  Clock Uncertainty:      0.035ns  ((TSJ^2 + TIJ^2)^1/2 + DJ) / 2 + PE
    Total System Jitter     (TSJ):    0.071ns
    Total Input Jitter      (TIJ):    0.000ns
    Discrete Jitter          (DJ):    0.000ns
    Phase Error              (PE):    0.000ns

    Location             Delay type                Incr(ns)  Path(ns)    Netlist Resource(s)
  -------------------------------------------------------------------    -------------------
                         (clock clk rise edge)        0.000     0.000 r  
                                                      0.000     0.000 r  clk (IN)
                         net (fo=485, unset)          0.973     0.973    u_ycbcr444_luma_gamma/clk
    SLICE_X93Y69         FDCE                                         r  u_ycbcr444_luma_gamma/stage2_boost_mul0_reg[9]/C
  -------------------------------------------------------------------    -------------------
    SLICE_X93Y69         FDCE (Prop_fdce_C_Q)         0.419     1.392 r  u_ycbcr444_luma_gamma/stage2_boost_mul0_reg[9]/Q
                         net (fo=1, routed)           0.678     2.070    u_ycbcr444_luma_gamma/stage2_boost_mul0[9]
    DSP48_X3Y28          DSP48E1 (Prop_dsp48e1_A[9]_P[17])
                                                      4.016     6.086 r  u_ycbcr444_luma_gamma/stage3_boost_mul10/P[17]
                         net (fo=1, routed)           1.062     7.148    u_ycbcr444_luma_gamma/stage3_boost_mul10_n_88
    SLICE_X94Y70         LUT2 (Prop_lut2_I1_O)        0.124     7.272 r  u_ycbcr444_luma_gamma/stage3_boost_mul1[17]_i_1/O
                         net (fo=1, routed)           0.000     7.272    u_ycbcr444_luma_gamma/stage3_boost_mul1[17]_i_1_n_0
    SLICE_X94Y70         FDCE                                         r  u_ycbcr444_luma_gamma/stage3_boost_mul1_reg[17]/D
  -------------------------------------------------------------------    -------------------

                         (clock clk rise edge)        7.220     7.220 r  
                                                      0.000     7.220 r  clk (IN)
                         net (fo=485, unset)          0.924     8.144    u_ycbcr444_luma_gamma/clk
    SLICE_X94Y70         FDCE                                         r  u_ycbcr444_luma_gamma/stage3_boost_mul1_reg[17]/C
                         clock pessimism              0.000     8.144    
                         clock uncertainty           -0.035     8.109    
    SLICE_X94Y70         FDCE (Setup_fdce_C_D)        0.077     8.186    u_ycbcr444_luma_gamma/stage3_boost_mul1_reg[17]
  -------------------------------------------------------------------
                         required time                          8.186    
                         arrival time                          -7.272    
  -------------------------------------------------------------------
                         slack                                  0.914    

Slack (MET) :             0.925ns  (required time - arrival time)
  Source:                 u_ycbcr444_luma_gamma/m_data_reg[8]/C
                            (rising edge-triggered cell FDCE clocked by clk  {rise@0.000ns fall@3.610ns period=7.220ns})
  Destination:            u_ycbcr444_to_rgb888/stage0_data_reg[10]/D
                            (rising edge-triggered cell FDCE clocked by clk  {rise@0.000ns fall@3.610ns period=7.220ns})
  Path Group:             clk
  Path Type:              Setup (Max at Slow Process Corner)
  Requirement:            7.220ns  (clk rise@7.220ns - clk rise@0.000ns)
  Data Path Delay:        6.240ns  (logic 4.559ns (73.057%)  route 1.681ns (26.943%))
  Logic Levels:           2  (DSP48E1=1 LUT2=1)
  Clock Path Skew:        -0.049ns (DCD - SCD + CPR)
    Destination Clock Delay (DCD):    0.924ns = ( 8.144 - 7.220 ) 
    Source Clock Delay      (SCD):    0.973ns
    Clock Pessimism Removal (CPR):    0.000ns
  Clock Uncertainty:      0.035ns  ((TSJ^2 + TIJ^2)^1/2 + DJ) / 2 + PE
    Total System Jitter     (TSJ):    0.071ns
    Total Input Jitter      (TIJ):    0.000ns
    Discrete Jitter          (DJ):    0.000ns
    Phase Error              (PE):    0.000ns

    Location             Delay type                Incr(ns)  Path(ns)    Netlist Resource(s)
  -------------------------------------------------------------------    -------------------
                         (clock clk rise edge)        0.000     0.000 r  
                                                      0.000     0.000 r  clk (IN)
                         net (fo=485, unset)          0.973     0.973    u_ycbcr444_luma_gamma/clk
    SLICE_X93Y65         FDCE                                         r  u_ycbcr444_luma_gamma/m_data_reg[8]/C
  -------------------------------------------------------------------    -------------------
    SLICE_X93Y65         FDCE (Prop_fdce_C_Q)         0.419     1.392 r  u_ycbcr444_luma_gamma/m_data_reg[8]/Q
                         net (fo=9, routed)           0.749     2.141    u_ycbcr444_to_rgb888/Q[8]
    DSP48_X3Y24          DSP48E1 (Prop_dsp48e1_A[0]_P[10])
                                                      4.016     6.157 r  u_ycbcr444_to_rgb888/ycbcr_to_rgb_stage0_lane_return0/P[10]
                         net (fo=1, routed)           0.932     7.089    u_ycbcr444_luma_gamma/P[10]
    SLICE_X97Y61         LUT2 (Prop_lut2_I1_O)        0.124     7.213 r  u_ycbcr444_luma_gamma/stage0_data[10]_i_1__1/O
                         net (fo=1, routed)           0.000     7.213    u_ycbcr444_to_rgb888/D[10]
    SLICE_X97Y61         FDCE                                         r  u_ycbcr444_to_rgb888/stage0_data_reg[10]/D
  -------------------------------------------------------------------    -------------------

                         (clock clk rise edge)        7.220     7.220 r  
                                                      0.000     7.220 r  clk (IN)
                         net (fo=485, unset)          0.924     8.144    u_ycbcr444_to_rgb888/clk
    SLICE_X97Y61         FDCE                                         r  u_ycbcr444_to_rgb888/stage0_data_reg[10]/C
                         clock pessimism              0.000     8.144    
                         clock uncertainty           -0.035     8.109    
    SLICE_X97Y61         FDCE (Setup_fdce_C_D)        0.029     8.138    u_ycbcr444_to_rgb888/stage0_data_reg[10]
  -------------------------------------------------------------------
                         required time                          8.138    
                         arrival time                          -7.213    
  -------------------------------------------------------------------
                         slack                                  0.925    

Slack (MET) :             0.943ns  (required time - arrival time)
  Source:                 u_ycbcr444_luma_gamma/stage1_headroom_reg[3]/C
                            (rising edge-triggered cell FDCE clocked by clk  {rise@0.000ns fall@3.610ns period=7.220ns})
  Destination:            u_ycbcr444_luma_gamma/stage2_boost_mul0_reg[8]/D
                            (rising edge-triggered cell FDCE clocked by clk  {rise@0.000ns fall@3.610ns period=7.220ns})
  Path Group:             clk
  Path Type:              Setup (Max at Slow Process Corner)
  Requirement:            7.220ns  (clk rise@7.220ns - clk rise@0.000ns)
  Data Path Delay:        6.268ns  (logic 2.692ns (42.949%)  route 3.576ns (57.051%))
  Logic Levels:           9  (CARRY4=3 LUT2=1 LUT4=1 LUT5=2 LUT6=2)
  Clock Path Skew:        -0.049ns (DCD - SCD + CPR)
    Destination Clock Delay (DCD):    0.924ns = ( 8.144 - 7.220 ) 
    Source Clock Delay      (SCD):    0.973ns
    Clock Pessimism Removal (CPR):    0.000ns
  Clock Uncertainty:      0.035ns  ((TSJ^2 + TIJ^2)^1/2 + DJ) / 2 + PE
    Total System Jitter     (TSJ):    0.071ns
    Total Input Jitter      (TIJ):    0.000ns
    Discrete Jitter          (DJ):    0.000ns
    Phase Error              (PE):    0.000ns

    Location             Delay type                Incr(ns)  Path(ns)    Netlist Resource(s)
  -------------------------------------------------------------------    -------------------
                         (clock clk rise edge)        0.000     0.000 r  
                                                      0.000     0.000 r  clk (IN)
                         net (fo=485, unset)          0.973     0.973    u_ycbcr444_luma_gamma/clk
    SLICE_X88Y72         FDCE                                         r  u_ycbcr444_luma_gamma/stage1_headroom_reg[3]/C
  -------------------------------------------------------------------    -------------------
    SLICE_X88Y72         FDCE (Prop_fdce_C_Q)         0.419     1.392 r  u_ycbcr444_luma_gamma/stage1_headroom_reg[3]/Q
                         net (fo=20, routed)          0.949     2.341    u_ycbcr444_luma_gamma/stage1_headroom[3]
    SLICE_X87Y71         LUT6 (Prop_lut6_I1_O)        0.299     2.640 r  u_ycbcr444_luma_gamma/stage2_boost_mul00__30_carry_i_8/O
                         net (fo=1, routed)           0.394     3.035    u_ycbcr444_luma_gamma/stage2_boost_mul00__30_carry_i_8_n_0
    SLICE_X89Y71         LUT5 (Prop_lut5_I0_O)        0.124     3.159 r  u_ycbcr444_luma_gamma/stage2_boost_mul00__30_carry_i_4/O
                         net (fo=1, routed)           0.000     3.159    u_ycbcr444_luma_gamma/stage2_boost_mul00__30_carry_i_4_n_0
    SLICE_X89Y71         CARRY4 (Prop_carry4_S[3]_CO[3])
                                                      0.401     3.560 r  u_ycbcr444_luma_gamma/stage2_boost_mul00__30_carry/CO[3]
                         net (fo=1, routed)           0.000     3.560    u_ycbcr444_luma_gamma/stage2_boost_mul00__30_carry_n_0
    SLICE_X89Y72         CARRY4 (Prop_carry4_CI_O[1])
                                                      0.334     3.894 r  u_ycbcr444_luma_gamma/stage2_boost_mul00__30_carry__0/O[1]
                         net (fo=3, routed)           0.818     4.711    u_ycbcr444_luma_gamma/stage2_boost_mul00__30_carry__0_n_6
    SLICE_X93Y71         LUT4 (Prop_lut4_I2_O)        0.303     5.014 r  u_ycbcr444_luma_gamma/stage2_boost_mul00__60_carry__0_i_11/O
                         net (fo=3, routed)           0.317     5.332    u_ycbcr444_luma_gamma/stage2_boost_mul00__60_carry__0_i_11_n_0
    SLICE_X93Y69         LUT6 (Prop_lut6_I5_O)        0.124     5.456 r  u_ycbcr444_luma_gamma/stage2_boost_mul00__60_carry__0_i_15/O
                         net (fo=1, routed)           0.303     5.759    u_ycbcr444_luma_gamma/stage2_boost_mul00__60_carry__0_i_15_n_0
    SLICE_X92Y70         LUT5 (Prop_lut5_I0_O)        0.124     5.883 r  u_ycbcr444_luma_gamma/stage2_boost_mul00__60_carry__0_i_7/O
                         net (fo=1, routed)           0.000     5.883    u_ycbcr444_luma_gamma/stage2_boost_mul00__60_carry__0_i_7_n_0
    SLICE_X92Y70         CARRY4 (Prop_carry4_S[1]_O[1])
                                                      0.230     6.113 r  u_ycbcr444_luma_gamma/stage2_boost_mul00__60_carry__0/O[1]
                         net (fo=1, routed)           0.794     6.907    u_ycbcr444_luma_gamma/stage2_boost_mul00__97[8]
    SLICE_X91Y73         LUT2 (Prop_lut2_I1_O)        0.334     7.241 r  u_ycbcr444_luma_gamma/stage2_boost_mul0[8]_i_1/O
                         net (fo=1, routed)           0.000     7.241    u_ycbcr444_luma_gamma/stage2_boost_mul0[8]_i_1_n_0
    SLICE_X91Y73         FDCE                                         r  u_ycbcr444_luma_gamma/stage2_boost_mul0_reg[8]/D
  -------------------------------------------------------------------    -------------------

                         (clock clk rise edge)        7.220     7.220 r  
                                                      0.000     7.220 r  clk (IN)
                         net (fo=485, unset)          0.924     8.144    u_ycbcr444_luma_gamma/clk
    SLICE_X91Y73         FDCE                                         r  u_ycbcr444_luma_gamma/stage2_boost_mul0_reg[8]/C
                         clock pessimism              0.000     8.144    
                         clock uncertainty           -0.035     8.109    
    SLICE_X91Y73         FDCE (Setup_fdce_C_D)        0.075     8.184    u_ycbcr444_luma_gamma/stage2_boost_mul0_reg[8]
  -------------------------------------------------------------------
                         required time                          8.184    
                         arrival time                          -7.241    
  -------------------------------------------------------------------
                         slack                                  0.943    

Slack (MET) :             0.947ns  (required time - arrival time)
  Source:                 u_ycbcr444_luma_gamma/m_data_reg[8]/C
                            (rising edge-triggered cell FDCE clocked by clk  {rise@0.000ns fall@3.610ns period=7.220ns})
  Destination:            u_ycbcr444_to_rgb888/stage0_data_reg[8]/D
                            (rising edge-triggered cell FDCE clocked by clk  {rise@0.000ns fall@3.610ns period=7.220ns})
  Path Group:             clk
  Path Type:              Setup (Max at Slow Process Corner)
  Requirement:            7.220ns  (clk rise@7.220ns - clk rise@0.000ns)
  Data Path Delay:        6.264ns  (logic 4.584ns (73.179%)  route 1.680ns (26.821%))
  Logic Levels:           2  (DSP48E1=1 LUT2=1)
  Clock Path Skew:        -0.049ns (DCD - SCD + CPR)
    Destination Clock Delay (DCD):    0.924ns = ( 8.144 - 7.220 ) 
    Source Clock Delay      (SCD):    0.973ns
    Clock Pessimism Removal (CPR):    0.000ns
  Clock Uncertainty:      0.035ns  ((TSJ^2 + TIJ^2)^1/2 + DJ) / 2 + PE
    Total System Jitter     (TSJ):    0.071ns
    Total Input Jitter      (TIJ):    0.000ns
    Discrete Jitter          (DJ):    0.000ns
    Phase Error              (PE):    0.000ns

    Location             Delay type                Incr(ns)  Path(ns)    Netlist Resource(s)
  -------------------------------------------------------------------    -------------------
                         (clock clk rise edge)        0.000     0.000 r  
                                                      0.000     0.000 r  clk (IN)
                         net (fo=485, unset)          0.973     0.973    u_ycbcr444_luma_gamma/clk
    SLICE_X93Y65         FDCE                                         r  u_ycbcr444_luma_gamma/m_data_reg[8]/C
  -------------------------------------------------------------------    -------------------
    SLICE_X93Y65         FDCE (Prop_fdce_C_Q)         0.419     1.392 r  u_ycbcr444_luma_gamma/m_data_reg[8]/Q
                         net (fo=9, routed)           0.749     2.141    u_ycbcr444_to_rgb888/Q[8]
    DSP48_X3Y24          DSP48E1 (Prop_dsp48e1_A[0]_P[8])
                                                      4.016     6.157 r  u_ycbcr444_to_rgb888/ycbcr_to_rgb_stage0_lane_return0/P[8]
                         net (fo=1, routed)           0.931     7.088    u_ycbcr444_luma_gamma/P[8]
    SLICE_X97Y61         LUT2 (Prop_lut2_I1_O)        0.149     7.237 r  u_ycbcr444_luma_gamma/stage0_data[8]_i_1__1/O
                         net (fo=1, routed)           0.000     7.237    u_ycbcr444_to_rgb888/D[8]
    SLICE_X97Y61         FDCE                                         r  u_ycbcr444_to_rgb888/stage0_data_reg[8]/D
  -------------------------------------------------------------------    -------------------

                         (clock clk rise edge)        7.220     7.220 r  
                                                      0.000     7.220 r  clk (IN)
                         net (fo=485, unset)          0.924     8.144    u_ycbcr444_to_rgb888/clk
    SLICE_X97Y61         FDCE                                         r  u_ycbcr444_to_rgb888/stage0_data_reg[8]/C
                         clock pessimism              0.000     8.144    
                         clock uncertainty           -0.035     8.109    
    SLICE_X97Y61         FDCE (Setup_fdce_C_D)        0.075     8.184    u_ycbcr444_to_rgb888/stage0_data_reg[8]
  -------------------------------------------------------------------
                         required time                          8.184    
                         arrival time                          -7.237    
  -------------------------------------------------------------------
                         slack                                  0.947    

Slack (MET) :             0.947ns  (required time - arrival time)
  Source:                 u_ycbcr444_luma_gamma/m_data_reg[8]/C
                            (rising edge-triggered cell FDCE clocked by clk  {rise@0.000ns fall@3.610ns period=7.220ns})
  Destination:            u_ycbcr444_to_rgb888/stage0_data_reg[2]/D
                            (rising edge-triggered cell FDCE clocked by clk  {rise@0.000ns fall@3.610ns period=7.220ns})
  Path Group:             clk
  Path Type:              Setup (Max at Slow Process Corner)
  Requirement:            7.220ns  (clk rise@7.220ns - clk rise@0.000ns)
  Data Path Delay:        6.264ns  (logic 4.585ns (73.195%)  route 1.679ns (26.805%))
  Logic Levels:           2  (DSP48E1=1 LUT2=1)
  Clock Path Skew:        -0.049ns (DCD - SCD + CPR)
    Destination Clock Delay (DCD):    0.924ns = ( 8.144 - 7.220 ) 
    Source Clock Delay      (SCD):    0.973ns
    Clock Pessimism Removal (CPR):    0.000ns
  Clock Uncertainty:      0.035ns  ((TSJ^2 + TIJ^2)^1/2 + DJ) / 2 + PE
    Total System Jitter     (TSJ):    0.071ns
    Total Input Jitter      (TIJ):    0.000ns
    Discrete Jitter          (DJ):    0.000ns
    Phase Error              (PE):    0.000ns

    Location             Delay type                Incr(ns)  Path(ns)    Netlist Resource(s)
  -------------------------------------------------------------------    -------------------
                         (clock clk rise edge)        0.000     0.000 r  
                                                      0.000     0.000 r  clk (IN)
                         net (fo=485, unset)          0.973     0.973    u_ycbcr444_luma_gamma/clk
    SLICE_X93Y65         FDCE                                         r  u_ycbcr444_luma_gamma/m_data_reg[8]/C
  -------------------------------------------------------------------    -------------------
    SLICE_X93Y65         FDCE (Prop_fdce_C_Q)         0.419     1.392 r  u_ycbcr444_luma_gamma/m_data_reg[8]/Q
                         net (fo=9, routed)           0.749     2.141    u_ycbcr444_to_rgb888/Q[8]
    DSP48_X3Y24          DSP48E1 (Prop_dsp48e1_A[0]_P[2])
                                                      4.016     6.157 r  u_ycbcr444_to_rgb888/ycbcr_to_rgb_stage0_lane_return0/P[2]
                         net (fo=1, routed)           0.930     7.087    u_ycbcr444_luma_gamma/P[2]
    SLICE_X97Y61         LUT2 (Prop_lut2_I1_O)        0.150     7.237 r  u_ycbcr444_luma_gamma/stage0_data[2]_i_1__1/O
                         net (fo=1, routed)           0.000     7.237    u_ycbcr444_to_rgb888/D[2]
    SLICE_X97Y61         FDCE                                         r  u_ycbcr444_to_rgb888/stage0_data_reg[2]/D
  -------------------------------------------------------------------    -------------------

                         (clock clk rise edge)        7.220     7.220 r  
                                                      0.000     7.220 r  clk (IN)
                         net (fo=485, unset)          0.924     8.144    u_ycbcr444_to_rgb888/clk
    SLICE_X97Y61         FDCE                                         r  u_ycbcr444_to_rgb888/stage0_data_reg[2]/C
                         clock pessimism              0.000     8.144    
                         clock uncertainty           -0.035     8.109    
    SLICE_X97Y61         FDCE (Setup_fdce_C_D)        0.075     8.184    u_ycbcr444_to_rgb888/stage0_data_reg[2]
  -------------------------------------------------------------------
                         required time                          8.184    
                         arrival time                          -7.237    
  -------------------------------------------------------------------
                         slack                                  0.947    

Slack (MET) :             0.964ns  (required time - arrival time)
  Source:                 u_ycbcr444_luma_gamma/stage1_headroom_reg[3]/C
                            (rising edge-triggered cell FDCE clocked by clk  {rise@0.000ns fall@3.610ns period=7.220ns})
  Destination:            u_ycbcr444_luma_gamma/stage2_boost_mul0_reg[9]/D
                            (rising edge-triggered cell FDCE clocked by clk  {rise@0.000ns fall@3.610ns period=7.220ns})
  Path Group:             clk
  Path Type:              Setup (Max at Slow Process Corner)
  Requirement:            7.220ns  (clk rise@7.220ns - clk rise@0.000ns)
  Data Path Delay:        6.247ns  (logic 2.846ns (45.556%)  route 3.401ns (54.444%))
  Logic Levels:           8  (CARRY4=3 LUT2=1 LUT4=1 LUT5=1 LUT6=2)
  Clock Path Skew:        -0.049ns (DCD - SCD + CPR)
    Destination Clock Delay (DCD):    0.924ns = ( 8.144 - 7.220 ) 
    Source Clock Delay      (SCD):    0.973ns
    Clock Pessimism Removal (CPR):    0.000ns
  Clock Uncertainty:      0.035ns  ((TSJ^2 + TIJ^2)^1/2 + DJ) / 2 + PE
    Total System Jitter     (TSJ):    0.071ns
    Total Input Jitter      (TIJ):    0.000ns
    Discrete Jitter          (DJ):    0.000ns
    Phase Error              (PE):    0.000ns

    Location             Delay type                Incr(ns)  Path(ns)    Netlist Resource(s)
  -------------------------------------------------------------------    -------------------
                         (clock clk rise edge)        0.000     0.000 r  
                                                      0.000     0.000 r  clk (IN)
                         net (fo=485, unset)          0.973     0.973    u_ycbcr444_luma_gamma/clk
    SLICE_X88Y72         FDCE                                         r  u_ycbcr444_luma_gamma/stage1_headroom_reg[3]/C
  -------------------------------------------------------------------    -------------------
    SLICE_X88Y72         FDCE (Prop_fdce_C_Q)         0.419     1.392 r  u_ycbcr444_luma_gamma/stage1_headroom_reg[3]/Q
                         net (fo=20, routed)          0.949     2.341    u_ycbcr444_luma_gamma/stage1_headroom[3]
    SLICE_X87Y71         LUT6 (Prop_lut6_I1_O)        0.299     2.640 r  u_ycbcr444_luma_gamma/stage2_boost_mul00__30_carry_i_8/O
                         net (fo=1, routed)           0.394     3.035    u_ycbcr444_luma_gamma/stage2_boost_mul00__30_carry_i_8_n_0
    SLICE_X89Y71         LUT5 (Prop_lut5_I0_O)        0.124     3.159 r  u_ycbcr444_luma_gamma/stage2_boost_mul00__30_carry_i_4/O
                         net (fo=1, routed)           0.000     3.159    u_ycbcr444_luma_gamma/stage2_boost_mul00__30_carry_i_4_n_0
    SLICE_X89Y71         CARRY4 (Prop_carry4_S[3]_CO[3])
                                                      0.401     3.560 r  u_ycbcr444_luma_gamma/stage2_boost_mul00__30_carry/CO[3]
                         net (fo=1, routed)           0.000     3.560    u_ycbcr444_luma_gamma/stage2_boost_mul00__30_carry_n_0
    SLICE_X89Y72         CARRY4 (Prop_carry4_CI_O[1])
                                                      0.334     3.894 r  u_ycbcr444_luma_gamma/stage2_boost_mul00__30_carry__0/O[1]
                         net (fo=3, routed)           0.818     4.711    u_ycbcr444_luma_gamma/stage2_boost_mul00__30_carry__0_n_6
    SLICE_X93Y71         LUT4 (Prop_lut4_I2_O)        0.303     5.014 r  u_ycbcr444_luma_gamma/stage2_boost_mul00__60_carry__0_i_11/O
                         net (fo=3, routed)           0.485     5.499    u_ycbcr444_luma_gamma/stage2_boost_mul00__60_carry__0_i_11_n_0
    SLICE_X90Y69         LUT6 (Prop_lut6_I0_O)        0.124     5.623 r  u_ycbcr444_luma_gamma/stage2_boost_mul00__60_carry__0_i_3/O
                         net (fo=1, routed)           0.349     5.973    u_ycbcr444_luma_gamma/stage2_boost_mul00__60_carry__0_i_3_n_0
    SLICE_X92Y70         CARRY4 (Prop_carry4_DI[1]_O[2])
                                                      0.547     6.520 r  u_ycbcr444_luma_gamma/stage2_boost_mul00__60_carry__0/O[2]
                         net (fo=1, routed)           0.406     6.925    u_ycbcr444_luma_gamma/stage2_boost_mul00__97[9]
    SLICE_X93Y69         LUT2 (Prop_lut2_I1_O)        0.295     7.220 r  u_ycbcr444_luma_gamma/stage2_boost_mul0[9]_i_1/O
                         net (fo=1, routed)           0.000     7.220    u_ycbcr444_luma_gamma/stage2_boost_mul0[9]_i_1_n_0
    SLICE_X93Y69         FDCE                                         r  u_ycbcr444_luma_gamma/stage2_boost_mul0_reg[9]/D
  -------------------------------------------------------------------    -------------------

                         (clock clk rise edge)        7.220     7.220 r  
                                                      0.000     7.220 r  clk (IN)
                         net (fo=485, unset)          0.924     8.144    u_ycbcr444_luma_gamma/clk
    SLICE_X93Y69         FDCE                                         r  u_ycbcr444_luma_gamma/stage2_boost_mul0_reg[9]/C
                         clock pessimism              0.000     8.144    
                         clock uncertainty           -0.035     8.109    
    SLICE_X93Y69         FDCE (Setup_fdce_C_D)        0.075     8.184    u_ycbcr444_luma_gamma/stage2_boost_mul0_reg[9]
  -------------------------------------------------------------------
                         required time                          8.184    
                         arrival time                          -7.220    
  -------------------------------------------------------------------
                         slack                                  0.964    

Slack (MET) :             0.971ns  (required time - arrival time)
  Source:                 u_ycbcr444_luma_gamma/stage2_boost_mul0_reg[9]/C
                            (rising edge-triggered cell FDCE clocked by clk  {rise@0.000ns fall@3.610ns period=7.220ns})
  Destination:            u_ycbcr444_luma_gamma/stage3_boost_mul1_reg[14]/D
                            (rising edge-triggered cell FDCE clocked by clk  {rise@0.000ns fall@3.610ns period=7.220ns})
  Path Group:             clk
  Path Type:              Setup (Max at Slow Process Corner)
  Requirement:            7.220ns  (clk rise@7.220ns - clk rise@0.000ns)
  Data Path Delay:        6.194ns  (logic 4.559ns (73.601%)  route 1.635ns (26.399%))
  Logic Levels:           2  (DSP48E1=1 LUT2=1)
  Clock Path Skew:        -0.049ns (DCD - SCD + CPR)
    Destination Clock Delay (DCD):    0.924ns = ( 8.144 - 7.220 ) 
    Source Clock Delay      (SCD):    0.973ns
    Clock Pessimism Removal (CPR):    0.000ns
  Clock Uncertainty:      0.035ns  ((TSJ^2 + TIJ^2)^1/2 + DJ) / 2 + PE
    Total System Jitter     (TSJ):    0.071ns
    Total Input Jitter      (TIJ):    0.000ns
    Discrete Jitter          (DJ):    0.000ns
    Phase Error              (PE):    0.000ns

    Location             Delay type                Incr(ns)  Path(ns)    Netlist Resource(s)
  -------------------------------------------------------------------    -------------------
                         (clock clk rise edge)        0.000     0.000 r  
                                                      0.000     0.000 r  clk (IN)
                         net (fo=485, unset)          0.973     0.973    u_ycbcr444_luma_gamma/clk
    SLICE_X93Y69         FDCE                                         r  u_ycbcr444_luma_gamma/stage2_boost_mul0_reg[9]/C
  -------------------------------------------------------------------    -------------------
    SLICE_X93Y69         FDCE (Prop_fdce_C_Q)         0.419     1.392 r  u_ycbcr444_luma_gamma/stage2_boost_mul0_reg[9]/Q
                         net (fo=1, routed)           0.678     2.070    u_ycbcr444_luma_gamma/stage2_boost_mul0[9]
    DSP48_X3Y28          DSP48E1 (Prop_dsp48e1_A[9]_P[14])
                                                      4.016     6.086 r  u_ycbcr444_luma_gamma/stage3_boost_mul10/P[14]
                         net (fo=1, routed)           0.957     7.043    u_ycbcr444_luma_gamma/stage3_boost_mul10_n_91
    SLICE_X95Y70         LUT2 (Prop_lut2_I1_O)        0.124     7.167 r  u_ycbcr444_luma_gamma/stage3_boost_mul1[14]_i_1/O
                         net (fo=1, routed)           0.000     7.167    u_ycbcr444_luma_gamma/stage3_boost_mul1[14]_i_1_n_0
    SLICE_X95Y70         FDCE                                         r  u_ycbcr444_luma_gamma/stage3_boost_mul1_reg[14]/D
  -------------------------------------------------------------------    -------------------

                         (clock clk rise edge)        7.220     7.220 r  
                                                      0.000     7.220 r  clk (IN)
                         net (fo=485, unset)          0.924     8.144    u_ycbcr444_luma_gamma/clk
    SLICE_X95Y70         FDCE                                         r  u_ycbcr444_luma_gamma/stage3_boost_mul1_reg[14]/C
                         clock pessimism              0.000     8.144    
                         clock uncertainty           -0.035     8.109    
    SLICE_X95Y70         FDCE (Setup_fdce_C_D)        0.029     8.138    u_ycbcr444_luma_gamma/stage3_boost_mul1_reg[14]
  -------------------------------------------------------------------
                         required time                          8.138    
                         arrival time                          -7.167    
  -------------------------------------------------------------------
                         slack                                  0.971    

Slack (MET) :             0.973ns  (required time - arrival time)
  Source:                 u_ycbcr444_luma_gamma/m_data_reg[8]/C
                            (rising edge-triggered cell FDCE clocked by clk  {rise@0.000ns fall@3.610ns period=7.220ns})
  Destination:            u_ycbcr444_to_rgb888/stage0_data_reg[16]/D
                            (rising edge-triggered cell FDCE clocked by clk  {rise@0.000ns fall@3.610ns period=7.220ns})
  Path Group:             clk
  Path Type:              Setup (Max at Slow Process Corner)
  Requirement:            7.220ns  (clk rise@7.220ns - clk rise@0.000ns)
  Data Path Delay:        6.281ns  (logic 4.585ns (72.994%)  route 1.696ns (27.006%))
  Logic Levels:           2  (DSP48E1=1 LUT2=1)
  Clock Path Skew:        -0.049ns (DCD - SCD + CPR)
    Destination Clock Delay (DCD):    0.924ns = ( 8.144 - 7.220 ) 
    Source Clock Delay      (SCD):    0.973ns
    Clock Pessimism Removal (CPR):    0.000ns
  Clock Uncertainty:      0.035ns  ((TSJ^2 + TIJ^2)^1/2 + DJ) / 2 + PE
    Total System Jitter     (TSJ):    0.071ns
    Total Input Jitter      (TIJ):    0.000ns
    Discrete Jitter          (DJ):    0.000ns
    Phase Error              (PE):    0.000ns

    Location             Delay type                Incr(ns)  Path(ns)    Netlist Resource(s)
  -------------------------------------------------------------------    -------------------
                         (clock clk rise edge)        0.000     0.000 r  
                                                      0.000     0.000 r  clk (IN)
                         net (fo=485, unset)          0.973     0.973    u_ycbcr444_luma_gamma/clk
    SLICE_X93Y65         FDCE                                         r  u_ycbcr444_luma_gamma/m_data_reg[8]/C
  -------------------------------------------------------------------    -------------------
    SLICE_X93Y65         FDCE (Prop_fdce_C_Q)         0.419     1.392 r  u_ycbcr444_luma_gamma/m_data_reg[8]/Q
                         net (fo=9, routed)           0.749     2.141    u_ycbcr444_to_rgb888/Q[8]
    DSP48_X3Y24          DSP48E1 (Prop_dsp48e1_A[0]_P[16])
                                                      4.016     6.157 r  u_ycbcr444_to_rgb888/ycbcr_to_rgb_stage0_lane_return0/P[16]
                         net (fo=1, routed)           0.947     7.104    u_ycbcr444_luma_gamma/P[16]
    SLICE_X96Y63         LUT2 (Prop_lut2_I1_O)        0.150     7.254 r  u_ycbcr444_luma_gamma/stage0_data[16]_i_1__0/O
                         net (fo=1, routed)           0.000     7.254    u_ycbcr444_to_rgb888/D[16]
    SLICE_X96Y63         FDCE                                         r  u_ycbcr444_to_rgb888/stage0_data_reg[16]/D
  -------------------------------------------------------------------    -------------------

                         (clock clk rise edge)        7.220     7.220 r  
                                                      0.000     7.220 r  clk (IN)
                         net (fo=485, unset)          0.924     8.144    u_ycbcr444_to_rgb888/clk
    SLICE_X96Y63         FDCE                                         r  u_ycbcr444_to_rgb888/stage0_data_reg[16]/C
                         clock pessimism              0.000     8.144    
                         clock uncertainty           -0.035     8.109    
    SLICE_X96Y63         FDCE (Setup_fdce_C_D)        0.118     8.227    u_ycbcr444_to_rgb888/stage0_data_reg[16]
  -------------------------------------------------------------------
                         required time                          8.227    
                         arrival time                          -7.254    
  -------------------------------------------------------------------
                         slack                                  0.973    

Slack (MET) :             0.996ns  (required time - arrival time)
  Source:                 u_ycbcr444_luma_gamma/stage2_boost_mul0_reg[9]/C
                            (rising edge-triggered cell FDCE clocked by clk  {rise@0.000ns fall@3.610ns period=7.220ns})
  Destination:            u_ycbcr444_luma_gamma/stage3_boost_mul1_reg[18]/D
                            (rising edge-triggered cell FDCE clocked by clk  {rise@0.000ns fall@3.610ns period=7.220ns})
  Path Group:             clk
  Path Type:              Setup (Max at Slow Process Corner)
  Requirement:            7.220ns  (clk rise@7.220ns - clk rise@0.000ns)
  Data Path Delay:        6.258ns  (logic 4.585ns (73.266%)  route 1.673ns (26.734%))
  Logic Levels:           2  (DSP48E1=1 LUT2=1)
  Clock Path Skew:        -0.049ns (DCD - SCD + CPR)
    Destination Clock Delay (DCD):    0.924ns = ( 8.144 - 7.220 ) 
    Source Clock Delay      (SCD):    0.973ns
    Clock Pessimism Removal (CPR):    0.000ns
  Clock Uncertainty:      0.035ns  ((TSJ^2 + TIJ^2)^1/2 + DJ) / 2 + PE
    Total System Jitter     (TSJ):    0.071ns
    Total Input Jitter      (TIJ):    0.000ns
    Discrete Jitter          (DJ):    0.000ns
    Phase Error              (PE):    0.000ns

    Location             Delay type                Incr(ns)  Path(ns)    Netlist Resource(s)
  -------------------------------------------------------------------    -------------------
                         (clock clk rise edge)        0.000     0.000 r  
                                                      0.000     0.000 r  clk (IN)
                         net (fo=485, unset)          0.973     0.973    u_ycbcr444_luma_gamma/clk
    SLICE_X93Y69         FDCE                                         r  u_ycbcr444_luma_gamma/stage2_boost_mul0_reg[9]/C
  -------------------------------------------------------------------    -------------------
    SLICE_X93Y69         FDCE (Prop_fdce_C_Q)         0.419     1.392 r  u_ycbcr444_luma_gamma/stage2_boost_mul0_reg[9]/Q
                         net (fo=1, routed)           0.678     2.070    u_ycbcr444_luma_gamma/stage2_boost_mul0[9]
    DSP48_X3Y28          DSP48E1 (Prop_dsp48e1_A[9]_P[18])
                                                      4.016     6.086 r  u_ycbcr444_luma_gamma/stage3_boost_mul10/P[18]
                         net (fo=1, routed)           0.995     7.081    u_ycbcr444_luma_gamma/stage3_boost_mul10_n_87
    SLICE_X94Y70         LUT2 (Prop_lut2_I1_O)        0.150     7.231 r  u_ycbcr444_luma_gamma/stage3_boost_mul1[18]_i_1/O
                         net (fo=1, routed)           0.000     7.231    u_ycbcr444_luma_gamma/stage3_boost_mul1[18]_i_1_n_0
    SLICE_X94Y70         FDCE                                         r  u_ycbcr444_luma_gamma/stage3_boost_mul1_reg[18]/D
  -------------------------------------------------------------------    -------------------

                         (clock clk rise edge)        7.220     7.220 r  
                                                      0.000     7.220 r  clk (IN)
                         net (fo=485, unset)          0.924     8.144    u_ycbcr444_luma_gamma/clk
    SLICE_X94Y70         FDCE                                         r  u_ycbcr444_luma_gamma/stage3_boost_mul1_reg[18]/C
                         clock pessimism              0.000     8.144    
                         clock uncertainty           -0.035     8.109    
    SLICE_X94Y70         FDCE (Setup_fdce_C_D)        0.118     8.227    u_ycbcr444_luma_gamma/stage3_boost_mul1_reg[18]
  -------------------------------------------------------------------
                         required time                          8.227    
                         arrival time                          -7.231    
  -------------------------------------------------------------------
                         slack                                  0.996    




