Copyright 1986-2018 Xilinx, Inc. All Rights Reserved.
------------------------------------------------------------------------------------------------------------------------------------------------------
| Tool Version : Vivado v.2018.3 (win64) Build 2405991 Thu Dec  6 23:38:27 MST 2018
| Date         : Tue Apr 21 17:22:32 2026
| Host         : LAPTOP-PN7UO2EC running 64-bit major release  (build 9200)
| Command      : report_timing -delay_type min -max_paths 20 -file D:/Work/Git/jichuang-linksea-h6_person2/timing_runs/affine_nearest/timing_hold.rpt
| Design       : affine_nearest_stream_std
| Device       : 7z020-clg400
| Speed File   : -1  PRODUCTION 1.11 2014-09-11
------------------------------------------------------------------------------------------------------------------------------------------------------

Timing Report

Slack (MET) :             0.159ns  (arrival time - required time)
  Source:                 pending_eol_q_reg/C
                            (rising edge-triggered cell FDCE clocked by clk  {rise@0.000ns fall@3.610ns period=7.220ns})
  Destination:            m_eol_reg/D
                            (rising edge-triggered cell FDCE clocked by clk  {rise@0.000ns fall@3.610ns period=7.220ns})
  Path Group:             clk
  Path Type:              Hold (Min at Fast Process Corner)
  Requirement:            0.000ns  (clk rise@0.000ns - clk rise@0.000ns)
  Data Path Delay:        0.272ns  (logic 0.186ns (68.463%)  route 0.086ns (31.537%))
  Logic Levels:           1  (LUT4=1)
  Clock Path Skew:        0.022ns (DCD - SCD - CPR)
    Destination Clock Delay (DCD):    0.432ns
    Source Clock Delay      (SCD):    0.410ns
    Clock Pessimism Removal (CPR):    -0.000ns

    Location             Delay type                Incr(ns)  Path(ns)    Netlist Resource(s)
  -------------------------------------------------------------------    -------------------
                         (clock clk rise edge)        0.000     0.000 r  
                                                      0.000     0.000 r  clk (IN)
                         net (fo=593, unset)          0.410     0.410    clk
    SLICE_X44Y34         FDCE                                         r  pending_eol_q_reg/C
  -------------------------------------------------------------------    -------------------
    SLICE_X44Y34         FDCE (Prop_fdce_C_Q)         0.141     0.551 r  pending_eol_q_reg/Q
                         net (fo=1, routed)           0.086     0.637    u_addr_pipe/pending_eol_q
    SLICE_X45Y34         LUT4 (Prop_lut4_I2_O)        0.045     0.682 r  u_addr_pipe/m_eol_i_1/O
                         net (fo=1, routed)           0.000     0.682    u_addr_pipe_n_11
    SLICE_X45Y34         FDCE                                         r  m_eol_reg/D
  -------------------------------------------------------------------    -------------------

                         (clock clk rise edge)        0.000     0.000 r  
                                                      0.000     0.000 r  clk (IN)
                         net (fo=593, unset)          0.432     0.432    clk
    SLICE_X45Y34         FDCE                                         r  m_eol_reg/C
                         clock pessimism              0.000     0.432    
    SLICE_X45Y34         FDCE (Hold_fdce_C_D)         0.091     0.523    m_eol_reg
  -------------------------------------------------------------------
                         required time                         -0.523    
                         arrival time                           0.682    
  -------------------------------------------------------------------
                         slack                                  0.159    

Slack (MET) :             0.159ns  (arrival time - required time)
  Source:                 u_frame_latched_affine6_s16/pending_m10_reg[10]/C
                            (rising edge-triggered cell FDCE clocked by clk  {rise@0.000ns fall@3.610ns period=7.220ns})
  Destination:            u_frame_latched_affine6_s16/active_m10_reg[10]/D
                            (rising edge-triggered cell FDCE clocked by clk  {rise@0.000ns fall@3.610ns period=7.220ns})
  Path Group:             clk
  Path Type:              Hold (Min at Fast Process Corner)
  Requirement:            0.000ns  (clk rise@0.000ns - clk rise@0.000ns)
  Data Path Delay:        0.251ns  (logic 0.141ns (56.174%)  route 0.110ns (43.826%))
  Logic Levels:           0  
  Clock Path Skew:        0.022ns (DCD - SCD - CPR)
    Destination Clock Delay (DCD):    0.432ns
    Source Clock Delay      (SCD):    0.410ns
    Clock Pessimism Removal (CPR):    -0.000ns

    Location             Delay type                Incr(ns)  Path(ns)    Netlist Resource(s)
  -------------------------------------------------------------------    -------------------
                         (clock clk rise edge)        0.000     0.000 r  
                                                      0.000     0.000 r  clk (IN)
                         net (fo=593, unset)          0.410     0.410    u_frame_latched_affine6_s16/clk
    SLICE_X33Y26         FDCE                                         r  u_frame_latched_affine6_s16/pending_m10_reg[10]/C
  -------------------------------------------------------------------    -------------------
    SLICE_X33Y26         FDCE (Prop_fdce_C_Q)         0.141     0.551 r  u_frame_latched_affine6_s16/pending_m10_reg[10]/Q
                         net (fo=1, routed)           0.110     0.661    u_frame_latched_affine6_s16/pending_m10[10]
    SLICE_X33Y27         FDCE                                         r  u_frame_latched_affine6_s16/active_m10_reg[10]/D
  -------------------------------------------------------------------    -------------------

                         (clock clk rise edge)        0.000     0.000 r  
                                                      0.000     0.000 r  clk (IN)
                         net (fo=593, unset)          0.432     0.432    u_frame_latched_affine6_s16/clk
    SLICE_X33Y27         FDCE                                         r  u_frame_latched_affine6_s16/active_m10_reg[10]/C
                         clock pessimism              0.000     0.432    
    SLICE_X33Y27         FDCE (Hold_fdce_C_D)         0.070     0.502    u_frame_latched_affine6_s16/active_m10_reg[10]
  -------------------------------------------------------------------
                         required time                         -0.502    
                         arrival time                           0.661    
  -------------------------------------------------------------------
                         slack                                  0.159    

Slack (MET) :             0.159ns  (arrival time - required time)
  Source:                 u_frame_latched_affine6_s16/pending_m10_reg[12]/C
                            (rising edge-triggered cell FDCE clocked by clk  {rise@0.000ns fall@3.610ns period=7.220ns})
  Destination:            u_frame_latched_affine6_s16/active_m10_reg[12]/D
                            (rising edge-triggered cell FDCE clocked by clk  {rise@0.000ns fall@3.610ns period=7.220ns})
  Path Group:             clk
  Path Type:              Hold (Min at Fast Process Corner)
  Requirement:            0.000ns  (clk rise@0.000ns - clk rise@0.000ns)
  Data Path Delay:        0.251ns  (logic 0.141ns (56.174%)  route 0.110ns (43.826%))
  Logic Levels:           0  
  Clock Path Skew:        0.022ns (DCD - SCD - CPR)
    Destination Clock Delay (DCD):    0.432ns
    Source Clock Delay      (SCD):    0.410ns
    Clock Pessimism Removal (CPR):    -0.000ns

    Location             Delay type                Incr(ns)  Path(ns)    Netlist Resource(s)
  -------------------------------------------------------------------    -------------------
                         (clock clk rise edge)        0.000     0.000 r  
                                                      0.000     0.000 r  clk (IN)
                         net (fo=593, unset)          0.410     0.410    u_frame_latched_affine6_s16/clk
    SLICE_X35Y32         FDCE                                         r  u_frame_latched_affine6_s16/pending_m10_reg[12]/C
  -------------------------------------------------------------------    -------------------
    SLICE_X35Y32         FDCE (Prop_fdce_C_Q)         0.141     0.551 r  u_frame_latched_affine6_s16/pending_m10_reg[12]/Q
                         net (fo=1, routed)           0.110     0.661    u_frame_latched_affine6_s16/pending_m10[12]
    SLICE_X35Y31         FDCE                                         r  u_frame_latched_affine6_s16/active_m10_reg[12]/D
  -------------------------------------------------------------------    -------------------

                         (clock clk rise edge)        0.000     0.000 r  
                                                      0.000     0.000 r  clk (IN)
                         net (fo=593, unset)          0.432     0.432    u_frame_latched_affine6_s16/clk
    SLICE_X35Y31         FDCE                                         r  u_frame_latched_affine6_s16/active_m10_reg[12]/C
                         clock pessimism              0.000     0.432    
    SLICE_X35Y31         FDCE (Hold_fdce_C_D)         0.070     0.502    u_frame_latched_affine6_s16/active_m10_reg[12]
  -------------------------------------------------------------------
                         required time                         -0.502    
                         arrival time                           0.661    
  -------------------------------------------------------------------
                         slack                                  0.159    

Slack (MET) :             0.159ns  (arrival time - required time)
  Source:                 u_frame_latched_affine6_s16/pending_m12_reg[12]/C
                            (rising edge-triggered cell FDCE clocked by clk  {rise@0.000ns fall@3.610ns period=7.220ns})
  Destination:            u_frame_latched_affine6_s16/active_m12_reg[12]/D
                            (rising edge-triggered cell FDCE clocked by clk  {rise@0.000ns fall@3.610ns period=7.220ns})
  Path Group:             clk
  Path Type:              Hold (Min at Fast Process Corner)
  Requirement:            0.000ns  (clk rise@0.000ns - clk rise@0.000ns)
  Data Path Delay:        0.251ns  (logic 0.141ns (56.174%)  route 0.110ns (43.826%))
  Logic Levels:           0  
  Clock Path Skew:        0.022ns (DCD - SCD - CPR)
    Destination Clock Delay (DCD):    0.432ns
    Source Clock Delay      (SCD):    0.410ns
    Clock Pessimism Removal (CPR):    -0.000ns

    Location             Delay type                Incr(ns)  Path(ns)    Netlist Resource(s)
  -------------------------------------------------------------------    -------------------
                         (clock clk rise edge)        0.000     0.000 r  
                                                      0.000     0.000 r  clk (IN)
                         net (fo=593, unset)          0.410     0.410    u_frame_latched_affine6_s16/clk
    SLICE_X41Y32         FDCE                                         r  u_frame_latched_affine6_s16/pending_m12_reg[12]/C
  -------------------------------------------------------------------    -------------------
    SLICE_X41Y32         FDCE (Prop_fdce_C_Q)         0.141     0.551 r  u_frame_latched_affine6_s16/pending_m12_reg[12]/Q
                         net (fo=1, routed)           0.110     0.661    u_frame_latched_affine6_s16/pending_m12[12]
    SLICE_X41Y31         FDCE                                         r  u_frame_latched_affine6_s16/active_m12_reg[12]/D
  -------------------------------------------------------------------    -------------------

                         (clock clk rise edge)        0.000     0.000 r  
                                                      0.000     0.000 r  clk (IN)
                         net (fo=593, unset)          0.432     0.432    u_frame_latched_affine6_s16/clk
    SLICE_X41Y31         FDCE                                         r  u_frame_latched_affine6_s16/active_m12_reg[12]/C
                         clock pessimism              0.000     0.432    
    SLICE_X41Y31         FDCE (Hold_fdce_C_D)         0.070     0.502    u_frame_latched_affine6_s16/active_m12_reg[12]
  -------------------------------------------------------------------
                         required time                         -0.502    
                         arrival time                           0.661    
  -------------------------------------------------------------------
                         slack                                  0.159    

Slack (MET) :             0.159ns  (arrival time - required time)
  Source:                 u_frame_latched_affine6_s16/pending_m12_reg[2]/C
                            (rising edge-triggered cell FDCE clocked by clk  {rise@0.000ns fall@3.610ns period=7.220ns})
  Destination:            u_frame_latched_affine6_s16/active_m12_reg[2]/D
                            (rising edge-triggered cell FDCE clocked by clk  {rise@0.000ns fall@3.610ns period=7.220ns})
  Path Group:             clk
  Path Type:              Hold (Min at Fast Process Corner)
  Requirement:            0.000ns  (clk rise@0.000ns - clk rise@0.000ns)
  Data Path Delay:        0.251ns  (logic 0.141ns (56.174%)  route 0.110ns (43.826%))
  Logic Levels:           0  
  Clock Path Skew:        0.022ns (DCD - SCD - CPR)
    Destination Clock Delay (DCD):    0.432ns
    Source Clock Delay      (SCD):    0.410ns
    Clock Pessimism Removal (CPR):    -0.000ns

    Location             Delay type                Incr(ns)  Path(ns)    Netlist Resource(s)
  -------------------------------------------------------------------    -------------------
                         (clock clk rise edge)        0.000     0.000 r  
                                                      0.000     0.000 r  clk (IN)
                         net (fo=593, unset)          0.410     0.410    u_frame_latched_affine6_s16/clk
    SLICE_X41Y27         FDCE                                         r  u_frame_latched_affine6_s16/pending_m12_reg[2]/C
  -------------------------------------------------------------------    -------------------
    SLICE_X41Y27         FDCE (Prop_fdce_C_Q)         0.141     0.551 r  u_frame_latched_affine6_s16/pending_m12_reg[2]/Q
                         net (fo=1, routed)           0.110     0.661    u_frame_latched_affine6_s16/pending_m12[2]
    SLICE_X41Y26         FDCE                                         r  u_frame_latched_affine6_s16/active_m12_reg[2]/D
  -------------------------------------------------------------------    -------------------

                         (clock clk rise edge)        0.000     0.000 r  
                                                      0.000     0.000 r  clk (IN)
                         net (fo=593, unset)          0.432     0.432    u_frame_latched_affine6_s16/clk
    SLICE_X41Y26         FDCE                                         r  u_frame_latched_affine6_s16/active_m12_reg[2]/C
                         clock pessimism              0.000     0.432    
    SLICE_X41Y26         FDCE (Hold_fdce_C_D)         0.070     0.502    u_frame_latched_affine6_s16/active_m12_reg[2]
  -------------------------------------------------------------------
                         required time                         -0.502    
                         arrival time                           0.661    
  -------------------------------------------------------------------
                         slack                                  0.159    

Slack (MET) :             0.161ns  (arrival time - required time)
  Source:                 u_frame_latched_affine6_s16/pending_m01_reg[10]/C
                            (rising edge-triggered cell FDCE clocked by clk  {rise@0.000ns fall@3.610ns period=7.220ns})
  Destination:            u_frame_latched_affine6_s16/active_m01_reg[10]/D
                            (rising edge-triggered cell FDCE clocked by clk  {rise@0.000ns fall@3.610ns period=7.220ns})
  Path Group:             clk
  Path Type:              Hold (Min at Fast Process Corner)
  Requirement:            0.000ns  (clk rise@0.000ns - clk rise@0.000ns)
  Data Path Delay:        0.257ns  (logic 0.141ns (54.783%)  route 0.116ns (45.217%))
  Logic Levels:           0  
  Clock Path Skew:        0.022ns (DCD - SCD - CPR)
    Destination Clock Delay (DCD):    0.432ns
    Source Clock Delay      (SCD):    0.410ns
    Clock Pessimism Removal (CPR):    -0.000ns

    Location             Delay type                Incr(ns)  Path(ns)    Netlist Resource(s)
  -------------------------------------------------------------------    -------------------
                         (clock clk rise edge)        0.000     0.000 r  
                                                      0.000     0.000 r  clk (IN)
                         net (fo=593, unset)          0.410     0.410    u_frame_latched_affine6_s16/clk
    SLICE_X37Y22         FDCE                                         r  u_frame_latched_affine6_s16/pending_m01_reg[10]/C
  -------------------------------------------------------------------    -------------------
    SLICE_X37Y22         FDCE (Prop_fdce_C_Q)         0.141     0.551 r  u_frame_latched_affine6_s16/pending_m01_reg[10]/Q
                         net (fo=1, routed)           0.116     0.668    u_frame_latched_affine6_s16/pending_m01[10]
    SLICE_X36Y22         FDCE                                         r  u_frame_latched_affine6_s16/active_m01_reg[10]/D
  -------------------------------------------------------------------    -------------------

                         (clock clk rise edge)        0.000     0.000 r  
                                                      0.000     0.000 r  clk (IN)
                         net (fo=593, unset)          0.432     0.432    u_frame_latched_affine6_s16/clk
    SLICE_X36Y22         FDCE                                         r  u_frame_latched_affine6_s16/active_m01_reg[10]/C
                         clock pessimism              0.000     0.432    
    SLICE_X36Y22         FDCE (Hold_fdce_C_D)         0.075     0.507    u_frame_latched_affine6_s16/active_m01_reg[10]
  -------------------------------------------------------------------
                         required time                         -0.507    
                         arrival time                           0.668    
  -------------------------------------------------------------------
                         slack                                  0.161    

Slack (MET) :             0.163ns  (arrival time - required time)
  Source:                 u_frame_latched_affine6_s16/pending_m12_reg[6]/C
                            (rising edge-triggered cell FDCE clocked by clk  {rise@0.000ns fall@3.610ns period=7.220ns})
  Destination:            u_frame_latched_affine6_s16/active_m12_reg[6]/D
                            (rising edge-triggered cell FDCE clocked by clk  {rise@0.000ns fall@3.610ns period=7.220ns})
  Path Group:             clk
  Path Type:              Hold (Min at Fast Process Corner)
  Requirement:            0.000ns  (clk rise@0.000ns - clk rise@0.000ns)
  Data Path Delay:        0.257ns  (logic 0.141ns (54.912%)  route 0.116ns (45.088%))
  Logic Levels:           0  
  Clock Path Skew:        0.022ns (DCD - SCD - CPR)
    Destination Clock Delay (DCD):    0.432ns
    Source Clock Delay      (SCD):    0.410ns
    Clock Pessimism Removal (CPR):    -0.000ns

    Location             Delay type                Incr(ns)  Path(ns)    Netlist Resource(s)
  -------------------------------------------------------------------    -------------------
                         (clock clk rise edge)        0.000     0.000 r  
                                                      0.000     0.000 r  clk (IN)
                         net (fo=593, unset)          0.410     0.410    u_frame_latched_affine6_s16/clk
    SLICE_X40Y30         FDCE                                         r  u_frame_latched_affine6_s16/pending_m12_reg[6]/C
  -------------------------------------------------------------------    -------------------
    SLICE_X40Y30         FDCE (Prop_fdce_C_Q)         0.141     0.551 r  u_frame_latched_affine6_s16/pending_m12_reg[6]/Q
                         net (fo=1, routed)           0.116     0.667    u_frame_latched_affine6_s16/pending_m12[6]
    SLICE_X40Y29         FDCE                                         r  u_frame_latched_affine6_s16/active_m12_reg[6]/D
  -------------------------------------------------------------------    -------------------

                         (clock clk rise edge)        0.000     0.000 r  
                                                      0.000     0.000 r  clk (IN)
                         net (fo=593, unset)          0.432     0.432    u_frame_latched_affine6_s16/clk
    SLICE_X40Y29         FDCE                                         r  u_frame_latched_affine6_s16/active_m12_reg[6]/C
                         clock pessimism              0.000     0.432    
    SLICE_X40Y29         FDCE (Hold_fdce_C_D)         0.072     0.504    u_frame_latched_affine6_s16/active_m12_reg[6]
  -------------------------------------------------------------------
                         required time                         -0.504    
                         arrival time                           0.667    
  -------------------------------------------------------------------
                         slack                                  0.163    

Slack (MET) :             0.163ns  (arrival time - required time)
  Source:                 u_frame_latched_affine6_s16/pending_m10_reg[13]/C
                            (rising edge-triggered cell FDCE clocked by clk  {rise@0.000ns fall@3.610ns period=7.220ns})
  Destination:            u_frame_latched_affine6_s16/active_m10_reg[13]/D
                            (rising edge-triggered cell FDCE clocked by clk  {rise@0.000ns fall@3.610ns period=7.220ns})
  Path Group:             clk
  Path Type:              Hold (Min at Fast Process Corner)
  Requirement:            0.000ns  (clk rise@0.000ns - clk rise@0.000ns)
  Data Path Delay:        0.251ns  (logic 0.141ns (56.174%)  route 0.110ns (43.826%))
  Logic Levels:           0  
  Clock Path Skew:        0.022ns (DCD - SCD - CPR)
    Destination Clock Delay (DCD):    0.432ns
    Source Clock Delay      (SCD):    0.410ns
    Clock Pessimism Removal (CPR):    -0.000ns

    Location             Delay type                Incr(ns)  Path(ns)    Netlist Resource(s)
  -------------------------------------------------------------------    -------------------
                         (clock clk rise edge)        0.000     0.000 r  
                                                      0.000     0.000 r  clk (IN)
                         net (fo=593, unset)          0.410     0.410    u_frame_latched_affine6_s16/clk
    SLICE_X35Y32         FDCE                                         r  u_frame_latched_affine6_s16/pending_m10_reg[13]/C
  -------------------------------------------------------------------    -------------------
    SLICE_X35Y32         FDCE (Prop_fdce_C_Q)         0.141     0.551 r  u_frame_latched_affine6_s16/pending_m10_reg[13]/Q
                         net (fo=1, routed)           0.110     0.661    u_frame_latched_affine6_s16/pending_m10[13]
    SLICE_X35Y31         FDCE                                         r  u_frame_latched_affine6_s16/active_m10_reg[13]/D
  -------------------------------------------------------------------    -------------------

                         (clock clk rise edge)        0.000     0.000 r  
                                                      0.000     0.000 r  clk (IN)
                         net (fo=593, unset)          0.432     0.432    u_frame_latched_affine6_s16/clk
    SLICE_X35Y31         FDCE                                         r  u_frame_latched_affine6_s16/active_m10_reg[13]/C
                         clock pessimism              0.000     0.432    
    SLICE_X35Y31         FDCE (Hold_fdce_C_D)         0.066     0.498    u_frame_latched_affine6_s16/active_m10_reg[13]
  -------------------------------------------------------------------
                         required time                         -0.498    
                         arrival time                           0.661    
  -------------------------------------------------------------------
                         slack                                  0.163    

Slack (MET) :             0.163ns  (arrival time - required time)
  Source:                 u_frame_latched_affine6_s16/pending_m12_reg[3]/C
                            (rising edge-triggered cell FDCE clocked by clk  {rise@0.000ns fall@3.610ns period=7.220ns})
  Destination:            u_frame_latched_affine6_s16/active_m12_reg[3]/D
                            (rising edge-triggered cell FDCE clocked by clk  {rise@0.000ns fall@3.610ns period=7.220ns})
  Path Group:             clk
  Path Type:              Hold (Min at Fast Process Corner)
  Requirement:            0.000ns  (clk rise@0.000ns - clk rise@0.000ns)
  Data Path Delay:        0.251ns  (logic 0.141ns (56.174%)  route 0.110ns (43.826%))
  Logic Levels:           0  
  Clock Path Skew:        0.022ns (DCD - SCD - CPR)
    Destination Clock Delay (DCD):    0.432ns
    Source Clock Delay      (SCD):    0.410ns
    Clock Pessimism Removal (CPR):    -0.000ns

    Location             Delay type                Incr(ns)  Path(ns)    Netlist Resource(s)
  -------------------------------------------------------------------    -------------------
                         (clock clk rise edge)        0.000     0.000 r  
                                                      0.000     0.000 r  clk (IN)
                         net (fo=593, unset)          0.410     0.410    u_frame_latched_affine6_s16/clk
    SLICE_X41Y27         FDCE                                         r  u_frame_latched_affine6_s16/pending_m12_reg[3]/C
  -------------------------------------------------------------------    -------------------
    SLICE_X41Y27         FDCE (Prop_fdce_C_Q)         0.141     0.551 r  u_frame_latched_affine6_s16/pending_m12_reg[3]/Q
                         net (fo=1, routed)           0.110     0.661    u_frame_latched_affine6_s16/pending_m12[3]
    SLICE_X41Y26         FDCE                                         r  u_frame_latched_affine6_s16/active_m12_reg[3]/D
  -------------------------------------------------------------------    -------------------

                         (clock clk rise edge)        0.000     0.000 r  
                                                      0.000     0.000 r  clk (IN)
                         net (fo=593, unset)          0.432     0.432    u_frame_latched_affine6_s16/clk
    SLICE_X41Y26         FDCE                                         r  u_frame_latched_affine6_s16/active_m12_reg[3]/C
                         clock pessimism              0.000     0.432    
    SLICE_X41Y26         FDCE (Hold_fdce_C_D)         0.066     0.498    u_frame_latched_affine6_s16/active_m12_reg[3]
  -------------------------------------------------------------------
                         required time                         -0.498    
                         arrival time                           0.661    
  -------------------------------------------------------------------
                         slack                                  0.163    

Slack (MET) :             0.165ns  (arrival time - required time)
  Source:                 u_frame_latched_affine6_s16/pending_m12_reg[14]/C
                            (rising edge-triggered cell FDCE clocked by clk  {rise@0.000ns fall@3.610ns period=7.220ns})
  Destination:            u_frame_latched_affine6_s16/active_m12_reg[14]/D
                            (rising edge-triggered cell FDCE clocked by clk  {rise@0.000ns fall@3.610ns period=7.220ns})
  Path Group:             clk
  Path Type:              Hold (Min at Fast Process Corner)
  Requirement:            0.000ns  (clk rise@0.000ns - clk rise@0.000ns)
  Data Path Delay:        0.253ns  (logic 0.141ns (55.769%)  route 0.112ns (44.231%))
  Logic Levels:           0  
  Clock Path Skew:        0.022ns (DCD - SCD - CPR)
    Destination Clock Delay (DCD):    0.432ns
    Source Clock Delay      (SCD):    0.410ns
    Clock Pessimism Removal (CPR):    -0.000ns

    Location             Delay type                Incr(ns)  Path(ns)    Netlist Resource(s)
  -------------------------------------------------------------------    -------------------
                         (clock clk rise edge)        0.000     0.000 r  
                                                      0.000     0.000 r  clk (IN)
                         net (fo=593, unset)          0.410     0.410    u_frame_latched_affine6_s16/clk
    SLICE_X40Y30         FDCE                                         r  u_frame_latched_affine6_s16/pending_m12_reg[14]/C
  -------------------------------------------------------------------    -------------------
    SLICE_X40Y30         FDCE (Prop_fdce_C_Q)         0.141     0.551 r  u_frame_latched_affine6_s16/pending_m12_reg[14]/Q
                         net (fo=1, routed)           0.112     0.663    u_frame_latched_affine6_s16/pending_m12[14]
    SLICE_X40Y29         FDCE                                         r  u_frame_latched_affine6_s16/active_m12_reg[14]/D
  -------------------------------------------------------------------    -------------------

                         (clock clk rise edge)        0.000     0.000 r  
                                                      0.000     0.000 r  clk (IN)
                         net (fo=593, unset)          0.432     0.432    u_frame_latched_affine6_s16/clk
    SLICE_X40Y29         FDCE                                         r  u_frame_latched_affine6_s16/active_m12_reg[14]/C
                         clock pessimism              0.000     0.432    
    SLICE_X40Y29         FDCE (Hold_fdce_C_D)         0.066     0.498    u_frame_latched_affine6_s16/active_m12_reg[14]
  -------------------------------------------------------------------
                         required time                         -0.498    
                         arrival time                           0.663    
  -------------------------------------------------------------------
                         slack                                  0.165    

Slack (MET) :             0.166ns  (arrival time - required time)
  Source:                 u_frame_latched_affine6_s16/pending_m11_reg[2]/C
                            (rising edge-triggered cell FDCE clocked by clk  {rise@0.000ns fall@3.610ns period=7.220ns})
  Destination:            u_frame_latched_affine6_s16/active_m11_reg[2]/D
                            (rising edge-triggered cell FDCE clocked by clk  {rise@0.000ns fall@3.610ns period=7.220ns})
  Path Group:             clk
  Path Type:              Hold (Min at Fast Process Corner)
  Requirement:            0.000ns  (clk rise@0.000ns - clk rise@0.000ns)
  Data Path Delay:        0.254ns  (logic 0.141ns (55.533%)  route 0.113ns (44.467%))
  Logic Levels:           0  
  Clock Path Skew:        0.022ns (DCD - SCD - CPR)
    Destination Clock Delay (DCD):    0.432ns
    Source Clock Delay      (SCD):    0.410ns
    Clock Pessimism Removal (CPR):    -0.000ns

    Location             Delay type                Incr(ns)  Path(ns)    Netlist Resource(s)
  -------------------------------------------------------------------    -------------------
                         (clock clk rise edge)        0.000     0.000 r  
                                                      0.000     0.000 r  clk (IN)
                         net (fo=593, unset)          0.410     0.410    u_frame_latched_affine6_s16/clk
    SLICE_X39Y31         FDCE                                         r  u_frame_latched_affine6_s16/pending_m11_reg[2]/C
  -------------------------------------------------------------------    -------------------
    SLICE_X39Y31         FDCE (Prop_fdce_C_Q)         0.141     0.551 r  u_frame_latched_affine6_s16/pending_m11_reg[2]/Q
                         net (fo=1, routed)           0.113     0.664    u_frame_latched_affine6_s16/pending_m11[2]
    SLICE_X40Y31         FDCE                                         r  u_frame_latched_affine6_s16/active_m11_reg[2]/D
  -------------------------------------------------------------------    -------------------

                         (clock clk rise edge)        0.000     0.000 r  
                                                      0.000     0.000 r  clk (IN)
                         net (fo=593, unset)          0.432     0.432    u_frame_latched_affine6_s16/clk
    SLICE_X40Y31         FDCE                                         r  u_frame_latched_affine6_s16/active_m11_reg[2]/C
                         clock pessimism              0.000     0.432    
    SLICE_X40Y31         FDCE (Hold_fdce_C_D)         0.066     0.498    u_frame_latched_affine6_s16/active_m11_reg[2]
  -------------------------------------------------------------------
                         required time                         -0.498    
                         arrival time                           0.664    
  -------------------------------------------------------------------
                         slack                                  0.166    

Slack (MET) :             0.168ns  (arrival time - required time)
  Source:                 u_frame_latched_affine6_s16/pending_m00_reg[3]/C
                            (rising edge-triggered cell FDCE clocked by clk  {rise@0.000ns fall@3.610ns period=7.220ns})
  Destination:            u_frame_latched_affine6_s16/active_m00_reg[3]/D
                            (rising edge-triggered cell FDCE clocked by clk  {rise@0.000ns fall@3.610ns period=7.220ns})
  Path Group:             clk
  Path Type:              Hold (Min at Fast Process Corner)
  Requirement:            0.000ns  (clk rise@0.000ns - clk rise@0.000ns)
  Data Path Delay:        0.246ns  (logic 0.164ns (66.639%)  route 0.082ns (33.361%))
  Logic Levels:           0  
  Clock Path Skew:        0.022ns (DCD - SCD - CPR)
    Destination Clock Delay (DCD):    0.432ns
    Source Clock Delay      (SCD):    0.410ns
    Clock Pessimism Removal (CPR):    -0.000ns

    Location             Delay type                Incr(ns)  Path(ns)    Netlist Resource(s)
  -------------------------------------------------------------------    -------------------
                         (clock clk rise edge)        0.000     0.000 r  
                                                      0.000     0.000 r  clk (IN)
                         net (fo=593, unset)          0.410     0.410    u_frame_latched_affine6_s16/clk
    SLICE_X34Y23         FDCE                                         r  u_frame_latched_affine6_s16/pending_m00_reg[3]/C
  -------------------------------------------------------------------    -------------------
    SLICE_X34Y23         FDCE (Prop_fdce_C_Q)         0.164     0.574 r  u_frame_latched_affine6_s16/pending_m00_reg[3]/Q
                         net (fo=1, routed)           0.082     0.656    u_frame_latched_affine6_s16/pending_m00[3]
    SLICE_X35Y23         FDCE                                         r  u_frame_latched_affine6_s16/active_m00_reg[3]/D
  -------------------------------------------------------------------    -------------------

                         (clock clk rise edge)        0.000     0.000 r  
                                                      0.000     0.000 r  clk (IN)
                         net (fo=593, unset)          0.432     0.432    u_frame_latched_affine6_s16/clk
    SLICE_X35Y23         FDCE                                         r  u_frame_latched_affine6_s16/active_m00_reg[3]/C
                         clock pessimism              0.000     0.432    
    SLICE_X35Y23         FDCE (Hold_fdce_C_D)         0.057     0.489    u_frame_latched_affine6_s16/active_m00_reg[3]
  -------------------------------------------------------------------
                         required time                         -0.489    
                         arrival time                           0.656    
  -------------------------------------------------------------------
                         slack                                  0.168    

Slack (MET) :             0.169ns  (arrival time - required time)
  Source:                 u_frame_latched_affine6_s16/pending_m12_reg[13]/C
                            (rising edge-triggered cell FDCE clocked by clk  {rise@0.000ns fall@3.610ns period=7.220ns})
  Destination:            u_frame_latched_affine6_s16/active_m12_reg[13]/D
                            (rising edge-triggered cell FDCE clocked by clk  {rise@0.000ns fall@3.610ns period=7.220ns})
  Path Group:             clk
  Path Type:              Hold (Min at Fast Process Corner)
  Requirement:            0.000ns  (clk rise@0.000ns - clk rise@0.000ns)
  Data Path Delay:        0.260ns  (logic 0.141ns (54.139%)  route 0.119ns (45.861%))
  Logic Levels:           0  
  Clock Path Skew:        0.022ns (DCD - SCD - CPR)
    Destination Clock Delay (DCD):    0.432ns
    Source Clock Delay      (SCD):    0.410ns
    Clock Pessimism Removal (CPR):    -0.000ns

    Location             Delay type                Incr(ns)  Path(ns)    Netlist Resource(s)
  -------------------------------------------------------------------    -------------------
                         (clock clk rise edge)        0.000     0.000 r  
                                                      0.000     0.000 r  clk (IN)
                         net (fo=593, unset)          0.410     0.410    u_frame_latched_affine6_s16/clk
    SLICE_X40Y30         FDCE                                         r  u_frame_latched_affine6_s16/pending_m12_reg[13]/C
  -------------------------------------------------------------------    -------------------
    SLICE_X40Y30         FDCE (Prop_fdce_C_Q)         0.141     0.551 r  u_frame_latched_affine6_s16/pending_m12_reg[13]/Q
                         net (fo=1, routed)           0.119     0.671    u_frame_latched_affine6_s16/pending_m12[13]
    SLICE_X40Y29         FDCE                                         r  u_frame_latched_affine6_s16/active_m12_reg[13]/D
  -------------------------------------------------------------------    -------------------

                         (clock clk rise edge)        0.000     0.000 r  
                                                      0.000     0.000 r  clk (IN)
                         net (fo=593, unset)          0.432     0.432    u_frame_latched_affine6_s16/clk
    SLICE_X40Y29         FDCE                                         r  u_frame_latched_affine6_s16/active_m12_reg[13]/C
                         clock pessimism              0.000     0.432    
    SLICE_X40Y29         FDCE (Hold_fdce_C_D)         0.070     0.502    u_frame_latched_affine6_s16/active_m12_reg[13]
  -------------------------------------------------------------------
                         required time                         -0.502    
                         arrival time                           0.671    
  -------------------------------------------------------------------
                         slack                                  0.169    

Slack (MET) :             0.173ns  (arrival time - required time)
  Source:                 u_frame_latched_affine6_s16/pending_m01_reg[5]/C
                            (rising edge-triggered cell FDCE clocked by clk  {rise@0.000ns fall@3.610ns period=7.220ns})
  Destination:            u_frame_latched_affine6_s16/active_m01_reg[5]/D
                            (rising edge-triggered cell FDCE clocked by clk  {rise@0.000ns fall@3.610ns period=7.220ns})
  Path Group:             clk
  Path Type:              Hold (Min at Fast Process Corner)
  Requirement:            0.000ns  (clk rise@0.000ns - clk rise@0.000ns)
  Data Path Delay:        0.257ns  (logic 0.141ns (54.828%)  route 0.116ns (45.172%))
  Logic Levels:           0  
  Clock Path Skew:        0.022ns (DCD - SCD - CPR)
    Destination Clock Delay (DCD):    0.432ns
    Source Clock Delay      (SCD):    0.410ns
    Clock Pessimism Removal (CPR):    -0.000ns

    Location             Delay type                Incr(ns)  Path(ns)    Netlist Resource(s)
  -------------------------------------------------------------------    -------------------
                         (clock clk rise edge)        0.000     0.000 r  
                                                      0.000     0.000 r  clk (IN)
                         net (fo=593, unset)          0.410     0.410    u_frame_latched_affine6_s16/clk
    SLICE_X37Y21         FDCE                                         r  u_frame_latched_affine6_s16/pending_m01_reg[5]/C
  -------------------------------------------------------------------    -------------------
    SLICE_X37Y21         FDCE (Prop_fdce_C_Q)         0.141     0.551 r  u_frame_latched_affine6_s16/pending_m01_reg[5]/Q
                         net (fo=1, routed)           0.116     0.667    u_frame_latched_affine6_s16/pending_m01[5]
    SLICE_X36Y21         FDCE                                         r  u_frame_latched_affine6_s16/active_m01_reg[5]/D
  -------------------------------------------------------------------    -------------------

                         (clock clk rise edge)        0.000     0.000 r  
                                                      0.000     0.000 r  clk (IN)
                         net (fo=593, unset)          0.432     0.432    u_frame_latched_affine6_s16/clk
    SLICE_X36Y21         FDCE                                         r  u_frame_latched_affine6_s16/active_m01_reg[5]/C
                         clock pessimism              0.000     0.432    
    SLICE_X36Y21         FDCE (Hold_fdce_C_D)         0.063     0.495    u_frame_latched_affine6_s16/active_m01_reg[5]
  -------------------------------------------------------------------
                         required time                         -0.495    
                         arrival time                           0.667    
  -------------------------------------------------------------------
                         slack                                  0.173    

Slack (MET) :             0.175ns  (arrival time - required time)
  Source:                 u_addr_pipe/stage0_eof_q_reg/C
                            (rising edge-triggered cell FDCE clocked by clk  {rise@0.000ns fall@3.610ns period=7.220ns})
  Destination:            u_addr_pipe/stage1_eof_q_reg/D
                            (rising edge-triggered cell FDCE clocked by clk  {rise@0.000ns fall@3.610ns period=7.220ns})
  Path Group:             clk
  Path Type:              Hold (Min at Fast Process Corner)
  Requirement:            0.000ns  (clk rise@0.000ns - clk rise@0.000ns)
  Data Path Delay:        0.316ns  (logic 0.186ns (58.784%)  route 0.130ns (41.216%))
  Logic Levels:           1  (LUT2=1)
  Clock Path Skew:        0.022ns (DCD - SCD - CPR)
    Destination Clock Delay (DCD):    0.432ns
    Source Clock Delay      (SCD):    0.410ns
    Clock Pessimism Removal (CPR):    -0.000ns

    Location             Delay type                Incr(ns)  Path(ns)    Netlist Resource(s)
  -------------------------------------------------------------------    -------------------
                         (clock clk rise edge)        0.000     0.000 r  
                                                      0.000     0.000 r  clk (IN)
                         net (fo=593, unset)          0.410     0.410    u_addr_pipe/clk
    SLICE_X45Y30         FDCE                                         r  u_addr_pipe/stage0_eof_q_reg/C
  -------------------------------------------------------------------    -------------------
    SLICE_X45Y30         FDCE (Prop_fdce_C_Q)         0.141     0.551 r  u_addr_pipe/stage0_eof_q_reg/Q
                         net (fo=1, routed)           0.130     0.682    u_addr_pipe/stage0_eof_q
    SLICE_X46Y31         LUT2 (Prop_lut2_I1_O)        0.045     0.727 r  u_addr_pipe/stage1_eof_q_i_1/O
                         net (fo=1, routed)           0.000     0.727    u_addr_pipe/stage1_eof_q1_out
    SLICE_X46Y31         FDCE                                         r  u_addr_pipe/stage1_eof_q_reg/D
  -------------------------------------------------------------------    -------------------

                         (clock clk rise edge)        0.000     0.000 r  
                                                      0.000     0.000 r  clk (IN)
                         net (fo=593, unset)          0.432     0.432    u_addr_pipe/clk
    SLICE_X46Y31         FDCE                                         r  u_addr_pipe/stage1_eof_q_reg/C
                         clock pessimism              0.000     0.432    
    SLICE_X46Y31         FDCE (Hold_fdce_C_D)         0.120     0.552    u_addr_pipe/stage1_eof_q_reg
  -------------------------------------------------------------------
                         required time                         -0.552    
                         arrival time                           0.727    
  -------------------------------------------------------------------
                         slack                                  0.175    

Slack (MET) :             0.175ns  (arrival time - required time)
  Source:                 u_addr_pipe/out_keep_reg[0]/C
                            (rising edge-triggered cell FDCE clocked by clk  {rise@0.000ns fall@3.610ns period=7.220ns})
  Destination:            pending_keep_q_reg[0]/D
                            (rising edge-triggered cell FDCE clocked by clk  {rise@0.000ns fall@3.610ns period=7.220ns})
  Path Group:             clk
  Path Type:              Hold (Min at Fast Process Corner)
  Requirement:            0.000ns  (clk rise@0.000ns - clk rise@0.000ns)
  Data Path Delay:        0.267ns  (logic 0.141ns (52.865%)  route 0.126ns (47.135%))
  Logic Levels:           0  
  Clock Path Skew:        0.022ns (DCD - SCD - CPR)
    Destination Clock Delay (DCD):    0.432ns
    Source Clock Delay      (SCD):    0.410ns
    Clock Pessimism Removal (CPR):    -0.000ns

    Location             Delay type                Incr(ns)  Path(ns)    Netlist Resource(s)
  -------------------------------------------------------------------    -------------------
                         (clock clk rise edge)        0.000     0.000 r  
                                                      0.000     0.000 r  clk (IN)
                         net (fo=593, unset)          0.410     0.410    u_addr_pipe/clk
    SLICE_X44Y33         FDCE                                         r  u_addr_pipe/out_keep_reg[0]/C
  -------------------------------------------------------------------    -------------------
    SLICE_X44Y33         FDCE (Prop_fdce_C_Q)         0.141     0.551 r  u_addr_pipe/out_keep_reg[0]/Q
                         net (fo=2, routed)           0.126     0.677    addr_pipe_out_keep_w
    SLICE_X45Y32         FDCE                                         r  pending_keep_q_reg[0]/D
  -------------------------------------------------------------------    -------------------

                         (clock clk rise edge)        0.000     0.000 r  
                                                      0.000     0.000 r  clk (IN)
                         net (fo=593, unset)          0.432     0.432    clk
    SLICE_X45Y32         FDCE                                         r  pending_keep_q_reg[0]/C
                         clock pessimism              0.000     0.432    
    SLICE_X45Y32         FDCE (Hold_fdce_C_D)         0.070     0.502    pending_keep_q_reg[0]
  -------------------------------------------------------------------
                         required time                         -0.502    
                         arrival time                           0.677    
  -------------------------------------------------------------------
                         slack                                  0.175    

Slack (MET) :             0.177ns  (arrival time - required time)
  Source:                 u_frame_latched_affine6_s16/pending_m01_reg[0]/C
                            (rising edge-triggered cell FDCE clocked by clk  {rise@0.000ns fall@3.610ns period=7.220ns})
  Destination:            u_frame_latched_affine6_s16/active_m01_reg[0]/D
                            (rising edge-triggered cell FDCE clocked by clk  {rise@0.000ns fall@3.610ns period=7.220ns})
  Path Group:             clk
  Path Type:              Hold (Min at Fast Process Corner)
  Requirement:            0.000ns  (clk rise@0.000ns - clk rise@0.000ns)
  Data Path Delay:        0.257ns  (logic 0.141ns (54.828%)  route 0.116ns (45.172%))
  Logic Levels:           0  
  Clock Path Skew:        0.022ns (DCD - SCD - CPR)
    Destination Clock Delay (DCD):    0.432ns
    Source Clock Delay      (SCD):    0.410ns
    Clock Pessimism Removal (CPR):    -0.000ns

    Location             Delay type                Incr(ns)  Path(ns)    Netlist Resource(s)
  -------------------------------------------------------------------    -------------------
                         (clock clk rise edge)        0.000     0.000 r  
                                                      0.000     0.000 r  clk (IN)
                         net (fo=593, unset)          0.410     0.410    u_frame_latched_affine6_s16/clk
    SLICE_X37Y21         FDCE                                         r  u_frame_latched_affine6_s16/pending_m01_reg[0]/C
  -------------------------------------------------------------------    -------------------
    SLICE_X37Y21         FDCE (Prop_fdce_C_Q)         0.141     0.551 r  u_frame_latched_affine6_s16/pending_m01_reg[0]/Q
                         net (fo=1, routed)           0.116     0.667    u_frame_latched_affine6_s16/pending_m01[0]
    SLICE_X36Y21         FDCE                                         r  u_frame_latched_affine6_s16/active_m01_reg[0]/D
  -------------------------------------------------------------------    -------------------

                         (clock clk rise edge)        0.000     0.000 r  
                                                      0.000     0.000 r  clk (IN)
                         net (fo=593, unset)          0.432     0.432    u_frame_latched_affine6_s16/clk
    SLICE_X36Y21         FDCE                                         r  u_frame_latched_affine6_s16/active_m01_reg[0]/C
                         clock pessimism              0.000     0.432    
    SLICE_X36Y21         FDCE (Hold_fdce_C_D)         0.059     0.491    u_frame_latched_affine6_s16/active_m01_reg[0]
  -------------------------------------------------------------------
                         required time                         -0.491    
                         arrival time                           0.667    
  -------------------------------------------------------------------
                         slack                                  0.177    

Slack (MET) :             0.177ns  (arrival time - required time)
  Source:                 u_frame_latched_affine6_s16/pending_m01_reg[2]/C
                            (rising edge-triggered cell FDCE clocked by clk  {rise@0.000ns fall@3.610ns period=7.220ns})
  Destination:            u_frame_latched_affine6_s16/active_m01_reg[2]/D
                            (rising edge-triggered cell FDCE clocked by clk  {rise@0.000ns fall@3.610ns period=7.220ns})
  Path Group:             clk
  Path Type:              Hold (Min at Fast Process Corner)
  Requirement:            0.000ns  (clk rise@0.000ns - clk rise@0.000ns)
  Data Path Delay:        0.257ns  (logic 0.141ns (54.828%)  route 0.116ns (45.172%))
  Logic Levels:           0  
  Clock Path Skew:        0.022ns (DCD - SCD - CPR)
    Destination Clock Delay (DCD):    0.432ns
    Source Clock Delay      (SCD):    0.410ns
    Clock Pessimism Removal (CPR):    -0.000ns

    Location             Delay type                Incr(ns)  Path(ns)    Netlist Resource(s)
  -------------------------------------------------------------------    -------------------
                         (clock clk rise edge)        0.000     0.000 r  
                                                      0.000     0.000 r  clk (IN)
                         net (fo=593, unset)          0.410     0.410    u_frame_latched_affine6_s16/clk
    SLICE_X37Y20         FDCE                                         r  u_frame_latched_affine6_s16/pending_m01_reg[2]/C
  -------------------------------------------------------------------    -------------------
    SLICE_X37Y20         FDCE (Prop_fdce_C_Q)         0.141     0.551 r  u_frame_latched_affine6_s16/pending_m01_reg[2]/Q
                         net (fo=1, routed)           0.116     0.667    u_frame_latched_affine6_s16/pending_m01[2]
    SLICE_X36Y20         FDCE                                         r  u_frame_latched_affine6_s16/active_m01_reg[2]/D
  -------------------------------------------------------------------    -------------------

                         (clock clk rise edge)        0.000     0.000 r  
                                                      0.000     0.000 r  clk (IN)
                         net (fo=593, unset)          0.432     0.432    u_frame_latched_affine6_s16/clk
    SLICE_X36Y20         FDCE                                         r  u_frame_latched_affine6_s16/active_m01_reg[2]/C
                         clock pessimism              0.000     0.432    
    SLICE_X36Y20         FDCE (Hold_fdce_C_D)         0.059     0.491    u_frame_latched_affine6_s16/active_m01_reg[2]
  -------------------------------------------------------------------
                         required time                         -0.491    
                         arrival time                           0.667    
  -------------------------------------------------------------------
                         slack                                  0.177    

Slack (MET) :             0.177ns  (arrival time - required time)
  Source:                 u_frame_latched_affine6_s16/pending_m10_reg[0]/C
                            (rising edge-triggered cell FDCE clocked by clk  {rise@0.000ns fall@3.610ns period=7.220ns})
  Destination:            u_frame_latched_affine6_s16/active_m10_reg[0]/D
                            (rising edge-triggered cell FDCE clocked by clk  {rise@0.000ns fall@3.610ns period=7.220ns})
  Path Group:             clk
  Path Type:              Hold (Min at Fast Process Corner)
  Requirement:            0.000ns  (clk rise@0.000ns - clk rise@0.000ns)
  Data Path Delay:        0.257ns  (logic 0.141ns (54.828%)  route 0.116ns (45.172%))
  Logic Levels:           0  
  Clock Path Skew:        0.022ns (DCD - SCD - CPR)
    Destination Clock Delay (DCD):    0.432ns
    Source Clock Delay      (SCD):    0.410ns
    Clock Pessimism Removal (CPR):    -0.000ns

    Location             Delay type                Incr(ns)  Path(ns)    Netlist Resource(s)
  -------------------------------------------------------------------    -------------------
                         (clock clk rise edge)        0.000     0.000 r  
                                                      0.000     0.000 r  clk (IN)
                         net (fo=593, unset)          0.410     0.410    u_frame_latched_affine6_s16/clk
    SLICE_X33Y26         FDCE                                         r  u_frame_latched_affine6_s16/pending_m10_reg[0]/C
  -------------------------------------------------------------------    -------------------
    SLICE_X33Y26         FDCE (Prop_fdce_C_Q)         0.141     0.551 r  u_frame_latched_affine6_s16/pending_m10_reg[0]/Q
                         net (fo=1, routed)           0.116     0.667    u_frame_latched_affine6_s16/pending_m10[0]
    SLICE_X32Y26         FDCE                                         r  u_frame_latched_affine6_s16/active_m10_reg[0]/D
  -------------------------------------------------------------------    -------------------

                         (clock clk rise edge)        0.000     0.000 r  
                                                      0.000     0.000 r  clk (IN)
                         net (fo=593, unset)          0.432     0.432    u_frame_latched_affine6_s16/clk
    SLICE_X32Y26         FDCE                                         r  u_frame_latched_affine6_s16/active_m10_reg[0]/C
                         clock pessimism              0.000     0.432    
    SLICE_X32Y26         FDCE (Hold_fdce_C_D)         0.059     0.491    u_frame_latched_affine6_s16/active_m10_reg[0]
  -------------------------------------------------------------------
                         required time                         -0.491    
                         arrival time                           0.667    
  -------------------------------------------------------------------
                         slack                                  0.177    

Slack (MET) :             0.177ns  (arrival time - required time)
  Source:                 u_addr_pipe/out_eof_reg/C
                            (rising edge-triggered cell FDCE clocked by clk  {rise@0.000ns fall@3.610ns period=7.220ns})
  Destination:            pending_eof_q_reg/D
                            (rising edge-triggered cell FDCE clocked by clk  {rise@0.000ns fall@3.610ns period=7.220ns})
  Path Group:             clk
  Path Type:              Hold (Min at Fast Process Corner)
  Requirement:            0.000ns  (clk rise@0.000ns - clk rise@0.000ns)
  Data Path Delay:        0.257ns  (logic 0.141ns (54.812%)  route 0.116ns (45.188%))
  Logic Levels:           0  
  Clock Path Skew:        0.022ns (DCD - SCD - CPR)
    Destination Clock Delay (DCD):    0.432ns
    Source Clock Delay      (SCD):    0.410ns
    Clock Pessimism Removal (CPR):    -0.000ns

    Location             Delay type                Incr(ns)  Path(ns)    Netlist Resource(s)
  -------------------------------------------------------------------    -------------------
                         (clock clk rise edge)        0.000     0.000 r  
                                                      0.000     0.000 r  clk (IN)
                         net (fo=593, unset)          0.410     0.410    u_addr_pipe/clk
    SLICE_X43Y32         FDCE                                         r  u_addr_pipe/out_eof_reg/C
  -------------------------------------------------------------------    -------------------
    SLICE_X43Y32         FDCE (Prop_fdce_C_Q)         0.141     0.551 r  u_addr_pipe/out_eof_reg/Q
                         net (fo=2, routed)           0.116     0.667    addr_pipe_out_eof_w
    SLICE_X46Y32         FDCE                                         r  pending_eof_q_reg/D
  -------------------------------------------------------------------    -------------------

                         (clock clk rise edge)        0.000     0.000 r  
                                                      0.000     0.000 r  clk (IN)
                         net (fo=593, unset)          0.432     0.432    clk
    SLICE_X46Y32         FDCE                                         r  pending_eof_q_reg/C
                         clock pessimism              0.000     0.432    
    SLICE_X46Y32         FDCE (Hold_fdce_C_D)         0.059     0.491    pending_eof_q_reg
  -------------------------------------------------------------------
                         required time                         -0.491    
                         arrival time                           0.667    
  -------------------------------------------------------------------
                         slack                                  0.177    




