Copyright 1986-2018 Xilinx, Inc. All Rights Reserved.
-------------------------------------------------------------------------------------------------------------------------------------------------------
| Tool Version : Vivado v.2018.3 (win64) Build 2405991 Thu Dec  6 23:38:27 MST 2018
| Date         : Tue Apr 21 17:22:32 2026
| Host         : LAPTOP-PN7UO2EC running 64-bit major release  (build 9200)
| Command      : report_timing -delay_type max -max_paths 20 -file D:/Work/Git/jichuang-linksea-h6_person2/timing_runs/affine_nearest/timing_setup.rpt
| Design       : affine_nearest_stream_std
| Device       : 7z020-clg400
| Speed File   : -1  PRODUCTION 1.11 2014-09-11
-------------------------------------------------------------------------------------------------------------------------------------------------------

Timing Report

Slack (MET) :             0.585ns  (required time - arrival time)
  Source:                 out_x_q_reg[0]/C
                            (rising edge-triggered cell FDCE clocked by clk  {rise@0.000ns fall@3.610ns period=7.220ns})
  Destination:            out_y_q_reg[15]/D
                            (rising edge-triggered cell FDCE clocked by clk  {rise@0.000ns fall@3.610ns period=7.220ns})
  Path Group:             clk
  Path Type:              Setup (Max at Slow Process Corner)
  Requirement:            7.220ns  (clk rise@7.220ns - clk rise@0.000ns)
  Data Path Delay:        6.582ns  (logic 3.424ns (52.024%)  route 3.158ns (47.976%))
  Logic Levels:           11  (CARRY4=6 LUT1=1 LUT3=1 LUT4=1 LUT6=2)
  Clock Path Skew:        -0.049ns (DCD - SCD + CPR)
    Destination Clock Delay (DCD):    0.924ns = ( 8.144 - 7.220 ) 
    Source Clock Delay      (SCD):    0.973ns
    Clock Pessimism Removal (CPR):    0.000ns
  Clock Uncertainty:      0.035ns  ((TSJ^2 + TIJ^2)^1/2 + DJ) / 2 + PE
    Total System Jitter     (TSJ):    0.071ns
    Total Input Jitter      (TIJ):    0.000ns
    Discrete Jitter          (DJ):    0.000ns
    Phase Error              (PE):    0.000ns

    Location             Delay type                Incr(ns)  Path(ns)    Netlist Resource(s)
  -------------------------------------------------------------------    -------------------
                         (clock clk rise edge)        0.000     0.000 r  
                                                      0.000     0.000 r  clk (IN)
                         net (fo=593, unset)          0.973     0.973    clk
    SLICE_X44Y23         FDCE                                         r  out_x_q_reg[0]/C
  -------------------------------------------------------------------    -------------------
    SLICE_X44Y23         FDCE (Prop_fdce_C_Q)         0.456     1.429 f  out_x_q_reg[0]/Q
                         net (fo=6, routed)           0.402     1.831    out_x_q_reg_n_0_[0]
    SLICE_X44Y23         LUT1 (Prop_lut1_I0_O)        0.124     1.955 r  issue_keep_q[0]_i_19/O
                         net (fo=1, routed)           0.189     2.144    issue_keep_q[0]_i_19_n_0
    SLICE_X45Y23         CARRY4 (Prop_carry4_CYINIT_CO[3])
                                                      0.580     2.724 r  issue_keep_q_reg[0]_i_9/CO[3]
                         net (fo=1, routed)           0.000     2.724    issue_keep_q_reg[0]_i_9_n_0
    SLICE_X45Y24         CARRY4 (Prop_carry4_CI_O[1])
                                                      0.334     3.058 r  issue_keep_q_reg[0]_i_8/O[1]
                         net (fo=1, routed)           0.792     3.849    issue_keep_q_reg[0]_i_8_n_6
    SLICE_X42Y24         LUT4 (Prop_lut4_I2_O)        0.303     4.152 r  issue_keep_q[0]_i_2/O
                         net (fo=2, routed)           0.800     4.952    issue_keep_q[0]_i_2_n_0
    SLICE_X41Y24         LUT6 (Prop_lut6_I0_O)        0.124     5.076 r  issue_keep_q[0]_i_1/O
                         net (fo=37, routed)          0.620     5.697    p_22_in
    SLICE_X44Y24         LUT3 (Prop_lut3_I1_O)        0.124     5.821 r  out_y_q[3]_i_3/O
                         net (fo=1, routed)           0.000     5.821    out_y_q[3]_i_3_n_0
    SLICE_X44Y24         CARRY4 (Prop_carry4_S[0]_CO[3])
                                                      0.532     6.353 r  out_y_q_reg[3]_i_2/CO[3]
                         net (fo=1, routed)           0.009     6.362    out_y_q_reg[3]_i_2_n_0
    SLICE_X44Y25         CARRY4 (Prop_carry4_CI_CO[3])
                                                      0.114     6.476 r  out_y_q_reg[7]_i_2/CO[3]
                         net (fo=1, routed)           0.000     6.476    out_y_q_reg[7]_i_2_n_0
    SLICE_X44Y26         CARRY4 (Prop_carry4_CI_CO[3])
                                                      0.114     6.590 r  out_y_q_reg[11]_i_2/CO[3]
                         net (fo=1, routed)           0.000     6.590    out_y_q_reg[11]_i_2_n_0
    SLICE_X44Y27         CARRY4 (Prop_carry4_CI_O[3])
                                                      0.313     6.903 r  out_y_q_reg[15]_i_2/O[3]
                         net (fo=1, routed)           0.346     7.249    u_addr_pipe/next_out_y_v[15]
    SLICE_X45Y27         LUT6 (Prop_lut6_I0_O)        0.306     7.555 r  u_addr_pipe/out_y_q[15]_i_1/O
                         net (fo=1, routed)           0.000     7.555    u_addr_pipe_n_38
    SLICE_X45Y27         FDCE                                         r  out_y_q_reg[15]/D
  -------------------------------------------------------------------    -------------------

                         (clock clk rise edge)        7.220     7.220 r  
                                                      0.000     7.220 r  clk (IN)
                         net (fo=593, unset)          0.924     8.144    clk
    SLICE_X45Y27         FDCE                                         r  out_y_q_reg[15]/C
                         clock pessimism              0.000     8.144    
                         clock uncertainty           -0.035     8.109    
    SLICE_X45Y27         FDCE (Setup_fdce_C_D)        0.031     8.140    out_y_q_reg[15]
  -------------------------------------------------------------------
                         required time                          8.140    
                         arrival time                          -7.555    
  -------------------------------------------------------------------
                         slack                                  0.585    

Slack (MET) :             0.617ns  (required time - arrival time)
  Source:                 out_x_q_reg[0]/C
                            (rising edge-triggered cell FDCE clocked by clk  {rise@0.000ns fall@3.610ns period=7.220ns})
  Destination:            out_y_q_reg[12]/D
                            (rising edge-triggered cell FDCE clocked by clk  {rise@0.000ns fall@3.610ns period=7.220ns})
  Path Group:             clk
  Path Type:              Setup (Max at Slow Process Corner)
  Requirement:            7.220ns  (clk rise@7.220ns - clk rise@0.000ns)
  Data Path Delay:        6.596ns  (logic 3.326ns (50.428%)  route 3.270ns (49.572%))
  Logic Levels:           11  (CARRY4=6 LUT1=1 LUT3=1 LUT4=1 LUT6=2)
  Clock Path Skew:        -0.049ns (DCD - SCD + CPR)
    Destination Clock Delay (DCD):    0.924ns = ( 8.144 - 7.220 ) 
    Source Clock Delay      (SCD):    0.973ns
    Clock Pessimism Removal (CPR):    0.000ns
  Clock Uncertainty:      0.035ns  ((TSJ^2 + TIJ^2)^1/2 + DJ) / 2 + PE
    Total System Jitter     (TSJ):    0.071ns
    Total Input Jitter      (TIJ):    0.000ns
    Discrete Jitter          (DJ):    0.000ns
    Phase Error              (PE):    0.000ns

    Location             Delay type                Incr(ns)  Path(ns)    Netlist Resource(s)
  -------------------------------------------------------------------    -------------------
                         (clock clk rise edge)        0.000     0.000 r  
                                                      0.000     0.000 r  clk (IN)
                         net (fo=593, unset)          0.973     0.973    clk
    SLICE_X44Y23         FDCE                                         r  out_x_q_reg[0]/C
  -------------------------------------------------------------------    -------------------
    SLICE_X44Y23         FDCE (Prop_fdce_C_Q)         0.456     1.429 f  out_x_q_reg[0]/Q
                         net (fo=6, routed)           0.402     1.831    out_x_q_reg_n_0_[0]
    SLICE_X44Y23         LUT1 (Prop_lut1_I0_O)        0.124     1.955 r  issue_keep_q[0]_i_19/O
                         net (fo=1, routed)           0.189     2.144    issue_keep_q[0]_i_19_n_0
    SLICE_X45Y23         CARRY4 (Prop_carry4_CYINIT_CO[3])
                                                      0.580     2.724 r  issue_keep_q_reg[0]_i_9/CO[3]
                         net (fo=1, routed)           0.000     2.724    issue_keep_q_reg[0]_i_9_n_0
    SLICE_X45Y24         CARRY4 (Prop_carry4_CI_O[1])
                                                      0.334     3.058 r  issue_keep_q_reg[0]_i_8/O[1]
                         net (fo=1, routed)           0.792     3.849    issue_keep_q_reg[0]_i_8_n_6
    SLICE_X42Y24         LUT4 (Prop_lut4_I2_O)        0.303     4.152 r  issue_keep_q[0]_i_2/O
                         net (fo=2, routed)           0.800     4.952    issue_keep_q[0]_i_2_n_0
    SLICE_X41Y24         LUT6 (Prop_lut6_I0_O)        0.124     5.076 r  issue_keep_q[0]_i_1/O
                         net (fo=37, routed)          0.620     5.697    p_22_in
    SLICE_X44Y24         LUT3 (Prop_lut3_I1_O)        0.124     5.821 r  out_y_q[3]_i_3/O
                         net (fo=1, routed)           0.000     5.821    out_y_q[3]_i_3_n_0
    SLICE_X44Y24         CARRY4 (Prop_carry4_S[0]_CO[3])
                                                      0.532     6.353 r  out_y_q_reg[3]_i_2/CO[3]
                         net (fo=1, routed)           0.009     6.362    out_y_q_reg[3]_i_2_n_0
    SLICE_X44Y25         CARRY4 (Prop_carry4_CI_CO[3])
                                                      0.114     6.476 r  out_y_q_reg[7]_i_2/CO[3]
                         net (fo=1, routed)           0.000     6.476    out_y_q_reg[7]_i_2_n_0
    SLICE_X44Y26         CARRY4 (Prop_carry4_CI_CO[3])
                                                      0.114     6.590 r  out_y_q_reg[11]_i_2/CO[3]
                         net (fo=1, routed)           0.000     6.590    out_y_q_reg[11]_i_2_n_0
    SLICE_X44Y27         CARRY4 (Prop_carry4_CI_O[0])
                                                      0.222     6.812 r  out_y_q_reg[15]_i_2/O[0]
                         net (fo=1, routed)           0.458     7.270    u_addr_pipe/next_out_y_v[12]
    SLICE_X46Y27         LUT6 (Prop_lut6_I0_O)        0.299     7.569 r  u_addr_pipe/out_y_q[12]_i_1/O
                         net (fo=1, routed)           0.000     7.569    u_addr_pipe_n_41
    SLICE_X46Y27         FDCE                                         r  out_y_q_reg[12]/D
  -------------------------------------------------------------------    -------------------

                         (clock clk rise edge)        7.220     7.220 r  
                                                      0.000     7.220 r  clk (IN)
                         net (fo=593, unset)          0.924     8.144    clk
    SLICE_X46Y27         FDCE                                         r  out_y_q_reg[12]/C
                         clock pessimism              0.000     8.144    
                         clock uncertainty           -0.035     8.109    
    SLICE_X46Y27         FDCE (Setup_fdce_C_D)        0.077     8.186    out_y_q_reg[12]
  -------------------------------------------------------------------
                         required time                          8.186    
                         arrival time                          -7.569    
  -------------------------------------------------------------------
                         slack                                  0.617    

Slack (MET) :             0.621ns  (required time - arrival time)
  Source:                 out_x_q_reg[0]/C
                            (rising edge-triggered cell FDCE clocked by clk  {rise@0.000ns fall@3.610ns period=7.220ns})
  Destination:            out_y_q_reg[13]/D
                            (rising edge-triggered cell FDCE clocked by clk  {rise@0.000ns fall@3.610ns period=7.220ns})
  Path Group:             clk
  Path Type:              Setup (Max at Slow Process Corner)
  Requirement:            7.220ns  (clk rise@7.220ns - clk rise@0.000ns)
  Data Path Delay:        6.546ns  (logic 3.442ns (52.581%)  route 3.104ns (47.419%))
  Logic Levels:           11  (CARRY4=6 LUT1=1 LUT3=1 LUT4=1 LUT6=2)
  Clock Path Skew:        -0.049ns (DCD - SCD + CPR)
    Destination Clock Delay (DCD):    0.924ns = ( 8.144 - 7.220 ) 
    Source Clock Delay      (SCD):    0.973ns
    Clock Pessimism Removal (CPR):    0.000ns
  Clock Uncertainty:      0.035ns  ((TSJ^2 + TIJ^2)^1/2 + DJ) / 2 + PE
    Total System Jitter     (TSJ):    0.071ns
    Total Input Jitter      (TIJ):    0.000ns
    Discrete Jitter          (DJ):    0.000ns
    Phase Error              (PE):    0.000ns

    Location             Delay type                Incr(ns)  Path(ns)    Netlist Resource(s)
  -------------------------------------------------------------------    -------------------
                         (clock clk rise edge)        0.000     0.000 r  
                                                      0.000     0.000 r  clk (IN)
                         net (fo=593, unset)          0.973     0.973    clk
    SLICE_X44Y23         FDCE                                         r  out_x_q_reg[0]/C
  -------------------------------------------------------------------    -------------------
    SLICE_X44Y23         FDCE (Prop_fdce_C_Q)         0.456     1.429 f  out_x_q_reg[0]/Q
                         net (fo=6, routed)           0.402     1.831    out_x_q_reg_n_0_[0]
    SLICE_X44Y23         LUT1 (Prop_lut1_I0_O)        0.124     1.955 r  issue_keep_q[0]_i_19/O
                         net (fo=1, routed)           0.189     2.144    issue_keep_q[0]_i_19_n_0
    SLICE_X45Y23         CARRY4 (Prop_carry4_CYINIT_CO[3])
                                                      0.580     2.724 r  issue_keep_q_reg[0]_i_9/CO[3]
                         net (fo=1, routed)           0.000     2.724    issue_keep_q_reg[0]_i_9_n_0
    SLICE_X45Y24         CARRY4 (Prop_carry4_CI_O[1])
                                                      0.334     3.058 r  issue_keep_q_reg[0]_i_8/O[1]
                         net (fo=1, routed)           0.792     3.849    issue_keep_q_reg[0]_i_8_n_6
    SLICE_X42Y24         LUT4 (Prop_lut4_I2_O)        0.303     4.152 r  issue_keep_q[0]_i_2/O
                         net (fo=2, routed)           0.800     4.952    issue_keep_q[0]_i_2_n_0
    SLICE_X41Y24         LUT6 (Prop_lut6_I0_O)        0.124     5.076 r  issue_keep_q[0]_i_1/O
                         net (fo=37, routed)          0.620     5.697    p_22_in
    SLICE_X44Y24         LUT3 (Prop_lut3_I1_O)        0.124     5.821 r  out_y_q[3]_i_3/O
                         net (fo=1, routed)           0.000     5.821    out_y_q[3]_i_3_n_0
    SLICE_X44Y24         CARRY4 (Prop_carry4_S[0]_CO[3])
                                                      0.532     6.353 r  out_y_q_reg[3]_i_2/CO[3]
                         net (fo=1, routed)           0.009     6.362    out_y_q_reg[3]_i_2_n_0
    SLICE_X44Y25         CARRY4 (Prop_carry4_CI_CO[3])
                                                      0.114     6.476 r  out_y_q_reg[7]_i_2/CO[3]
                         net (fo=1, routed)           0.000     6.476    out_y_q_reg[7]_i_2_n_0
    SLICE_X44Y26         CARRY4 (Prop_carry4_CI_CO[3])
                                                      0.114     6.590 r  out_y_q_reg[11]_i_2/CO[3]
                         net (fo=1, routed)           0.000     6.590    out_y_q_reg[11]_i_2_n_0
    SLICE_X44Y27         CARRY4 (Prop_carry4_CI_O[1])
                                                      0.334     6.924 r  out_y_q_reg[15]_i_2/O[1]
                         net (fo=1, routed)           0.292     7.216    u_addr_pipe/next_out_y_v[13]
    SLICE_X47Y27         LUT6 (Prop_lut6_I0_O)        0.303     7.519 r  u_addr_pipe/out_y_q[13]_i_1/O
                         net (fo=1, routed)           0.000     7.519    u_addr_pipe_n_40
    SLICE_X47Y27         FDCE                                         r  out_y_q_reg[13]/D
  -------------------------------------------------------------------    -------------------

                         (clock clk rise edge)        7.220     7.220 r  
                                                      0.000     7.220 r  clk (IN)
                         net (fo=593, unset)          0.924     8.144    clk
    SLICE_X47Y27         FDCE                                         r  out_y_q_reg[13]/C
                         clock pessimism              0.000     8.144    
                         clock uncertainty           -0.035     8.109    
    SLICE_X47Y27         FDCE (Setup_fdce_C_D)        0.031     8.140    out_y_q_reg[13]
  -------------------------------------------------------------------
                         required time                          8.140    
                         arrival time                          -7.519    
  -------------------------------------------------------------------
                         slack                                  0.621    

Slack (MET) :             0.690ns  (required time - arrival time)
  Source:                 issue_out_y_q_reg[6]/C
                            (rising edge-triggered cell FDCE clocked by clk  {rise@0.000ns fall@3.610ns period=7.220ns})
  Destination:            u_addr_pipe/stage0_mul_m01y_q_reg[21]/D
                            (rising edge-triggered cell FDCE clocked by clk  {rise@0.000ns fall@3.610ns period=7.220ns})
  Path Group:             clk
  Path Type:              Setup (Max at Slow Process Corner)
  Requirement:            7.220ns  (clk rise@7.220ns - clk rise@0.000ns)
  Data Path Delay:        6.564ns  (logic 4.397ns (66.989%)  route 2.167ns (33.011%))
  Logic Levels:           2  (DSP48E1=1 LUT2=1)
  Clock Path Skew:        -0.049ns (DCD - SCD + CPR)
    Destination Clock Delay (DCD):    0.924ns = ( 8.144 - 7.220 ) 
    Source Clock Delay      (SCD):    0.973ns
    Clock Pessimism Removal (CPR):    0.000ns
  Clock Uncertainty:      0.035ns  ((TSJ^2 + TIJ^2)^1/2 + DJ) / 2 + PE
    Total System Jitter     (TSJ):    0.071ns
    Total Input Jitter      (TIJ):    0.000ns
    Discrete Jitter          (DJ):    0.000ns
    Phase Error              (PE):    0.000ns

    Location             Delay type                Incr(ns)  Path(ns)    Netlist Resource(s)
  -------------------------------------------------------------------    -------------------
                         (clock clk rise edge)        0.000     0.000 r  
                                                      0.000     0.000 r  clk (IN)
                         net (fo=593, unset)          0.973     0.973    clk
    SLICE_X40Y26         FDCE                                         r  issue_out_y_q_reg[6]/C
  -------------------------------------------------------------------    -------------------
    SLICE_X40Y26         FDCE (Prop_fdce_C_Q)         0.419     1.392 r  issue_out_y_q_reg[6]/Q
                         net (fo=2, routed)           0.928     2.320    u_addr_pipe/Q[6]
    DSP48_X2Y9           DSP48E1 (Prop_dsp48e1_B[6]_P[21])
                                                      3.829     6.149 r  u_addr_pipe/stage0_mul_m01y_q0/P[21]
                         net (fo=1, routed)           1.238     7.388    u_addr_pipe/stage0_mul_m01y_q0_n_84
    SLICE_X36Y24         LUT2 (Prop_lut2_I0_O)        0.149     7.537 r  u_addr_pipe/stage0_mul_m01y_q[21]_i_1/O
                         net (fo=1, routed)           0.000     7.537    u_addr_pipe/stage0_mul_m01y_q[21]
    SLICE_X36Y24         FDCE                                         r  u_addr_pipe/stage0_mul_m01y_q_reg[21]/D
  -------------------------------------------------------------------    -------------------

                         (clock clk rise edge)        7.220     7.220 r  
                                                      0.000     7.220 r  clk (IN)
                         net (fo=593, unset)          0.924     8.144    u_addr_pipe/clk
    SLICE_X36Y24         FDCE                                         r  u_addr_pipe/stage0_mul_m01y_q_reg[21]/C
                         clock pessimism              0.000     8.144    
                         clock uncertainty           -0.035     8.109    
    SLICE_X36Y24         FDCE (Setup_fdce_C_D)        0.118     8.227    u_addr_pipe/stage0_mul_m01y_q_reg[21]
  -------------------------------------------------------------------
                         required time                          8.227    
                         arrival time                          -7.537    
  -------------------------------------------------------------------
                         slack                                  0.690    

Slack (MET) :             0.724ns  (required time - arrival time)
  Source:                 issue_out_y_q_reg[6]/C
                            (rising edge-triggered cell FDCE clocked by clk  {rise@0.000ns fall@3.610ns period=7.220ns})
  Destination:            u_addr_pipe/stage0_mul_m01y_q_reg[24]/D
                            (rising edge-triggered cell FDCE clocked by clk  {rise@0.000ns fall@3.610ns period=7.220ns})
  Path Group:             clk
  Path Type:              Setup (Max at Slow Process Corner)
  Requirement:            7.220ns  (clk rise@7.220ns - clk rise@0.000ns)
  Data Path Delay:        6.489ns  (logic 4.372ns (67.372%)  route 2.117ns (32.628%))
  Logic Levels:           2  (DSP48E1=1 LUT2=1)
  Clock Path Skew:        -0.049ns (DCD - SCD + CPR)
    Destination Clock Delay (DCD):    0.924ns = ( 8.144 - 7.220 ) 
    Source Clock Delay      (SCD):    0.973ns
    Clock Pessimism Removal (CPR):    0.000ns
  Clock Uncertainty:      0.035ns  ((TSJ^2 + TIJ^2)^1/2 + DJ) / 2 + PE
    Total System Jitter     (TSJ):    0.071ns
    Total Input Jitter      (TIJ):    0.000ns
    Discrete Jitter          (DJ):    0.000ns
    Phase Error              (PE):    0.000ns

    Location             Delay type                Incr(ns)  Path(ns)    Netlist Resource(s)
  -------------------------------------------------------------------    -------------------
                         (clock clk rise edge)        0.000     0.000 r  
                                                      0.000     0.000 r  clk (IN)
                         net (fo=593, unset)          0.973     0.973    clk
    SLICE_X40Y26         FDCE                                         r  issue_out_y_q_reg[6]/C
  -------------------------------------------------------------------    -------------------
    SLICE_X40Y26         FDCE (Prop_fdce_C_Q)         0.419     1.392 r  issue_out_y_q_reg[6]/Q
                         net (fo=2, routed)           0.928     2.320    u_addr_pipe/Q[6]
    DSP48_X2Y9           DSP48E1 (Prop_dsp48e1_B[6]_P[24])
                                                      3.829     6.149 r  u_addr_pipe/stage0_mul_m01y_q0/P[24]
                         net (fo=1, routed)           1.189     7.338    u_addr_pipe/stage0_mul_m01y_q0_n_81
    SLICE_X36Y29         LUT2 (Prop_lut2_I0_O)        0.124     7.462 r  u_addr_pipe/stage0_mul_m01y_q[24]_i_1/O
                         net (fo=1, routed)           0.000     7.462    u_addr_pipe/stage0_mul_m01y_q[24]
    SLICE_X36Y29         FDCE                                         r  u_addr_pipe/stage0_mul_m01y_q_reg[24]/D
  -------------------------------------------------------------------    -------------------

                         (clock clk rise edge)        7.220     7.220 r  
                                                      0.000     7.220 r  clk (IN)
                         net (fo=593, unset)          0.924     8.144    u_addr_pipe/clk
    SLICE_X36Y29         FDCE                                         r  u_addr_pipe/stage0_mul_m01y_q_reg[24]/C
                         clock pessimism              0.000     8.144    
                         clock uncertainty           -0.035     8.109    
    SLICE_X36Y29         FDCE (Setup_fdce_C_D)        0.077     8.186    u_addr_pipe/stage0_mul_m01y_q_reg[24]
  -------------------------------------------------------------------
                         required time                          8.186    
                         arrival time                          -7.462    
  -------------------------------------------------------------------
                         slack                                  0.724    

Slack (MET) :             0.740ns  (required time - arrival time)
  Source:                 out_x_q_reg[0]/C
                            (rising edge-triggered cell FDCE clocked by clk  {rise@0.000ns fall@3.610ns period=7.220ns})
  Destination:            out_y_q_reg[11]/D
                            (rising edge-triggered cell FDCE clocked by clk  {rise@0.000ns fall@3.610ns period=7.220ns})
  Path Group:             clk
  Path Type:              Setup (Max at Slow Process Corner)
  Requirement:            7.220ns  (clk rise@7.220ns - clk rise@0.000ns)
  Data Path Delay:        6.427ns  (logic 3.310ns (51.501%)  route 3.117ns (48.499%))
  Logic Levels:           10  (CARRY4=5 LUT1=1 LUT3=1 LUT4=1 LUT6=2)
  Clock Path Skew:        -0.049ns (DCD - SCD + CPR)
    Destination Clock Delay (DCD):    0.924ns = ( 8.144 - 7.220 ) 
    Source Clock Delay      (SCD):    0.973ns
    Clock Pessimism Removal (CPR):    0.000ns
  Clock Uncertainty:      0.035ns  ((TSJ^2 + TIJ^2)^1/2 + DJ) / 2 + PE
    Total System Jitter     (TSJ):    0.071ns
    Total Input Jitter      (TIJ):    0.000ns
    Discrete Jitter          (DJ):    0.000ns
    Phase Error              (PE):    0.000ns

    Location             Delay type                Incr(ns)  Path(ns)    Netlist Resource(s)
  -------------------------------------------------------------------    -------------------
                         (clock clk rise edge)        0.000     0.000 r  
                                                      0.000     0.000 r  clk (IN)
                         net (fo=593, unset)          0.973     0.973    clk
    SLICE_X44Y23         FDCE                                         r  out_x_q_reg[0]/C
  -------------------------------------------------------------------    -------------------
    SLICE_X44Y23         FDCE (Prop_fdce_C_Q)         0.456     1.429 f  out_x_q_reg[0]/Q
                         net (fo=6, routed)           0.402     1.831    out_x_q_reg_n_0_[0]
    SLICE_X44Y23         LUT1 (Prop_lut1_I0_O)        0.124     1.955 r  issue_keep_q[0]_i_19/O
                         net (fo=1, routed)           0.189     2.144    issue_keep_q[0]_i_19_n_0
    SLICE_X45Y23         CARRY4 (Prop_carry4_CYINIT_CO[3])
                                                      0.580     2.724 r  issue_keep_q_reg[0]_i_9/CO[3]
                         net (fo=1, routed)           0.000     2.724    issue_keep_q_reg[0]_i_9_n_0
    SLICE_X45Y24         CARRY4 (Prop_carry4_CI_O[1])
                                                      0.334     3.058 r  issue_keep_q_reg[0]_i_8/O[1]
                         net (fo=1, routed)           0.792     3.849    issue_keep_q_reg[0]_i_8_n_6
    SLICE_X42Y24         LUT4 (Prop_lut4_I2_O)        0.303     4.152 r  issue_keep_q[0]_i_2/O
                         net (fo=2, routed)           0.800     4.952    issue_keep_q[0]_i_2_n_0
    SLICE_X41Y24         LUT6 (Prop_lut6_I0_O)        0.124     5.076 r  issue_keep_q[0]_i_1/O
                         net (fo=37, routed)          0.620     5.697    p_22_in
    SLICE_X44Y24         LUT3 (Prop_lut3_I1_O)        0.124     5.821 r  out_y_q[3]_i_3/O
                         net (fo=1, routed)           0.000     5.821    out_y_q[3]_i_3_n_0
    SLICE_X44Y24         CARRY4 (Prop_carry4_S[0]_CO[3])
                                                      0.532     6.353 r  out_y_q_reg[3]_i_2/CO[3]
                         net (fo=1, routed)           0.009     6.362    out_y_q_reg[3]_i_2_n_0
    SLICE_X44Y25         CARRY4 (Prop_carry4_CI_CO[3])
                                                      0.114     6.476 r  out_y_q_reg[7]_i_2/CO[3]
                         net (fo=1, routed)           0.000     6.476    out_y_q_reg[7]_i_2_n_0
    SLICE_X44Y26         CARRY4 (Prop_carry4_CI_O[3])
                                                      0.313     6.789 r  out_y_q_reg[11]_i_2/O[3]
                         net (fo=1, routed)           0.306     7.094    u_addr_pipe/next_out_y_v[11]
    SLICE_X43Y26         LUT6 (Prop_lut6_I0_O)        0.306     7.400 r  u_addr_pipe/out_y_q[11]_i_1/O
                         net (fo=1, routed)           0.000     7.400    u_addr_pipe_n_42
    SLICE_X43Y26         FDCE                                         r  out_y_q_reg[11]/D
  -------------------------------------------------------------------    -------------------

                         (clock clk rise edge)        7.220     7.220 r  
                                                      0.000     7.220 r  clk (IN)
                         net (fo=593, unset)          0.924     8.144    clk
    SLICE_X43Y26         FDCE                                         r  out_y_q_reg[11]/C
                         clock pessimism              0.000     8.144    
                         clock uncertainty           -0.035     8.109    
    SLICE_X43Y26         FDCE (Setup_fdce_C_D)        0.031     8.140    out_y_q_reg[11]
  -------------------------------------------------------------------
                         required time                          8.140    
                         arrival time                          -7.400    
  -------------------------------------------------------------------
                         slack                                  0.740    

Slack (MET) :             0.753ns  (required time - arrival time)
  Source:                 issue_out_y_q_reg[6]/C
                            (rising edge-triggered cell FDCE clocked by clk  {rise@0.000ns fall@3.610ns period=7.220ns})
  Destination:            u_addr_pipe/stage0_mul_m01y_q_reg[30]/D
                            (rising edge-triggered cell FDCE clocked by clk  {rise@0.000ns fall@3.610ns period=7.220ns})
  Path Group:             clk
  Path Type:              Setup (Max at Slow Process Corner)
  Requirement:            7.220ns  (clk rise@7.220ns - clk rise@0.000ns)
  Data Path Delay:        6.458ns  (logic 4.398ns (68.105%)  route 2.060ns (31.895%))
  Logic Levels:           2  (DSP48E1=1 LUT2=1)
  Clock Path Skew:        -0.049ns (DCD - SCD + CPR)
    Destination Clock Delay (DCD):    0.924ns = ( 8.144 - 7.220 ) 
    Source Clock Delay      (SCD):    0.973ns
    Clock Pessimism Removal (CPR):    0.000ns
  Clock Uncertainty:      0.035ns  ((TSJ^2 + TIJ^2)^1/2 + DJ) / 2 + PE
    Total System Jitter     (TSJ):    0.071ns
    Total Input Jitter      (TIJ):    0.000ns
    Discrete Jitter          (DJ):    0.000ns
    Phase Error              (PE):    0.000ns

    Location             Delay type                Incr(ns)  Path(ns)    Netlist Resource(s)
  -------------------------------------------------------------------    -------------------
                         (clock clk rise edge)        0.000     0.000 r  
                                                      0.000     0.000 r  clk (IN)
                         net (fo=593, unset)          0.973     0.973    clk
    SLICE_X40Y26         FDCE                                         r  issue_out_y_q_reg[6]/C
  -------------------------------------------------------------------    -------------------
    SLICE_X40Y26         FDCE (Prop_fdce_C_Q)         0.419     1.392 r  issue_out_y_q_reg[6]/Q
                         net (fo=2, routed)           0.928     2.320    u_addr_pipe/Q[6]
    DSP48_X2Y9           DSP48E1 (Prop_dsp48e1_B[6]_P[30])
                                                      3.829     6.149 r  u_addr_pipe/stage0_mul_m01y_q0/P[30]
                         net (fo=1, routed)           1.131     7.281    u_addr_pipe/stage0_mul_m01y_q0_n_75
    SLICE_X33Y28         LUT2 (Prop_lut2_I0_O)        0.150     7.431 r  u_addr_pipe/stage0_mul_m01y_q[30]_i_1/O
                         net (fo=1, routed)           0.000     7.431    u_addr_pipe/stage0_mul_m01y_q[30]
    SLICE_X33Y28         FDCE                                         r  u_addr_pipe/stage0_mul_m01y_q_reg[30]/D
  -------------------------------------------------------------------    -------------------

                         (clock clk rise edge)        7.220     7.220 r  
                                                      0.000     7.220 r  clk (IN)
                         net (fo=593, unset)          0.924     8.144    u_addr_pipe/clk
    SLICE_X33Y28         FDCE                                         r  u_addr_pipe/stage0_mul_m01y_q_reg[30]/C
                         clock pessimism              0.000     8.144    
                         clock uncertainty           -0.035     8.109    
    SLICE_X33Y28         FDCE (Setup_fdce_C_D)        0.075     8.184    u_addr_pipe/stage0_mul_m01y_q_reg[30]
  -------------------------------------------------------------------
                         required time                          8.184    
                         arrival time                          -7.431    
  -------------------------------------------------------------------
                         slack                                  0.753    

Slack (MET) :             0.759ns  (required time - arrival time)
  Source:                 issue_out_y_q_reg[6]/C
                            (rising edge-triggered cell FDCE clocked by clk  {rise@0.000ns fall@3.610ns period=7.220ns})
  Destination:            u_addr_pipe/stage0_mul_m01y_q_reg[1]/D
                            (rising edge-triggered cell FDCE clocked by clk  {rise@0.000ns fall@3.610ns period=7.220ns})
  Path Group:             clk
  Path Type:              Setup (Max at Slow Process Corner)
  Requirement:            7.220ns  (clk rise@7.220ns - clk rise@0.000ns)
  Data Path Delay:        6.495ns  (logic 4.401ns (67.763%)  route 2.094ns (32.237%))
  Logic Levels:           2  (DSP48E1=1 LUT2=1)
  Clock Path Skew:        -0.049ns (DCD - SCD + CPR)
    Destination Clock Delay (DCD):    0.924ns = ( 8.144 - 7.220 ) 
    Source Clock Delay      (SCD):    0.973ns
    Clock Pessimism Removal (CPR):    0.000ns
  Clock Uncertainty:      0.035ns  ((TSJ^2 + TIJ^2)^1/2 + DJ) / 2 + PE
    Total System Jitter     (TSJ):    0.071ns
    Total Input Jitter      (TIJ):    0.000ns
    Discrete Jitter          (DJ):    0.000ns
    Phase Error              (PE):    0.000ns

    Location             Delay type                Incr(ns)  Path(ns)    Netlist Resource(s)
  -------------------------------------------------------------------    -------------------
                         (clock clk rise edge)        0.000     0.000 r  
                                                      0.000     0.000 r  clk (IN)
                         net (fo=593, unset)          0.973     0.973    clk
    SLICE_X40Y26         FDCE                                         r  issue_out_y_q_reg[6]/C
  -------------------------------------------------------------------    -------------------
    SLICE_X40Y26         FDCE (Prop_fdce_C_Q)         0.419     1.392 r  issue_out_y_q_reg[6]/Q
                         net (fo=2, routed)           0.928     2.320    u_addr_pipe/Q[6]
    DSP48_X2Y9           DSP48E1 (Prop_dsp48e1_B[6]_P[1])
                                                      3.829     6.149 r  u_addr_pipe/stage0_mul_m01y_q0/P[1]
                         net (fo=1, routed)           1.165     7.315    u_addr_pipe/stage0_mul_m01y_q0_n_104
    SLICE_X36Y26         LUT2 (Prop_lut2_I0_O)        0.153     7.468 r  u_addr_pipe/stage0_mul_m01y_q[1]_i_1/O
                         net (fo=1, routed)           0.000     7.468    u_addr_pipe/stage0_mul_m01y_q[1]
    SLICE_X36Y26         FDCE                                         r  u_addr_pipe/stage0_mul_m01y_q_reg[1]/D
  -------------------------------------------------------------------    -------------------

                         (clock clk rise edge)        7.220     7.220 r  
                                                      0.000     7.220 r  clk (IN)
                         net (fo=593, unset)          0.924     8.144    u_addr_pipe/clk
    SLICE_X36Y26         FDCE                                         r  u_addr_pipe/stage0_mul_m01y_q_reg[1]/C
                         clock pessimism              0.000     8.144    
                         clock uncertainty           -0.035     8.109    
    SLICE_X36Y26         FDCE (Setup_fdce_C_D)        0.118     8.227    u_addr_pipe/stage0_mul_m01y_q_reg[1]
  -------------------------------------------------------------------
                         required time                          8.227    
                         arrival time                          -7.468    
  -------------------------------------------------------------------
                         slack                                  0.759    

Slack (MET) :             0.760ns  (required time - arrival time)
  Source:                 out_x_q_reg[0]/C
                            (rising edge-triggered cell FDCE clocked by clk  {rise@0.000ns fall@3.610ns period=7.220ns})
  Destination:            out_y_q_reg[14]/D
                            (rising edge-triggered cell FDCE clocked by clk  {rise@0.000ns fall@3.610ns period=7.220ns})
  Path Group:             clk
  Path Type:              Setup (Max at Slow Process Corner)
  Requirement:            7.220ns  (clk rise@7.220ns - clk rise@0.000ns)
  Data Path Delay:        6.457ns  (logic 3.346ns (51.819%)  route 3.111ns (48.181%))
  Logic Levels:           11  (CARRY4=6 LUT1=1 LUT3=1 LUT4=1 LUT6=2)
  Clock Path Skew:        -0.049ns (DCD - SCD + CPR)
    Destination Clock Delay (DCD):    0.924ns = ( 8.144 - 7.220 ) 
    Source Clock Delay      (SCD):    0.973ns
    Clock Pessimism Removal (CPR):    0.000ns
  Clock Uncertainty:      0.035ns  ((TSJ^2 + TIJ^2)^1/2 + DJ) / 2 + PE
    Total System Jitter     (TSJ):    0.071ns
    Total Input Jitter      (TIJ):    0.000ns
    Discrete Jitter          (DJ):    0.000ns
    Phase Error              (PE):    0.000ns

    Location             Delay type                Incr(ns)  Path(ns)    Netlist Resource(s)
  -------------------------------------------------------------------    -------------------
                         (clock clk rise edge)        0.000     0.000 r  
                                                      0.000     0.000 r  clk (IN)
                         net (fo=593, unset)          0.973     0.973    clk
    SLICE_X44Y23         FDCE                                         r  out_x_q_reg[0]/C
  -------------------------------------------------------------------    -------------------
    SLICE_X44Y23         FDCE (Prop_fdce_C_Q)         0.456     1.429 f  out_x_q_reg[0]/Q
                         net (fo=6, routed)           0.402     1.831    out_x_q_reg_n_0_[0]
    SLICE_X44Y23         LUT1 (Prop_lut1_I0_O)        0.124     1.955 r  issue_keep_q[0]_i_19/O
                         net (fo=1, routed)           0.189     2.144    issue_keep_q[0]_i_19_n_0
    SLICE_X45Y23         CARRY4 (Prop_carry4_CYINIT_CO[3])
                                                      0.580     2.724 r  issue_keep_q_reg[0]_i_9/CO[3]
                         net (fo=1, routed)           0.000     2.724    issue_keep_q_reg[0]_i_9_n_0
    SLICE_X45Y24         CARRY4 (Prop_carry4_CI_O[1])
                                                      0.334     3.058 r  issue_keep_q_reg[0]_i_8/O[1]
                         net (fo=1, routed)           0.792     3.849    issue_keep_q_reg[0]_i_8_n_6
    SLICE_X42Y24         LUT4 (Prop_lut4_I2_O)        0.303     4.152 r  issue_keep_q[0]_i_2/O
                         net (fo=2, routed)           0.800     4.952    issue_keep_q[0]_i_2_n_0
    SLICE_X41Y24         LUT6 (Prop_lut6_I0_O)        0.124     5.076 r  issue_keep_q[0]_i_1/O
                         net (fo=37, routed)          0.620     5.697    p_22_in
    SLICE_X44Y24         LUT3 (Prop_lut3_I1_O)        0.124     5.821 r  out_y_q[3]_i_3/O
                         net (fo=1, routed)           0.000     5.821    out_y_q[3]_i_3_n_0
    SLICE_X44Y24         CARRY4 (Prop_carry4_S[0]_CO[3])
                                                      0.532     6.353 r  out_y_q_reg[3]_i_2/CO[3]
                         net (fo=1, routed)           0.009     6.362    out_y_q_reg[3]_i_2_n_0
    SLICE_X44Y25         CARRY4 (Prop_carry4_CI_CO[3])
                                                      0.114     6.476 r  out_y_q_reg[7]_i_2/CO[3]
                         net (fo=1, routed)           0.000     6.476    out_y_q_reg[7]_i_2_n_0
    SLICE_X44Y26         CARRY4 (Prop_carry4_CI_CO[3])
                                                      0.114     6.590 r  out_y_q_reg[11]_i_2/CO[3]
                         net (fo=1, routed)           0.000     6.590    out_y_q_reg[11]_i_2_n_0
    SLICE_X44Y27         CARRY4 (Prop_carry4_CI_O[2])
                                                      0.239     6.829 r  out_y_q_reg[15]_i_2/O[2]
                         net (fo=1, routed)           0.300     7.128    u_addr_pipe/next_out_y_v[14]
    SLICE_X46Y27         LUT6 (Prop_lut6_I0_O)        0.302     7.430 r  u_addr_pipe/out_y_q[14]_i_1/O
                         net (fo=1, routed)           0.000     7.430    u_addr_pipe_n_39
    SLICE_X46Y27         FDCE                                         r  out_y_q_reg[14]/D
  -------------------------------------------------------------------    -------------------

                         (clock clk rise edge)        7.220     7.220 r  
                                                      0.000     7.220 r  clk (IN)
                         net (fo=593, unset)          0.924     8.144    clk
    SLICE_X46Y27         FDCE                                         r  out_y_q_reg[14]/C
                         clock pessimism              0.000     8.144    
                         clock uncertainty           -0.035     8.109    
    SLICE_X46Y27         FDCE (Setup_fdce_C_D)        0.081     8.190    out_y_q_reg[14]
  -------------------------------------------------------------------
                         required time                          8.190    
                         arrival time                          -7.430    
  -------------------------------------------------------------------
                         slack                                  0.760    

Slack (MET) :             0.768ns  (required time - arrival time)
  Source:                 issue_out_y_q_reg[6]/C
                            (rising edge-triggered cell FDCE clocked by clk  {rise@0.000ns fall@3.610ns period=7.220ns})
  Destination:            u_addr_pipe/stage0_mul_m01y_q_reg[5]/D
                            (rising edge-triggered cell FDCE clocked by clk  {rise@0.000ns fall@3.610ns period=7.220ns})
  Path Group:             clk
  Path Type:              Setup (Max at Slow Process Corner)
  Requirement:            7.220ns  (clk rise@7.220ns - clk rise@0.000ns)
  Data Path Delay:        6.486ns  (logic 4.400ns (67.843%)  route 2.086ns (32.157%))
  Logic Levels:           2  (DSP48E1=1 LUT2=1)
  Clock Path Skew:        -0.049ns (DCD - SCD + CPR)
    Destination Clock Delay (DCD):    0.924ns = ( 8.144 - 7.220 ) 
    Source Clock Delay      (SCD):    0.973ns
    Clock Pessimism Removal (CPR):    0.000ns
  Clock Uncertainty:      0.035ns  ((TSJ^2 + TIJ^2)^1/2 + DJ) / 2 + PE
    Total System Jitter     (TSJ):    0.071ns
    Total Input Jitter      (TIJ):    0.000ns
    Discrete Jitter          (DJ):    0.000ns
    Phase Error              (PE):    0.000ns

    Location             Delay type                Incr(ns)  Path(ns)    Netlist Resource(s)
  -------------------------------------------------------------------    -------------------
                         (clock clk rise edge)        0.000     0.000 r  
                                                      0.000     0.000 r  clk (IN)
                         net (fo=593, unset)          0.973     0.973    clk
    SLICE_X40Y26         FDCE                                         r  issue_out_y_q_reg[6]/C
  -------------------------------------------------------------------    -------------------
    SLICE_X40Y26         FDCE (Prop_fdce_C_Q)         0.419     1.392 r  issue_out_y_q_reg[6]/Q
                         net (fo=2, routed)           0.928     2.320    u_addr_pipe/Q[6]
    DSP48_X2Y9           DSP48E1 (Prop_dsp48e1_B[6]_P[5])
                                                      3.829     6.149 r  u_addr_pipe/stage0_mul_m01y_q0/P[5]
                         net (fo=1, routed)           1.157     7.307    u_addr_pipe/stage0_mul_m01y_q0_n_100
    SLICE_X36Y24         LUT2 (Prop_lut2_I0_O)        0.152     7.459 r  u_addr_pipe/stage0_mul_m01y_q[5]_i_1/O
                         net (fo=1, routed)           0.000     7.459    u_addr_pipe/stage0_mul_m01y_q[5]
    SLICE_X36Y24         FDCE                                         r  u_addr_pipe/stage0_mul_m01y_q_reg[5]/D
  -------------------------------------------------------------------    -------------------

                         (clock clk rise edge)        7.220     7.220 r  
                                                      0.000     7.220 r  clk (IN)
                         net (fo=593, unset)          0.924     8.144    u_addr_pipe/clk
    SLICE_X36Y24         FDCE                                         r  u_addr_pipe/stage0_mul_m01y_q_reg[5]/C
                         clock pessimism              0.000     8.144    
                         clock uncertainty           -0.035     8.109    
    SLICE_X36Y24         FDCE (Setup_fdce_C_D)        0.118     8.227    u_addr_pipe/stage0_mul_m01y_q_reg[5]
  -------------------------------------------------------------------
                         required time                          8.227    
                         arrival time                          -7.459    
  -------------------------------------------------------------------
                         slack                                  0.768    

Slack (MET) :             0.774ns  (required time - arrival time)
  Source:                 out_x_q_reg[0]/C
                            (rising edge-triggered cell FDCE clocked by clk  {rise@0.000ns fall@3.610ns period=7.220ns})
  Destination:            out_y_q_reg[9]/D
                            (rising edge-triggered cell FDCE clocked by clk  {rise@0.000ns fall@3.610ns period=7.220ns})
  Path Group:             clk
  Path Type:              Setup (Max at Slow Process Corner)
  Requirement:            7.220ns  (clk rise@7.220ns - clk rise@0.000ns)
  Data Path Delay:        6.443ns  (logic 3.328ns (51.653%)  route 3.115ns (48.347%))
  Logic Levels:           10  (CARRY4=5 LUT1=1 LUT3=1 LUT4=1 LUT6=2)
  Clock Path Skew:        -0.049ns (DCD - SCD + CPR)
    Destination Clock Delay (DCD):    0.924ns = ( 8.144 - 7.220 ) 
    Source Clock Delay      (SCD):    0.973ns
    Clock Pessimism Removal (CPR):    0.000ns
  Clock Uncertainty:      0.035ns  ((TSJ^2 + TIJ^2)^1/2 + DJ) / 2 + PE
    Total System Jitter     (TSJ):    0.071ns
    Total Input Jitter      (TIJ):    0.000ns
    Discrete Jitter          (DJ):    0.000ns
    Phase Error              (PE):    0.000ns

    Location             Delay type                Incr(ns)  Path(ns)    Netlist Resource(s)
  -------------------------------------------------------------------    -------------------
                         (clock clk rise edge)        0.000     0.000 r  
                                                      0.000     0.000 r  clk (IN)
                         net (fo=593, unset)          0.973     0.973    clk
    SLICE_X44Y23         FDCE                                         r  out_x_q_reg[0]/C
  -------------------------------------------------------------------    -------------------
    SLICE_X44Y23         FDCE (Prop_fdce_C_Q)         0.456     1.429 f  out_x_q_reg[0]/Q
                         net (fo=6, routed)           0.402     1.831    out_x_q_reg_n_0_[0]
    SLICE_X44Y23         LUT1 (Prop_lut1_I0_O)        0.124     1.955 r  issue_keep_q[0]_i_19/O
                         net (fo=1, routed)           0.189     2.144    issue_keep_q[0]_i_19_n_0
    SLICE_X45Y23         CARRY4 (Prop_carry4_CYINIT_CO[3])
                                                      0.580     2.724 r  issue_keep_q_reg[0]_i_9/CO[3]
                         net (fo=1, routed)           0.000     2.724    issue_keep_q_reg[0]_i_9_n_0
    SLICE_X45Y24         CARRY4 (Prop_carry4_CI_O[1])
                                                      0.334     3.058 r  issue_keep_q_reg[0]_i_8/O[1]
                         net (fo=1, routed)           0.792     3.849    issue_keep_q_reg[0]_i_8_n_6
    SLICE_X42Y24         LUT4 (Prop_lut4_I2_O)        0.303     4.152 r  issue_keep_q[0]_i_2/O
                         net (fo=2, routed)           0.800     4.952    issue_keep_q[0]_i_2_n_0
    SLICE_X41Y24         LUT6 (Prop_lut6_I0_O)        0.124     5.076 r  issue_keep_q[0]_i_1/O
                         net (fo=37, routed)          0.620     5.697    p_22_in
    SLICE_X44Y24         LUT3 (Prop_lut3_I1_O)        0.124     5.821 r  out_y_q[3]_i_3/O
                         net (fo=1, routed)           0.000     5.821    out_y_q[3]_i_3_n_0
    SLICE_X44Y24         CARRY4 (Prop_carry4_S[0]_CO[3])
                                                      0.532     6.353 r  out_y_q_reg[3]_i_2/CO[3]
                         net (fo=1, routed)           0.009     6.362    out_y_q_reg[3]_i_2_n_0
    SLICE_X44Y25         CARRY4 (Prop_carry4_CI_CO[3])
                                                      0.114     6.476 r  out_y_q_reg[7]_i_2/CO[3]
                         net (fo=1, routed)           0.000     6.476    out_y_q_reg[7]_i_2_n_0
    SLICE_X44Y26         CARRY4 (Prop_carry4_CI_O[1])
                                                      0.334     6.810 r  out_y_q_reg[11]_i_2/O[1]
                         net (fo=1, routed)           0.303     7.113    u_addr_pipe/next_out_y_v[9]
    SLICE_X46Y26         LUT6 (Prop_lut6_I0_O)        0.303     7.416 r  u_addr_pipe/out_y_q[9]_i_1/O
                         net (fo=1, routed)           0.000     7.416    u_addr_pipe_n_44
    SLICE_X46Y26         FDCE                                         r  out_y_q_reg[9]/D
  -------------------------------------------------------------------    -------------------

                         (clock clk rise edge)        7.220     7.220 r  
                                                      0.000     7.220 r  clk (IN)
                         net (fo=593, unset)          0.924     8.144    clk
    SLICE_X46Y26         FDCE                                         r  out_y_q_reg[9]/C
                         clock pessimism              0.000     8.144    
                         clock uncertainty           -0.035     8.109    
    SLICE_X46Y26         FDCE (Setup_fdce_C_D)        0.081     8.190    out_y_q_reg[9]
  -------------------------------------------------------------------
                         required time                          8.190    
                         arrival time                          -7.416    
  -------------------------------------------------------------------
                         slack                                  0.774    

Slack (MET) :             0.780ns  (required time - arrival time)
  Source:                 issue_out_y_q_reg[14]/C
                            (rising edge-triggered cell FDCE clocked by clk  {rise@0.000ns fall@3.610ns period=7.220ns})
  Destination:            u_addr_pipe/stage0_mul_m11y_q_reg[8]/D
                            (rising edge-triggered cell FDCE clocked by clk  {rise@0.000ns fall@3.610ns period=7.220ns})
  Path Group:             clk
  Path Type:              Setup (Max at Slow Process Corner)
  Requirement:            7.220ns  (clk rise@7.220ns - clk rise@0.000ns)
  Data Path Delay:        6.431ns  (logic 4.403ns (68.467%)  route 2.028ns (31.533%))
  Logic Levels:           2  (DSP48E1=1 LUT2=1)
  Clock Path Skew:        -0.049ns (DCD - SCD + CPR)
    Destination Clock Delay (DCD):    0.924ns = ( 8.144 - 7.220 ) 
    Source Clock Delay      (SCD):    0.973ns
    Clock Pessimism Removal (CPR):    0.000ns
  Clock Uncertainty:      0.035ns  ((TSJ^2 + TIJ^2)^1/2 + DJ) / 2 + PE
    Total System Jitter     (TSJ):    0.071ns
    Total Input Jitter      (TIJ):    0.000ns
    Discrete Jitter          (DJ):    0.000ns
    Phase Error              (PE):    0.000ns

    Location             Delay type                Incr(ns)  Path(ns)    Netlist Resource(s)
  -------------------------------------------------------------------    -------------------
                         (clock clk rise edge)        0.000     0.000 r  
                                                      0.000     0.000 r  clk (IN)
                         net (fo=593, unset)          0.973     0.973    clk
    SLICE_X43Y27         FDCE                                         r  issue_out_y_q_reg[14]/C
  -------------------------------------------------------------------    -------------------
    SLICE_X43Y27         FDCE (Prop_fdce_C_Q)         0.419     1.392 r  issue_out_y_q_reg[14]/Q
                         net (fo=2, routed)           0.891     2.283    u_addr_pipe/Q[14]
    DSP48_X2Y12          DSP48E1 (Prop_dsp48e1_B[14]_P[8])
                                                      3.831     6.114 r  u_addr_pipe/stage0_mul_m11y_q0/P[8]
                         net (fo=1, routed)           1.137     7.251    u_addr_pipe/stage0_mul_m11y_q0_n_97
    SLICE_X39Y28         LUT2 (Prop_lut2_I0_O)        0.153     7.404 r  u_addr_pipe/stage0_mul_m11y_q[8]_i_1/O
                         net (fo=1, routed)           0.000     7.404    u_addr_pipe/stage0_mul_m11y_q[8]
    SLICE_X39Y28         FDCE                                         r  u_addr_pipe/stage0_mul_m11y_q_reg[8]/D
  -------------------------------------------------------------------    -------------------

                         (clock clk rise edge)        7.220     7.220 r  
                                                      0.000     7.220 r  clk (IN)
                         net (fo=593, unset)          0.924     8.144    u_addr_pipe/clk
    SLICE_X39Y28         FDCE                                         r  u_addr_pipe/stage0_mul_m11y_q_reg[8]/C
                         clock pessimism              0.000     8.144    
                         clock uncertainty           -0.035     8.109    
    SLICE_X39Y28         FDCE (Setup_fdce_C_D)        0.075     8.184    u_addr_pipe/stage0_mul_m11y_q_reg[8]
  -------------------------------------------------------------------
                         required time                          8.184    
                         arrival time                          -7.404    
  -------------------------------------------------------------------
                         slack                                  0.780    

Slack (MET) :             0.783ns  (required time - arrival time)
  Source:                 issue_out_y_q_reg[6]/C
                            (rising edge-triggered cell FDCE clocked by clk  {rise@0.000ns fall@3.610ns period=7.220ns})
  Destination:            u_addr_pipe/stage0_mul_m01y_q_reg[17]/D
                            (rising edge-triggered cell FDCE clocked by clk  {rise@0.000ns fall@3.610ns period=7.220ns})
  Path Group:             clk
  Path Type:              Setup (Max at Slow Process Corner)
  Requirement:            7.220ns  (clk rise@7.220ns - clk rise@0.000ns)
  Data Path Delay:        6.471ns  (logic 4.397ns (67.950%)  route 2.074ns (32.050%))
  Logic Levels:           2  (DSP48E1=1 LUT2=1)
  Clock Path Skew:        -0.049ns (DCD - SCD + CPR)
    Destination Clock Delay (DCD):    0.924ns = ( 8.144 - 7.220 ) 
    Source Clock Delay      (SCD):    0.973ns
    Clock Pessimism Removal (CPR):    0.000ns
  Clock Uncertainty:      0.035ns  ((TSJ^2 + TIJ^2)^1/2 + DJ) / 2 + PE
    Total System Jitter     (TSJ):    0.071ns
    Total Input Jitter      (TIJ):    0.000ns
    Discrete Jitter          (DJ):    0.000ns
    Phase Error              (PE):    0.000ns

    Location             Delay type                Incr(ns)  Path(ns)    Netlist Resource(s)
  -------------------------------------------------------------------    -------------------
                         (clock clk rise edge)        0.000     0.000 r  
                                                      0.000     0.000 r  clk (IN)
                         net (fo=593, unset)          0.973     0.973    clk
    SLICE_X40Y26         FDCE                                         r  issue_out_y_q_reg[6]/C
  -------------------------------------------------------------------    -------------------
    SLICE_X40Y26         FDCE (Prop_fdce_C_Q)         0.419     1.392 r  issue_out_y_q_reg[6]/Q
                         net (fo=2, routed)           0.928     2.320    u_addr_pipe/Q[6]
    DSP48_X2Y9           DSP48E1 (Prop_dsp48e1_B[6]_P[17])
                                                      3.829     6.149 r  u_addr_pipe/stage0_mul_m01y_q0/P[17]
                         net (fo=1, routed)           1.146     7.295    u_addr_pipe/stage0_mul_m01y_q0_n_88
    SLICE_X36Y26         LUT2 (Prop_lut2_I0_O)        0.149     7.444 r  u_addr_pipe/stage0_mul_m01y_q[17]_i_1/O
                         net (fo=1, routed)           0.000     7.444    u_addr_pipe/stage0_mul_m01y_q[17]
    SLICE_X36Y26         FDCE                                         r  u_addr_pipe/stage0_mul_m01y_q_reg[17]/D
  -------------------------------------------------------------------    -------------------

                         (clock clk rise edge)        7.220     7.220 r  
                                                      0.000     7.220 r  clk (IN)
                         net (fo=593, unset)          0.924     8.144    u_addr_pipe/clk
    SLICE_X36Y26         FDCE                                         r  u_addr_pipe/stage0_mul_m01y_q_reg[17]/C
                         clock pessimism              0.000     8.144    
                         clock uncertainty           -0.035     8.109    
    SLICE_X36Y26         FDCE (Setup_fdce_C_D)        0.118     8.227    u_addr_pipe/stage0_mul_m01y_q_reg[17]
  -------------------------------------------------------------------
                         required time                          8.227    
                         arrival time                          -7.444    
  -------------------------------------------------------------------
                         slack                                  0.783    

Slack (MET) :             0.797ns  (required time - arrival time)
  Source:                 u_frame_latched_affine6_s16/active_m00_reg[9]/C
                            (rising edge-triggered cell FDCE clocked by clk  {rise@0.000ns fall@3.610ns period=7.220ns})
  Destination:            u_addr_pipe/stage0_mul_m00x_q_reg[12]/D
                            (rising edge-triggered cell FDCE clocked by clk  {rise@0.000ns fall@3.610ns period=7.220ns})
  Path Group:             clk
  Path Type:              Setup (Max at Slow Process Corner)
  Requirement:            7.220ns  (clk rise@7.220ns - clk rise@0.000ns)
  Data Path Delay:        6.416ns  (logic 4.559ns (71.060%)  route 1.857ns (28.940%))
  Logic Levels:           2  (DSP48E1=1 LUT2=1)
  Clock Path Skew:        -0.049ns (DCD - SCD + CPR)
    Destination Clock Delay (DCD):    0.924ns = ( 8.144 - 7.220 ) 
    Source Clock Delay      (SCD):    0.973ns
    Clock Pessimism Removal (CPR):    0.000ns
  Clock Uncertainty:      0.035ns  ((TSJ^2 + TIJ^2)^1/2 + DJ) / 2 + PE
    Total System Jitter     (TSJ):    0.071ns
    Total Input Jitter      (TIJ):    0.000ns
    Discrete Jitter          (DJ):    0.000ns
    Phase Error              (PE):    0.000ns

    Location             Delay type                Incr(ns)  Path(ns)    Netlist Resource(s)
  -------------------------------------------------------------------    -------------------
                         (clock clk rise edge)        0.000     0.000 r  
                                                      0.000     0.000 r  clk (IN)
                         net (fo=593, unset)          0.973     0.973    u_frame_latched_affine6_s16/clk
    SLICE_X33Y25         FDCE                                         r  u_frame_latched_affine6_s16/active_m00_reg[9]/C
  -------------------------------------------------------------------    -------------------
    SLICE_X33Y25         FDCE (Prop_fdce_C_Q)         0.419     1.392 r  u_frame_latched_affine6_s16/active_m00_reg[9]/Q
                         net (fo=1, routed)           0.688     2.080    u_addr_pipe/active_m00[9]
    DSP48_X2Y10          DSP48E1 (Prop_dsp48e1_A[9]_P[12])
                                                      4.016     6.096 r  u_addr_pipe/stage0_mul_m00x_q0/P[12]
                         net (fo=1, routed)           1.169     7.265    u_addr_pipe/stage0_mul_m00x_q0_n_93
    SLICE_X36Y26         LUT2 (Prop_lut2_I0_O)        0.124     7.389 r  u_addr_pipe/stage0_mul_m00x_q[12]_i_1/O
                         net (fo=1, routed)           0.000     7.389    u_addr_pipe/stage0_mul_m00x_q[12]
    SLICE_X36Y26         FDCE                                         r  u_addr_pipe/stage0_mul_m00x_q_reg[12]/D
  -------------------------------------------------------------------    -------------------

                         (clock clk rise edge)        7.220     7.220 r  
                                                      0.000     7.220 r  clk (IN)
                         net (fo=593, unset)          0.924     8.144    u_addr_pipe/clk
    SLICE_X36Y26         FDCE                                         r  u_addr_pipe/stage0_mul_m00x_q_reg[12]/C
                         clock pessimism              0.000     8.144    
                         clock uncertainty           -0.035     8.109    
    SLICE_X36Y26         FDCE (Setup_fdce_C_D)        0.077     8.186    u_addr_pipe/stage0_mul_m00x_q_reg[12]
  -------------------------------------------------------------------
                         required time                          8.186    
                         arrival time                          -7.389    
  -------------------------------------------------------------------
                         slack                                  0.797    

Slack (MET) :             0.811ns  (required time - arrival time)
  Source:                 out_x_q_reg[0]/C
                            (rising edge-triggered cell FDCE clocked by clk  {rise@0.000ns fall@3.610ns period=7.220ns})
  Destination:            out_y_q_reg[4]/D
                            (rising edge-triggered cell FDCE clocked by clk  {rise@0.000ns fall@3.610ns period=7.220ns})
  Path Group:             clk
  Path Type:              Setup (Max at Slow Process Corner)
  Requirement:            7.220ns  (clk rise@7.220ns - clk rise@0.000ns)
  Data Path Delay:        6.402ns  (logic 3.098ns (48.394%)  route 3.304ns (51.606%))
  Logic Levels:           9  (CARRY4=4 LUT1=1 LUT3=1 LUT4=1 LUT6=2)
  Clock Path Skew:        -0.049ns (DCD - SCD + CPR)
    Destination Clock Delay (DCD):    0.924ns = ( 8.144 - 7.220 ) 
    Source Clock Delay      (SCD):    0.973ns
    Clock Pessimism Removal (CPR):    0.000ns
  Clock Uncertainty:      0.035ns  ((TSJ^2 + TIJ^2)^1/2 + DJ) / 2 + PE
    Total System Jitter     (TSJ):    0.071ns
    Total Input Jitter      (TIJ):    0.000ns
    Discrete Jitter          (DJ):    0.000ns
    Phase Error              (PE):    0.000ns

    Location             Delay type                Incr(ns)  Path(ns)    Netlist Resource(s)
  -------------------------------------------------------------------    -------------------
                         (clock clk rise edge)        0.000     0.000 r  
                                                      0.000     0.000 r  clk (IN)
                         net (fo=593, unset)          0.973     0.973    clk
    SLICE_X44Y23         FDCE                                         r  out_x_q_reg[0]/C
  -------------------------------------------------------------------    -------------------
    SLICE_X44Y23         FDCE (Prop_fdce_C_Q)         0.456     1.429 f  out_x_q_reg[0]/Q
                         net (fo=6, routed)           0.402     1.831    out_x_q_reg_n_0_[0]
    SLICE_X44Y23         LUT1 (Prop_lut1_I0_O)        0.124     1.955 r  issue_keep_q[0]_i_19/O
                         net (fo=1, routed)           0.189     2.144    issue_keep_q[0]_i_19_n_0
    SLICE_X45Y23         CARRY4 (Prop_carry4_CYINIT_CO[3])
                                                      0.580     2.724 r  issue_keep_q_reg[0]_i_9/CO[3]
                         net (fo=1, routed)           0.000     2.724    issue_keep_q_reg[0]_i_9_n_0
    SLICE_X45Y24         CARRY4 (Prop_carry4_CI_O[1])
                                                      0.334     3.058 r  issue_keep_q_reg[0]_i_8/O[1]
                         net (fo=1, routed)           0.792     3.849    issue_keep_q_reg[0]_i_8_n_6
    SLICE_X42Y24         LUT4 (Prop_lut4_I2_O)        0.303     4.152 r  issue_keep_q[0]_i_2/O
                         net (fo=2, routed)           0.800     4.952    issue_keep_q[0]_i_2_n_0
    SLICE_X41Y24         LUT6 (Prop_lut6_I0_O)        0.124     5.076 r  issue_keep_q[0]_i_1/O
                         net (fo=37, routed)          0.620     5.697    p_22_in
    SLICE_X44Y24         LUT3 (Prop_lut3_I1_O)        0.124     5.821 r  out_y_q[3]_i_3/O
                         net (fo=1, routed)           0.000     5.821    out_y_q[3]_i_3_n_0
    SLICE_X44Y24         CARRY4 (Prop_carry4_S[0]_CO[3])
                                                      0.532     6.353 r  out_y_q_reg[3]_i_2/CO[3]
                         net (fo=1, routed)           0.009     6.362    out_y_q_reg[3]_i_2_n_0
    SLICE_X44Y25         CARRY4 (Prop_carry4_CI_O[0])
                                                      0.222     6.584 r  out_y_q_reg[7]_i_2/O[0]
                         net (fo=1, routed)           0.492     7.076    u_addr_pipe/next_out_y_v[4]
    SLICE_X46Y25         LUT6 (Prop_lut6_I0_O)        0.299     7.375 r  u_addr_pipe/out_y_q[4]_i_1/O
                         net (fo=1, routed)           0.000     7.375    u_addr_pipe_n_49
    SLICE_X46Y25         FDCE                                         r  out_y_q_reg[4]/D
  -------------------------------------------------------------------    -------------------

                         (clock clk rise edge)        7.220     7.220 r  
                                                      0.000     7.220 r  clk (IN)
                         net (fo=593, unset)          0.924     8.144    clk
    SLICE_X46Y25         FDCE                                         r  out_y_q_reg[4]/C
                         clock pessimism              0.000     8.144    
                         clock uncertainty           -0.035     8.109    
    SLICE_X46Y25         FDCE (Setup_fdce_C_D)        0.077     8.186    out_y_q_reg[4]
  -------------------------------------------------------------------
                         required time                          8.186    
                         arrival time                          -7.375    
  -------------------------------------------------------------------
                         slack                                  0.811    

Slack (MET) :             0.831ns  (required time - arrival time)
  Source:                 issue_out_y_q_reg[14]/C
                            (rising edge-triggered cell FDCE clocked by clk  {rise@0.000ns fall@3.610ns period=7.220ns})
  Destination:            u_addr_pipe/stage0_mul_m11y_q_reg[14]/D
                            (rising edge-triggered cell FDCE clocked by clk  {rise@0.000ns fall@3.610ns period=7.220ns})
  Path Group:             clk
  Path Type:              Setup (Max at Slow Process Corner)
  Requirement:            7.220ns  (clk rise@7.220ns - clk rise@0.000ns)
  Data Path Delay:        6.334ns  (logic 4.374ns (69.052%)  route 1.960ns (30.948%))
  Logic Levels:           2  (DSP48E1=1 LUT2=1)
  Clock Path Skew:        -0.049ns (DCD - SCD + CPR)
    Destination Clock Delay (DCD):    0.924ns = ( 8.144 - 7.220 ) 
    Source Clock Delay      (SCD):    0.973ns
    Clock Pessimism Removal (CPR):    0.000ns
  Clock Uncertainty:      0.035ns  ((TSJ^2 + TIJ^2)^1/2 + DJ) / 2 + PE
    Total System Jitter     (TSJ):    0.071ns
    Total Input Jitter      (TIJ):    0.000ns
    Discrete Jitter          (DJ):    0.000ns
    Phase Error              (PE):    0.000ns

    Location             Delay type                Incr(ns)  Path(ns)    Netlist Resource(s)
  -------------------------------------------------------------------    -------------------
                         (clock clk rise edge)        0.000     0.000 r  
                                                      0.000     0.000 r  clk (IN)
                         net (fo=593, unset)          0.973     0.973    clk
    SLICE_X43Y27         FDCE                                         r  issue_out_y_q_reg[14]/C
  -------------------------------------------------------------------    -------------------
    SLICE_X43Y27         FDCE (Prop_fdce_C_Q)         0.419     1.392 r  issue_out_y_q_reg[14]/Q
                         net (fo=2, routed)           0.891     2.283    u_addr_pipe/Q[14]
    DSP48_X2Y12          DSP48E1 (Prop_dsp48e1_B[14]_P[14])
                                                      3.831     6.114 r  u_addr_pipe/stage0_mul_m11y_q0/P[14]
                         net (fo=1, routed)           1.069     7.183    u_addr_pipe/stage0_mul_m11y_q0_n_91
    SLICE_X37Y30         LUT2 (Prop_lut2_I0_O)        0.124     7.307 r  u_addr_pipe/stage0_mul_m11y_q[14]_i_1/O
                         net (fo=1, routed)           0.000     7.307    u_addr_pipe/stage0_mul_m11y_q[14]
    SLICE_X37Y30         FDCE                                         r  u_addr_pipe/stage0_mul_m11y_q_reg[14]/D
  -------------------------------------------------------------------    -------------------

                         (clock clk rise edge)        7.220     7.220 r  
                                                      0.000     7.220 r  clk (IN)
                         net (fo=593, unset)          0.924     8.144    u_addr_pipe/clk
    SLICE_X37Y30         FDCE                                         r  u_addr_pipe/stage0_mul_m11y_q_reg[14]/C
                         clock pessimism              0.000     8.144    
                         clock uncertainty           -0.035     8.109    
    SLICE_X37Y30         FDCE (Setup_fdce_C_D)        0.029     8.138    u_addr_pipe/stage0_mul_m11y_q_reg[14]
  -------------------------------------------------------------------
                         required time                          8.138    
                         arrival time                          -7.307    
  -------------------------------------------------------------------
                         slack                                  0.831    

Slack (MET) :             0.847ns  (required time - arrival time)
  Source:                 out_x_q_reg[0]/C
                            (rising edge-triggered cell FDCE clocked by clk  {rise@0.000ns fall@3.610ns period=7.220ns})
  Destination:            out_y_q_reg[8]/D
                            (rising edge-triggered cell FDCE clocked by clk  {rise@0.000ns fall@3.610ns period=7.220ns})
  Path Group:             clk
  Path Type:              Setup (Max at Slow Process Corner)
  Requirement:            7.220ns  (clk rise@7.220ns - clk rise@0.000ns)
  Data Path Delay:        6.321ns  (logic 3.212ns (50.812%)  route 3.109ns (49.188%))
  Logic Levels:           10  (CARRY4=5 LUT1=1 LUT3=1 LUT4=1 LUT6=2)
  Clock Path Skew:        -0.049ns (DCD - SCD + CPR)
    Destination Clock Delay (DCD):    0.924ns = ( 8.144 - 7.220 ) 
    Source Clock Delay      (SCD):    0.973ns
    Clock Pessimism Removal (CPR):    0.000ns
  Clock Uncertainty:      0.035ns  ((TSJ^2 + TIJ^2)^1/2 + DJ) / 2 + PE
    Total System Jitter     (TSJ):    0.071ns
    Total Input Jitter      (TIJ):    0.000ns
    Discrete Jitter          (DJ):    0.000ns
    Phase Error              (PE):    0.000ns

    Location             Delay type                Incr(ns)  Path(ns)    Netlist Resource(s)
  -------------------------------------------------------------------    -------------------
                         (clock clk rise edge)        0.000     0.000 r  
                                                      0.000     0.000 r  clk (IN)
                         net (fo=593, unset)          0.973     0.973    clk
    SLICE_X44Y23         FDCE                                         r  out_x_q_reg[0]/C
  -------------------------------------------------------------------    -------------------
    SLICE_X44Y23         FDCE (Prop_fdce_C_Q)         0.456     1.429 f  out_x_q_reg[0]/Q
                         net (fo=6, routed)           0.402     1.831    out_x_q_reg_n_0_[0]
    SLICE_X44Y23         LUT1 (Prop_lut1_I0_O)        0.124     1.955 r  issue_keep_q[0]_i_19/O
                         net (fo=1, routed)           0.189     2.144    issue_keep_q[0]_i_19_n_0
    SLICE_X45Y23         CARRY4 (Prop_carry4_CYINIT_CO[3])
                                                      0.580     2.724 r  issue_keep_q_reg[0]_i_9/CO[3]
                         net (fo=1, routed)           0.000     2.724    issue_keep_q_reg[0]_i_9_n_0
    SLICE_X45Y24         CARRY4 (Prop_carry4_CI_O[1])
                                                      0.334     3.058 r  issue_keep_q_reg[0]_i_8/O[1]
                         net (fo=1, routed)           0.792     3.849    issue_keep_q_reg[0]_i_8_n_6
    SLICE_X42Y24         LUT4 (Prop_lut4_I2_O)        0.303     4.152 r  issue_keep_q[0]_i_2/O
                         net (fo=2, routed)           0.800     4.952    issue_keep_q[0]_i_2_n_0
    SLICE_X41Y24         LUT6 (Prop_lut6_I0_O)        0.124     5.076 r  issue_keep_q[0]_i_1/O
                         net (fo=37, routed)          0.620     5.697    p_22_in
    SLICE_X44Y24         LUT3 (Prop_lut3_I1_O)        0.124     5.821 r  out_y_q[3]_i_3/O
                         net (fo=1, routed)           0.000     5.821    out_y_q[3]_i_3_n_0
    SLICE_X44Y24         CARRY4 (Prop_carry4_S[0]_CO[3])
                                                      0.532     6.353 r  out_y_q_reg[3]_i_2/CO[3]
                         net (fo=1, routed)           0.009     6.362    out_y_q_reg[3]_i_2_n_0
    SLICE_X44Y25         CARRY4 (Prop_carry4_CI_CO[3])
                                                      0.114     6.476 r  out_y_q_reg[7]_i_2/CO[3]
                         net (fo=1, routed)           0.000     6.476    out_y_q_reg[7]_i_2_n_0
    SLICE_X44Y26         CARRY4 (Prop_carry4_CI_O[0])
                                                      0.222     6.698 r  out_y_q_reg[11]_i_2/O[0]
                         net (fo=1, routed)           0.298     6.995    u_addr_pipe/next_out_y_v[8]
    SLICE_X45Y27         LUT6 (Prop_lut6_I0_O)        0.299     7.294 r  u_addr_pipe/out_y_q[8]_i_1/O
                         net (fo=1, routed)           0.000     7.294    u_addr_pipe_n_45
    SLICE_X45Y27         FDCE                                         r  out_y_q_reg[8]/D
  -------------------------------------------------------------------    -------------------

                         (clock clk rise edge)        7.220     7.220 r  
                                                      0.000     7.220 r  clk (IN)
                         net (fo=593, unset)          0.924     8.144    clk
    SLICE_X45Y27         FDCE                                         r  out_y_q_reg[8]/C
                         clock pessimism              0.000     8.144    
                         clock uncertainty           -0.035     8.109    
    SLICE_X45Y27         FDCE (Setup_fdce_C_D)        0.032     8.141    out_y_q_reg[8]
  -------------------------------------------------------------------
                         required time                          8.141    
                         arrival time                          -7.294    
  -------------------------------------------------------------------
                         slack                                  0.847    

Slack (MET) :             0.847ns  (required time - arrival time)
  Source:                 issue_out_y_q_reg[14]/C
                            (rising edge-triggered cell FDCE clocked by clk  {rise@0.000ns fall@3.610ns period=7.220ns})
  Destination:            u_addr_pipe/stage0_mul_m11y_q_reg[17]/D
                            (rising edge-triggered cell FDCE clocked by clk  {rise@0.000ns fall@3.610ns period=7.220ns})
  Path Group:             clk
  Path Type:              Setup (Max at Slow Process Corner)
  Requirement:            7.220ns  (clk rise@7.220ns - clk rise@0.000ns)
  Data Path Delay:        6.368ns  (logic 4.374ns (68.684%)  route 1.994ns (31.316%))
  Logic Levels:           2  (DSP48E1=1 LUT2=1)
  Clock Path Skew:        -0.049ns (DCD - SCD + CPR)
    Destination Clock Delay (DCD):    0.924ns = ( 8.144 - 7.220 ) 
    Source Clock Delay      (SCD):    0.973ns
    Clock Pessimism Removal (CPR):    0.000ns
  Clock Uncertainty:      0.035ns  ((TSJ^2 + TIJ^2)^1/2 + DJ) / 2 + PE
    Total System Jitter     (TSJ):    0.071ns
    Total Input Jitter      (TIJ):    0.000ns
    Discrete Jitter          (DJ):    0.000ns
    Phase Error              (PE):    0.000ns

    Location             Delay type                Incr(ns)  Path(ns)    Netlist Resource(s)
  -------------------------------------------------------------------    -------------------
                         (clock clk rise edge)        0.000     0.000 r  
                                                      0.000     0.000 r  clk (IN)
                         net (fo=593, unset)          0.973     0.973    clk
    SLICE_X43Y27         FDCE                                         r  issue_out_y_q_reg[14]/C
  -------------------------------------------------------------------    -------------------
    SLICE_X43Y27         FDCE (Prop_fdce_C_Q)         0.419     1.392 r  issue_out_y_q_reg[14]/Q
                         net (fo=2, routed)           0.891     2.283    u_addr_pipe/Q[14]
    DSP48_X2Y12          DSP48E1 (Prop_dsp48e1_B[14]_P[17])
                                                      3.831     6.114 r  u_addr_pipe/stage0_mul_m11y_q0/P[17]
                         net (fo=1, routed)           1.103     7.217    u_addr_pipe/stage0_mul_m11y_q0_n_88
    SLICE_X36Y31         LUT2 (Prop_lut2_I0_O)        0.124     7.341 r  u_addr_pipe/stage0_mul_m11y_q[17]_i_1/O
                         net (fo=1, routed)           0.000     7.341    u_addr_pipe/stage0_mul_m11y_q[17]
    SLICE_X36Y31         FDCE                                         r  u_addr_pipe/stage0_mul_m11y_q_reg[17]/D
  -------------------------------------------------------------------    -------------------

                         (clock clk rise edge)        7.220     7.220 r  
                                                      0.000     7.220 r  clk (IN)
                         net (fo=593, unset)          0.924     8.144    u_addr_pipe/clk
    SLICE_X36Y31         FDCE                                         r  u_addr_pipe/stage0_mul_m11y_q_reg[17]/C
                         clock pessimism              0.000     8.144    
                         clock uncertainty           -0.035     8.109    
    SLICE_X36Y31         FDCE (Setup_fdce_C_D)        0.079     8.188    u_addr_pipe/stage0_mul_m11y_q_reg[17]
  -------------------------------------------------------------------
                         required time                          8.188    
                         arrival time                          -7.341    
  -------------------------------------------------------------------
                         slack                                  0.847    

Slack (MET) :             0.852ns  (required time - arrival time)
  Source:                 issue_out_x_q_reg[8]/C
                            (rising edge-triggered cell FDCE clocked by clk  {rise@0.000ns fall@3.610ns period=7.220ns})
  Destination:            u_addr_pipe/stage0_mul_m10x_q_reg[31]/D
                            (rising edge-triggered cell FDCE clocked by clk  {rise@0.000ns fall@3.610ns period=7.220ns})
  Path Group:             clk
  Path Type:              Setup (Max at Slow Process Corner)
  Requirement:            7.220ns  (clk rise@7.220ns - clk rise@0.000ns)
  Data Path Delay:        6.402ns  (logic 4.396ns (68.663%)  route 2.006ns (31.337%))
  Logic Levels:           2  (DSP48E1=1 LUT2=1)
  Clock Path Skew:        -0.049ns (DCD - SCD + CPR)
    Destination Clock Delay (DCD):    0.924ns = ( 8.144 - 7.220 ) 
    Source Clock Delay      (SCD):    0.973ns
    Clock Pessimism Removal (CPR):    0.000ns
  Clock Uncertainty:      0.035ns  ((TSJ^2 + TIJ^2)^1/2 + DJ) / 2 + PE
    Total System Jitter     (TSJ):    0.071ns
    Total Input Jitter      (TIJ):    0.000ns
    Discrete Jitter          (DJ):    0.000ns
    Phase Error              (PE):    0.000ns

    Location             Delay type                Incr(ns)  Path(ns)    Netlist Resource(s)
  -------------------------------------------------------------------    -------------------
                         (clock clk rise edge)        0.000     0.000 r  
                                                      0.000     0.000 r  clk (IN)
                         net (fo=593, unset)          0.973     0.973    clk
    SLICE_X41Y25         FDCE                                         r  issue_out_x_q_reg[8]/C
  -------------------------------------------------------------------    -------------------
    SLICE_X41Y25         FDCE (Prop_fdce_C_Q)         0.419     1.392 r  issue_out_x_q_reg[8]/Q
                         net (fo=2, routed)           0.839     2.231    u_addr_pipe/stage0_mul_m00x_q0_0[8]
    DSP48_X2Y11          DSP48E1 (Prop_dsp48e1_B[8]_P[31])
                                                      3.829     6.060 r  u_addr_pipe/stage0_mul_m10x_q0/P[31]
                         net (fo=1, routed)           1.167     7.227    u_addr_pipe/stage0_mul_m10x_q0_n_74
    SLICE_X36Y31         LUT2 (Prop_lut2_I0_O)        0.148     7.375 r  u_addr_pipe/stage0_mul_m10x_q[31]_i_1/O
                         net (fo=1, routed)           0.000     7.375    u_addr_pipe/stage0_mul_m10x_q[31]
    SLICE_X36Y31         FDCE                                         r  u_addr_pipe/stage0_mul_m10x_q_reg[31]/D
  -------------------------------------------------------------------    -------------------

                         (clock clk rise edge)        7.220     7.220 r  
                                                      0.000     7.220 r  clk (IN)
                         net (fo=593, unset)          0.924     8.144    u_addr_pipe/clk
    SLICE_X36Y31         FDCE                                         r  u_addr_pipe/stage0_mul_m10x_q_reg[31]/C
                         clock pessimism              0.000     8.144    
                         clock uncertainty           -0.035     8.109    
    SLICE_X36Y31         FDCE (Setup_fdce_C_D)        0.118     8.227    u_addr_pipe/stage0_mul_m10x_q_reg[31]
  -------------------------------------------------------------------
                         required time                          8.227    
                         arrival time                          -7.375    
  -------------------------------------------------------------------
                         slack                                  0.852    

Slack (MET) :             0.861ns  (required time - arrival time)
  Source:                 issue_out_x_q_reg[8]/C
                            (rising edge-triggered cell FDCE clocked by clk  {rise@0.000ns fall@3.610ns period=7.220ns})
  Destination:            u_addr_pipe/stage0_mul_m10x_q_reg[22]/D
                            (rising edge-triggered cell FDCE clocked by clk  {rise@0.000ns fall@3.610ns period=7.220ns})
  Path Group:             clk
  Path Type:              Setup (Max at Slow Process Corner)
  Requirement:            7.220ns  (clk rise@7.220ns - clk rise@0.000ns)
  Data Path Delay:        6.350ns  (logic 4.398ns (69.261%)  route 1.952ns (30.739%))
  Logic Levels:           2  (DSP48E1=1 LUT2=1)
  Clock Path Skew:        -0.049ns (DCD - SCD + CPR)
    Destination Clock Delay (DCD):    0.924ns = ( 8.144 - 7.220 ) 
    Source Clock Delay      (SCD):    0.973ns
    Clock Pessimism Removal (CPR):    0.000ns
  Clock Uncertainty:      0.035ns  ((TSJ^2 + TIJ^2)^1/2 + DJ) / 2 + PE
    Total System Jitter     (TSJ):    0.071ns
    Total Input Jitter      (TIJ):    0.000ns
    Discrete Jitter          (DJ):    0.000ns
    Phase Error              (PE):    0.000ns

    Location             Delay type                Incr(ns)  Path(ns)    Netlist Resource(s)
  -------------------------------------------------------------------    -------------------
                         (clock clk rise edge)        0.000     0.000 r  
                                                      0.000     0.000 r  clk (IN)
                         net (fo=593, unset)          0.973     0.973    clk
    SLICE_X41Y25         FDCE                                         r  issue_out_x_q_reg[8]/C
  -------------------------------------------------------------------    -------------------
    SLICE_X41Y25         FDCE (Prop_fdce_C_Q)         0.419     1.392 r  issue_out_x_q_reg[8]/Q
                         net (fo=2, routed)           0.839     2.231    u_addr_pipe/stage0_mul_m00x_q0_0[8]
    DSP48_X2Y11          DSP48E1 (Prop_dsp48e1_B[8]_P[22])
                                                      3.829     6.060 r  u_addr_pipe/stage0_mul_m10x_q0/P[22]
                         net (fo=1, routed)           1.113     7.173    u_addr_pipe/stage0_mul_m10x_q0_n_83
    SLICE_X37Y28         LUT2 (Prop_lut2_I0_O)        0.150     7.323 r  u_addr_pipe/stage0_mul_m10x_q[22]_i_1/O
                         net (fo=1, routed)           0.000     7.323    u_addr_pipe/stage0_mul_m10x_q[22]
    SLICE_X37Y28         FDCE                                         r  u_addr_pipe/stage0_mul_m10x_q_reg[22]/D
  -------------------------------------------------------------------    -------------------

                         (clock clk rise edge)        7.220     7.220 r  
                                                      0.000     7.220 r  clk (IN)
                         net (fo=593, unset)          0.924     8.144    u_addr_pipe/clk
    SLICE_X37Y28         FDCE                                         r  u_addr_pipe/stage0_mul_m10x_q_reg[22]/C
                         clock pessimism              0.000     8.144    
                         clock uncertainty           -0.035     8.109    
    SLICE_X37Y28         FDCE (Setup_fdce_C_D)        0.075     8.184    u_addr_pipe/stage0_mul_m10x_q_reg[22]
  -------------------------------------------------------------------
                         required time                          8.184    
                         arrival time                          -7.323    
  -------------------------------------------------------------------
                         slack                                  0.861    




