Copyright 1986-2018 Xilinx, Inc. All Rights Reserved.
-------------------------------------------------------------------------------------------------------------------------------------------------------------
| Tool Version : Vivado v.2018.3 (win64) Build 2405991 Thu Dec  6 23:38:27 MST 2018
| Date         : Tue Apr 21 17:39:20 2026
| Host         : LAPTOP-PN7UO2EC running 64-bit major release  (build 9200)
| Command      : report_timing -delay_type max -max_paths 20 -file D:/Work/Git/jichuang-linksea-h6_person2/timing_runs/gray_window_gaussian/timing_setup.rpt
| Design       : gray_window_gaussian_chain_top
| Device       : 7z020-clg400
| Speed File   : -1  PRODUCTION 1.11 2014-09-11
-------------------------------------------------------------------------------------------------------------------------------------------------------------

Timing Report

Slack (MET) :             0.309ns  (required time - arrival time)
  Source:                 u_window3x3/m_data_reg[9]/C
                            (rising edge-triggered cell FDCE clocked by clk  {rise@0.000ns fall@3.610ns period=7.220ns})
  Destination:            u_gaussian3x3/m_data_reg[5]/D
                            (rising edge-triggered cell FDCE clocked by clk  {rise@0.000ns fall@3.610ns period=7.220ns})
  Path Group:             clk
  Path Type:              Setup (Max at Slow Process Corner)
  Requirement:            7.220ns  (clk rise@7.220ns - clk rise@0.000ns)
  Data Path Delay:        6.859ns  (logic 3.467ns (50.549%)  route 3.392ns (49.451%))
  Logic Levels:           9  (CARRY4=4 LUT2=1 LUT3=2 LUT4=2)
  Clock Path Skew:        -0.049ns (DCD - SCD + CPR)
    Destination Clock Delay (DCD):    0.924ns = ( 8.144 - 7.220 ) 
    Source Clock Delay      (SCD):    0.973ns
    Clock Pessimism Removal (CPR):    0.000ns
  Clock Uncertainty:      0.035ns  ((TSJ^2 + TIJ^2)^1/2 + DJ) / 2 + PE
    Total System Jitter     (TSJ):    0.071ns
    Total Input Jitter      (TIJ):    0.000ns
    Discrete Jitter          (DJ):    0.000ns
    Phase Error              (PE):    0.000ns

    Location             Delay type                Incr(ns)  Path(ns)    Netlist Resource(s)
  -------------------------------------------------------------------    -------------------
                         (clock clk rise edge)        0.000     0.000 r  
                                                      0.000     0.000 r  clk (IN)
                         net (fo=478, unset)          0.973     0.973    u_window3x3/clk
    SLICE_X42Y88         FDCE                                         r  u_window3x3/m_data_reg[9]/C
  -------------------------------------------------------------------    -------------------
    SLICE_X42Y88         FDCE (Prop_fdce_C_Q)         0.478     1.451 r  u_window3x3/m_data_reg[9]/Q
                         net (fo=3, routed)           0.674     2.125    u_window3x3/window_data_w[9]
    SLICE_X43Y88         LUT3 (Prop_lut3_I1_O)        0.325     2.450 r  u_window3x3/gaussian9_return0__1_carry_i_1/O
                         net (fo=2, routed)           0.690     3.139    u_window3x3/DI[1]
    SLICE_X43Y88         LUT4 (Prop_lut4_I3_O)        0.327     3.466 r  u_window3x3/gaussian9_return0__1_carry_i_3/O
                         net (fo=1, routed)           0.000     3.466    u_gaussian3x3/S[3]
    SLICE_X43Y88         CARRY4 (Prop_carry4_S[3]_CO[3])
                                                      0.401     3.867 r  u_gaussian3x3/gaussian9_return0__1_carry/CO[3]
                         net (fo=1, routed)           0.000     3.867    u_gaussian3x3/gaussian9_return0__1_carry_n_0
    SLICE_X43Y89         CARRY4 (Prop_carry4_CI_O[2])
                                                      0.239     4.106 r  u_gaussian3x3/gaussian9_return0__1_carry__0/O[2]
                         net (fo=2, routed)           0.967     5.073    u_gaussian3x3/gaussian9_return0__1_carry__0_n_5
    SLICE_X44Y89         LUT3 (Prop_lut3_I1_O)        0.332     5.405 r  u_gaussian3x3/gaussian9_return0__86_carry__0_i_1/O
                         net (fo=2, routed)           0.625     6.030    u_gaussian3x3/gaussian9_return0__86_carry__0_i_1_n_0
    SLICE_X44Y89         LUT4 (Prop_lut4_I3_O)        0.327     6.357 r  u_gaussian3x3/gaussian9_return0__86_carry__0_i_5/O
                         net (fo=1, routed)           0.000     6.357    u_gaussian3x3/gaussian9_return0__86_carry__0_i_5_n_0
    SLICE_X44Y89         CARRY4 (Prop_carry4_S[3]_CO[3])
                                                      0.401     6.758 r  u_gaussian3x3/gaussian9_return0__86_carry__0/CO[3]
                         net (fo=1, routed)           0.000     6.758    u_gaussian3x3/gaussian9_return0__86_carry__0_n_0
    SLICE_X44Y90         CARRY4 (Prop_carry4_CI_O[1])
                                                      0.334     7.092 r  u_gaussian3x3/gaussian9_return0__86_carry__1/O[1]
                         net (fo=1, routed)           0.437     7.529    u_window3x3/gaussian9_return0[5]
    SLICE_X43Y91         LUT2 (Prop_lut2_I1_O)        0.303     7.832 r  u_window3x3/m_data[5]_i_1__0/O
                         net (fo=1, routed)           0.000     7.832    u_gaussian3x3/D[5]
    SLICE_X43Y91         FDCE                                         r  u_gaussian3x3/m_data_reg[5]/D
  -------------------------------------------------------------------    -------------------

                         (clock clk rise edge)        7.220     7.220 r  
                                                      0.000     7.220 r  clk (IN)
                         net (fo=478, unset)          0.924     8.144    u_gaussian3x3/clk
    SLICE_X43Y91         FDCE                                         r  u_gaussian3x3/m_data_reg[5]/C
                         clock pessimism              0.000     8.144    
                         clock uncertainty           -0.035     8.109    
    SLICE_X43Y91         FDCE (Setup_fdce_C_D)        0.032     8.141    u_gaussian3x3/m_data_reg[5]
  -------------------------------------------------------------------
                         required time                          8.141    
                         arrival time                          -7.832    
  -------------------------------------------------------------------
                         slack                                  0.309    

Slack (MET) :             0.329ns  (required time - arrival time)
  Source:                 u_window3x3/m_data_reg[9]/C
                            (rising edge-triggered cell FDCE clocked by clk  {rise@0.000ns fall@3.610ns period=7.220ns})
  Destination:            u_gaussian3x3/m_data_reg[7]/D
                            (rising edge-triggered cell FDCE clocked by clk  {rise@0.000ns fall@3.610ns period=7.220ns})
  Path Group:             clk
  Path Type:              Setup (Max at Slow Process Corner)
  Requirement:            7.220ns  (clk rise@7.220ns - clk rise@0.000ns)
  Data Path Delay:        6.838ns  (logic 3.449ns (50.436%)  route 3.389ns (49.564%))
  Logic Levels:           9  (CARRY4=4 LUT2=1 LUT3=2 LUT4=2)
  Clock Path Skew:        -0.049ns (DCD - SCD + CPR)
    Destination Clock Delay (DCD):    0.924ns = ( 8.144 - 7.220 ) 
    Source Clock Delay      (SCD):    0.973ns
    Clock Pessimism Removal (CPR):    0.000ns
  Clock Uncertainty:      0.035ns  ((TSJ^2 + TIJ^2)^1/2 + DJ) / 2 + PE
    Total System Jitter     (TSJ):    0.071ns
    Total Input Jitter      (TIJ):    0.000ns
    Discrete Jitter          (DJ):    0.000ns
    Phase Error              (PE):    0.000ns

    Location             Delay type                Incr(ns)  Path(ns)    Netlist Resource(s)
  -------------------------------------------------------------------    -------------------
                         (clock clk rise edge)        0.000     0.000 r  
                                                      0.000     0.000 r  clk (IN)
                         net (fo=478, unset)          0.973     0.973    u_window3x3/clk
    SLICE_X42Y88         FDCE                                         r  u_window3x3/m_data_reg[9]/C
  -------------------------------------------------------------------    -------------------
    SLICE_X42Y88         FDCE (Prop_fdce_C_Q)         0.478     1.451 r  u_window3x3/m_data_reg[9]/Q
                         net (fo=3, routed)           0.674     2.125    u_window3x3/window_data_w[9]
    SLICE_X43Y88         LUT3 (Prop_lut3_I1_O)        0.325     2.450 r  u_window3x3/gaussian9_return0__1_carry_i_1/O
                         net (fo=2, routed)           0.690     3.139    u_window3x3/DI[1]
    SLICE_X43Y88         LUT4 (Prop_lut4_I3_O)        0.327     3.466 r  u_window3x3/gaussian9_return0__1_carry_i_3/O
                         net (fo=1, routed)           0.000     3.466    u_gaussian3x3/S[3]
    SLICE_X43Y88         CARRY4 (Prop_carry4_S[3]_CO[3])
                                                      0.401     3.867 r  u_gaussian3x3/gaussian9_return0__1_carry/CO[3]
                         net (fo=1, routed)           0.000     3.867    u_gaussian3x3/gaussian9_return0__1_carry_n_0
    SLICE_X43Y89         CARRY4 (Prop_carry4_CI_O[2])
                                                      0.239     4.106 r  u_gaussian3x3/gaussian9_return0__1_carry__0/O[2]
                         net (fo=2, routed)           0.967     5.073    u_gaussian3x3/gaussian9_return0__1_carry__0_n_5
    SLICE_X44Y89         LUT3 (Prop_lut3_I1_O)        0.332     5.405 r  u_gaussian3x3/gaussian9_return0__86_carry__0_i_1/O
                         net (fo=2, routed)           0.625     6.030    u_gaussian3x3/gaussian9_return0__86_carry__0_i_1_n_0
    SLICE_X44Y89         LUT4 (Prop_lut4_I3_O)        0.327     6.357 r  u_gaussian3x3/gaussian9_return0__86_carry__0_i_5/O
                         net (fo=1, routed)           0.000     6.357    u_gaussian3x3/gaussian9_return0__86_carry__0_i_5_n_0
    SLICE_X44Y89         CARRY4 (Prop_carry4_S[3]_CO[3])
                                                      0.401     6.758 r  u_gaussian3x3/gaussian9_return0__86_carry__0/CO[3]
                         net (fo=1, routed)           0.000     6.758    u_gaussian3x3/gaussian9_return0__86_carry__0_n_0
    SLICE_X44Y90         CARRY4 (Prop_carry4_CI_O[3])
                                                      0.313     7.071 r  u_gaussian3x3/gaussian9_return0__86_carry__1/O[3]
                         net (fo=1, routed)           0.434     7.505    u_window3x3/gaussian9_return0[7]
    SLICE_X43Y91         LUT2 (Prop_lut2_I1_O)        0.306     7.811 r  u_window3x3/m_data[7]_i_1__0/O
                         net (fo=1, routed)           0.000     7.811    u_gaussian3x3/D[7]
    SLICE_X43Y91         FDCE                                         r  u_gaussian3x3/m_data_reg[7]/D
  -------------------------------------------------------------------    -------------------

                         (clock clk rise edge)        7.220     7.220 r  
                                                      0.000     7.220 r  clk (IN)
                         net (fo=478, unset)          0.924     8.144    u_gaussian3x3/clk
    SLICE_X43Y91         FDCE                                         r  u_gaussian3x3/m_data_reg[7]/C
                         clock pessimism              0.000     8.144    
                         clock uncertainty           -0.035     8.109    
    SLICE_X43Y91         FDCE (Setup_fdce_C_D)        0.031     8.140    u_gaussian3x3/m_data_reg[7]
  -------------------------------------------------------------------
                         required time                          8.140    
                         arrival time                          -7.811    
  -------------------------------------------------------------------
                         slack                                  0.329    

Slack (MET) :             0.372ns  (required time - arrival time)
  Source:                 u_window3x3/m_data_reg[9]/C
                            (rising edge-triggered cell FDCE clocked by clk  {rise@0.000ns fall@3.610ns period=7.220ns})
  Destination:            u_gaussian3x3/m_data_reg[4]/D
                            (rising edge-triggered cell FDCE clocked by clk  {rise@0.000ns fall@3.610ns period=7.220ns})
  Path Group:             clk
  Path Type:              Setup (Max at Slow Process Corner)
  Requirement:            7.220ns  (clk rise@7.220ns - clk rise@0.000ns)
  Data Path Delay:        6.882ns  (logic 3.347ns (48.633%)  route 3.535ns (51.367%))
  Logic Levels:           9  (CARRY4=4 LUT2=1 LUT3=2 LUT4=2)
  Clock Path Skew:        -0.049ns (DCD - SCD + CPR)
    Destination Clock Delay (DCD):    0.924ns = ( 8.144 - 7.220 ) 
    Source Clock Delay      (SCD):    0.973ns
    Clock Pessimism Removal (CPR):    0.000ns
  Clock Uncertainty:      0.035ns  ((TSJ^2 + TIJ^2)^1/2 + DJ) / 2 + PE
    Total System Jitter     (TSJ):    0.071ns
    Total Input Jitter      (TIJ):    0.000ns
    Discrete Jitter          (DJ):    0.000ns
    Phase Error              (PE):    0.000ns

    Location             Delay type                Incr(ns)  Path(ns)    Netlist Resource(s)
  -------------------------------------------------------------------    -------------------
                         (clock clk rise edge)        0.000     0.000 r  
                                                      0.000     0.000 r  clk (IN)
                         net (fo=478, unset)          0.973     0.973    u_window3x3/clk
    SLICE_X42Y88         FDCE                                         r  u_window3x3/m_data_reg[9]/C
  -------------------------------------------------------------------    -------------------
    SLICE_X42Y88         FDCE (Prop_fdce_C_Q)         0.478     1.451 r  u_window3x3/m_data_reg[9]/Q
                         net (fo=3, routed)           0.674     2.125    u_window3x3/window_data_w[9]
    SLICE_X43Y88         LUT3 (Prop_lut3_I1_O)        0.325     2.450 r  u_window3x3/gaussian9_return0__1_carry_i_1/O
                         net (fo=2, routed)           0.690     3.139    u_window3x3/DI[1]
    SLICE_X43Y88         LUT4 (Prop_lut4_I3_O)        0.327     3.466 r  u_window3x3/gaussian9_return0__1_carry_i_3/O
                         net (fo=1, routed)           0.000     3.466    u_gaussian3x3/S[3]
    SLICE_X43Y88         CARRY4 (Prop_carry4_S[3]_CO[3])
                                                      0.401     3.867 r  u_gaussian3x3/gaussian9_return0__1_carry/CO[3]
                         net (fo=1, routed)           0.000     3.867    u_gaussian3x3/gaussian9_return0__1_carry_n_0
    SLICE_X43Y89         CARRY4 (Prop_carry4_CI_O[2])
                                                      0.239     4.106 r  u_gaussian3x3/gaussian9_return0__1_carry__0/O[2]
                         net (fo=2, routed)           0.967     5.073    u_gaussian3x3/gaussian9_return0__1_carry__0_n_5
    SLICE_X44Y89         LUT3 (Prop_lut3_I1_O)        0.332     5.405 r  u_gaussian3x3/gaussian9_return0__86_carry__0_i_1/O
                         net (fo=2, routed)           0.625     6.030    u_gaussian3x3/gaussian9_return0__86_carry__0_i_1_n_0
    SLICE_X44Y89         LUT4 (Prop_lut4_I3_O)        0.327     6.357 r  u_gaussian3x3/gaussian9_return0__86_carry__0_i_5/O
                         net (fo=1, routed)           0.000     6.357    u_gaussian3x3/gaussian9_return0__86_carry__0_i_5_n_0
    SLICE_X44Y89         CARRY4 (Prop_carry4_S[3]_CO[3])
                                                      0.401     6.758 r  u_gaussian3x3/gaussian9_return0__86_carry__0/CO[3]
                         net (fo=1, routed)           0.000     6.758    u_gaussian3x3/gaussian9_return0__86_carry__0_n_0
    SLICE_X44Y90         CARRY4 (Prop_carry4_CI_O[0])
                                                      0.223     6.981 r  u_gaussian3x3/gaussian9_return0__86_carry__1/O[0]
                         net (fo=1, routed)           0.580     7.561    u_window3x3/gaussian9_return0[4]
    SLICE_X42Y90         LUT2 (Prop_lut2_I1_O)        0.294     7.855 r  u_window3x3/m_data[4]_i_1__0/O
                         net (fo=1, routed)           0.000     7.855    u_gaussian3x3/D[4]
    SLICE_X42Y90         FDCE                                         r  u_gaussian3x3/m_data_reg[4]/D
  -------------------------------------------------------------------    -------------------

                         (clock clk rise edge)        7.220     7.220 r  
                                                      0.000     7.220 r  clk (IN)
                         net (fo=478, unset)          0.924     8.144    u_gaussian3x3/clk
    SLICE_X42Y90         FDCE                                         r  u_gaussian3x3/m_data_reg[4]/C
                         clock pessimism              0.000     8.144    
                         clock uncertainty           -0.035     8.109    
    SLICE_X42Y90         FDCE (Setup_fdce_C_D)        0.118     8.227    u_gaussian3x3/m_data_reg[4]
  -------------------------------------------------------------------
                         required time                          8.227    
                         arrival time                          -7.855    
  -------------------------------------------------------------------
                         slack                                  0.372    

Slack (MET) :             0.440ns  (required time - arrival time)
  Source:                 u_window3x3/m_data_reg[9]/C
                            (rising edge-triggered cell FDCE clocked by clk  {rise@0.000ns fall@3.610ns period=7.220ns})
  Destination:            u_gaussian3x3/m_data_reg[6]/D
                            (rising edge-triggered cell FDCE clocked by clk  {rise@0.000ns fall@3.610ns period=7.220ns})
  Path Group:             clk
  Path Type:              Setup (Max at Slow Process Corner)
  Requirement:            7.220ns  (clk rise@7.220ns - clk rise@0.000ns)
  Data Path Delay:        6.775ns  (logic 3.371ns (49.758%)  route 3.404ns (50.242%))
  Logic Levels:           9  (CARRY4=4 LUT2=1 LUT3=2 LUT4=2)
  Clock Path Skew:        -0.049ns (DCD - SCD + CPR)
    Destination Clock Delay (DCD):    0.924ns = ( 8.144 - 7.220 ) 
    Source Clock Delay      (SCD):    0.973ns
    Clock Pessimism Removal (CPR):    0.000ns
  Clock Uncertainty:      0.035ns  ((TSJ^2 + TIJ^2)^1/2 + DJ) / 2 + PE
    Total System Jitter     (TSJ):    0.071ns
    Total Input Jitter      (TIJ):    0.000ns
    Discrete Jitter          (DJ):    0.000ns
    Phase Error              (PE):    0.000ns

    Location             Delay type                Incr(ns)  Path(ns)    Netlist Resource(s)
  -------------------------------------------------------------------    -------------------
                         (clock clk rise edge)        0.000     0.000 r  
                                                      0.000     0.000 r  clk (IN)
                         net (fo=478, unset)          0.973     0.973    u_window3x3/clk
    SLICE_X42Y88         FDCE                                         r  u_window3x3/m_data_reg[9]/C
  -------------------------------------------------------------------    -------------------
    SLICE_X42Y88         FDCE (Prop_fdce_C_Q)         0.478     1.451 r  u_window3x3/m_data_reg[9]/Q
                         net (fo=3, routed)           0.674     2.125    u_window3x3/window_data_w[9]
    SLICE_X43Y88         LUT3 (Prop_lut3_I1_O)        0.325     2.450 r  u_window3x3/gaussian9_return0__1_carry_i_1/O
                         net (fo=2, routed)           0.690     3.139    u_window3x3/DI[1]
    SLICE_X43Y88         LUT4 (Prop_lut4_I3_O)        0.327     3.466 r  u_window3x3/gaussian9_return0__1_carry_i_3/O
                         net (fo=1, routed)           0.000     3.466    u_gaussian3x3/S[3]
    SLICE_X43Y88         CARRY4 (Prop_carry4_S[3]_CO[3])
                                                      0.401     3.867 r  u_gaussian3x3/gaussian9_return0__1_carry/CO[3]
                         net (fo=1, routed)           0.000     3.867    u_gaussian3x3/gaussian9_return0__1_carry_n_0
    SLICE_X43Y89         CARRY4 (Prop_carry4_CI_O[2])
                                                      0.239     4.106 r  u_gaussian3x3/gaussian9_return0__1_carry__0/O[2]
                         net (fo=2, routed)           0.967     5.073    u_gaussian3x3/gaussian9_return0__1_carry__0_n_5
    SLICE_X44Y89         LUT3 (Prop_lut3_I1_O)        0.332     5.405 r  u_gaussian3x3/gaussian9_return0__86_carry__0_i_1/O
                         net (fo=2, routed)           0.625     6.030    u_gaussian3x3/gaussian9_return0__86_carry__0_i_1_n_0
    SLICE_X44Y89         LUT4 (Prop_lut4_I3_O)        0.327     6.357 r  u_gaussian3x3/gaussian9_return0__86_carry__0_i_5/O
                         net (fo=1, routed)           0.000     6.357    u_gaussian3x3/gaussian9_return0__86_carry__0_i_5_n_0
    SLICE_X44Y89         CARRY4 (Prop_carry4_S[3]_CO[3])
                                                      0.401     6.758 r  u_gaussian3x3/gaussian9_return0__86_carry__0/CO[3]
                         net (fo=1, routed)           0.000     6.758    u_gaussian3x3/gaussian9_return0__86_carry__0_n_0
    SLICE_X44Y90         CARRY4 (Prop_carry4_CI_O[2])
                                                      0.239     6.997 r  u_gaussian3x3/gaussian9_return0__86_carry__1/O[2]
                         net (fo=1, routed)           0.449     7.446    u_window3x3/gaussian9_return0[6]
    SLICE_X42Y90         LUT2 (Prop_lut2_I1_O)        0.302     7.748 r  u_window3x3/m_data[6]_i_1__0/O
                         net (fo=1, routed)           0.000     7.748    u_gaussian3x3/D[6]
    SLICE_X42Y90         FDCE                                         r  u_gaussian3x3/m_data_reg[6]/D
  -------------------------------------------------------------------    -------------------

                         (clock clk rise edge)        7.220     7.220 r  
                                                      0.000     7.220 r  clk (IN)
                         net (fo=478, unset)          0.924     8.144    u_gaussian3x3/clk
    SLICE_X42Y90         FDCE                                         r  u_gaussian3x3/m_data_reg[6]/C
                         clock pessimism              0.000     8.144    
                         clock uncertainty           -0.035     8.109    
    SLICE_X42Y90         FDCE (Setup_fdce_C_D)        0.079     8.188    u_gaussian3x3/m_data_reg[6]
  -------------------------------------------------------------------
                         required time                          8.188    
                         arrival time                          -7.748    
  -------------------------------------------------------------------
                         slack                                  0.440    

Slack (MET) :             0.581ns  (required time - arrival time)
  Source:                 u_window3x3/m_data_reg[40]/C
                            (rising edge-triggered cell FDCE clocked by clk  {rise@0.000ns fall@3.610ns period=7.220ns})
  Destination:            u_gaussian3x3/m_data_reg[3]/D
                            (rising edge-triggered cell FDCE clocked by clk  {rise@0.000ns fall@3.610ns period=7.220ns})
  Path Group:             clk
  Path Type:              Setup (Max at Slow Process Corner)
  Requirement:            7.220ns  (clk rise@7.220ns - clk rise@0.000ns)
  Data Path Delay:        6.634ns  (logic 3.240ns (48.839%)  route 3.394ns (51.161%))
  Logic Levels:           7  (CARRY4=2 LUT2=1 LUT3=2 LUT4=2)
  Clock Path Skew:        -0.049ns (DCD - SCD + CPR)
    Destination Clock Delay (DCD):    0.924ns = ( 8.144 - 7.220 ) 
    Source Clock Delay      (SCD):    0.973ns
    Clock Pessimism Removal (CPR):    0.000ns
  Clock Uncertainty:      0.035ns  ((TSJ^2 + TIJ^2)^1/2 + DJ) / 2 + PE
    Total System Jitter     (TSJ):    0.071ns
    Total Input Jitter      (TIJ):    0.000ns
    Discrete Jitter          (DJ):    0.000ns
    Phase Error              (PE):    0.000ns

    Location             Delay type                Incr(ns)  Path(ns)    Netlist Resource(s)
  -------------------------------------------------------------------    -------------------
                         (clock clk rise edge)        0.000     0.000 r  
                                                      0.000     0.000 r  clk (IN)
                         net (fo=478, unset)          0.973     0.973    u_window3x3/clk
    SLICE_X46Y87         FDCE                                         r  u_window3x3/m_data_reg[40]/C
  -------------------------------------------------------------------    -------------------
    SLICE_X46Y87         FDCE (Prop_fdce_C_Q)         0.518     1.491 r  u_window3x3/m_data_reg[40]/Q
                         net (fo=2, routed)           0.734     2.225    u_window3x3/window_data_w[40]
    SLICE_X45Y88         LUT3 (Prop_lut3_I0_O)        0.150     2.375 r  u_window3x3/gaussian9_return0__60_carry_i_3/O
                         net (fo=2, routed)           0.666     3.041    u_window3x3/m_data_reg[58]_0[0]
    SLICE_X45Y88         LUT4 (Prop_lut4_I3_O)        0.326     3.367 r  u_window3x3/gaussian9_return0__60_carry_i_6/O
                         net (fo=1, routed)           0.000     3.367    u_gaussian3x3/gaussian9_return0__86_carry_i_2_1[1]
    SLICE_X45Y88         CARRY4 (Prop_carry4_S[1]_O[3])
                                                      0.640     4.007 r  u_gaussian3x3/gaussian9_return0__60_carry/O[3]
                         net (fo=2, routed)           0.815     4.822    u_gaussian3x3/gaussian9_return0__60_carry_n_4
    SLICE_X44Y89         LUT3 (Prop_lut3_I0_O)        0.334     5.156 r  u_gaussian3x3/gaussian9_return0__86_carry__0_i_3/O
                         net (fo=2, routed)           0.484     5.640    u_gaussian3x3/gaussian9_return0__86_carry__0_i_3_n_0
    SLICE_X44Y89         LUT4 (Prop_lut4_I3_O)        0.326     5.966 r  u_gaussian3x3/gaussian9_return0__86_carry__0_i_7/O
                         net (fo=1, routed)           0.000     5.966    u_gaussian3x3/gaussian9_return0__86_carry__0_i_7_n_0
    SLICE_X44Y89         CARRY4 (Prop_carry4_S[1]_O[3])
                                                      0.640     6.606 r  u_gaussian3x3/gaussian9_return0__86_carry__0/O[3]
                         net (fo=1, routed)           0.695     7.301    u_window3x3/gaussian9_return0[3]
    SLICE_X42Y90         LUT2 (Prop_lut2_I1_O)        0.306     7.607 r  u_window3x3/m_data[3]_i_1__0/O
                         net (fo=1, routed)           0.000     7.607    u_gaussian3x3/D[3]
    SLICE_X42Y90         FDCE                                         r  u_gaussian3x3/m_data_reg[3]/D
  -------------------------------------------------------------------    -------------------

                         (clock clk rise edge)        7.220     7.220 r  
                                                      0.000     7.220 r  clk (IN)
                         net (fo=478, unset)          0.924     8.144    u_gaussian3x3/clk
    SLICE_X42Y90         FDCE                                         r  u_gaussian3x3/m_data_reg[3]/C
                         clock pessimism              0.000     8.144    
                         clock uncertainty           -0.035     8.109    
    SLICE_X42Y90         FDCE (Setup_fdce_C_D)        0.079     8.188    u_gaussian3x3/m_data_reg[3]
  -------------------------------------------------------------------
                         required time                          8.188    
                         arrival time                          -7.607    
  -------------------------------------------------------------------
                         slack                                  0.581    

Slack (MET) :             0.732ns  (required time - arrival time)
  Source:                 u_window3x3/m_data_reg[40]/C
                            (rising edge-triggered cell FDCE clocked by clk  {rise@0.000ns fall@3.610ns period=7.220ns})
  Destination:            u_gaussian3x3/m_data_reg[2]/D
                            (rising edge-triggered cell FDCE clocked by clk  {rise@0.000ns fall@3.610ns period=7.220ns})
  Path Group:             clk
  Path Type:              Setup (Max at Slow Process Corner)
  Requirement:            7.220ns  (clk rise@7.220ns - clk rise@0.000ns)
  Data Path Delay:        6.522ns  (logic 3.202ns (49.095%)  route 3.320ns (50.905%))
  Logic Levels:           7  (CARRY4=2 LUT2=1 LUT3=2 LUT4=2)
  Clock Path Skew:        -0.049ns (DCD - SCD + CPR)
    Destination Clock Delay (DCD):    0.924ns = ( 8.144 - 7.220 ) 
    Source Clock Delay      (SCD):    0.973ns
    Clock Pessimism Removal (CPR):    0.000ns
  Clock Uncertainty:      0.035ns  ((TSJ^2 + TIJ^2)^1/2 + DJ) / 2 + PE
    Total System Jitter     (TSJ):    0.071ns
    Total Input Jitter      (TIJ):    0.000ns
    Discrete Jitter          (DJ):    0.000ns
    Phase Error              (PE):    0.000ns

    Location             Delay type                Incr(ns)  Path(ns)    Netlist Resource(s)
  -------------------------------------------------------------------    -------------------
                         (clock clk rise edge)        0.000     0.000 r  
                                                      0.000     0.000 r  clk (IN)
                         net (fo=478, unset)          0.973     0.973    u_window3x3/clk
    SLICE_X46Y87         FDCE                                         r  u_window3x3/m_data_reg[40]/C
  -------------------------------------------------------------------    -------------------
    SLICE_X46Y87         FDCE (Prop_fdce_C_Q)         0.518     1.491 r  u_window3x3/m_data_reg[40]/Q
                         net (fo=2, routed)           0.734     2.225    u_window3x3/window_data_w[40]
    SLICE_X45Y88         LUT3 (Prop_lut3_I0_O)        0.150     2.375 r  u_window3x3/gaussian9_return0__60_carry_i_3/O
                         net (fo=2, routed)           0.666     3.041    u_window3x3/m_data_reg[58]_0[0]
    SLICE_X45Y88         LUT4 (Prop_lut4_I3_O)        0.326     3.367 r  u_window3x3/gaussian9_return0__60_carry_i_6/O
                         net (fo=1, routed)           0.000     3.367    u_gaussian3x3/gaussian9_return0__86_carry_i_2_1[1]
    SLICE_X45Y88         CARRY4 (Prop_carry4_S[1]_O[3])
                                                      0.640     4.007 r  u_gaussian3x3/gaussian9_return0__60_carry/O[3]
                         net (fo=2, routed)           0.815     4.822    u_gaussian3x3/gaussian9_return0__60_carry_n_4
    SLICE_X44Y89         LUT3 (Prop_lut3_I0_O)        0.334     5.156 r  u_gaussian3x3/gaussian9_return0__86_carry__0_i_3/O
                         net (fo=2, routed)           0.484     5.640    u_gaussian3x3/gaussian9_return0__86_carry__0_i_3_n_0
    SLICE_X44Y89         LUT4 (Prop_lut4_I3_O)        0.326     5.966 r  u_gaussian3x3/gaussian9_return0__86_carry__0_i_7/O
                         net (fo=1, routed)           0.000     5.966    u_gaussian3x3/gaussian9_return0__86_carry__0_i_7_n_0
    SLICE_X44Y89         CARRY4 (Prop_carry4_S[1]_O[2])
                                                      0.580     6.546 r  u_gaussian3x3/gaussian9_return0__86_carry__0/O[2]
                         net (fo=1, routed)           0.621     7.167    u_window3x3/gaussian9_return0[2]
    SLICE_X42Y90         LUT2 (Prop_lut2_I1_O)        0.328     7.495 r  u_window3x3/m_data[2]_i_1__0/O
                         net (fo=1, routed)           0.000     7.495    u_gaussian3x3/D[2]
    SLICE_X42Y90         FDCE                                         r  u_gaussian3x3/m_data_reg[2]/D
  -------------------------------------------------------------------    -------------------

                         (clock clk rise edge)        7.220     7.220 r  
                                                      0.000     7.220 r  clk (IN)
                         net (fo=478, unset)          0.924     8.144    u_gaussian3x3/clk
    SLICE_X42Y90         FDCE                                         r  u_gaussian3x3/m_data_reg[2]/C
                         clock pessimism              0.000     8.144    
                         clock uncertainty           -0.035     8.109    
    SLICE_X42Y90         FDCE (Setup_fdce_C_D)        0.118     8.227    u_gaussian3x3/m_data_reg[2]
  -------------------------------------------------------------------
                         required time                          8.227    
                         arrival time                          -7.495    
  -------------------------------------------------------------------
                         slack                                  0.732    

Slack (MET) :             0.757ns  (required time - arrival time)
  Source:                 u_window3x3/m_data_reg[40]/C
                            (rising edge-triggered cell FDCE clocked by clk  {rise@0.000ns fall@3.610ns period=7.220ns})
  Destination:            u_gaussian3x3/m_data_reg[1]/D
                            (rising edge-triggered cell FDCE clocked by clk  {rise@0.000ns fall@3.610ns period=7.220ns})
  Path Group:             clk
  Path Type:              Setup (Max at Slow Process Corner)
  Requirement:            7.220ns  (clk rise@7.220ns - clk rise@0.000ns)
  Data Path Delay:        6.456ns  (logic 2.918ns (45.195%)  route 3.538ns (54.805%))
  Logic Levels:           8  (CARRY4=3 LUT2=1 LUT3=2 LUT4=2)
  Clock Path Skew:        -0.049ns (DCD - SCD + CPR)
    Destination Clock Delay (DCD):    0.924ns = ( 8.144 - 7.220 ) 
    Source Clock Delay      (SCD):    0.973ns
    Clock Pessimism Removal (CPR):    0.000ns
  Clock Uncertainty:      0.035ns  ((TSJ^2 + TIJ^2)^1/2 + DJ) / 2 + PE
    Total System Jitter     (TSJ):    0.071ns
    Total Input Jitter      (TIJ):    0.000ns
    Discrete Jitter          (DJ):    0.000ns
    Phase Error              (PE):    0.000ns

    Location             Delay type                Incr(ns)  Path(ns)    Netlist Resource(s)
  -------------------------------------------------------------------    -------------------
                         (clock clk rise edge)        0.000     0.000 r  
                                                      0.000     0.000 r  clk (IN)
                         net (fo=478, unset)          0.973     0.973    u_window3x3/clk
    SLICE_X46Y87         FDCE                                         r  u_window3x3/m_data_reg[40]/C
  -------------------------------------------------------------------    -------------------
    SLICE_X46Y87         FDCE (Prop_fdce_C_Q)         0.518     1.491 r  u_window3x3/m_data_reg[40]/Q
                         net (fo=2, routed)           0.734     2.225    u_window3x3/window_data_w[40]
    SLICE_X45Y88         LUT3 (Prop_lut3_I0_O)        0.150     2.375 r  u_window3x3/gaussian9_return0__60_carry_i_3/O
                         net (fo=2, routed)           0.666     3.041    u_window3x3/m_data_reg[58]_0[0]
    SLICE_X45Y88         LUT4 (Prop_lut4_I3_O)        0.326     3.367 r  u_window3x3/gaussian9_return0__60_carry_i_6/O
                         net (fo=1, routed)           0.000     3.367    u_gaussian3x3/gaussian9_return0__86_carry_i_2_1[1]
    SLICE_X45Y88         CARRY4 (Prop_carry4_S[1]_O[1])
                                                      0.227     3.594 r  u_gaussian3x3/gaussian9_return0__60_carry/O[1]
                         net (fo=2, routed)           0.883     4.477    u_gaussian3x3/gaussian9_return0__60_carry_n_6
    SLICE_X44Y88         LUT3 (Prop_lut3_I0_O)        0.332     4.809 r  u_gaussian3x3/gaussian9_return0__86_carry_i_1/O
                         net (fo=2, routed)           0.690     5.499    u_gaussian3x3/gaussian9_return0__86_carry_i_1_n_0
    SLICE_X44Y88         LUT4 (Prop_lut4_I3_O)        0.327     5.826 r  u_gaussian3x3/gaussian9_return0__86_carry_i_4/O
                         net (fo=1, routed)           0.000     5.826    u_gaussian3x3/gaussian9_return0__86_carry_i_4_n_0
    SLICE_X44Y88         CARRY4 (Prop_carry4_S[3]_CO[3])
                                                      0.401     6.227 r  u_gaussian3x3/gaussian9_return0__86_carry/CO[3]
                         net (fo=1, routed)           0.000     6.227    u_gaussian3x3/gaussian9_return0__86_carry_n_0
    SLICE_X44Y89         CARRY4 (Prop_carry4_CI_O[1])
                                                      0.334     6.561 r  u_gaussian3x3/gaussian9_return0__86_carry__0/O[1]
                         net (fo=1, routed)           0.565     7.126    u_window3x3/gaussian9_return0[1]
    SLICE_X42Y90         LUT2 (Prop_lut2_I1_O)        0.303     7.429 r  u_window3x3/m_data[1]_i_1__0/O
                         net (fo=1, routed)           0.000     7.429    u_gaussian3x3/D[1]
    SLICE_X42Y90         FDCE                                         r  u_gaussian3x3/m_data_reg[1]/D
  -------------------------------------------------------------------    -------------------

                         (clock clk rise edge)        7.220     7.220 r  
                                                      0.000     7.220 r  clk (IN)
                         net (fo=478, unset)          0.924     8.144    u_gaussian3x3/clk
    SLICE_X42Y90         FDCE                                         r  u_gaussian3x3/m_data_reg[1]/C
                         clock pessimism              0.000     8.144    
                         clock uncertainty           -0.035     8.109    
    SLICE_X42Y90         FDCE (Setup_fdce_C_D)        0.077     8.186    u_gaussian3x3/m_data_reg[1]
  -------------------------------------------------------------------
                         required time                          8.186    
                         arrival time                          -7.429    
  -------------------------------------------------------------------
                         slack                                  0.757    

Slack (MET) :             0.828ns  (required time - arrival time)
  Source:                 u_window3x3/m_data_reg[40]/C
                            (rising edge-triggered cell FDCE clocked by clk  {rise@0.000ns fall@3.610ns period=7.220ns})
  Destination:            u_gaussian3x3/m_data_reg[0]/D
                            (rising edge-triggered cell FDCE clocked by clk  {rise@0.000ns fall@3.610ns period=7.220ns})
  Path Group:             clk
  Path Type:              Setup (Max at Slow Process Corner)
  Requirement:            7.220ns  (clk rise@7.220ns - clk rise@0.000ns)
  Data Path Delay:        6.337ns  (logic 2.803ns (44.229%)  route 3.534ns (55.771%))
  Logic Levels:           8  (CARRY4=3 LUT2=1 LUT3=2 LUT4=2)
  Clock Path Skew:        -0.049ns (DCD - SCD + CPR)
    Destination Clock Delay (DCD):    0.924ns = ( 8.144 - 7.220 ) 
    Source Clock Delay      (SCD):    0.973ns
    Clock Pessimism Removal (CPR):    0.000ns
  Clock Uncertainty:      0.035ns  ((TSJ^2 + TIJ^2)^1/2 + DJ) / 2 + PE
    Total System Jitter     (TSJ):    0.071ns
    Total Input Jitter      (TIJ):    0.000ns
    Discrete Jitter          (DJ):    0.000ns
    Phase Error              (PE):    0.000ns

    Location             Delay type                Incr(ns)  Path(ns)    Netlist Resource(s)
  -------------------------------------------------------------------    -------------------
                         (clock clk rise edge)        0.000     0.000 r  
                                                      0.000     0.000 r  clk (IN)
                         net (fo=478, unset)          0.973     0.973    u_window3x3/clk
    SLICE_X46Y87         FDCE                                         r  u_window3x3/m_data_reg[40]/C
  -------------------------------------------------------------------    -------------------
    SLICE_X46Y87         FDCE (Prop_fdce_C_Q)         0.518     1.491 r  u_window3x3/m_data_reg[40]/Q
                         net (fo=2, routed)           0.734     2.225    u_window3x3/window_data_w[40]
    SLICE_X45Y88         LUT3 (Prop_lut3_I0_O)        0.150     2.375 r  u_window3x3/gaussian9_return0__60_carry_i_3/O
                         net (fo=2, routed)           0.666     3.041    u_window3x3/m_data_reg[58]_0[0]
    SLICE_X45Y88         LUT4 (Prop_lut4_I3_O)        0.326     3.367 r  u_window3x3/gaussian9_return0__60_carry_i_6/O
                         net (fo=1, routed)           0.000     3.367    u_gaussian3x3/gaussian9_return0__86_carry_i_2_1[1]
    SLICE_X45Y88         CARRY4 (Prop_carry4_S[1]_O[1])
                                                      0.227     3.594 r  u_gaussian3x3/gaussian9_return0__60_carry/O[1]
                         net (fo=2, routed)           0.883     4.477    u_gaussian3x3/gaussian9_return0__60_carry_n_6
    SLICE_X44Y88         LUT3 (Prop_lut3_I0_O)        0.332     4.809 r  u_gaussian3x3/gaussian9_return0__86_carry_i_1/O
                         net (fo=2, routed)           0.690     5.499    u_gaussian3x3/gaussian9_return0__86_carry_i_1_n_0
    SLICE_X44Y88         LUT4 (Prop_lut4_I3_O)        0.327     5.826 r  u_gaussian3x3/gaussian9_return0__86_carry_i_4/O
                         net (fo=1, routed)           0.000     5.826    u_gaussian3x3/gaussian9_return0__86_carry_i_4_n_0
    SLICE_X44Y88         CARRY4 (Prop_carry4_S[3]_CO[3])
                                                      0.401     6.227 r  u_gaussian3x3/gaussian9_return0__86_carry/CO[3]
                         net (fo=1, routed)           0.000     6.227    u_gaussian3x3/gaussian9_return0__86_carry_n_0
    SLICE_X44Y89         CARRY4 (Prop_carry4_CI_O[0])
                                                      0.223     6.450 r  u_gaussian3x3/gaussian9_return0__86_carry__0/O[0]
                         net (fo=1, routed)           0.561     7.011    u_window3x3/gaussian9_return0[0]
    SLICE_X41Y90         LUT2 (Prop_lut2_I1_O)        0.299     7.310 r  u_window3x3/m_data[0]_i_1__0/O
                         net (fo=1, routed)           0.000     7.310    u_gaussian3x3/D[0]
    SLICE_X41Y90         FDCE                                         r  u_gaussian3x3/m_data_reg[0]/D
  -------------------------------------------------------------------    -------------------

                         (clock clk rise edge)        7.220     7.220 r  
                                                      0.000     7.220 r  clk (IN)
                         net (fo=478, unset)          0.924     8.144    u_gaussian3x3/clk
    SLICE_X41Y90         FDCE                                         r  u_gaussian3x3/m_data_reg[0]/C
                         clock pessimism              0.000     8.144    
                         clock uncertainty           -0.035     8.109    
    SLICE_X41Y90         FDCE (Setup_fdce_C_D)        0.029     8.138    u_gaussian3x3/m_data_reg[0]
  -------------------------------------------------------------------
                         required time                          8.138    
                         arrival time                          -7.310    
  -------------------------------------------------------------------
                         slack                                  0.828    

Slack (MET) :             1.224ns  (required time - arrival time)
  Source:                 u_window3x3/real_col_idx_q_reg[1]/C
                            (rising edge-triggered cell FDCE clocked by clk  {rise@0.000ns fall@3.610ns period=7.220ns})
  Destination:            u_window3x3/line_mem1_reg/DIADI[7]
                            (rising edge-triggered cell RAMB18E1 clocked by clk  {rise@0.000ns fall@3.610ns period=7.220ns})
  Path Group:             clk
  Path Type:              Setup (Max at Slow Process Corner)
  Requirement:            7.220ns  (clk rise@7.220ns - clk rise@0.000ns)
  Data Path Delay:        5.671ns  (logic 1.868ns (32.947%)  route 3.803ns (67.053%))
  Logic Levels:           6  (LUT3=1 LUT4=1 LUT6=1 MUXF7=1 MUXF8=1 RAMS64E=1)
  Clock Path Skew:        -0.049ns (DCD - SCD + CPR)
    Destination Clock Delay (DCD):    0.924ns = ( 8.144 - 7.220 ) 
    Source Clock Delay      (SCD):    0.973ns
    Clock Pessimism Removal (CPR):    0.000ns
  Clock Uncertainty:      0.035ns  ((TSJ^2 + TIJ^2)^1/2 + DJ) / 2 + PE
    Total System Jitter     (TSJ):    0.071ns
    Total Input Jitter      (TIJ):    0.000ns
    Discrete Jitter          (DJ):    0.000ns
    Phase Error              (PE):    0.000ns

    Location             Delay type                Incr(ns)  Path(ns)    Netlist Resource(s)
  -------------------------------------------------------------------    -------------------
                         (clock clk rise edge)        0.000     0.000 r  
                                                      0.000     0.000 r  clk (IN)
                         net (fo=478, unset)          0.973     0.973    u_window3x3/clk
    SLICE_X36Y75         FDCE                                         r  u_window3x3/real_col_idx_q_reg[1]/C
  -------------------------------------------------------------------    -------------------
    SLICE_X36Y75         FDCE (Prop_fdce_C_Q)         0.478     1.451 r  u_window3x3/real_col_idx_q_reg[1]/Q
                         net (fo=2, routed)           0.911     2.362    u_window3x3/real_col_idx_q_reg_n_0_[1]
    SLICE_X36Y75         LUT4 (Prop_lut4_I0_O)        0.295     2.657 r  u_window3x3/line_mem1_reg_i_10/O
                         net (fo=82, routed)          1.295     3.952    u_window3x3/line_mem0_reg_256_511_7_7/A1
    SLICE_X38Y81         RAMS64E (Prop_rams64e_ADR1_O)
                                                      0.350     4.302 r  u_window3x3/line_mem0_reg_256_511_7_7/RAMS64E_A/O
                         net (fo=1, routed)           0.000     4.302    u_window3x3/line_mem0_reg_256_511_7_7/OA
    SLICE_X38Y81         MUXF7 (Prop_muxf7_I1_O)      0.214     4.516 r  u_window3x3/line_mem0_reg_256_511_7_7/F7.A/O
                         net (fo=1, routed)           0.000     4.516    u_window3x3/line_mem0_reg_256_511_7_7/O1
    SLICE_X38Y81         MUXF8 (Prop_muxf8_I1_O)      0.088     4.604 r  u_window3x3/line_mem0_reg_256_511_7_7/F8/O
                         net (fo=1, routed)           0.493     5.097    u_window3x3/line_mem0_reg_256_511_7_7_n_0
    SLICE_X37Y82         LUT6 (Prop_lut6_I3_O)        0.319     5.416 r  u_window3x3/mem0_rd_q[7]_i_1/O
                         net (fo=2, routed)           0.463     5.879    u_window3x3/mem0_rd_q0[7]
    SLICE_X37Y82         LUT3 (Prop_lut3_I2_O)        0.124     6.003 r  u_window3x3/line_mem1_reg_i_12/O
                         net (fo=1, routed)           0.641     6.644    u_window3x3/line_mem1_reg_i_12_n_0
    RAMB18_X2Y32         RAMB18E1                                     r  u_window3x3/line_mem1_reg/DIADI[7]
  -------------------------------------------------------------------    -------------------

                         (clock clk rise edge)        7.220     7.220 r  
                                                      0.000     7.220 r  clk (IN)
                         net (fo=478, unset)          0.924     8.144    u_window3x3/clk
    RAMB18_X2Y32         RAMB18E1                                     r  u_window3x3/line_mem1_reg/CLKARDCLK
                         clock pessimism              0.000     8.144    
                         clock uncertainty           -0.035     8.109    
    RAMB18_X2Y32         RAMB18E1 (Setup_ramb18e1_CLKARDCLK_DIADI[7])
                                                     -0.241     7.868    u_window3x3/line_mem1_reg
  -------------------------------------------------------------------
                         required time                          7.868    
                         arrival time                          -6.644    
  -------------------------------------------------------------------
                         slack                                  1.224    

Slack (MET) :             1.349ns  (required time - arrival time)
  Source:                 u_window3x3/real_col_idx_q_reg[1]/C
                            (rising edge-triggered cell FDCE clocked by clk  {rise@0.000ns fall@3.610ns period=7.220ns})
  Destination:            u_window3x3/line_mem1_reg/DIADI[0]
                            (rising edge-triggered cell RAMB18E1 clocked by clk  {rise@0.000ns fall@3.610ns period=7.220ns})
  Path Group:             clk
  Path Type:              Setup (Max at Slow Process Corner)
  Requirement:            7.220ns  (clk rise@7.220ns - clk rise@0.000ns)
  Data Path Delay:        5.546ns  (logic 1.679ns (30.276%)  route 3.867ns (69.724%))
  Logic Levels:           6  (LUT3=1 LUT4=1 LUT6=1 MUXF7=1 MUXF8=1 RAMS64E=1)
  Clock Path Skew:        -0.049ns (DCD - SCD + CPR)
    Destination Clock Delay (DCD):    0.924ns = ( 8.144 - 7.220 ) 
    Source Clock Delay      (SCD):    0.973ns
    Clock Pessimism Removal (CPR):    0.000ns
  Clock Uncertainty:      0.035ns  ((TSJ^2 + TIJ^2)^1/2 + DJ) / 2 + PE
    Total System Jitter     (TSJ):    0.071ns
    Total Input Jitter      (TIJ):    0.000ns
    Discrete Jitter          (DJ):    0.000ns
    Phase Error              (PE):    0.000ns

    Location             Delay type                Incr(ns)  Path(ns)    Netlist Resource(s)
  -------------------------------------------------------------------    -------------------
                         (clock clk rise edge)        0.000     0.000 r  
                                                      0.000     0.000 r  clk (IN)
                         net (fo=478, unset)          0.973     0.973    u_window3x3/clk
    SLICE_X36Y75         FDCE                                         r  u_window3x3/real_col_idx_q_reg[1]/C
  -------------------------------------------------------------------    -------------------
    SLICE_X36Y75         FDCE (Prop_fdce_C_Q)         0.478     1.451 r  u_window3x3/real_col_idx_q_reg[1]/Q
                         net (fo=2, routed)           0.911     2.362    u_window3x3/real_col_idx_q_reg_n_0_[1]
    SLICE_X36Y75         LUT4 (Prop_lut4_I0_O)        0.295     2.657 r  u_window3x3/line_mem1_reg_i_10/O
                         net (fo=82, routed)          1.322     3.979    u_window3x3/line_mem0_reg_256_511_0_0/A1
    SLICE_X34Y78         RAMS64E (Prop_rams64e_ADR1_O)
                                                      0.124     4.103 r  u_window3x3/line_mem0_reg_256_511_0_0/RAMS64E_D/O
                         net (fo=1, routed)           0.000     4.103    u_window3x3/line_mem0_reg_256_511_0_0/OD
    SLICE_X34Y78         MUXF7 (Prop_muxf7_I0_O)      0.241     4.344 r  u_window3x3/line_mem0_reg_256_511_0_0/F7.B/O
                         net (fo=1, routed)           0.000     4.344    u_window3x3/line_mem0_reg_256_511_0_0/O0
    SLICE_X34Y78         MUXF8 (Prop_muxf8_I0_O)      0.098     4.442 r  u_window3x3/line_mem0_reg_256_511_0_0/F8/O
                         net (fo=1, routed)           0.548     4.990    u_window3x3/line_mem0_reg_256_511_0_0_n_0
    SLICE_X35Y77         LUT6 (Prop_lut6_I3_O)        0.319     5.309 r  u_window3x3/mem0_rd_q[0]_i_1/O
                         net (fo=2, routed)           0.557     5.866    u_window3x3/mem0_rd_q0[0]
    SLICE_X35Y81         LUT3 (Prop_lut3_I2_O)        0.124     5.990 r  u_window3x3/line_mem1_reg_i_19/O
                         net (fo=1, routed)           0.529     6.519    u_window3x3/line_mem1_reg_i_19_n_0
    RAMB18_X2Y32         RAMB18E1                                     r  u_window3x3/line_mem1_reg/DIADI[0]
  -------------------------------------------------------------------    -------------------

                         (clock clk rise edge)        7.220     7.220 r  
                                                      0.000     7.220 r  clk (IN)
                         net (fo=478, unset)          0.924     8.144    u_window3x3/clk
    RAMB18_X2Y32         RAMB18E1                                     r  u_window3x3/line_mem1_reg/CLKARDCLK
                         clock pessimism              0.000     8.144    
                         clock uncertainty           -0.035     8.109    
    RAMB18_X2Y32         RAMB18E1 (Setup_ramb18e1_CLKARDCLK_DIADI[0])
                                                     -0.241     7.868    u_window3x3/line_mem1_reg
  -------------------------------------------------------------------
                         required time                          7.868    
                         arrival time                          -6.519    
  -------------------------------------------------------------------
                         slack                                  1.349    

Slack (MET) :             1.364ns  (required time - arrival time)
  Source:                 u_window3x3/real_col_idx_q_reg[1]/C
                            (rising edge-triggered cell FDCE clocked by clk  {rise@0.000ns fall@3.610ns period=7.220ns})
  Destination:            u_window3x3/line_mem1_reg/DIADI[4]
                            (rising edge-triggered cell RAMB18E1 clocked by clk  {rise@0.000ns fall@3.610ns period=7.220ns})
  Path Group:             clk
  Path Type:              Setup (Max at Slow Process Corner)
  Requirement:            7.220ns  (clk rise@7.220ns - clk rise@0.000ns)
  Data Path Delay:        5.531ns  (logic 1.714ns (30.988%)  route 3.817ns (69.012%))
  Logic Levels:           6  (LUT3=1 LUT4=1 LUT6=1 MUXF7=1 MUXF8=1 RAMS64E=1)
  Clock Path Skew:        -0.049ns (DCD - SCD + CPR)
    Destination Clock Delay (DCD):    0.924ns = ( 8.144 - 7.220 ) 
    Source Clock Delay      (SCD):    0.973ns
    Clock Pessimism Removal (CPR):    0.000ns
  Clock Uncertainty:      0.035ns  ((TSJ^2 + TIJ^2)^1/2 + DJ) / 2 + PE
    Total System Jitter     (TSJ):    0.071ns
    Total Input Jitter      (TIJ):    0.000ns
    Discrete Jitter          (DJ):    0.000ns
    Phase Error              (PE):    0.000ns

    Location             Delay type                Incr(ns)  Path(ns)    Netlist Resource(s)
  -------------------------------------------------------------------    -------------------
                         (clock clk rise edge)        0.000     0.000 r  
                                                      0.000     0.000 r  clk (IN)
                         net (fo=478, unset)          0.973     0.973    u_window3x3/clk
    SLICE_X36Y75         FDCE                                         r  u_window3x3/real_col_idx_q_reg[1]/C
  -------------------------------------------------------------------    -------------------
    SLICE_X36Y75         FDCE (Prop_fdce_C_Q)         0.478     1.451 r  u_window3x3/real_col_idx_q_reg[1]/Q
                         net (fo=2, routed)           0.911     2.362    u_window3x3/real_col_idx_q_reg_n_0_[1]
    SLICE_X36Y75         LUT4 (Prop_lut4_I0_O)        0.295     2.657 r  u_window3x3/line_mem1_reg_i_10/O
                         net (fo=82, routed)          1.354     4.011    u_window3x3/line_mem0_reg_256_511_4_4/A1
    SLICE_X34Y80         RAMS64E (Prop_rams64e_ADR1_O)
                                                      0.196     4.207 r  u_window3x3/line_mem0_reg_256_511_4_4/RAMS64E_A/O
                         net (fo=1, routed)           0.000     4.207    u_window3x3/line_mem0_reg_256_511_4_4/OA
    SLICE_X34Y80         MUXF7 (Prop_muxf7_I1_O)      0.214     4.421 r  u_window3x3/line_mem0_reg_256_511_4_4/F7.A/O
                         net (fo=1, routed)           0.000     4.421    u_window3x3/line_mem0_reg_256_511_4_4/O1
    SLICE_X34Y80         MUXF8 (Prop_muxf8_I1_O)      0.088     4.509 r  u_window3x3/line_mem0_reg_256_511_4_4/F8/O
                         net (fo=1, routed)           0.548     5.058    u_window3x3/line_mem0_reg_256_511_4_4_n_0
    SLICE_X35Y82         LUT6 (Prop_lut6_I3_O)        0.319     5.377 r  u_window3x3/mem0_rd_q[4]_i_1/O
                         net (fo=2, routed)           0.402     5.779    u_window3x3/mem0_rd_q0[4]
    SLICE_X35Y82         LUT3 (Prop_lut3_I2_O)        0.124     5.903 r  u_window3x3/line_mem1_reg_i_15/O
                         net (fo=1, routed)           0.601     6.504    u_window3x3/line_mem1_reg_i_15_n_0
    RAMB18_X2Y32         RAMB18E1                                     r  u_window3x3/line_mem1_reg/DIADI[4]
  -------------------------------------------------------------------    -------------------

                         (clock clk rise edge)        7.220     7.220 r  
                                                      0.000     7.220 r  clk (IN)
                         net (fo=478, unset)          0.924     8.144    u_window3x3/clk
    RAMB18_X2Y32         RAMB18E1                                     r  u_window3x3/line_mem1_reg/CLKARDCLK
                         clock pessimism              0.000     8.144    
                         clock uncertainty           -0.035     8.109    
    RAMB18_X2Y32         RAMB18E1 (Setup_ramb18e1_CLKARDCLK_DIADI[4])
                                                     -0.241     7.868    u_window3x3/line_mem1_reg
  -------------------------------------------------------------------
                         required time                          7.868    
                         arrival time                          -6.504    
  -------------------------------------------------------------------
                         slack                                  1.364    

Slack (MET) :             1.428ns  (required time - arrival time)
  Source:                 u_window3x3/real_col_idx_q_reg[1]/C
                            (rising edge-triggered cell FDCE clocked by clk  {rise@0.000ns fall@3.610ns period=7.220ns})
  Destination:            u_window3x3/line_mem1_reg/DIADI[6]
                            (rising edge-triggered cell RAMB18E1 clocked by clk  {rise@0.000ns fall@3.610ns period=7.220ns})
  Path Group:             clk
  Path Type:              Setup (Max at Slow Process Corner)
  Requirement:            7.220ns  (clk rise@7.220ns - clk rise@0.000ns)
  Data Path Delay:        5.467ns  (logic 1.560ns (28.532%)  route 3.907ns (71.468%))
  Logic Levels:           5  (LUT3=1 LUT4=1 LUT6=1 MUXF7=1 RAMS64E=1)
  Clock Path Skew:        -0.049ns (DCD - SCD + CPR)
    Destination Clock Delay (DCD):    0.924ns = ( 8.144 - 7.220 ) 
    Source Clock Delay      (SCD):    0.973ns
    Clock Pessimism Removal (CPR):    0.000ns
  Clock Uncertainty:      0.035ns  ((TSJ^2 + TIJ^2)^1/2 + DJ) / 2 + PE
    Total System Jitter     (TSJ):    0.071ns
    Total Input Jitter      (TIJ):    0.000ns
    Discrete Jitter          (DJ):    0.000ns
    Phase Error              (PE):    0.000ns

    Location             Delay type                Incr(ns)  Path(ns)    Netlist Resource(s)
  -------------------------------------------------------------------    -------------------
                         (clock clk rise edge)        0.000     0.000 r  
                                                      0.000     0.000 r  clk (IN)
                         net (fo=478, unset)          0.973     0.973    u_window3x3/clk
    SLICE_X36Y75         FDCE                                         r  u_window3x3/real_col_idx_q_reg[1]/C
  -------------------------------------------------------------------    -------------------
    SLICE_X36Y75         FDCE (Prop_fdce_C_Q)         0.478     1.451 r  u_window3x3/real_col_idx_q_reg[1]/Q
                         net (fo=2, routed)           0.911     2.362    u_window3x3/real_col_idx_q_reg_n_0_[1]
    SLICE_X36Y75         LUT4 (Prop_lut4_I0_O)        0.295     2.657 r  u_window3x3/line_mem1_reg_i_10/O
                         net (fo=82, routed)          1.396     4.053    u_window3x3/line_mem0_reg_0_127_0_0__5/A1
    SLICE_X36Y82         RAMS64E (Prop_rams64e_ADR1_O)
                                                      0.124     4.177 r  u_window3x3/line_mem0_reg_0_127_0_0__5/LOW/O
                         net (fo=1, routed)           0.000     4.177    u_window3x3/line_mem0_reg_0_127_0_0__5/O0
    SLICE_X36Y82         MUXF7 (Prop_muxf7_I0_O)      0.241     4.418 r  u_window3x3/line_mem0_reg_0_127_0_0__5/F7/O
                         net (fo=1, routed)           0.855     5.273    u_window3x3/line_mem0_reg_0_127_0_0__5_n_0
    SLICE_X32Y82         LUT6 (Prop_lut6_I1_O)        0.298     5.571 r  u_window3x3/mem0_rd_q[6]_i_1/O
                         net (fo=2, routed)           0.307     5.878    u_window3x3/mem0_rd_q0[6]
    SLICE_X32Y81         LUT3 (Prop_lut3_I2_O)        0.124     6.002 r  u_window3x3/line_mem1_reg_i_13/O
                         net (fo=1, routed)           0.438     6.440    u_window3x3/line_mem1_reg_i_13_n_0
    RAMB18_X2Y32         RAMB18E1                                     r  u_window3x3/line_mem1_reg/DIADI[6]
  -------------------------------------------------------------------    -------------------

                         (clock clk rise edge)        7.220     7.220 r  
                                                      0.000     7.220 r  clk (IN)
                         net (fo=478, unset)          0.924     8.144    u_window3x3/clk
    RAMB18_X2Y32         RAMB18E1                                     r  u_window3x3/line_mem1_reg/CLKARDCLK
                         clock pessimism              0.000     8.144    
                         clock uncertainty           -0.035     8.109    
    RAMB18_X2Y32         RAMB18E1 (Setup_ramb18e1_CLKARDCLK_DIADI[6])
                                                     -0.241     7.868    u_window3x3/line_mem1_reg
  -------------------------------------------------------------------
                         required time                          7.868    
                         arrival time                          -6.440    
  -------------------------------------------------------------------
                         slack                                  1.428    

Slack (MET) :             1.532ns  (required time - arrival time)
  Source:                 u_window3x3/real_col_idx_q_reg[1]/C
                            (rising edge-triggered cell FDCE clocked by clk  {rise@0.000ns fall@3.610ns period=7.220ns})
  Destination:            u_window3x3/line_mem1_reg/DIADI[3]
                            (rising edge-triggered cell RAMB18E1 clocked by clk  {rise@0.000ns fall@3.610ns period=7.220ns})
  Path Group:             clk
  Path Type:              Setup (Max at Slow Process Corner)
  Requirement:            7.220ns  (clk rise@7.220ns - clk rise@0.000ns)
  Data Path Delay:        5.363ns  (logic 1.835ns (34.217%)  route 3.528ns (65.783%))
  Logic Levels:           6  (LUT3=1 LUT4=1 LUT6=1 MUXF7=1 MUXF8=1 RAMS64E=1)
  Clock Path Skew:        -0.049ns (DCD - SCD + CPR)
    Destination Clock Delay (DCD):    0.924ns = ( 8.144 - 7.220 ) 
    Source Clock Delay      (SCD):    0.973ns
    Clock Pessimism Removal (CPR):    0.000ns
  Clock Uncertainty:      0.035ns  ((TSJ^2 + TIJ^2)^1/2 + DJ) / 2 + PE
    Total System Jitter     (TSJ):    0.071ns
    Total Input Jitter      (TIJ):    0.000ns
    Discrete Jitter          (DJ):    0.000ns
    Phase Error              (PE):    0.000ns

    Location             Delay type                Incr(ns)  Path(ns)    Netlist Resource(s)
  -------------------------------------------------------------------    -------------------
                         (clock clk rise edge)        0.000     0.000 r  
                                                      0.000     0.000 r  clk (IN)
                         net (fo=478, unset)          0.973     0.973    u_window3x3/clk
    SLICE_X36Y75         FDCE                                         r  u_window3x3/real_col_idx_q_reg[1]/C
  -------------------------------------------------------------------    -------------------
    SLICE_X36Y75         FDCE (Prop_fdce_C_Q)         0.478     1.451 r  u_window3x3/real_col_idx_q_reg[1]/Q
                         net (fo=2, routed)           0.911     2.362    u_window3x3/real_col_idx_q_reg_n_0_[1]
    SLICE_X36Y75         LUT4 (Prop_lut4_I0_O)        0.295     2.657 r  u_window3x3/line_mem1_reg_i_10/O
                         net (fo=82, routed)          1.443     4.100    u_window3x3/line_mem0_reg_256_511_3_3/A1
    SLICE_X34Y79         RAMS64E (Prop_rams64e_ADR1_O)
                                                      0.317     4.417 r  u_window3x3/line_mem0_reg_256_511_3_3/RAMS64E_A/O
                         net (fo=1, routed)           0.000     4.417    u_window3x3/line_mem0_reg_256_511_3_3/OA
    SLICE_X34Y79         MUXF7 (Prop_muxf7_I1_O)      0.214     4.631 r  u_window3x3/line_mem0_reg_256_511_3_3/F7.A/O
                         net (fo=1, routed)           0.000     4.631    u_window3x3/line_mem0_reg_256_511_3_3/O1
    SLICE_X34Y79         MUXF8 (Prop_muxf8_I1_O)      0.088     4.719 r  u_window3x3/line_mem0_reg_256_511_3_3/F8/O
                         net (fo=1, routed)           0.454     5.173    u_window3x3/line_mem0_reg_256_511_3_3_n_0
    SLICE_X35Y80         LUT6 (Prop_lut6_I3_O)        0.319     5.492 r  u_window3x3/mem0_rd_q[3]_i_1/O
                         net (fo=2, routed)           0.276     5.768    u_window3x3/mem0_rd_q0[3]
    SLICE_X35Y80         LUT3 (Prop_lut3_I2_O)        0.124     5.892 r  u_window3x3/line_mem1_reg_i_16/O
                         net (fo=1, routed)           0.444     6.336    u_window3x3/line_mem1_reg_i_16_n_0
    RAMB18_X2Y32         RAMB18E1                                     r  u_window3x3/line_mem1_reg/DIADI[3]
  -------------------------------------------------------------------    -------------------

                         (clock clk rise edge)        7.220     7.220 r  
                                                      0.000     7.220 r  clk (IN)
                         net (fo=478, unset)          0.924     8.144    u_window3x3/clk
    RAMB18_X2Y32         RAMB18E1                                     r  u_window3x3/line_mem1_reg/CLKARDCLK
                         clock pessimism              0.000     8.144    
                         clock uncertainty           -0.035     8.109    
    RAMB18_X2Y32         RAMB18E1 (Setup_ramb18e1_CLKARDCLK_DIADI[3])
                                                     -0.241     7.868    u_window3x3/line_mem1_reg
  -------------------------------------------------------------------
                         required time                          7.868    
                         arrival time                          -6.336    
  -------------------------------------------------------------------
                         slack                                  1.532    

Slack (MET) :             1.580ns  (required time - arrival time)
  Source:                 u_window3x3/real_col_idx_q_reg[1]/C
                            (rising edge-triggered cell FDCE clocked by clk  {rise@0.000ns fall@3.610ns period=7.220ns})
  Destination:            u_window3x3/line_mem1_reg/DIADI[1]
                            (rising edge-triggered cell RAMB18E1 clocked by clk  {rise@0.000ns fall@3.610ns period=7.220ns})
  Path Group:             clk
  Path Type:              Setup (Max at Slow Process Corner)
  Requirement:            7.220ns  (clk rise@7.220ns - clk rise@0.000ns)
  Data Path Delay:        5.315ns  (logic 1.835ns (34.524%)  route 3.480ns (65.476%))
  Logic Levels:           6  (LUT3=1 LUT4=1 LUT6=1 MUXF7=1 MUXF8=1 RAMS64E=1)
  Clock Path Skew:        -0.049ns (DCD - SCD + CPR)
    Destination Clock Delay (DCD):    0.924ns = ( 8.144 - 7.220 ) 
    Source Clock Delay      (SCD):    0.973ns
    Clock Pessimism Removal (CPR):    0.000ns
  Clock Uncertainty:      0.035ns  ((TSJ^2 + TIJ^2)^1/2 + DJ) / 2 + PE
    Total System Jitter     (TSJ):    0.071ns
    Total Input Jitter      (TIJ):    0.000ns
    Discrete Jitter          (DJ):    0.000ns
    Phase Error              (PE):    0.000ns

    Location             Delay type                Incr(ns)  Path(ns)    Netlist Resource(s)
  -------------------------------------------------------------------    -------------------
                         (clock clk rise edge)        0.000     0.000 r  
                                                      0.000     0.000 r  clk (IN)
                         net (fo=478, unset)          0.973     0.973    u_window3x3/clk
    SLICE_X36Y75         FDCE                                         r  u_window3x3/real_col_idx_q_reg[1]/C
  -------------------------------------------------------------------    -------------------
    SLICE_X36Y75         FDCE (Prop_fdce_C_Q)         0.478     1.451 r  u_window3x3/real_col_idx_q_reg[1]/Q
                         net (fo=2, routed)           0.911     2.362    u_window3x3/real_col_idx_q_reg_n_0_[1]
    SLICE_X36Y75         LUT4 (Prop_lut4_I0_O)        0.295     2.657 r  u_window3x3/line_mem1_reg_i_10/O
                         net (fo=82, routed)          1.078     3.735    u_window3x3/line_mem0_reg_256_511_1_1/A1
    SLICE_X38Y77         RAMS64E (Prop_rams64e_ADR1_O)
                                                      0.317     4.052 r  u_window3x3/line_mem0_reg_256_511_1_1/RAMS64E_A/O
                         net (fo=1, routed)           0.000     4.052    u_window3x3/line_mem0_reg_256_511_1_1/OA
    SLICE_X38Y77         MUXF7 (Prop_muxf7_I1_O)      0.214     4.266 r  u_window3x3/line_mem0_reg_256_511_1_1/F7.A/O
                         net (fo=1, routed)           0.000     4.266    u_window3x3/line_mem0_reg_256_511_1_1/O1
    SLICE_X38Y77         MUXF8 (Prop_muxf8_I1_O)      0.088     4.354 r  u_window3x3/line_mem0_reg_256_511_1_1/F8/O
                         net (fo=1, routed)           0.599     4.953    u_window3x3/line_mem0_reg_256_511_1_1_n_0
    SLICE_X35Y77         LUT6 (Prop_lut6_I3_O)        0.319     5.272 r  u_window3x3/mem0_rd_q[1]_i_1/O
                         net (fo=2, routed)           0.447     5.719    u_window3x3/mem0_rd_q0[1]
    SLICE_X35Y80         LUT3 (Prop_lut3_I2_O)        0.124     5.843 r  u_window3x3/line_mem1_reg_i_18/O
                         net (fo=1, routed)           0.445     6.288    u_window3x3/line_mem1_reg_i_18_n_0
    RAMB18_X2Y32         RAMB18E1                                     r  u_window3x3/line_mem1_reg/DIADI[1]
  -------------------------------------------------------------------    -------------------

                         (clock clk rise edge)        7.220     7.220 r  
                                                      0.000     7.220 r  clk (IN)
                         net (fo=478, unset)          0.924     8.144    u_window3x3/clk
    RAMB18_X2Y32         RAMB18E1                                     r  u_window3x3/line_mem1_reg/CLKARDCLK
                         clock pessimism              0.000     8.144    
                         clock uncertainty           -0.035     8.109    
    RAMB18_X2Y32         RAMB18E1 (Setup_ramb18e1_CLKARDCLK_DIADI[1])
                                                     -0.241     7.868    u_window3x3/line_mem1_reg
  -------------------------------------------------------------------
                         required time                          7.868    
                         arrival time                          -6.288    
  -------------------------------------------------------------------
                         slack                                  1.580    

Slack (MET) :             1.699ns  (required time - arrival time)
  Source:                 u_window3x3/real_col_idx_q_reg[1]/C
                            (rising edge-triggered cell FDCE clocked by clk  {rise@0.000ns fall@3.610ns period=7.220ns})
  Destination:            u_window3x3/mem0_rd_q_reg[0]/D
                            (rising edge-triggered cell FDRE clocked by clk  {rise@0.000ns fall@3.610ns period=7.220ns})
  Path Group:             clk
  Path Type:              Setup (Max at Slow Process Corner)
  Requirement:            7.220ns  (clk rise@7.220ns - clk rise@0.000ns)
  Data Path Delay:        5.334ns  (logic 1.555ns (29.155%)  route 3.779ns (70.845%))
  Logic Levels:           5  (LUT4=1 LUT6=1 MUXF7=1 MUXF8=1 RAMS64E=1)
  Clock Path Skew:        -0.049ns (DCD - SCD + CPR)
    Destination Clock Delay (DCD):    0.924ns = ( 8.144 - 7.220 ) 
    Source Clock Delay      (SCD):    0.973ns
    Clock Pessimism Removal (CPR):    0.000ns
  Clock Uncertainty:      0.035ns  ((TSJ^2 + TIJ^2)^1/2 + DJ) / 2 + PE
    Total System Jitter     (TSJ):    0.071ns
    Total Input Jitter      (TIJ):    0.000ns
    Discrete Jitter          (DJ):    0.000ns
    Phase Error              (PE):    0.000ns

    Location             Delay type                Incr(ns)  Path(ns)    Netlist Resource(s)
  -------------------------------------------------------------------    -------------------
                         (clock clk rise edge)        0.000     0.000 r  
                                                      0.000     0.000 r  clk (IN)
                         net (fo=478, unset)          0.973     0.973    u_window3x3/clk
    SLICE_X36Y75         FDCE                                         r  u_window3x3/real_col_idx_q_reg[1]/C
  -------------------------------------------------------------------    -------------------
    SLICE_X36Y75         FDCE (Prop_fdce_C_Q)         0.478     1.451 r  u_window3x3/real_col_idx_q_reg[1]/Q
                         net (fo=2, routed)           0.911     2.362    u_window3x3/real_col_idx_q_reg_n_0_[1]
    SLICE_X36Y75         LUT4 (Prop_lut4_I0_O)        0.295     2.657 r  u_window3x3/line_mem1_reg_i_10/O
                         net (fo=82, routed)          1.322     3.979    u_window3x3/line_mem0_reg_256_511_0_0/A1
    SLICE_X34Y78         RAMS64E (Prop_rams64e_ADR1_O)
                                                      0.124     4.103 r  u_window3x3/line_mem0_reg_256_511_0_0/RAMS64E_D/O
                         net (fo=1, routed)           0.000     4.103    u_window3x3/line_mem0_reg_256_511_0_0/OD
    SLICE_X34Y78         MUXF7 (Prop_muxf7_I0_O)      0.241     4.344 r  u_window3x3/line_mem0_reg_256_511_0_0/F7.B/O
                         net (fo=1, routed)           0.000     4.344    u_window3x3/line_mem0_reg_256_511_0_0/O0
    SLICE_X34Y78         MUXF8 (Prop_muxf8_I0_O)      0.098     4.442 r  u_window3x3/line_mem0_reg_256_511_0_0/F8/O
                         net (fo=1, routed)           0.548     4.990    u_window3x3/line_mem0_reg_256_511_0_0_n_0
    SLICE_X35Y77         LUT6 (Prop_lut6_I3_O)        0.319     5.309 r  u_window3x3/mem0_rd_q[0]_i_1/O
                         net (fo=2, routed)           0.998     6.307    u_window3x3/mem0_rd_q0[0]
    SLICE_X37Y82         FDRE                                         r  u_window3x3/mem0_rd_q_reg[0]/D
  -------------------------------------------------------------------    -------------------

                         (clock clk rise edge)        7.220     7.220 r  
                                                      0.000     7.220 r  clk (IN)
                         net (fo=478, unset)          0.924     8.144    u_window3x3/clk
    SLICE_X37Y82         FDRE                                         r  u_window3x3/mem0_rd_q_reg[0]/C
                         clock pessimism              0.000     8.144    
                         clock uncertainty           -0.035     8.109    
    SLICE_X37Y82         FDRE (Setup_fdre_C_D)       -0.103     8.006    u_window3x3/mem0_rd_q_reg[0]
  -------------------------------------------------------------------
                         required time                          8.006    
                         arrival time                          -6.307    
  -------------------------------------------------------------------
                         slack                                  1.699    

Slack (MET) :             1.730ns  (required time - arrival time)
  Source:                 u_window3x3/real_col_idx_q_reg[1]/C
                            (rising edge-triggered cell FDCE clocked by clk  {rise@0.000ns fall@3.610ns period=7.220ns})
  Destination:            u_window3x3/line_mem1_reg/DIADI[5]
                            (rising edge-triggered cell RAMB18E1 clocked by clk  {rise@0.000ns fall@3.610ns period=7.220ns})
  Path Group:             clk
  Path Type:              Setup (Max at Slow Process Corner)
  Requirement:            7.220ns  (clk rise@7.220ns - clk rise@0.000ns)
  Data Path Delay:        5.165ns  (logic 1.835ns (35.527%)  route 3.330ns (64.473%))
  Logic Levels:           6  (LUT3=1 LUT4=1 LUT6=1 MUXF7=1 MUXF8=1 RAMS64E=1)
  Clock Path Skew:        -0.049ns (DCD - SCD + CPR)
    Destination Clock Delay (DCD):    0.924ns = ( 8.144 - 7.220 ) 
    Source Clock Delay      (SCD):    0.973ns
    Clock Pessimism Removal (CPR):    0.000ns
  Clock Uncertainty:      0.035ns  ((TSJ^2 + TIJ^2)^1/2 + DJ) / 2 + PE
    Total System Jitter     (TSJ):    0.071ns
    Total Input Jitter      (TIJ):    0.000ns
    Discrete Jitter          (DJ):    0.000ns
    Phase Error              (PE):    0.000ns

    Location             Delay type                Incr(ns)  Path(ns)    Netlist Resource(s)
  -------------------------------------------------------------------    -------------------
                         (clock clk rise edge)        0.000     0.000 r  
                                                      0.000     0.000 r  clk (IN)
                         net (fo=478, unset)          0.973     0.973    u_window3x3/clk
    SLICE_X36Y75         FDCE                                         r  u_window3x3/real_col_idx_q_reg[1]/C
  -------------------------------------------------------------------    -------------------
    SLICE_X36Y75         FDCE (Prop_fdce_C_Q)         0.478     1.451 r  u_window3x3/real_col_idx_q_reg[1]/Q
                         net (fo=2, routed)           0.911     2.362    u_window3x3/real_col_idx_q_reg_n_0_[1]
    SLICE_X36Y75         LUT4 (Prop_lut4_I0_O)        0.295     2.657 r  u_window3x3/line_mem1_reg_i_10/O
                         net (fo=82, routed)          1.367     4.024    u_window3x3/line_mem0_reg_0_255_5_5/A1
    SLICE_X34Y83         RAMS64E (Prop_rams64e_ADR1_O)
                                                      0.317     4.341 r  u_window3x3/line_mem0_reg_0_255_5_5/RAMS64E_A/O
                         net (fo=1, routed)           0.000     4.341    u_window3x3/line_mem0_reg_0_255_5_5/OA
    SLICE_X34Y83         MUXF7 (Prop_muxf7_I1_O)      0.214     4.555 r  u_window3x3/line_mem0_reg_0_255_5_5/F7.A/O
                         net (fo=1, routed)           0.000     4.555    u_window3x3/line_mem0_reg_0_255_5_5/O1
    SLICE_X34Y83         MUXF8 (Prop_muxf8_I1_O)      0.088     4.643 r  u_window3x3/line_mem0_reg_0_255_5_5/F8/O
                         net (fo=1, routed)           0.437     5.080    u_window3x3/line_mem0_reg_0_255_5_5_n_0
    SLICE_X35Y82         LUT6 (Prop_lut6_I5_O)        0.319     5.399 r  u_window3x3/mem0_rd_q[5]_i_1/O
                         net (fo=2, routed)           0.161     5.560    u_window3x3/mem0_rd_q0[5]
    SLICE_X35Y82         LUT3 (Prop_lut3_I2_O)        0.124     5.684 r  u_window3x3/line_mem1_reg_i_14/O
                         net (fo=1, routed)           0.454     6.138    u_window3x3/line_mem1_reg_i_14_n_0
    RAMB18_X2Y32         RAMB18E1                                     r  u_window3x3/line_mem1_reg/DIADI[5]
  -------------------------------------------------------------------    -------------------

                         (clock clk rise edge)        7.220     7.220 r  
                                                      0.000     7.220 r  clk (IN)
                         net (fo=478, unset)          0.924     8.144    u_window3x3/clk
    RAMB18_X2Y32         RAMB18E1                                     r  u_window3x3/line_mem1_reg/CLKARDCLK
                         clock pessimism              0.000     8.144    
                         clock uncertainty           -0.035     8.109    
    RAMB18_X2Y32         RAMB18E1 (Setup_ramb18e1_CLKARDCLK_DIADI[5])
                                                     -0.241     7.868    u_window3x3/line_mem1_reg
  -------------------------------------------------------------------
                         required time                          7.868    
                         arrival time                          -6.138    
  -------------------------------------------------------------------
                         slack                                  1.730    

Slack (MET) :             1.812ns  (required time - arrival time)
  Source:                 u_window3x3/real_col_idx_q_reg[1]/C
                            (rising edge-triggered cell FDCE clocked by clk  {rise@0.000ns fall@3.610ns period=7.220ns})
  Destination:            u_window3x3/line_mem1_reg/DIADI[2]
                            (rising edge-triggered cell RAMB18E1 clocked by clk  {rise@0.000ns fall@3.610ns period=7.220ns})
  Path Group:             clk
  Path Type:              Setup (Max at Slow Process Corner)
  Requirement:            7.220ns  (clk rise@7.220ns - clk rise@0.000ns)
  Data Path Delay:        5.083ns  (logic 1.679ns (33.031%)  route 3.404ns (66.969%))
  Logic Levels:           6  (LUT3=1 LUT4=1 LUT6=1 MUXF7=1 MUXF8=1 RAMS64E=1)
  Clock Path Skew:        -0.049ns (DCD - SCD + CPR)
    Destination Clock Delay (DCD):    0.924ns = ( 8.144 - 7.220 ) 
    Source Clock Delay      (SCD):    0.973ns
    Clock Pessimism Removal (CPR):    0.000ns
  Clock Uncertainty:      0.035ns  ((TSJ^2 + TIJ^2)^1/2 + DJ) / 2 + PE
    Total System Jitter     (TSJ):    0.071ns
    Total Input Jitter      (TIJ):    0.000ns
    Discrete Jitter          (DJ):    0.000ns
    Phase Error              (PE):    0.000ns

    Location             Delay type                Incr(ns)  Path(ns)    Netlist Resource(s)
  -------------------------------------------------------------------    -------------------
                         (clock clk rise edge)        0.000     0.000 r  
                                                      0.000     0.000 r  clk (IN)
                         net (fo=478, unset)          0.973     0.973    u_window3x3/clk
    SLICE_X36Y75         FDCE                                         r  u_window3x3/real_col_idx_q_reg[1]/C
  -------------------------------------------------------------------    -------------------
    SLICE_X36Y75         FDCE (Prop_fdce_C_Q)         0.478     1.451 r  u_window3x3/real_col_idx_q_reg[1]/Q
                         net (fo=2, routed)           0.911     2.362    u_window3x3/real_col_idx_q_reg_n_0_[1]
    SLICE_X36Y75         LUT4 (Prop_lut4_I0_O)        0.295     2.657 r  u_window3x3/line_mem1_reg_i_10/O
                         net (fo=82, routed)          1.436     4.093    u_window3x3/line_mem0_reg_0_255_2_2/A1
    SLICE_X38Y79         RAMS64E (Prop_rams64e_ADR1_O)
                                                      0.124     4.217 r  u_window3x3/line_mem0_reg_0_255_2_2/RAMS64E_D/O
                         net (fo=1, routed)           0.000     4.217    u_window3x3/line_mem0_reg_0_255_2_2/OD
    SLICE_X38Y79         MUXF7 (Prop_muxf7_I0_O)      0.241     4.458 r  u_window3x3/line_mem0_reg_0_255_2_2/F7.B/O
                         net (fo=1, routed)           0.000     4.458    u_window3x3/line_mem0_reg_0_255_2_2/O0
    SLICE_X38Y79         MUXF8 (Prop_muxf8_I0_O)      0.098     4.556 r  u_window3x3/line_mem0_reg_0_255_2_2/F8/O
                         net (fo=1, routed)           0.308     4.864    u_window3x3/line_mem0_reg_0_255_2_2_n_0
    SLICE_X37Y80         LUT6 (Prop_lut6_I5_O)        0.319     5.183 r  u_window3x3/mem0_rd_q[2]_i_1/O
                         net (fo=2, routed)           0.264     5.447    u_window3x3/mem0_rd_q0[2]
    SLICE_X37Y80         LUT3 (Prop_lut3_I2_O)        0.124     5.571 r  u_window3x3/line_mem1_reg_i_17/O
                         net (fo=1, routed)           0.485     6.056    u_window3x3/line_mem1_reg_i_17_n_0
    RAMB18_X2Y32         RAMB18E1                                     r  u_window3x3/line_mem1_reg/DIADI[2]
  -------------------------------------------------------------------    -------------------

                         (clock clk rise edge)        7.220     7.220 r  
                                                      0.000     7.220 r  clk (IN)
                         net (fo=478, unset)          0.924     8.144    u_window3x3/clk
    RAMB18_X2Y32         RAMB18E1                                     r  u_window3x3/line_mem1_reg/CLKARDCLK
                         clock pessimism              0.000     8.144    
                         clock uncertainty           -0.035     8.109    
    RAMB18_X2Y32         RAMB18E1 (Setup_ramb18e1_CLKARDCLK_DIADI[2])
                                                     -0.241     7.868    u_window3x3/line_mem1_reg
  -------------------------------------------------------------------
                         required time                          7.868    
                         arrival time                          -6.056    
  -------------------------------------------------------------------
                         slack                                  1.812    

Slack (MET) :             2.049ns  (required time - arrival time)
  Source:                 u_window3x3/real_col_idx_q_reg[1]/C
                            (rising edge-triggered cell FDCE clocked by clk  {rise@0.000ns fall@3.610ns period=7.220ns})
  Destination:            u_window3x3/mem0_rd_q_reg[4]/D
                            (rising edge-triggered cell FDRE clocked by clk  {rise@0.000ns fall@3.610ns period=7.220ns})
  Path Group:             clk
  Path Type:              Setup (Max at Slow Process Corner)
  Requirement:            7.220ns  (clk rise@7.220ns - clk rise@0.000ns)
  Data Path Delay:        5.006ns  (logic 1.590ns (31.760%)  route 3.416ns (68.240%))
  Logic Levels:           5  (LUT4=1 LUT6=1 MUXF7=1 MUXF8=1 RAMS64E=1)
  Clock Path Skew:        -0.049ns (DCD - SCD + CPR)
    Destination Clock Delay (DCD):    0.924ns = ( 8.144 - 7.220 ) 
    Source Clock Delay      (SCD):    0.973ns
    Clock Pessimism Removal (CPR):    0.000ns
  Clock Uncertainty:      0.035ns  ((TSJ^2 + TIJ^2)^1/2 + DJ) / 2 + PE
    Total System Jitter     (TSJ):    0.071ns
    Total Input Jitter      (TIJ):    0.000ns
    Discrete Jitter          (DJ):    0.000ns
    Phase Error              (PE):    0.000ns

    Location             Delay type                Incr(ns)  Path(ns)    Netlist Resource(s)
  -------------------------------------------------------------------    -------------------
                         (clock clk rise edge)        0.000     0.000 r  
                                                      0.000     0.000 r  clk (IN)
                         net (fo=478, unset)          0.973     0.973    u_window3x3/clk
    SLICE_X36Y75         FDCE                                         r  u_window3x3/real_col_idx_q_reg[1]/C
  -------------------------------------------------------------------    -------------------
    SLICE_X36Y75         FDCE (Prop_fdce_C_Q)         0.478     1.451 r  u_window3x3/real_col_idx_q_reg[1]/Q
                         net (fo=2, routed)           0.911     2.362    u_window3x3/real_col_idx_q_reg_n_0_[1]
    SLICE_X36Y75         LUT4 (Prop_lut4_I0_O)        0.295     2.657 r  u_window3x3/line_mem1_reg_i_10/O
                         net (fo=82, routed)          1.354     4.011    u_window3x3/line_mem0_reg_256_511_4_4/A1
    SLICE_X34Y80         RAMS64E (Prop_rams64e_ADR1_O)
                                                      0.196     4.207 r  u_window3x3/line_mem0_reg_256_511_4_4/RAMS64E_A/O
                         net (fo=1, routed)           0.000     4.207    u_window3x3/line_mem0_reg_256_511_4_4/OA
    SLICE_X34Y80         MUXF7 (Prop_muxf7_I1_O)      0.214     4.421 r  u_window3x3/line_mem0_reg_256_511_4_4/F7.A/O
                         net (fo=1, routed)           0.000     4.421    u_window3x3/line_mem0_reg_256_511_4_4/O1
    SLICE_X34Y80         MUXF8 (Prop_muxf8_I1_O)      0.088     4.509 r  u_window3x3/line_mem0_reg_256_511_4_4/F8/O
                         net (fo=1, routed)           0.548     5.058    u_window3x3/line_mem0_reg_256_511_4_4_n_0
    SLICE_X35Y82         LUT6 (Prop_lut6_I3_O)        0.319     5.377 r  u_window3x3/mem0_rd_q[4]_i_1/O
                         net (fo=2, routed)           0.603     5.979    u_window3x3/mem0_rd_q0[4]
    SLICE_X35Y82         FDRE                                         r  u_window3x3/mem0_rd_q_reg[4]/D
  -------------------------------------------------------------------    -------------------

                         (clock clk rise edge)        7.220     7.220 r  
                                                      0.000     7.220 r  clk (IN)
                         net (fo=478, unset)          0.924     8.144    u_window3x3/clk
    SLICE_X35Y82         FDRE                                         r  u_window3x3/mem0_rd_q_reg[4]/C
                         clock pessimism              0.000     8.144    
                         clock uncertainty           -0.035     8.109    
    SLICE_X35Y82         FDRE (Setup_fdre_C_D)       -0.081     8.028    u_window3x3/mem0_rd_q_reg[4]
  -------------------------------------------------------------------
                         required time                          8.028    
                         arrival time                          -5.979    
  -------------------------------------------------------------------
                         slack                                  2.049    

Slack (MET) :             2.130ns  (required time - arrival time)
  Source:                 u_window3x3/req_col_idx_q_reg[14]/C
                            (rising edge-triggered cell FDCE clocked by clk  {rise@0.000ns fall@3.610ns period=7.220ns})
  Destination:            u_window3x3/emit_col_idx_q_reg[5]/CE
                            (rising edge-triggered cell FDCE clocked by clk  {rise@0.000ns fall@3.610ns period=7.220ns})
  Path Group:             clk
  Path Type:              Setup (Max at Slow Process Corner)
  Requirement:            7.220ns  (clk rise@7.220ns - clk rise@0.000ns)
  Data Path Delay:        4.801ns  (logic 1.185ns (24.681%)  route 3.616ns (75.319%))
  Logic Levels:           4  (LUT2=1 LUT5=2 LUT6=1)
  Clock Path Skew:        -0.049ns (DCD - SCD + CPR)
    Destination Clock Delay (DCD):    0.924ns = ( 8.144 - 7.220 ) 
    Source Clock Delay      (SCD):    0.973ns
    Clock Pessimism Removal (CPR):    0.000ns
  Clock Uncertainty:      0.035ns  ((TSJ^2 + TIJ^2)^1/2 + DJ) / 2 + PE
    Total System Jitter     (TSJ):    0.071ns
    Total Input Jitter      (TIJ):    0.000ns
    Discrete Jitter          (DJ):    0.000ns
    Phase Error              (PE):    0.000ns

    Location             Delay type                Incr(ns)  Path(ns)    Netlist Resource(s)
  -------------------------------------------------------------------    -------------------
                         (clock clk rise edge)        0.000     0.000 r  
                                                      0.000     0.000 r  clk (IN)
                         net (fo=478, unset)          0.973     0.973    u_window3x3/clk
    SLICE_X39Y78         FDCE                                         r  u_window3x3/req_col_idx_q_reg[14]/C
  -------------------------------------------------------------------    -------------------
    SLICE_X39Y78         FDCE (Prop_fdce_C_Q)         0.456     1.429 r  u_window3x3/req_col_idx_q_reg[14]/Q
                         net (fo=2, routed)           1.017     2.446    u_window3x3/req_col_idx_q_reg_n_0_[14]
    SLICE_X39Y82         LUT2 (Prop_lut2_I0_O)        0.149     2.595 r  u_window3x3/pipe_valid_q_i_7/O
                         net (fo=1, routed)           0.434     3.029    u_window3x3/pipe_valid_q_i_7_n_0
    SLICE_X39Y82         LUT6 (Prop_lut6_I2_O)        0.332     3.361 r  u_window3x3/pipe_valid_q_i_3/O
                         net (fo=40, routed)          0.996     4.358    u_window3x3/pipe_valid_q_i_3_n_0
    SLICE_X43Y91         LUT5 (Prop_lut5_I0_O)        0.124     4.482 r  u_window3x3/pipe_valid_q_i_1/O
                         net (fo=13, routed)          0.497     4.979    u_window3x3/resp_valid_w
    SLICE_X39Y90         LUT5 (Prop_lut5_I4_O)        0.124     5.103 r  u_window3x3/emit_col_idx_q[15]_i_1/O
                         net (fo=16, routed)          0.671     5.774    u_window3x3/emit_col_idx_q
    SLICE_X35Y88         FDCE                                         r  u_window3x3/emit_col_idx_q_reg[5]/CE
  -------------------------------------------------------------------    -------------------

                         (clock clk rise edge)        7.220     7.220 r  
                                                      0.000     7.220 r  clk (IN)
                         net (fo=478, unset)          0.924     8.144    u_window3x3/clk
    SLICE_X35Y88         FDCE                                         r  u_window3x3/emit_col_idx_q_reg[5]/C
                         clock pessimism              0.000     8.144    
                         clock uncertainty           -0.035     8.109    
    SLICE_X35Y88         FDCE (Setup_fdce_C_CE)      -0.205     7.904    u_window3x3/emit_col_idx_q_reg[5]
  -------------------------------------------------------------------
                         required time                          7.904    
                         arrival time                          -5.774    
  -------------------------------------------------------------------
                         slack                                  2.130    

Slack (MET) :             2.130ns  (required time - arrival time)
  Source:                 u_window3x3/req_col_idx_q_reg[14]/C
                            (rising edge-triggered cell FDCE clocked by clk  {rise@0.000ns fall@3.610ns period=7.220ns})
  Destination:            u_window3x3/emit_col_idx_q_reg[6]/CE
                            (rising edge-triggered cell FDCE clocked by clk  {rise@0.000ns fall@3.610ns period=7.220ns})
  Path Group:             clk
  Path Type:              Setup (Max at Slow Process Corner)
  Requirement:            7.220ns  (clk rise@7.220ns - clk rise@0.000ns)
  Data Path Delay:        4.801ns  (logic 1.185ns (24.681%)  route 3.616ns (75.319%))
  Logic Levels:           4  (LUT2=1 LUT5=2 LUT6=1)
  Clock Path Skew:        -0.049ns (DCD - SCD + CPR)
    Destination Clock Delay (DCD):    0.924ns = ( 8.144 - 7.220 ) 
    Source Clock Delay      (SCD):    0.973ns
    Clock Pessimism Removal (CPR):    0.000ns
  Clock Uncertainty:      0.035ns  ((TSJ^2 + TIJ^2)^1/2 + DJ) / 2 + PE
    Total System Jitter     (TSJ):    0.071ns
    Total Input Jitter      (TIJ):    0.000ns
    Discrete Jitter          (DJ):    0.000ns
    Phase Error              (PE):    0.000ns

    Location             Delay type                Incr(ns)  Path(ns)    Netlist Resource(s)
  -------------------------------------------------------------------    -------------------
                         (clock clk rise edge)        0.000     0.000 r  
                                                      0.000     0.000 r  clk (IN)
                         net (fo=478, unset)          0.973     0.973    u_window3x3/clk
    SLICE_X39Y78         FDCE                                         r  u_window3x3/req_col_idx_q_reg[14]/C
  -------------------------------------------------------------------    -------------------
    SLICE_X39Y78         FDCE (Prop_fdce_C_Q)         0.456     1.429 r  u_window3x3/req_col_idx_q_reg[14]/Q
                         net (fo=2, routed)           1.017     2.446    u_window3x3/req_col_idx_q_reg_n_0_[14]
    SLICE_X39Y82         LUT2 (Prop_lut2_I0_O)        0.149     2.595 r  u_window3x3/pipe_valid_q_i_7/O
                         net (fo=1, routed)           0.434     3.029    u_window3x3/pipe_valid_q_i_7_n_0
    SLICE_X39Y82         LUT6 (Prop_lut6_I2_O)        0.332     3.361 r  u_window3x3/pipe_valid_q_i_3/O
                         net (fo=40, routed)          0.996     4.358    u_window3x3/pipe_valid_q_i_3_n_0
    SLICE_X43Y91         LUT5 (Prop_lut5_I0_O)        0.124     4.482 r  u_window3x3/pipe_valid_q_i_1/O
                         net (fo=13, routed)          0.497     4.979    u_window3x3/resp_valid_w
    SLICE_X39Y90         LUT5 (Prop_lut5_I4_O)        0.124     5.103 r  u_window3x3/emit_col_idx_q[15]_i_1/O
                         net (fo=16, routed)          0.671     5.774    u_window3x3/emit_col_idx_q
    SLICE_X35Y88         FDCE                                         r  u_window3x3/emit_col_idx_q_reg[6]/CE
  -------------------------------------------------------------------    -------------------

                         (clock clk rise edge)        7.220     7.220 r  
                                                      0.000     7.220 r  clk (IN)
                         net (fo=478, unset)          0.924     8.144    u_window3x3/clk
    SLICE_X35Y88         FDCE                                         r  u_window3x3/emit_col_idx_q_reg[6]/C
                         clock pessimism              0.000     8.144    
                         clock uncertainty           -0.035     8.109    
    SLICE_X35Y88         FDCE (Setup_fdce_C_CE)      -0.205     7.904    u_window3x3/emit_col_idx_q_reg[6]
  -------------------------------------------------------------------
                         required time                          7.904    
                         arrival time                          -5.774    
  -------------------------------------------------------------------
                         slack                                  2.130    




